[3.216s] Invoking command in '/workspace/ros2_robot_ws/src/utils': PYTHONPATH=/workspace/ros2_robot_ws/build/utils/prefix_override:/usr/lib/python3/dist-packages/colcon_core/task/python/colcon_distutils_commands:/workspace/ros2_robot_ws/install/utils/lib/python3.10/site-packages:${PYTHONPATH} /usr/bin/python3 -W ignore:setup.py install is deprecated -W ignore:easy_install command is deprecated setup.py egg_info --egg-base ../../build/utils build --build-base /workspace/ros2_robot_ws/build/utils/build install --record /workspace/ros2_robot_ws/build/utils/install.log --single-version-externally-managed install_data
[4.253s] running egg_info
[4.257s] writing ../../build/utils/utils.egg-info/PKG-INFO
[4.261s] writing dependency_links to ../../build/utils/utils.egg-info/dependency_links.txt
[4.274s] writing entry points to ../../build/utils/utils.egg-info/entry_points.txt
[4.275s] writing requirements to ../../build/utils/utils.egg-info/requires.txt
[4.278s] writing top-level names to ../../build/utils/utils.egg-info/top_level.txt
[4.286s] reading manifest file '../../build/utils/utils.egg-info/SOURCES.txt'
[4.289s] writing manifest file '../../build/utils/utils.egg-info/SOURCES.txt'
[4.290s] running build
[4.290s] running build_py
[4.292s] running install
[4.293s] running install_lib
[4.304s] running install_data
[4.305s] running install_egg_info
[4.313s] removing '/workspace/ros2_robot_ws/install/utils/lib/python3.10/site-packages/utils-0.0.0-py3.10.egg-info' (and everything under it)
[4.315s] Copying ../../build/utils/utils.egg-info to /workspace/ros2_robot_ws/install/utils/lib/python3.10/site-packages/utils-0.0.0-py3.10.egg-info
[4.321s] running install_scripts
[4.406s] writing list of installed files to '/workspace/ros2_robot_ws/build/utils/install.log'
[4.927s] Invoked command in '/workspace/ros2_robot_ws/src/utils' returned '0': PYTHONPATH=/workspace/ros2_robot_ws/build/utils/prefix_override:/usr/lib/python3/dist-packages/colcon_core/task/python/colcon_distutils_commands:/workspace/ros2_robot_ws/install/utils/lib/python3.10/site-packages:${PYTHONPATH} /usr/bin/python3 -W ignore:setup.py install is deprecated -W ignore:easy_install command is deprecated setup.py egg_info --egg-base ../../build/utils build --build-base /workspace/ros2_robot_ws/build/utils/build install --record /workspace/ros2_robot_ws/build/utils/install.log --single-version-externally-managed install_data
