[3.410s] Invoking command in '/workspace/ros2_robot_ws/src/utils': PYTHONPATH=/workspace/ros2_robot_ws/build/utils/prefix_override:/usr/lib/python3/dist-packages/colcon_core/task/python/colcon_distutils_commands:/workspace/ros2_robot_ws/install/utils/lib/python3.10/site-packages:${PYTHONPATH} /usr/bin/python3 -W ignore:setup.py install is deprecated -W ignore:easy_install command is deprecated setup.py egg_info --egg-base ../../build/utils build --build-base /workspace/ros2_robot_ws/build/utils/build install --record /workspace/ros2_robot_ws/build/utils/install.log --single-version-externally-managed install_data
[4.358s] running egg_info
[4.364s] writing ../../build/utils/utils.egg-info/PKG-INFO
[4.364s] writing dependency_links to ../../build/utils/utils.egg-info/dependency_links.txt
[4.369s] writing entry points to ../../build/utils/utils.egg-info/entry_points.txt
[4.372s] writing requirements to ../../build/utils/utils.egg-info/requires.txt
[4.378s] writing top-level names to ../../build/utils/utils.egg-info/top_level.txt
[4.388s] reading manifest file '../../build/utils/utils.egg-info/SOURCES.txt'
[4.394s] writing manifest file '../../build/utils/utils.egg-info/SOURCES.txt'
[4.397s] running build
[4.398s] running build_py
[4.398s] creating /workspace/ros2_robot_ws/build/utils/build
[4.405s] creating /workspace/ros2_robot_ws/build/utils/build/lib
[4.405s] creating /workspace/ros2_robot_ws/build/utils/build/lib/utils
[4.405s] copying ./utils/claw.py -> /workspace/ros2_robot_ws/build/utils/build/lib/utils
[4.406s] copying ./utils/table.py -> /workspace/ros2_robot_ws/build/utils/build/lib/utils
[4.406s] copying ./utils/__init__.py -> /workspace/ros2_robot_ws/build/utils/build/lib/utils
[4.406s] copying ./utils/can_sender.py -> /workspace/ros2_robot_ws/build/utils/build/lib/utils
[4.415s] running install
[4.415s] running install_lib
[4.423s] creating /workspace/ros2_robot_ws/install/utils/lib/python3.10/site-packages/utils
[4.428s] copying /workspace/ros2_robot_ws/build/utils/build/lib/utils/claw.py -> /workspace/ros2_robot_ws/install/utils/lib/python3.10/site-packages/utils
[4.428s] copying /workspace/ros2_robot_ws/build/utils/build/lib/utils/table.py -> /workspace/ros2_robot_ws/install/utils/lib/python3.10/site-packages/utils
[4.429s] copying /workspace/ros2_robot_ws/build/utils/build/lib/utils/__init__.py -> /workspace/ros2_robot_ws/install/utils/lib/python3.10/site-packages/utils
[4.429s] copying /workspace/ros2_robot_ws/build/utils/build/lib/utils/can_sender.py -> /workspace/ros2_robot_ws/install/utils/lib/python3.10/site-packages/utils
[4.429s] byte-compiling /workspace/ros2_robot_ws/install/utils/lib/python3.10/site-packages/utils/claw.py to claw.cpython-310.pyc
[4.440s] byte-compiling /workspace/ros2_robot_ws/install/utils/lib/python3.10/site-packages/utils/table.py to table.cpython-310.pyc
[4.440s] byte-compiling /workspace/ros2_robot_ws/install/utils/lib/python3.10/site-packages/utils/__init__.py to __init__.cpython-310.pyc
[4.440s] byte-compiling /workspace/ros2_robot_ws/install/utils/lib/python3.10/site-packages/utils/can_sender.py to can_sender.cpython-310.pyc
[4.443s] running install_data
[4.448s] running install_egg_info
[4.457s] removing '/workspace/ros2_robot_ws/install/utils/lib/python3.10/site-packages/utils-0.0.0-py3.10.egg-info' (and everything under it)
[4.460s] Copying ../../build/utils/utils.egg-info to /workspace/ros2_robot_ws/install/utils/lib/python3.10/site-packages/utils-0.0.0-py3.10.egg-info
[4.471s] running install_scripts
[4.569s] writing list of installed files to '/workspace/ros2_robot_ws/build/utils/install.log'
[4.750s] Invoked command in '/workspace/ros2_robot_ws/src/utils' returned '0': PYTHONPATH=/workspace/ros2_robot_ws/build/utils/prefix_override:/usr/lib/python3/dist-packages/colcon_core/task/python/colcon_distutils_commands:/workspace/ros2_robot_ws/install/utils/lib/python3.10/site-packages:${PYTHONPATH} /usr/bin/python3 -W ignore:setup.py install is deprecated -W ignore:easy_install command is deprecated setup.py egg_info --egg-base ../../build/utils build --build-base /workspace/ros2_robot_ws/build/utils/build install --record /workspace/ros2_robot_ws/build/utils/install.log --single-version-externally-managed install_data
