[0.180s] Invoking command in '/workspace/ros2_robot_ws/build/robot_interfaces': CMAKE_PREFIX_PATH=${CMAKE_PREFIX_PATH}:/workspace/ros2_robot_ws/install/gripper_sub:/workspace/ros2_robot_ws/install/gripper_pub:/workspace/ros2_robot_ws/install/utils:/workspace/ros2_robot_ws/install/arm_test:/opt/ros/humble /usr/bin/cmake --build /workspace/ros2_robot_ws/build/robot_interfaces -- -j4 -l4
[0.677s] [  2%] Built target robot_interfaces__cpp
[0.907s] [  2%] Built target ament_cmake_python_copy_robot_interfaces
[1.140s] [ 12%] Built target robot_interfaces__rosidl_typesupport_fastrtps_cpp
[1.361s] [ 23%] Built target robot_interfaces__rosidl_typesupport_introspection_cpp
[3.710s] running egg_info
[3.715s] writing robot_interfaces.egg-info/PKG-INFO
[3.722s] writing dependency_links to robot_interfaces.egg-info/dependency_links.txt
[3.727s] writing top-level names to robot_interfaces.egg-info/top_level.txt
[3.751s] reading manifest file 'robot_interfaces.egg-info/SOURCES.txt'
[3.761s] writing manifest file 'robot_interfaces.egg-info/SOURCES.txt'
[4.040s] [ 23%] Built target ament_cmake_python_build_robot_interfaces_egg
[4.267s] [ 34%] Built target robot_interfaces__rosidl_typesupport_cpp
[4.471s] [ 44%] Built target robot_interfaces__rosidl_generator_c
[4.644s] [ 55%] Built target robot_interfaces__rosidl_typesupport_fastrtps_c
[4.816s] [ 65%] Built target robot_interfaces__rosidl_typesupport_c
[4.976s] [ 76%] Built target robot_interfaces__rosidl_typesupport_introspection_c
[5.189s] [ 76%] Built target robot_interfaces
[5.341s] [ 78%] Built target robot_interfaces__py
[5.568s] [ 87%] Built target robot_interfaces__rosidl_generator_py
[5.760s] [ 91%] Built target robot_interfaces__rosidl_typesupport_fastrtps_c__pyext
[5.969s] [ 95%] Built target robot_interfaces__rosidl_typesupport_c__pyext
[6.205s] [100%] Built target robot_interfaces__rosidl_typesupport_introspection_c__pyext
[6.339s] Invoked command in '/workspace/ros2_robot_ws/build/robot_interfaces' returned '0': CMAKE_PREFIX_PATH=${CMAKE_PREFIX_PATH}:/workspace/ros2_robot_ws/install/gripper_sub:/workspace/ros2_robot_ws/install/gripper_pub:/workspace/ros2_robot_ws/install/utils:/workspace/ros2_robot_ws/install/arm_test:/opt/ros/humble /usr/bin/cmake --build /workspace/ros2_robot_ws/build/robot_interfaces -- -j4 -l4
[6.424s] Invoking command in '/workspace/ros2_robot_ws/build/robot_interfaces': CMAKE_PREFIX_PATH=${CMAKE_PREFIX_PATH}:/workspace/ros2_robot_ws/install/gripper_sub:/workspace/ros2_robot_ws/install/gripper_pub:/workspace/ros2_robot_ws/install/utils:/workspace/ros2_robot_ws/install/arm_test:/opt/ros/humble /usr/bin/cmake --install /workspace/ros2_robot_ws/build/robot_interfaces
[6.507s] -- Install configuration: ""
[6.513s] -- Up-to-date: /workspace/ros2_robot_ws/install/robot_interfaces/share/ament_index/resource_index/rosidl_interfaces/robot_interfaces
[6.514s] -- Up-to-date: /workspace/ros2_robot_ws/install/robot_interfaces/include/robot_interfaces/robot_interfaces
[6.515s] -- Up-to-date: /workspace/ros2_robot_ws/install/robot_interfaces/include/robot_interfaces/robot_interfaces/msg
[6.519s] -- Up-to-date: /workspace/ros2_robot_ws/install/robot_interfaces/include/robot_interfaces/robot_interfaces/msg/gripper_info.h
[6.521s] -- Up-to-date: /workspace/ros2_robot_ws/install/robot_interfaces/include/robot_interfaces/robot_interfaces/msg/gripper_command.h
[6.522s] -- Up-to-date: /workspace/ros2_robot_ws/install/robot_interfaces/include/robot_interfaces/robot_interfaces/msg/rosidl_generator_c__visibility_control.h
[6.530s] -- Up-to-date: /workspace/ros2_robot_ws/install/robot_interfaces/include/robot_interfaces/robot_interfaces/msg/grasp_pose.h
[6.536s] -- Up-to-date: /workspace/ros2_robot_ws/install/robot_interfaces/include/robot_interfaces/robot_interfaces/msg/detail
[6.541s] -- Up-to-date: /workspace/ros2_robot_ws/install/robot_interfaces/include/robot_interfaces/robot_interfaces/msg/detail/gripper_command__functions.h
[6.543s] -- Up-to-date: /workspace/ros2_robot_ws/install/robot_interfaces/include/robot_interfaces/robot_interfaces/msg/detail/gripper_command__type_support.h
[6.551s] -- Up-to-date: /workspace/ros2_robot_ws/install/robot_interfaces/include/robot_interfaces/robot_interfaces/msg/detail/gripper_info__functions.c
[6.556s] -- Up-to-date: /workspace/ros2_robot_ws/install/robot_interfaces/include/robot_interfaces/robot_interfaces/msg/detail/grasp_pose__functions.c
[6.564s] -- Up-to-date: /workspace/ros2_robot_ws/install/robot_interfaces/include/robot_interfaces/robot_interfaces/msg/detail/grasp_pose__struct.h
[6.566s] -- Up-to-date: /workspace/ros2_robot_ws/install/robot_interfaces/include/robot_interfaces/robot_interfaces/msg/detail/grasp_pose__type_support.h
[6.567s] -- Up-to-date: /workspace/ros2_robot_ws/install/robot_interfaces/include/robot_interfaces/robot_interfaces/msg/detail/gripper_info__functions.h
[6.582s] -- Up-to-date: /workspace/ros2_robot_ws/install/robot_interfaces/include/robot_interfaces/robot_interfaces/msg/detail/gripper_info__struct.h
[6.589s] -- Up-to-date: /workspace/ros2_robot_ws/install/robot_interfaces/include/robot_interfaces/robot_interfaces/msg/detail/gripper_info__type_support.h
[6.597s] -- Up-to-date: /workspace/ros2_robot_ws/install/robot_interfaces/include/robot_interfaces/robot_interfaces/msg/detail/gripper_command__struct.h
[6.598s] -- Up-to-date: /workspace/ros2_robot_ws/install/robot_interfaces/include/robot_interfaces/robot_interfaces/msg/detail/gripper_command__functions.c
[6.605s] -- Up-to-date: /workspace/ros2_robot_ws/install/robot_interfaces/include/robot_interfaces/robot_interfaces/msg/detail/grasp_pose__functions.h
[6.613s] -- Up-to-date: /workspace/ros2_robot_ws/install/robot_interfaces/share/robot_interfaces/environment/library_path.sh
[6.614s] -- Up-to-date: /workspace/ros2_robot_ws/install/robot_interfaces/share/robot_interfaces/environment/library_path.dsv
[6.614s] -- Up-to-date: /workspace/ros2_robot_ws/install/robot_interfaces/lib/librobot_interfaces__rosidl_generator_c.so
[6.615s] -- Up-to-date: /workspace/ros2_robot_ws/install/robot_interfaces/include/robot_interfaces/robot_interfaces
[6.623s] -- Up-to-date: /workspace/ros2_robot_ws/install/robot_interfaces/include/robot_interfaces/robot_interfaces/msg
[6.624s] -- Up-to-date: /workspace/ros2_robot_ws/install/robot_interfaces/include/robot_interfaces/robot_interfaces/msg/rosidl_typesupport_fastrtps_c__visibility_control.h
[6.632s] -- Up-to-date: /workspace/ros2_robot_ws/install/robot_interfaces/include/robot_interfaces/robot_interfaces/msg/detail
[6.633s] -- Up-to-date: /workspace/ros2_robot_ws/install/robot_interfaces/include/robot_interfaces/robot_interfaces/msg/detail/gripper_info__rosidl_typesupport_fastrtps_c.h
[6.633s] -- Up-to-date: /workspace/ros2_robot_ws/install/robot_interfaces/include/robot_interfaces/robot_interfaces/msg/detail/gripper_command__rosidl_typesupport_fastrtps_c.h
[6.634s] -- Up-to-date: /workspace/ros2_robot_ws/install/robot_interfaces/include/robot_interfaces/robot_interfaces/msg/detail/grasp_pose__rosidl_typesupport_fastrtps_c.h
[6.634s] -- Up-to-date: /workspace/ros2_robot_ws/install/robot_interfaces/lib/librobot_interfaces__rosidl_typesupport_fastrtps_c.so
[6.635s] -- Up-to-date: /workspace/ros2_robot_ws/install/robot_interfaces/include/robot_interfaces/robot_interfaces
[6.644s] -- Up-to-date: /workspace/ros2_robot_ws/install/robot_interfaces/include/robot_interfaces/robot_interfaces/msg
[6.645s] -- Up-to-date: /workspace/ros2_robot_ws/install/robot_interfaces/include/robot_interfaces/robot_interfaces/msg/rosidl_typesupport_introspection_c__visibility_control.h
[6.649s] -- Up-to-date: /workspace/ros2_robot_ws/install/robot_interfaces/include/robot_interfaces/robot_interfaces/msg/detail
[6.649s] -- Up-to-date: /workspace/ros2_robot_ws/install/robot_interfaces/include/robot_interfaces/robot_interfaces/msg/detail/gripper_command__type_support.c
[6.650s] -- Up-to-date: /workspace/ros2_robot_ws/install/robot_interfaces/include/robot_interfaces/robot_interfaces/msg/detail/gripper_info__rosidl_typesupport_introspection_c.h
[6.651s] -- Up-to-date: /workspace/ros2_robot_ws/install/robot_interfaces/include/robot_interfaces/robot_interfaces/msg/detail/gripper_command__rosidl_typesupport_introspection_c.h
[6.660s] -- Up-to-date: /workspace/ros2_robot_ws/install/robot_interfaces/include/robot_interfaces/robot_interfaces/msg/detail/grasp_pose__rosidl_typesupport_introspection_c.h
[6.662s] -- Up-to-date: /workspace/ros2_robot_ws/install/robot_interfaces/include/robot_interfaces/robot_interfaces/msg/detail/gripper_info__type_support.c
[6.667s] -- Up-to-date: /workspace/ros2_robot_ws/install/robot_interfaces/include/robot_interfaces/robot_interfaces/msg/detail/grasp_pose__type_support.c
[6.668s] -- Up-to-date: /workspace/ros2_robot_ws/install/robot_interfaces/lib/librobot_interfaces__rosidl_typesupport_introspection_c.so
[6.669s] -- Up-to-date: /workspace/ros2_robot_ws/install/robot_interfaces/lib/librobot_interfaces__rosidl_typesupport_c.so
[6.671s] -- Up-to-date: /workspace/ros2_robot_ws/install/robot_interfaces/include/robot_interfaces/robot_interfaces
[6.680s] -- Up-to-date: /workspace/ros2_robot_ws/install/robot_interfaces/include/robot_interfaces/robot_interfaces/msg
[6.681s] -- Up-to-date: /workspace/ros2_robot_ws/install/robot_interfaces/include/robot_interfaces/robot_interfaces/msg/gripper_command.hpp
[6.682s] -- Up-to-date: /workspace/ros2_robot_ws/install/robot_interfaces/include/robot_interfaces/robot_interfaces/msg/grasp_pose.hpp
[6.688s] -- Up-to-date: /workspace/ros2_robot_ws/install/robot_interfaces/include/robot_interfaces/robot_interfaces/msg/rosidl_generator_cpp__visibility_control.hpp
[6.689s] -- Up-to-date: /workspace/ros2_robot_ws/install/robot_interfaces/include/robot_interfaces/robot_interfaces/msg/detail
[6.690s] -- Up-to-date: /workspace/ros2_robot_ws/install/robot_interfaces/include/robot_interfaces/robot_interfaces/msg/detail/grasp_pose__traits.hpp
[6.696s] -- Up-to-date: /workspace/ros2_robot_ws/install/robot_interfaces/include/robot_interfaces/robot_interfaces/msg/detail/gripper_command__struct.hpp
[6.697s] -- Up-to-date: /workspace/ros2_robot_ws/install/robot_interfaces/include/robot_interfaces/robot_interfaces/msg/detail/gripper_command__builder.hpp
[6.699s] -- Up-to-date: /workspace/ros2_robot_ws/install/robot_interfaces/include/robot_interfaces/robot_interfaces/msg/detail/grasp_pose__type_support.hpp
[6.708s] -- Up-to-date: /workspace/ros2_robot_ws/install/robot_interfaces/include/robot_interfaces/robot_interfaces/msg/detail/gripper_info__builder.hpp
[6.716s] -- Up-to-date: /workspace/ros2_robot_ws/install/robot_interfaces/include/robot_interfaces/robot_interfaces/msg/detail/gripper_command__type_support.hpp
[6.717s] -- Up-to-date: /workspace/ros2_robot_ws/install/robot_interfaces/include/robot_interfaces/robot_interfaces/msg/detail/gripper_info__type_support.hpp
[6.718s] -- Up-to-date: /workspace/ros2_robot_ws/install/robot_interfaces/include/robot_interfaces/robot_interfaces/msg/detail/gripper_command__traits.hpp
[6.718s] -- Up-to-date: /workspace/ros2_robot_ws/install/robot_interfaces/include/robot_interfaces/robot_interfaces/msg/detail/gripper_info__traits.hpp
[6.728s] -- Up-to-date: /workspace/ros2_robot_ws/install/robot_interfaces/include/robot_interfaces/robot_interfaces/msg/detail/gripper_info__struct.hpp
[6.729s] -- Up-to-date: /workspace/ros2_robot_ws/install/robot_interfaces/include/robot_interfaces/robot_interfaces/msg/detail/grasp_pose__builder.hpp
[6.730s] -- Up-to-date: /workspace/ros2_robot_ws/install/robot_interfaces/include/robot_interfaces/robot_interfaces/msg/detail/grasp_pose__struct.hpp
[6.730s] -- Up-to-date: /workspace/ros2_robot_ws/install/robot_interfaces/include/robot_interfaces/robot_interfaces/msg/gripper_info.hpp
[6.735s] -- Up-to-date: /workspace/ros2_robot_ws/install/robot_interfaces/include/robot_interfaces/robot_interfaces
[6.736s] -- Up-to-date: /workspace/ros2_robot_ws/install/robot_interfaces/include/robot_interfaces/robot_interfaces/msg
[6.736s] -- Up-to-date: /workspace/ros2_robot_ws/install/robot_interfaces/include/robot_interfaces/robot_interfaces/msg/rosidl_typesupport_fastrtps_cpp__visibility_control.h
[6.737s] -- Up-to-date: /workspace/ros2_robot_ws/install/robot_interfaces/include/robot_interfaces/robot_interfaces/msg/detail
[6.737s] -- Up-to-date: /workspace/ros2_robot_ws/install/robot_interfaces/include/robot_interfaces/robot_interfaces/msg/detail/gripper_info__rosidl_typesupport_fastrtps_cpp.hpp
[6.738s] -- Up-to-date: /workspace/ros2_robot_ws/install/robot_interfaces/include/robot_interfaces/robot_interfaces/msg/detail/dds_fastrtps
[6.738s] -- Up-to-date: /workspace/ros2_robot_ws/install/robot_interfaces/include/robot_interfaces/robot_interfaces/msg/detail/grasp_pose__rosidl_typesupport_fastrtps_cpp.hpp
[6.739s] -- Up-to-date: /workspace/ros2_robot_ws/install/robot_interfaces/include/robot_interfaces/robot_interfaces/msg/detail/gripper_command__rosidl_typesupport_fastrtps_cpp.hpp
[6.758s] -- Up-to-date: /workspace/ros2_robot_ws/install/robot_interfaces/lib/librobot_interfaces__rosidl_typesupport_fastrtps_cpp.so
[6.760s] -- Up-to-date: /workspace/ros2_robot_ws/install/robot_interfaces/include/robot_interfaces/robot_interfaces
[6.760s] -- Up-to-date: /workspace/ros2_robot_ws/install/robot_interfaces/include/robot_interfaces/robot_interfaces/msg
[6.761s] -- Up-to-date: /workspace/ros2_robot_ws/install/robot_interfaces/include/robot_interfaces/robot_interfaces/msg/detail
[6.767s] -- Up-to-date: /workspace/ros2_robot_ws/install/robot_interfaces/include/robot_interfaces/robot_interfaces/msg/detail/grasp_pose__type_support.cpp
[6.768s] -- Up-to-date: /workspace/ros2_robot_ws/install/robot_interfaces/include/robot_interfaces/robot_interfaces/msg/detail/gripper_info__type_support.cpp
[6.769s] -- Up-to-date: /workspace/ros2_robot_ws/install/robot_interfaces/include/robot_interfaces/robot_interfaces/msg/detail/gripper_info__rosidl_typesupport_introspection_cpp.hpp
[6.769s] -- Up-to-date: /workspace/ros2_robot_ws/install/robot_interfaces/include/robot_interfaces/robot_interfaces/msg/detail/gripper_command__rosidl_typesupport_introspection_cpp.hpp
[6.770s] -- Up-to-date: /workspace/ros2_robot_ws/install/robot_interfaces/include/robot_interfaces/robot_interfaces/msg/detail/grasp_pose__rosidl_typesupport_introspection_cpp.hpp
[6.770s] -- Up-to-date: /workspace/ros2_robot_ws/install/robot_interfaces/include/robot_interfaces/robot_interfaces/msg/detail/gripper_command__type_support.cpp
[6.771s] -- Up-to-date: /workspace/ros2_robot_ws/install/robot_interfaces/lib/librobot_interfaces__rosidl_typesupport_introspection_cpp.so
[6.778s] -- Up-to-date: /workspace/ros2_robot_ws/install/robot_interfaces/lib/librobot_interfaces__rosidl_typesupport_cpp.so
[6.778s] -- Up-to-date: /workspace/ros2_robot_ws/install/robot_interfaces/share/robot_interfaces/environment/pythonpath.sh
[6.789s] -- Up-to-date: /workspace/ros2_robot_ws/install/robot_interfaces/share/robot_interfaces/environment/pythonpath.dsv
[6.790s] -- Up-to-date: /workspace/ros2_robot_ws/install/robot_interfaces/local/lib/python3.10/dist-packages/robot_interfaces-0.0.0-py3.10.egg-info
[6.796s] -- Installing: /workspace/ros2_robot_ws/install/robot_interfaces/local/lib/python3.10/dist-packages/robot_interfaces-0.0.0-py3.10.egg-info/top_level.txt
[6.800s] -- Installing: /workspace/ros2_robot_ws/install/robot_interfaces/local/lib/python3.10/dist-packages/robot_interfaces-0.0.0-py3.10.egg-info/PKG-INFO
[6.801s] -- Installing: /workspace/ros2_robot_ws/install/robot_interfaces/local/lib/python3.10/dist-packages/robot_interfaces-0.0.0-py3.10.egg-info/SOURCES.txt
[6.801s] -- Installing: /workspace/ros2_robot_ws/install/robot_interfaces/local/lib/python3.10/dist-packages/robot_interfaces-0.0.0-py3.10.egg-info/dependency_links.txt
[6.802s] -- Up-to-date: /workspace/ros2_robot_ws/install/robot_interfaces/local/lib/python3.10/dist-packages/robot_interfaces
[6.802s] -- Up-to-date: /workspace/ros2_robot_ws/install/robot_interfaces/local/lib/python3.10/dist-packages/robot_interfaces/librobot_interfaces__rosidl_generator_py.so
[6.803s] -- Up-to-date: /workspace/ros2_robot_ws/install/robot_interfaces/local/lib/python3.10/dist-packages/robot_interfaces/msg
[6.806s] -- Up-to-date: /workspace/ros2_robot_ws/install/robot_interfaces/local/lib/python3.10/dist-packages/robot_interfaces/msg/_grasp_pose_s.c
[6.807s] -- Up-to-date: /workspace/ros2_robot_ws/install/robot_interfaces/local/lib/python3.10/dist-packages/robot_interfaces/msg/_gripper_info_s.c
[6.807s] -- Up-to-date: /workspace/ros2_robot_ws/install/robot_interfaces/local/lib/python3.10/dist-packages/robot_interfaces/msg/_gripper_command.py
[6.808s] -- Up-to-date: /workspace/ros2_robot_ws/install/robot_interfaces/local/lib/python3.10/dist-packages/robot_interfaces/msg/_grasp_pose.py
[6.808s] -- Up-to-date: /workspace/ros2_robot_ws/install/robot_interfaces/local/lib/python3.10/dist-packages/robot_interfaces/msg/__init__.py
[6.816s] -- Up-to-date: /workspace/ros2_robot_ws/install/robot_interfaces/local/lib/python3.10/dist-packages/robot_interfaces/msg/_gripper_info.py
[6.817s] -- Up-to-date: /workspace/ros2_robot_ws/install/robot_interfaces/local/lib/python3.10/dist-packages/robot_interfaces/msg/_gripper_command_s.c
[6.817s] -- Up-to-date: /workspace/ros2_robot_ws/install/robot_interfaces/local/lib/python3.10/dist-packages/robot_interfaces/robot_interfaces_s__rosidl_typesupport_c.cpython-310-aarch64-linux-gnu.so
[6.818s] -- Up-to-date: /workspace/ros2_robot_ws/install/robot_interfaces/local/lib/python3.10/dist-packages/robot_interfaces/robot_interfaces_s__rosidl_typesupport_introspection_c.cpython-310-aarch64-linux-gnu.so
[6.818s] -- Up-to-date: /workspace/ros2_robot_ws/install/robot_interfaces/local/lib/python3.10/dist-packages/robot_interfaces/_robot_interfaces_s.ep.rosidl_typesupport_introspection_c.c
[6.818s] -- Up-to-date: /workspace/ros2_robot_ws/install/robot_interfaces/local/lib/python3.10/dist-packages/robot_interfaces/_robot_interfaces_s.ep.rosidl_typesupport_c.c
[6.819s] -- Up-to-date: /workspace/ros2_robot_ws/install/robot_interfaces/local/lib/python3.10/dist-packages/robot_interfaces/robot_interfaces_s__rosidl_typesupport_fastrtps_c.cpython-310-aarch64-linux-gnu.so
[6.822s] -- Up-to-date: /workspace/ros2_robot_ws/install/robot_interfaces/local/lib/python3.10/dist-packages/robot_interfaces/__init__.py
[6.823s] -- Up-to-date: /workspace/ros2_robot_ws/install/robot_interfaces/local/lib/python3.10/dist-packages/robot_interfaces/_robot_interfaces_s.ep.rosidl_typesupport_fastrtps_c.c
[6.957s] Listing '/workspace/ros2_robot_ws/install/robot_interfaces/local/lib/python3.10/dist-packages/robot_interfaces'...
[6.963s] Listing '/workspace/ros2_robot_ws/install/robot_interfaces/local/lib/python3.10/dist-packages/robot_interfaces/msg'...
[7.016s] -- Up-to-date: /workspace/ros2_robot_ws/install/robot_interfaces/local/lib/python3.10/dist-packages/robot_interfaces/robot_interfaces_s__rosidl_typesupport_fastrtps_c.cpython-310-aarch64-linux-gnu.so
[7.017s] -- Up-to-date: /workspace/ros2_robot_ws/install/robot_interfaces/local/lib/python3.10/dist-packages/robot_interfaces/robot_interfaces_s__rosidl_typesupport_introspection_c.cpython-310-aarch64-linux-gnu.so
[7.021s] -- Up-to-date: /workspace/ros2_robot_ws/install/robot_interfaces/local/lib/python3.10/dist-packages/robot_interfaces/robot_interfaces_s__rosidl_typesupport_c.cpython-310-aarch64-linux-gnu.so
[7.022s] -- Up-to-date: /workspace/ros2_robot_ws/install/robot_interfaces/lib/librobot_interfaces__rosidl_generator_py.so
[7.027s] -- Up-to-date: /workspace/ros2_robot_ws/install/robot_interfaces/share/robot_interfaces/msg/GripperCommand.idl
[7.028s] -- Up-to-date: /workspace/ros2_robot_ws/install/robot_interfaces/share/robot_interfaces/msg/GripperInfo.idl
[7.029s] -- Up-to-date: /workspace/ros2_robot_ws/install/robot_interfaces/share/robot_interfaces/msg/GraspPose.idl
[7.032s] -- Up-to-date: /workspace/ros2_robot_ws/install/robot_interfaces/share/robot_interfaces/msg/GripperCommand.msg
[7.036s] -- Up-to-date: /workspace/ros2_robot_ws/install/robot_interfaces/share/robot_interfaces/msg/GripperInfo.msg
[7.037s] -- Up-to-date: /workspace/ros2_robot_ws/install/robot_interfaces/share/robot_interfaces/msg/GraspPose.msg
[7.037s] -- Up-to-date: /workspace/ros2_robot_ws/install/robot_interfaces/share/ament_index/resource_index/package_run_dependencies/robot_interfaces
[7.038s] -- Up-to-date: /workspace/ros2_robot_ws/install/robot_interfaces/share/ament_index/resource_index/parent_prefix_path/robot_interfaces
[7.045s] -- Up-to-date: /workspace/ros2_robot_ws/install/robot_interfaces/share/robot_interfaces/environment/ament_prefix_path.sh
[7.048s] -- Up-to-date: /workspace/ros2_robot_ws/install/robot_interfaces/share/robot_interfaces/environment/ament_prefix_path.dsv
[7.051s] -- Up-to-date: /workspace/ros2_robot_ws/install/robot_interfaces/share/robot_interfaces/environment/path.sh
[7.056s] -- Up-to-date: /workspace/ros2_robot_ws/install/robot_interfaces/share/robot_interfaces/environment/path.dsv
[7.057s] -- Up-to-date: /workspace/ros2_robot_ws/install/robot_interfaces/share/robot_interfaces/local_setup.bash
[7.058s] -- Up-to-date: /workspace/ros2_robot_ws/install/robot_interfaces/share/robot_interfaces/local_setup.sh
[7.058s] -- Up-to-date: /workspace/ros2_robot_ws/install/robot_interfaces/share/robot_interfaces/local_setup.zsh
[7.059s] -- Up-to-date: /workspace/ros2_robot_ws/install/robot_interfaces/share/robot_interfaces/local_setup.dsv
[7.063s] -- Installing: /workspace/ros2_robot_ws/install/robot_interfaces/share/robot_interfaces/package.dsv
[7.064s] -- Up-to-date: /workspace/ros2_robot_ws/install/robot_interfaces/share/ament_index/resource_index/packages/robot_interfaces
[7.065s] -- Up-to-date: /workspace/ros2_robot_ws/install/robot_interfaces/share/robot_interfaces/cmake/export_robot_interfaces__rosidl_generator_cExport.cmake
[7.066s] -- Up-to-date: /workspace/ros2_robot_ws/install/robot_interfaces/share/robot_interfaces/cmake/export_robot_interfaces__rosidl_generator_cExport-noconfig.cmake
[7.072s] -- Up-to-date: /workspace/ros2_robot_ws/install/robot_interfaces/share/robot_interfaces/cmake/export_robot_interfaces__rosidl_typesupport_fastrtps_cExport.cmake
[7.074s] -- Up-to-date: /workspace/ros2_robot_ws/install/robot_interfaces/share/robot_interfaces/cmake/export_robot_interfaces__rosidl_typesupport_fastrtps_cExport-noconfig.cmake
[7.074s] -- Up-to-date: /workspace/ros2_robot_ws/install/robot_interfaces/share/robot_interfaces/cmake/robot_interfaces__rosidl_typesupport_introspection_cExport.cmake
[7.075s] -- Up-to-date: /workspace/ros2_robot_ws/install/robot_interfaces/share/robot_interfaces/cmake/robot_interfaces__rosidl_typesupport_introspection_cExport-noconfig.cmake
[7.076s] -- Up-to-date: /workspace/ros2_robot_ws/install/robot_interfaces/share/robot_interfaces/cmake/robot_interfaces__rosidl_typesupport_cExport.cmake
[7.077s] -- Up-to-date: /workspace/ros2_robot_ws/install/robot_interfaces/share/robot_interfaces/cmake/robot_interfaces__rosidl_typesupport_cExport-noconfig.cmake
[7.077s] -- Up-to-date: /workspace/ros2_robot_ws/install/robot_interfaces/share/robot_interfaces/cmake/export_robot_interfaces__rosidl_generator_cppExport.cmake
[7.078s] -- Up-to-date: /workspace/ros2_robot_ws/install/robot_interfaces/share/robot_interfaces/cmake/export_robot_interfaces__rosidl_typesupport_fastrtps_cppExport.cmake
[7.079s] -- Up-to-date: /workspace/ros2_robot_ws/install/robot_interfaces/share/robot_interfaces/cmake/export_robot_interfaces__rosidl_typesupport_fastrtps_cppExport-noconfig.cmake
[7.092s] -- Up-to-date: /workspace/ros2_robot_ws/install/robot_interfaces/share/robot_interfaces/cmake/robot_interfaces__rosidl_typesupport_introspection_cppExport.cmake
[7.092s] -- Up-to-date: /workspace/ros2_robot_ws/install/robot_interfaces/share/robot_interfaces/cmake/robot_interfaces__rosidl_typesupport_introspection_cppExport-noconfig.cmake
[7.093s] -- Up-to-date: /workspace/ros2_robot_ws/install/robot_interfaces/share/robot_interfaces/cmake/robot_interfaces__rosidl_typesupport_cppExport.cmake
[7.094s] -- Up-to-date: /workspace/ros2_robot_ws/install/robot_interfaces/share/robot_interfaces/cmake/robot_interfaces__rosidl_typesupport_cppExport-noconfig.cmake
[7.094s] -- Up-to-date: /workspace/ros2_robot_ws/install/robot_interfaces/share/robot_interfaces/cmake/export_robot_interfaces__rosidl_generator_pyExport.cmake
[7.095s] -- Up-to-date: /workspace/ros2_robot_ws/install/robot_interfaces/share/robot_interfaces/cmake/export_robot_interfaces__rosidl_generator_pyExport-noconfig.cmake
[7.101s] -- Up-to-date: /workspace/ros2_robot_ws/install/robot_interfaces/share/robot_interfaces/cmake/rosidl_cmake-extras.cmake
[7.102s] -- Up-to-date: /workspace/ros2_robot_ws/install/robot_interfaces/share/robot_interfaces/cmake/ament_cmake_export_include_directories-extras.cmake
[7.103s] -- Up-to-date: /workspace/ros2_robot_ws/install/robot_interfaces/share/robot_interfaces/cmake/ament_cmake_export_libraries-extras.cmake
[7.112s] -- Up-to-date: /workspace/ros2_robot_ws/install/robot_interfaces/share/robot_interfaces/cmake/ament_cmake_export_targets-extras.cmake
[7.114s] -- Up-to-date: /workspace/ros2_robot_ws/install/robot_interfaces/share/robot_interfaces/cmake/rosidl_cmake_export_typesupport_targets-extras.cmake
[7.122s] -- Up-to-date: /workspace/ros2_robot_ws/install/robot_interfaces/share/robot_interfaces/cmake/ament_cmake_export_dependencies-extras.cmake
[7.123s] -- Up-to-date: /workspace/ros2_robot_ws/install/robot_interfaces/share/robot_interfaces/cmake/rosidl_cmake_export_typesupport_libraries-extras.cmake
[7.123s] -- Up-to-date: /workspace/ros2_robot_ws/install/robot_interfaces/share/robot_interfaces/cmake/robot_interfacesConfig.cmake
[7.124s] -- Up-to-date: /workspace/ros2_robot_ws/install/robot_interfaces/share/robot_interfaces/cmake/robot_interfacesConfig-version.cmake
[7.125s] -- Up-to-date: /workspace/ros2_robot_ws/install/robot_interfaces/share/robot_interfaces/package.xml
[7.127s] Invoked command in '/workspace/ros2_robot_ws/build/robot_interfaces' returned '0': CMAKE_PREFIX_PATH=${CMAKE_PREFIX_PATH}:/workspace/ros2_robot_ws/install/gripper_sub:/workspace/ros2_robot_ws/install/gripper_pub:/workspace/ros2_robot_ws/install/utils:/workspace/ros2_robot_ws/install/arm_test:/opt/ros/humble /usr/bin/cmake --install /workspace/ros2_robot_ws/build/robot_interfaces
