[2.980s] Invoking command in '/workspace/ros2_robot_ws/src/utils': PYTHONPATH=/workspace/ros2_robot_ws/build/utils/prefix_override:/usr/lib/python3/dist-packages/colcon_core/task/python/colcon_distutils_commands:/workspace/ros2_robot_ws/install/utils/lib/python3.10/site-packages:${PYTHONPATH} /usr/bin/python3 -W ignore:setup.py install is deprecated -W ignore:easy_install command is deprecated setup.py egg_info --egg-base ../../build/utils build --build-base /workspace/ros2_robot_ws/build/utils/build install --record /workspace/ros2_robot_ws/build/utils/install.log --single-version-externally-managed install_data
[3.839s] running egg_info
[3.842s] writing ../../build/utils/utils.egg-info/PKG-INFO
[3.843s] writing dependency_links to ../../build/utils/utils.egg-info/dependency_links.txt
[3.846s] writing entry points to ../../build/utils/utils.egg-info/entry_points.txt
[3.847s] writing requirements to ../../build/utils/utils.egg-info/requires.txt
[3.847s] writing top-level names to ../../build/utils/utils.egg-info/top_level.txt
[3.857s] reading manifest file '../../build/utils/utils.egg-info/SOURCES.txt'
[3.858s] writing manifest file '../../build/utils/utils.egg-info/SOURCES.txt'
[3.858s] running build
[3.859s] running build_py
[3.860s] copying ./utils/table.py -> /workspace/ros2_robot_ws/build/utils/build/lib/utils
[3.861s] running install
[3.863s] running install_lib
[3.873s] copying /workspace/ros2_robot_ws/build/utils/build/lib/utils/table.py -> /workspace/ros2_robot_ws/install/utils/lib/python3.10/site-packages/utils
[3.879s] byte-compiling /workspace/ros2_robot_ws/install/utils/lib/python3.10/site-packages/utils/table.py to table.cpython-310.pyc
[3.888s] running install_data
[3.889s] running install_egg_info
[3.900s] removing '/workspace/ros2_robot_ws/install/utils/lib/python3.10/site-packages/utils-0.0.0-py3.10.egg-info' (and everything under it)
[3.906s] Copying ../../build/utils/utils.egg-info to /workspace/ros2_robot_ws/install/utils/lib/python3.10/site-packages/utils-0.0.0-py3.10.egg-info
[3.917s] running install_scripts
[4.032s] writing list of installed files to '/workspace/ros2_robot_ws/build/utils/install.log'
[4.174s] Invoked command in '/workspace/ros2_robot_ws/src/utils' returned '0': PYTHONPATH=/workspace/ros2_robot_ws/build/utils/prefix_override:/usr/lib/python3/dist-packages/colcon_core/task/python/colcon_distutils_commands:/workspace/ros2_robot_ws/install/utils/lib/python3.10/site-packages:${PYTHONPATH} /usr/bin/python3 -W ignore:setup.py install is deprecated -W ignore:easy_install command is deprecated setup.py egg_info --egg-base ../../build/utils build --build-base /workspace/ros2_robot_ws/build/utils/build install --record /workspace/ros2_robot_ws/build/utils/install.log --single-version-externally-managed install_data
