[3.355s] Invoking command in '/workspace/ros2_robot_ws/src/utils': PYTHONPATH=/workspace/ros2_robot_ws/build/utils/prefix_override:/usr/lib/python3/dist-packages/colcon_core/task/python/colcon_distutils_commands:/workspace/ros2_robot_ws/install/utils/lib/python3.10/site-packages:${PYTHONPATH} /usr/bin/python3 -W ignore:setup.py install is deprecated -W ignore:easy_install command is deprecated setup.py egg_info --egg-base ../../build/utils build --build-base /workspace/ros2_robot_ws/build/utils/build install --record /workspace/ros2_robot_ws/build/utils/install.log --single-version-externally-managed install_data
[4.150s] running egg_info
[4.151s] writing ../../build/utils/utils.egg-info/PKG-INFO
[4.153s] writing dependency_links to ../../build/utils/utils.egg-info/dependency_links.txt
[4.156s] writing entry points to ../../build/utils/utils.egg-info/entry_points.txt
[4.159s] writing requirements to ../../build/utils/utils.egg-info/requires.txt
[4.159s] writing top-level names to ../../build/utils/utils.egg-info/top_level.txt
[4.168s] reading manifest file '../../build/utils/utils.egg-info/SOURCES.txt'
[4.173s] writing manifest file '../../build/utils/utils.egg-info/SOURCES.txt'
[4.173s] running build
[4.174s] running build_py
[4.174s] copying ./utils/claw.py -> /workspace/ros2_robot_ws/build/utils/build/lib/utils
[4.180s] running install
[4.181s] running install_lib
[4.189s] copying /workspace/ros2_robot_ws/build/utils/build/lib/utils/claw.py -> /workspace/ros2_robot_ws/install/utils/lib/python3.10/site-packages/utils
[4.192s] byte-compiling /workspace/ros2_robot_ws/install/utils/lib/python3.10/site-packages/utils/claw.py to claw.cpython-310.pyc
[4.201s] running install_data
[4.202s] running install_egg_info
[4.214s] removing '/workspace/ros2_robot_ws/install/utils/lib/python3.10/site-packages/utils-0.0.0-py3.10.egg-info' (and everything under it)
[4.215s] Copying ../../build/utils/utils.egg-info to /workspace/ros2_robot_ws/install/utils/lib/python3.10/site-packages/utils-0.0.0-py3.10.egg-info
[4.222s] running install_scripts
[4.307s] writing list of installed files to '/workspace/ros2_robot_ws/build/utils/install.log'
[4.448s] Invoked command in '/workspace/ros2_robot_ws/src/utils' returned '0': PYTHONPATH=/workspace/ros2_robot_ws/build/utils/prefix_override:/usr/lib/python3/dist-packages/colcon_core/task/python/colcon_distutils_commands:/workspace/ros2_robot_ws/install/utils/lib/python3.10/site-packages:${PYTHONPATH} /usr/bin/python3 -W ignore:setup.py install is deprecated -W ignore:easy_install command is deprecated setup.py egg_info --egg-base ../../build/utils build --build-base /workspace/ros2_robot_ws/build/utils/build install --record /workspace/ros2_robot_ws/build/utils/install.log --single-version-externally-managed install_data
