[3.193s] Invoking command in '/workspace/ros2_robot_ws/src/gripper_sub': AMENT_PREFIX_PATH=/workspace/ros2_robot_ws/install/utils:/workspace/ros2_robot_ws/install/robot_interfaces:${AMENT_PREFIX_PATH} CMAKE_PREFIX_PATH=/workspace/ros2_robot_ws/install/robot_interfaces LD_LIBRARY_PATH=/workspace/ros2_robot_ws/install/robot_interfaces/lib:${LD_LIBRARY_PATH} PYTHONPATH=/workspace/ros2_robot_ws/build/gripper_sub/prefix_override:/usr/lib/python3/dist-packages/colcon_core/task/python/colcon_distutils_commands:/workspace/ros2_robot_ws/install/gripper_sub/lib/python3.10/site-packages:/workspace/ros2_robot_ws/install/utils/lib/python3.10/site-packages:/workspace/ros2_robot_ws/install/robot_interfaces/local/lib/python3.10/dist-packages:${PYTHONPATH} /usr/bin/python3 -W ignore:setup.py install is deprecated -W ignore:easy_install command is deprecated setup.py egg_info --egg-base ../../build/gripper_sub build --build-base /workspace/ros2_robot_ws/build/gripper_sub/build install --record /workspace/ros2_robot_ws/build/gripper_sub/install.log --single-version-externally-managed install_data
[3.963s] running egg_info
[3.970s] writing ../../build/gripper_sub/gripper_sub.egg-info/PKG-INFO
[3.971s] writing dependency_links to ../../build/gripper_sub/gripper_sub.egg-info/dependency_links.txt
[3.974s] writing entry points to ../../build/gripper_sub/gripper_sub.egg-info/entry_points.txt
[3.974s] writing requirements to ../../build/gripper_sub/gripper_sub.egg-info/requires.txt
[3.976s] writing top-level names to ../../build/gripper_sub/gripper_sub.egg-info/top_level.txt
[3.978s] reading manifest file '../../build/gripper_sub/gripper_sub.egg-info/SOURCES.txt'
[3.979s] adding license file 'LICENSE'
[3.980s] writing manifest file '../../build/gripper_sub/gripper_sub.egg-info/SOURCES.txt'
[3.982s] running build
[3.983s] running build_py
[3.984s] running install
[3.985s] running install_lib
[3.993s] running install_data
[3.997s] running install_egg_info
[4.000s] removing '/workspace/ros2_robot_ws/install/gripper_sub/lib/python3.10/site-packages/gripper_sub-0.0.0-py3.10.egg-info' (and everything under it)
[4.002s] Copying ../../build/gripper_sub/gripper_sub.egg-info to /workspace/ros2_robot_ws/install/gripper_sub/lib/python3.10/site-packages/gripper_sub-0.0.0-py3.10.egg-info
[4.005s] running install_scripts
[4.105s] Installing listener script to /workspace/ros2_robot_ws/install/gripper_sub/lib/gripper_sub
[4.109s] writing list of installed files to '/workspace/ros2_robot_ws/build/gripper_sub/install.log'
[4.319s] Invoked command in '/workspace/ros2_robot_ws/src/gripper_sub' returned '0': AMENT_PREFIX_PATH=/workspace/ros2_robot_ws/install/utils:/workspace/ros2_robot_ws/install/robot_interfaces:${AMENT_PREFIX_PATH} CMAKE_PREFIX_PATH=/workspace/ros2_robot_ws/install/robot_interfaces LD_LIBRARY_PATH=/workspace/ros2_robot_ws/install/robot_interfaces/lib:${LD_LIBRARY_PATH} PYTHONPATH=/workspace/ros2_robot_ws/build/gripper_sub/prefix_override:/usr/lib/python3/dist-packages/colcon_core/task/python/colcon_distutils_commands:/workspace/ros2_robot_ws/install/gripper_sub/lib/python3.10/site-packages:/workspace/ros2_robot_ws/install/utils/lib/python3.10/site-packages:/workspace/ros2_robot_ws/install/robot_interfaces/local/lib/python3.10/dist-packages:${PYTHONPATH} /usr/bin/python3 -W ignore:setup.py install is deprecated -W ignore:easy_install command is deprecated setup.py egg_info --egg-base ../../build/gripper_sub build --build-base /workspace/ros2_robot_ws/build/gripper_sub/build install --record /workspace/ros2_robot_ws/build/gripper_sub/install.log --single-version-externally-managed install_data
