[3.286s] Invoking command in '/workspace/ros2_robot_ws/src/gripper_sub': AMENT_PREFIX_PATH=/workspace/ros2_robot_ws/install/utils:/workspace/ros2_robot_ws/install/gripper_sub:/workspace/ros2_robot_ws/install/gripper_pub:/workspace/ros2_robot_ws/install/arm_test:/workspace/ros2_robot_ws/install/robot_interfaces:/opt/ros/humble PYTHONPATH=/workspace/ros2_robot_ws/build/gripper_sub/prefix_override:/usr/lib/python3/dist-packages/colcon_core/task/python/colcon_distutils_commands:/workspace/ros2_robot_ws/install/gripper_sub/lib/python3.10/site-packages:/workspace/ros2_robot_ws/install/utils/lib/python3.10/site-packages:/workspace/ros2_robot_ws/install/gripper_sub/lib/python3.10/site-packages:/workspace/ros2_robot_ws/install/gripper_pub/lib/python3.10/site-packages:/workspace/ros2_robot_ws/install/arm_test/lib/python3.10/site-packages:/workspace/ros2_robot_ws/install/robot_interfaces/local/lib/python3.10/dist-packages:/opt/ros/humble/lib/python3.10/site-packages:/opt/ros/humble/local/lib/python3.10/dist-packages /usr/bin/python3 -W ignore:setup.py install is deprecated -W ignore:easy_install command is deprecated setup.py egg_info --egg-base ../../build/gripper_sub build --build-base /workspace/ros2_robot_ws/build/gripper_sub/build install --record /workspace/ros2_robot_ws/build/gripper_sub/install.log --single-version-externally-managed install_data
[4.100s] running egg_info
[4.107s] writing ../../build/gripper_sub/gripper_sub.egg-info/PKG-INFO
[4.107s] writing dependency_links to ../../build/gripper_sub/gripper_sub.egg-info/dependency_links.txt
[4.108s] writing entry points to ../../build/gripper_sub/gripper_sub.egg-info/entry_points.txt
[4.110s] writing requirements to ../../build/gripper_sub/gripper_sub.egg-info/requires.txt
[4.112s] writing top-level names to ../../build/gripper_sub/gripper_sub.egg-info/top_level.txt
[4.123s] reading manifest file '../../build/gripper_sub/gripper_sub.egg-info/SOURCES.txt'
[4.124s] adding license file 'LICENSE'
[4.127s] writing manifest file '../../build/gripper_sub/gripper_sub.egg-info/SOURCES.txt'
[4.127s] running build
[4.133s] running build_py
[4.135s] copying gripper_sub/subscriber_member_function.py -> /workspace/ros2_robot_ws/build/gripper_sub/build/lib/gripper_sub
[4.135s] running install
[4.136s] running install_lib
[4.137s] copying /workspace/ros2_robot_ws/build/gripper_sub/build/lib/gripper_sub/subscriber_member_function.py -> /workspace/ros2_robot_ws/install/gripper_sub/lib/python3.10/site-packages/gripper_sub
[4.141s] byte-compiling /workspace/ros2_robot_ws/install/gripper_sub/lib/python3.10/site-packages/gripper_sub/subscriber_member_function.py to subscriber_member_function.cpython-310.pyc
[4.149s] running install_data
[4.150s] running install_egg_info
[4.158s] removing '/workspace/ros2_robot_ws/install/gripper_sub/lib/python3.10/site-packages/gripper_sub-0.0.0-py3.10.egg-info' (and everything under it)
[4.163s] Copying ../../build/gripper_sub/gripper_sub.egg-info to /workspace/ros2_robot_ws/install/gripper_sub/lib/python3.10/site-packages/gripper_sub-0.0.0-py3.10.egg-info
[4.172s] running install_scripts
[4.291s] Installing listener script to /workspace/ros2_robot_ws/install/gripper_sub/lib/gripper_sub
[4.296s] Installing socket_server script to /workspace/ros2_robot_ws/install/gripper_sub/lib/gripper_sub
[4.298s] writing list of installed files to '/workspace/ros2_robot_ws/build/gripper_sub/install.log'
[4.481s] Invoked command in '/workspace/ros2_robot_ws/src/gripper_sub' returned '0': AMENT_PREFIX_PATH=/workspace/ros2_robot_ws/install/utils:/workspace/ros2_robot_ws/install/gripper_sub:/workspace/ros2_robot_ws/install/gripper_pub:/workspace/ros2_robot_ws/install/arm_test:/workspace/ros2_robot_ws/install/robot_interfaces:/opt/ros/humble PYTHONPATH=/workspace/ros2_robot_ws/build/gripper_sub/prefix_override:/usr/lib/python3/dist-packages/colcon_core/task/python/colcon_distutils_commands:/workspace/ros2_robot_ws/install/gripper_sub/lib/python3.10/site-packages:/workspace/ros2_robot_ws/install/utils/lib/python3.10/site-packages:/workspace/ros2_robot_ws/install/gripper_sub/lib/python3.10/site-packages:/workspace/ros2_robot_ws/install/gripper_pub/lib/python3.10/site-packages:/workspace/ros2_robot_ws/install/arm_test/lib/python3.10/site-packages:/workspace/ros2_robot_ws/install/robot_interfaces/local/lib/python3.10/dist-packages:/opt/ros/humble/lib/python3.10/site-packages:/opt/ros/humble/local/lib/python3.10/dist-packages /usr/bin/python3 -W ignore:setup.py install is deprecated -W ignore:easy_install command is deprecated setup.py egg_info --egg-base ../../build/gripper_sub build --build-base /workspace/ros2_robot_ws/build/gripper_sub/build install --record /workspace/ros2_robot_ws/build/gripper_sub/install.log --single-version-externally-managed install_data
