[3.913s] Invoking command in '/workspace/ros2_robot_ws/src/gripper_sub': AMENT_PREFIX_PATH=/workspace/ros2_robot_ws/install/utils:/workspace/ros2_robot_ws/install/gripper_sub:/workspace/ros2_robot_ws/install/gripper_pub:/workspace/ros2_robot_ws/install/arm_test:/workspace/ros2_robot_ws/install/robot_interfaces:/opt/ros/humble PYTHONPATH=/workspace/ros2_robot_ws/build/gripper_sub/prefix_override:/usr/lib/python3/dist-packages/colcon_core/task/python/colcon_distutils_commands:/workspace/ros2_robot_ws/install/gripper_sub/lib/python3.10/site-packages:/workspace/ros2_robot_ws/install/utils/lib/python3.10/site-packages:/workspace/ros2_robot_ws/install/gripper_sub/lib/python3.10/site-packages:/workspace/ros2_robot_ws/install/gripper_pub/lib/python3.10/site-packages:/workspace/ros2_robot_ws/install/arm_test/lib/python3.10/site-packages:/workspace/ros2_robot_ws/install/robot_interfaces/local/lib/python3.10/dist-packages:/opt/ros/humble/lib/python3.10/site-packages:/opt/ros/humble/local/lib/python3.10/dist-packages /usr/bin/python3 -W ignore:setup.py install is deprecated -W ignore:easy_install command is deprecated setup.py egg_info --egg-base ../../build/gripper_sub build --build-base /workspace/ros2_robot_ws/build/gripper_sub/build install --record /workspace/ros2_robot_ws/build/gripper_sub/install.log --single-version-externally-managed install_data
[4.844s] running egg_info
[4.855s] creating ../../build/gripper_sub/gripper_sub.egg-info
[4.858s] writing ../../build/gripper_sub/gripper_sub.egg-info/PKG-INFO
[4.868s] writing dependency_links to ../../build/gripper_sub/gripper_sub.egg-info/dependency_links.txt
[4.869s] writing entry points to ../../build/gripper_sub/gripper_sub.egg-info/entry_points.txt
[4.870s] writing requirements to ../../build/gripper_sub/gripper_sub.egg-info/requires.txt
[4.871s] writing top-level names to ../../build/gripper_sub/gripper_sub.egg-info/top_level.txt
[4.873s] writing manifest file '../../build/gripper_sub/gripper_sub.egg-info/SOURCES.txt'
[4.881s] reading manifest file '../../build/gripper_sub/gripper_sub.egg-info/SOURCES.txt'
[4.882s] adding license file 'LICENSE'
[4.885s] writing manifest file '../../build/gripper_sub/gripper_sub.egg-info/SOURCES.txt'
[4.886s] running build
[4.887s] running build_py
[4.888s] creating /workspace/ros2_robot_ws/build/gripper_sub/build
[4.888s] creating /workspace/ros2_robot_ws/build/gripper_sub/build/lib
[4.889s] creating /workspace/ros2_robot_ws/build/gripper_sub/build/lib/gripper_sub
[4.893s] copying gripper_sub/subscriber_member_function.py -> /workspace/ros2_robot_ws/build/gripper_sub/build/lib/gripper_sub
[4.896s] copying gripper_sub/gripper_sub_main.py -> /workspace/ros2_robot_ws/build/gripper_sub/build/lib/gripper_sub
[4.896s] copying gripper_sub/__init__.py -> /workspace/ros2_robot_ws/build/gripper_sub/build/lib/gripper_sub
[4.897s] copying gripper_sub/ros_socket_receive_test.py -> /workspace/ros2_robot_ws/build/gripper_sub/build/lib/gripper_sub
[4.901s] running install
[4.901s] running install_lib
[4.907s] creating /workspace/ros2_robot_ws/install/gripper_sub/lib/python3.10/site-packages/gripper_sub
[4.909s] copying /workspace/ros2_robot_ws/build/gripper_sub/build/lib/gripper_sub/subscriber_member_function.py -> /workspace/ros2_robot_ws/install/gripper_sub/lib/python3.10/site-packages/gripper_sub
[4.910s] copying /workspace/ros2_robot_ws/build/gripper_sub/build/lib/gripper_sub/gripper_sub_main.py -> /workspace/ros2_robot_ws/install/gripper_sub/lib/python3.10/site-packages/gripper_sub
[4.910s] copying /workspace/ros2_robot_ws/build/gripper_sub/build/lib/gripper_sub/__init__.py -> /workspace/ros2_robot_ws/install/gripper_sub/lib/python3.10/site-packages/gripper_sub
[4.911s] copying /workspace/ros2_robot_ws/build/gripper_sub/build/lib/gripper_sub/ros_socket_receive_test.py -> /workspace/ros2_robot_ws/install/gripper_sub/lib/python3.10/site-packages/gripper_sub
[4.913s] byte-compiling /workspace/ros2_robot_ws/install/gripper_sub/lib/python3.10/site-packages/gripper_sub/subscriber_member_function.py to subscriber_member_function.cpython-310.pyc
[4.920s] byte-compiling /workspace/ros2_robot_ws/install/gripper_sub/lib/python3.10/site-packages/gripper_sub/gripper_sub_main.py to gripper_sub_main.cpython-310.pyc
[4.923s] byte-compiling /workspace/ros2_robot_ws/install/gripper_sub/lib/python3.10/site-packages/gripper_sub/__init__.py to __init__.cpython-310.pyc
[4.926s] byte-compiling /workspace/ros2_robot_ws/install/gripper_sub/lib/python3.10/site-packages/gripper_sub/ros_socket_receive_test.py to ros_socket_receive_test.cpython-310.pyc
[4.926s] running install_data
[4.927s] creating /workspace/ros2_robot_ws/install/gripper_sub/share/ament_index
[4.928s] creating /workspace/ros2_robot_ws/install/gripper_sub/share/ament_index/resource_index
[4.928s] creating /workspace/ros2_robot_ws/install/gripper_sub/share/ament_index/resource_index/packages
[4.929s] copying resource/gripper_sub -> /workspace/ros2_robot_ws/install/gripper_sub/share/ament_index/resource_index/packages
[4.929s] copying package.xml -> /workspace/ros2_robot_ws/install/gripper_sub/share/gripper_sub
[4.930s] running install_egg_info
[4.932s] Copying ../../build/gripper_sub/gripper_sub.egg-info to /workspace/ros2_robot_ws/install/gripper_sub/lib/python3.10/site-packages/gripper_sub-0.0.0-py3.10.egg-info
[4.933s] running install_scripts
[5.060s] Installing listener script to /workspace/ros2_robot_ws/install/gripper_sub/lib/gripper_sub
[5.062s] writing list of installed files to '/workspace/ros2_robot_ws/build/gripper_sub/install.log'
[5.358s] Invoked command in '/workspace/ros2_robot_ws/src/gripper_sub' returned '0': AMENT_PREFIX_PATH=/workspace/ros2_robot_ws/install/utils:/workspace/ros2_robot_ws/install/gripper_sub:/workspace/ros2_robot_ws/install/gripper_pub:/workspace/ros2_robot_ws/install/arm_test:/workspace/ros2_robot_ws/install/robot_interfaces:/opt/ros/humble PYTHONPATH=/workspace/ros2_robot_ws/build/gripper_sub/prefix_override:/usr/lib/python3/dist-packages/colcon_core/task/python/colcon_distutils_commands:/workspace/ros2_robot_ws/install/gripper_sub/lib/python3.10/site-packages:/workspace/ros2_robot_ws/install/utils/lib/python3.10/site-packages:/workspace/ros2_robot_ws/install/gripper_sub/lib/python3.10/site-packages:/workspace/ros2_robot_ws/install/gripper_pub/lib/python3.10/site-packages:/workspace/ros2_robot_ws/install/arm_test/lib/python3.10/site-packages:/workspace/ros2_robot_ws/install/robot_interfaces/local/lib/python3.10/dist-packages:/opt/ros/humble/lib/python3.10/site-packages:/opt/ros/humble/local/lib/python3.10/dist-packages /usr/bin/python3 -W ignore:setup.py install is deprecated -W ignore:easy_install command is deprecated setup.py egg_info --egg-base ../../build/gripper_sub build --build-base /workspace/ros2_robot_ws/build/gripper_sub/build install --record /workspace/ros2_robot_ws/build/gripper_sub/install.log --single-version-externally-managed install_data
