[2.690s] Invoking command in '/workspace/ros2_robot_ws/src/utils': PYTHONPATH=/workspace/ros2_robot_ws/build/utils/prefix_override:/usr/lib/python3/dist-packages/colcon_core/task/python/colcon_distutils_commands:/workspace/ros2_robot_ws/install/utils/lib/python3.10/site-packages:${PYTHONPATH} /usr/bin/python3 -W ignore:setup.py install is deprecated -W ignore:easy_install command is deprecated setup.py egg_info --egg-base ../../build/utils build --build-base /workspace/ros2_robot_ws/build/utils/build install --record /workspace/ros2_robot_ws/build/utils/install.log --single-version-externally-managed install_data
[3.653s] running egg_info
[3.656s] writing ../../build/utils/utils.egg-info/PKG-INFO
[3.657s] writing dependency_links to ../../build/utils/utils.egg-info/dependency_links.txt
[3.658s] writing entry points to ../../build/utils/utils.egg-info/entry_points.txt
[3.659s] writing requirements to ../../build/utils/utils.egg-info/requires.txt
[3.661s] writing top-level names to ../../build/utils/utils.egg-info/top_level.txt
[3.669s] reading manifest file '../../build/utils/utils.egg-info/SOURCES.txt'
[3.672s] writing manifest file '../../build/utils/utils.egg-info/SOURCES.txt'
[3.673s] running build
[3.673s] running build_py
[3.674s] copying ./utils/claw.py -> /workspace/ros2_robot_ws/build/utils/build/lib/utils
[3.675s] running install
[3.677s] running install_lib
[3.685s] copying /workspace/ros2_robot_ws/build/utils/build/lib/utils/claw.py -> /workspace/ros2_robot_ws/install/utils/lib/python3.10/site-packages/utils
[3.688s] byte-compiling /workspace/ros2_robot_ws/install/utils/lib/python3.10/site-packages/utils/claw.py to claw.cpython-310.pyc
[3.694s] running install_data
[3.695s] running install_egg_info
[3.702s] removing '/workspace/ros2_robot_ws/install/utils/lib/python3.10/site-packages/utils-0.0.0-py3.10.egg-info' (and everything under it)
[3.708s] Copying ../../build/utils/utils.egg-info to /workspace/ros2_robot_ws/install/utils/lib/python3.10/site-packages/utils-0.0.0-py3.10.egg-info
[3.709s] running install_scripts
[3.792s] writing list of installed files to '/workspace/ros2_robot_ws/build/utils/install.log'
[4.233s] Invoked command in '/workspace/ros2_robot_ws/src/utils' returned '0': PYTHONPATH=/workspace/ros2_robot_ws/build/utils/prefix_override:/usr/lib/python3/dist-packages/colcon_core/task/python/colcon_distutils_commands:/workspace/ros2_robot_ws/install/utils/lib/python3.10/site-packages:${PYTHONPATH} /usr/bin/python3 -W ignore:setup.py install is deprecated -W ignore:easy_install command is deprecated setup.py egg_info --egg-base ../../build/utils build --build-base /workspace/ros2_robot_ws/build/utils/build install --record /workspace/ros2_robot_ws/build/utils/install.log --single-version-externally-managed install_data
