[0.065s] Invoking command in '/workspace/ros2_robot_ws/build/robot_interfaces': CMAKE_PREFIX_PATH=${CMAKE_PREFIX_PATH}:/workspace/ros2_robot_ws/install/gripper_sub:/workspace/ros2_robot_ws/install/gripper_pub:/workspace/ros2_robot_ws/install/utils:/workspace/ros2_robot_ws/install/arm_test:/opt/ros/humble /usr/bin/cmake --build /workspace/ros2_robot_ws/build/robot_interfaces -- -j4 -l4
[0.179s] -- Found ament_cmake: 1.3.11 (/opt/ros/humble/share/ament_cmake/cmake)
[0.826s] -- Found rosidl_default_generators: 1.2.0 (/opt/ros/humble/share/rosidl_default_generators/cmake)
[0.840s] -- Using all available rosidl_typesupport_c: rosidl_typesupport_fastrtps_c;rosidl_typesupport_introspection_c
[0.857s] -- Found rosidl_adapter: 3.1.6 (/opt/ros/humble/share/rosidl_adapter/cmake)
[1.023s] -- Using all available rosidl_typesupport_cpp: rosidl_typesupport_fastrtps_cpp;rosidl_typesupport_introspection_cpp
[2.371s] -- Found ament_cmake_ros: 0.10.0 (/opt/ros/humble/share/ament_cmake_ros/cmake)
[3.086s] -- Using all available rosidl_typesupport_c: rosidl_typesupport_fastrtps_c;rosidl_typesupport_introspection_c
[4.054s] -- Using all available rosidl_typesupport_cpp: rosidl_typesupport_fastrtps_cpp;rosidl_typesupport_introspection_cpp
[4.118s] -- Found python_cmake_module: 0.10.0 (/opt/ros/humble/share/python_cmake_module/cmake)
[4.194s] -- Using PYTHON_EXECUTABLE: /usr/bin/python3
[4.194s] -- Using PYTHON_INCLUDE_DIRS: /usr/include/python3.10
[4.195s] -- Using PYTHON_LIBRARIES: /usr/lib/aarch64-linux-gnu/libpython3.10.so
[4.239s] -- Found ament_lint_auto: 0.12.12 (/opt/ros/humble/share/ament_lint_auto/cmake)
[4.310s] -- Added test 'lint_cmake' to check CMake code style
[4.315s] -- Added test 'xmllint' to check XML markup files
[4.323s] -- Configuring done
[4.480s] -- Generating done
[4.575s] -- Build files have been written to: /workspace/ros2_robot_ws/build/robot_interfaces
[4.708s] [  2%] [34m[1mGenerating C code for ROS interfaces[0m
[4.799s] [  4%] [34m[1mGenerating C++ code for ROS interfaces[0m
[4.808s] [  4%] Built target ament_cmake_python_copy_robot_interfaces
[5.765s] running egg_info
[5.770s] writing robot_interfaces.egg-info/PKG-INFO
[5.772s] writing dependency_links to robot_interfaces.egg-info/dependency_links.txt
[5.777s] writing top-level names to robot_interfaces.egg-info/top_level.txt
[5.786s] reading manifest file 'robot_interfaces.egg-info/SOURCES.txt'
[5.790s] writing manifest file 'robot_interfaces.egg-info/SOURCES.txt'
[5.928s] [  4%] Built target ament_cmake_python_build_robot_interfaces_egg
[6.606s] [35m[1mConsolidate compiler generated dependencies of target robot_interfaces__rosidl_generator_c[0m
[6.704s] [  6%] [32mBuilding C object CMakeFiles/robot_interfaces__rosidl_generator_c.dir/rosidl_generator_c/robot_interfaces/msg/detail/gripper_command__functions.c.o[0m
[6.716s] [  8%] [32mBuilding C object CMakeFiles/robot_interfaces__rosidl_generator_c.dir/rosidl_generator_c/robot_interfaces/msg/detail/gripper_info__functions.c.o[0m
[6.788s] [ 10%] [32mBuilding C object CMakeFiles/robot_interfaces__rosidl_generator_c.dir/rosidl_generator_c/robot_interfaces/msg/detail/grasp_pose__functions.c.o[0m
[6.819s] [ 10%] Built target robot_interfaces__cpp
[6.868s] [ 12%] [34m[1mGenerating C++ type support dispatch for ROS interfaces[0m
[7.595s] [ 17%] [32m[1mLinking C shared library librobot_interfaces__rosidl_generator_c.so[0m
[7.602s] [ 17%] [34m[1mGenerating C++ type support for eProsima Fast-RTPS[0m
[7.610s] [ 19%] [34m[1mGenerating C++ introspection for ROS interfaces[0m
[7.867s] [ 19%] Built target robot_interfaces__rosidl_generator_c
[7.926s] [ 21%] [34m[1mGenerating C type support for eProsima Fast-RTPS[0m
[8.420s] [35m[1mConsolidate compiler generated dependencies of target robot_interfaces__rosidl_typesupport_cpp[0m
[8.492s] [ 23%] [32mBuilding CXX object CMakeFiles/robot_interfaces__rosidl_typesupport_cpp.dir/rosidl_typesupport_cpp/robot_interfaces/msg/gripper_command__type_support.cpp.o[0m
[9.605s] [35m[1mConsolidate compiler generated dependencies of target robot_interfaces__rosidl_typesupport_introspection_cpp[0m
[9.762s] [ 25%] [32mBuilding CXX object CMakeFiles/robot_interfaces__rosidl_typesupport_introspection_cpp.dir/rosidl_typesupport_introspection_cpp/robot_interfaces/msg/detail/gripper_command__type_support.cpp.o[0m
[10.566s] [35m[1mConsolidate compiler generated dependencies of target robot_interfaces__rosidl_typesupport_fastrtps_cpp[0m
[10.656s] [35m[1mConsolidate compiler generated dependencies of target robot_interfaces__rosidl_typesupport_fastrtps_c[0m
[10.679s] [ 27%] [32mBuilding CXX object CMakeFiles/robot_interfaces__rosidl_typesupport_fastrtps_cpp.dir/rosidl_typesupport_fastrtps_cpp/robot_interfaces/msg/detail/dds_fastrtps/gripper_command__type_support.cpp.o[0m
[10.758s] [ 29%] [32mBuilding CXX object CMakeFiles/robot_interfaces__rosidl_typesupport_fastrtps_c.dir/rosidl_typesupport_fastrtps_c/robot_interfaces/msg/detail/gripper_command__type_support_c.cpp.o[0m
[11.982s] [ 31%] [32mBuilding CXX object CMakeFiles/robot_interfaces__rosidl_typesupport_cpp.dir/rosidl_typesupport_cpp/robot_interfaces/msg/gripper_info__type_support.cpp.o[0m
[13.310s] [ 34%] [32mBuilding CXX object CMakeFiles/robot_interfaces__rosidl_typesupport_introspection_cpp.dir/rosidl_typesupport_introspection_cpp/robot_interfaces/msg/detail/gripper_info__type_support.cpp.o[0m
[13.664s] [ 36%] [32mBuilding CXX object CMakeFiles/robot_interfaces__rosidl_typesupport_fastrtps_cpp.dir/rosidl_typesupport_fastrtps_cpp/robot_interfaces/msg/detail/dds_fastrtps/gripper_info__type_support.cpp.o[0m
[13.764s] [ 38%] [32mBuilding CXX object CMakeFiles/robot_interfaces__rosidl_typesupport_fastrtps_c.dir/rosidl_typesupport_fastrtps_c/robot_interfaces/msg/detail/gripper_info__type_support_c.cpp.o[0m
[13.928s] [ 40%] [32mBuilding CXX object CMakeFiles/robot_interfaces__rosidl_typesupport_cpp.dir/rosidl_typesupport_cpp/robot_interfaces/msg/grasp_pose__type_support.cpp.o[0m
[15.819s] [ 42%] [32mBuilding CXX object CMakeFiles/robot_interfaces__rosidl_typesupport_introspection_cpp.dir/rosidl_typesupport_introspection_cpp/robot_interfaces/msg/detail/grasp_pose__type_support.cpp.o[0m
[16.066s] [ 44%] [32m[1mLinking CXX shared library librobot_interfaces__rosidl_typesupport_cpp.so[0m
[16.441s] [ 44%] Built target robot_interfaces__rosidl_typesupport_cpp
[16.492s] [ 46%] [32mBuilding CXX object CMakeFiles/robot_interfaces__rosidl_typesupport_fastrtps_c.dir/rosidl_typesupport_fastrtps_c/robot_interfaces/msg/detail/grasp_pose__type_support_c.cpp.o[0m
[16.524s] [ 48%] [34m[1mGenerating C introspection for ROS interfaces[0m
[16.644s] [ 51%] [32mBuilding CXX object CMakeFiles/robot_interfaces__rosidl_typesupport_fastrtps_cpp.dir/rosidl_typesupport_fastrtps_cpp/robot_interfaces/msg/detail/dds_fastrtps/grasp_pose__type_support.cpp.o[0m
[18.548s] [ 53%] [32m[1mLinking CXX shared library librobot_interfaces__rosidl_typesupport_fastrtps_c.so[0m
[18.586s] [ 55%] [32m[1mLinking CXX shared library librobot_interfaces__rosidl_typesupport_introspection_cpp.so[0m
[18.709s] [35m[1mConsolidate compiler generated dependencies of target robot_interfaces__rosidl_typesupport_introspection_c[0m
[18.803s] [ 57%] [32mBuilding C object CMakeFiles/robot_interfaces__rosidl_typesupport_introspection_c.dir/rosidl_typesupport_introspection_c/robot_interfaces/msg/detail/gripper_command__type_support.c.o[0m
[18.847s] [ 57%] Built target robot_interfaces__rosidl_typesupport_introspection_cpp
[18.900s] [ 59%] [32mBuilding C object CMakeFiles/robot_interfaces__rosidl_typesupport_introspection_c.dir/rosidl_typesupport_introspection_c/robot_interfaces/msg/detail/gripper_info__type_support.c.o[0m
[18.970s] [ 61%] [32mBuilding C object CMakeFiles/robot_interfaces__rosidl_typesupport_introspection_c.dir/rosidl_typesupport_introspection_c/robot_interfaces/msg/detail/grasp_pose__type_support.c.o[0m
[18.971s] [ 61%] Built target robot_interfaces__rosidl_typesupport_fastrtps_c
[19.030s] [ 63%] [34m[1mGenerating C type support dispatch for ROS interfaces[0m
[19.122s] [ 65%] [32m[1mLinking C shared library librobot_interfaces__rosidl_typesupport_introspection_c.so[0m
[19.238s] [ 68%] [32m[1mLinking CXX shared library librobot_interfaces__rosidl_typesupport_fastrtps_cpp.so[0m
[19.244s] Traceback (most recent call last):
[19.245s]   File "/opt/ros/humble/lib/rosidl_typesupport_c/rosidl_typesupport_c", line 6, in <module>
[19.245s] gmake[2]: *** [CMakeFiles/robot_interfaces__rosidl_typesupport_fastrtps_cpp.dir/build.make:163: librobot_interfaces__rosidl_typesupport_fastrtps_cpp.so] Interrupt
[19.246s]     from rosidl_typesupport_c import generate_c
[19.246s]   File "/opt/ros/humble/local/lib/python3.10/dist-packages/rosidl_typesupport_c/__init__.py", line 15, in <module>
[19.246s]     from rosidl_cmake import generate_files
[19.247s]   File "/opt/ros/humble/local/lib/python3.10/dist-packages/rosidl_cmake/__init__.py", line 22, in <module>
[19.247s] gmake[1]: *** [CMakeFiles/Makefile2:343: CMakeFiles/robot_interfaces__rosidl_typesupport_fastrtps_cpp.dir/all] Interrupt
[19.247s] gmake[1]: *** [CMakeFiles/Makefile2:266: CMakeFiles/robot_interfaces__rosidl_typesupport_introspection_c.dir/all] Interrupt
[19.248s]     import em
[19.248s]   File "/usr/lib/python3/dist-packages/em.py", line 20, in <module>
[19.249s]     import inspect
[19.249s]   File "/usr/lib/python3.10/inspect.py", line 43, in <module>
[19.249s]     import linecache
[19.250s]   File "/usr/lib/python3.10/linecache.py", line 11, in <module>
[19.250s]     import tokenize
[19.250s]   File "/usr/lib/python3.10/tokenize.py", line 31, in <module>
[19.251s]     from io import TextIOWrapper
[19.251s]   File "/usr/lib/python3.10/io.py", line 60, in __getattr__
[19.252s]     def __getattr__(name):
[19.254s] KeyboardInterrupt
[19.283s] gmake[2]: *** [CMakeFiles/robot_interfaces__rosidl_typesupport_c.dir/build.make:82: rosidl_typesupport_c/robot_interfaces/msg/gripper_command__type_support.cpp] Interrupt
[19.285s] gmake[1]: *** [CMakeFiles/Makefile2:290: CMakeFiles/robot_interfaces__rosidl_typesupport_c.dir/all] Interrupt
[19.286s] gmake: *** [Makefile:146: all] Interrupt
[19.295s] Invoked command in '/workspace/ros2_robot_ws/build/robot_interfaces' returned '-2': CMAKE_PREFIX_PATH=${CMAKE_PREFIX_PATH}:/workspace/ros2_robot_ws/install/gripper_sub:/workspace/ros2_robot_ws/install/gripper_pub:/workspace/ros2_robot_ws/install/utils:/workspace/ros2_robot_ws/install/arm_test:/opt/ros/humble /usr/bin/cmake --build /workspace/ros2_robot_ws/build/robot_interfaces -- -j4 -l4
