[6.795s] Invoking command in '/workspace/ros2_robot_ws/src/utils': PYTHONPATH=/workspace/ros2_robot_ws/build/utils/prefix_override:/usr/lib/python3/dist-packages/colcon_core/task/python/colcon_distutils_commands:/workspace/ros2_robot_ws/install/utils/lib/python3.10/site-packages:${PYTHONPATH} /usr/bin/python3 -W ignore:setup.py install is deprecated -W ignore:easy_install command is deprecated setup.py egg_info --egg-base ../../build/utils build --build-base /workspace/ros2_robot_ws/build/utils/build install --record /workspace/ros2_robot_ws/build/utils/install.log --single-version-externally-managed install_data
[8.898s] running egg_info
[8.902s] writing ../../build/utils/utils.egg-info/PKG-INFO
[8.905s] writing dependency_links to ../../build/utils/utils.egg-info/dependency_links.txt
[8.912s] writing entry points to ../../build/utils/utils.egg-info/entry_points.txt
[8.913s] writing requirements to ../../build/utils/utils.egg-info/requires.txt
[8.914s] writing top-level names to ../../build/utils/utils.egg-info/top_level.txt
[8.936s] reading manifest file '../../build/utils/utils.egg-info/SOURCES.txt'
[8.944s] writing manifest file '../../build/utils/utils.egg-info/SOURCES.txt'
[8.947s] running build
[8.948s] running build_py
[8.952s] running install
[8.954s] running install_lib
[8.982s] running install_data
[8.984s] running install_egg_info
[9.002s] removing '/workspace/ros2_robot_ws/install/utils/lib/python3.10/site-packages/utils-0.0.0-py3.10.egg-info' (and everything under it)
[9.012s] Copying ../../build/utils/utils.egg-info to /workspace/ros2_robot_ws/install/utils/lib/python3.10/site-packages/utils-0.0.0-py3.10.egg-info
[9.032s] running install_scripts
[9.219s] writing list of installed files to '/workspace/ros2_robot_ws/build/utils/install.log'
[9.844s] Invoked command in '/workspace/ros2_robot_ws/src/utils' returned '0': PYTHONPATH=/workspace/ros2_robot_ws/build/utils/prefix_override:/usr/lib/python3/dist-packages/colcon_core/task/python/colcon_distutils_commands:/workspace/ros2_robot_ws/install/utils/lib/python3.10/site-packages:${PYTHONPATH} /usr/bin/python3 -W ignore:setup.py install is deprecated -W ignore:easy_install command is deprecated setup.py egg_info --egg-base ../../build/utils build --build-base /workspace/ros2_robot_ws/build/utils/build install --record /workspace/ros2_robot_ws/build/utils/install.log --single-version-externally-managed install_data
