[3.230s] Invoking command in '/workspace/ros2_robot_ws/src/utils': PYTHONPATH=/workspace/ros2_robot_ws/build/utils/prefix_override:/usr/lib/python3/dist-packages/colcon_core/task/python/colcon_distutils_commands:/workspace/ros2_robot_ws/install/utils/lib/python3.10/site-packages:${PYTHONPATH} /usr/bin/python3 -W ignore:setup.py install is deprecated -W ignore:easy_install command is deprecated setup.py egg_info --egg-base ../../build/utils build --build-base /workspace/ros2_robot_ws/build/utils/build install --record /workspace/ros2_robot_ws/build/utils/install.log --single-version-externally-managed install_data
[4.072s] running egg_info
[4.080s] writing ../../build/utils/utils.egg-info/PKG-INFO
[4.083s] writing dependency_links to ../../build/utils/utils.egg-info/dependency_links.txt
[4.085s] writing entry points to ../../build/utils/utils.egg-info/entry_points.txt
[4.088s] writing requirements to ../../build/utils/utils.egg-info/requires.txt
[4.090s] writing top-level names to ../../build/utils/utils.egg-info/top_level.txt
[4.093s] reading manifest file '../../build/utils/utils.egg-info/SOURCES.txt'
[4.093s] writing manifest file '../../build/utils/utils.egg-info/SOURCES.txt'
[4.097s] running build
[4.100s] running build_py
[4.103s] running install
[4.106s] running install_lib
[4.109s] running install_data
[4.112s] running install_egg_info
[4.120s] removing '/workspace/ros2_robot_ws/install/utils/lib/python3.10/site-packages/utils-0.0.0-py3.10.egg-info' (and everything under it)
[4.123s] Copying ../../build/utils/utils.egg-info to /workspace/ros2_robot_ws/install/utils/lib/python3.10/site-packages/utils-0.0.0-py3.10.egg-info
[4.131s] running install_scripts
[4.213s] writing list of installed files to '/workspace/ros2_robot_ws/build/utils/install.log'
[4.362s] Invoked command in '/workspace/ros2_robot_ws/src/utils' returned '0': PYTHONPATH=/workspace/ros2_robot_ws/build/utils/prefix_override:/usr/lib/python3/dist-packages/colcon_core/task/python/colcon_distutils_commands:/workspace/ros2_robot_ws/install/utils/lib/python3.10/site-packages:${PYTHONPATH} /usr/bin/python3 -W ignore:setup.py install is deprecated -W ignore:easy_install command is deprecated setup.py egg_info --egg-base ../../build/utils build --build-base /workspace/ros2_robot_ws/build/utils/build install --record /workspace/ros2_robot_ws/build/utils/install.log --single-version-externally-managed install_data
