[3.201s] Invoking command in '/workspace/ros2_robot_ws/src/gripper_pub': AMENT_PREFIX_PATH=/workspace/ros2_robot_ws/install/utils:/workspace/ros2_robot_ws/install/robot_interfaces:${AMENT_PREFIX_PATH} CMAKE_PREFIX_PATH=/workspace/ros2_robot_ws/install/robot_interfaces LD_LIBRARY_PATH=/workspace/ros2_robot_ws/install/robot_interfaces/lib:${LD_LIBRARY_PATH} PYTHONPATH=/workspace/ros2_robot_ws/build/gripper_pub/prefix_override:/usr/lib/python3/dist-packages/colcon_core/task/python/colcon_distutils_commands:/workspace/ros2_robot_ws/install/gripper_pub/lib/python3.10/site-packages:/workspace/ros2_robot_ws/install/utils/lib/python3.10/site-packages:/workspace/ros2_robot_ws/install/robot_interfaces/local/lib/python3.10/dist-packages:${PYTHONPATH} /usr/bin/python3 -W ignore:setup.py install is deprecated -W ignore:easy_install command is deprecated setup.py egg_info --egg-base ../../build/gripper_pub build --build-base /workspace/ros2_robot_ws/build/gripper_pub/build install --record /workspace/ros2_robot_ws/build/gripper_pub/install.log --single-version-externally-managed install_data
[3.991s] running egg_info
[3.998s] writing ../../build/gripper_pub/gripper_pub.egg-info/PKG-INFO
[3.999s] writing dependency_links to ../../build/gripper_pub/gripper_pub.egg-info/dependency_links.txt
[4.003s] writing entry points to ../../build/gripper_pub/gripper_pub.egg-info/entry_points.txt
[4.004s] writing requirements to ../../build/gripper_pub/gripper_pub.egg-info/requires.txt
[4.004s] writing top-level names to ../../build/gripper_pub/gripper_pub.egg-info/top_level.txt
[4.012s] reading manifest file '../../build/gripper_pub/gripper_pub.egg-info/SOURCES.txt'
[4.015s] adding license file 'LICENSE'
[4.017s] writing manifest file '../../build/gripper_pub/gripper_pub.egg-info/SOURCES.txt'
[4.018s] running build
[4.019s] running build_py
[4.019s] running install
[4.020s] running install_lib
[4.022s] running install_data
[4.023s] running install_egg_info
[4.030s] removing '/workspace/ros2_robot_ws/install/gripper_pub/lib/python3.10/site-packages/gripper_pub-0.0.0-py3.10.egg-info' (and everything under it)
[4.035s] Copying ../../build/gripper_pub/gripper_pub.egg-info to /workspace/ros2_robot_ws/install/gripper_pub/lib/python3.10/site-packages/gripper_pub-0.0.0-py3.10.egg-info
[4.039s] running install_scripts
[4.126s] Installing talker script to /workspace/ros2_robot_ws/install/gripper_pub/lib/gripper_pub
[4.128s] writing list of installed files to '/workspace/ros2_robot_ws/build/gripper_pub/install.log'
[4.316s] Invoked command in '/workspace/ros2_robot_ws/src/gripper_pub' returned '0': AMENT_PREFIX_PATH=/workspace/ros2_robot_ws/install/utils:/workspace/ros2_robot_ws/install/robot_interfaces:${AMENT_PREFIX_PATH} CMAKE_PREFIX_PATH=/workspace/ros2_robot_ws/install/robot_interfaces LD_LIBRARY_PATH=/workspace/ros2_robot_ws/install/robot_interfaces/lib:${LD_LIBRARY_PATH} PYTHONPATH=/workspace/ros2_robot_ws/build/gripper_pub/prefix_override:/usr/lib/python3/dist-packages/colcon_core/task/python/colcon_distutils_commands:/workspace/ros2_robot_ws/install/gripper_pub/lib/python3.10/site-packages:/workspace/ros2_robot_ws/install/utils/lib/python3.10/site-packages:/workspace/ros2_robot_ws/install/robot_interfaces/local/lib/python3.10/dist-packages:${PYTHONPATH} /usr/bin/python3 -W ignore:setup.py install is deprecated -W ignore:easy_install command is deprecated setup.py egg_info --egg-base ../../build/gripper_pub build --build-base /workspace/ros2_robot_ws/build/gripper_pub/build install --record /workspace/ros2_robot_ws/build/gripper_pub/install.log --single-version-externally-managed install_data
