[5.689s] Invoking command in '/workspace/ros2_robot_ws/src/utils': PYTHONPATH=/workspace/ros2_robot_ws/build/utils/prefix_override:/usr/lib/python3/dist-packages/colcon_core/task/python/colcon_distutils_commands:/workspace/ros2_robot_ws/install/utils/lib/python3.10/site-packages:${PYTHONPATH} /usr/bin/python3 -W ignore:setup.py install is deprecated -W ignore:easy_install command is deprecated setup.py egg_info --egg-base ../../build/utils build --build-base /workspace/ros2_robot_ws/build/utils/build install --record /workspace/ros2_robot_ws/build/utils/install.log --single-version-externally-managed install_data
[7.383s] running egg_info
[7.390s] writing ../../build/utils/utils.egg-info/PKG-INFO
[7.391s] writing dependency_links to ../../build/utils/utils.egg-info/dependency_links.txt
[7.393s] writing entry points to ../../build/utils/utils.egg-info/entry_points.txt
[7.396s] writing requirements to ../../build/utils/utils.egg-info/requires.txt
[7.397s] writing top-level names to ../../build/utils/utils.egg-info/top_level.txt
[7.402s] reading manifest file '../../build/utils/utils.egg-info/SOURCES.txt'
[7.407s] writing manifest file '../../build/utils/utils.egg-info/SOURCES.txt'
[7.407s] running build
[7.408s] running build_py
[7.411s] copying ./utils/can_sender.py -> /workspace/ros2_robot_ws/build/utils/build/lib/utils
[7.413s] running install
[7.415s] running install_lib
[7.427s] copying /workspace/ros2_robot_ws/build/utils/build/lib/utils/can_sender.py -> /workspace/ros2_robot_ws/install/utils/lib/python3.10/site-packages/utils
[7.431s] byte-compiling /workspace/ros2_robot_ws/install/utils/lib/python3.10/site-packages/utils/can_sender.py to can_sender.cpython-310.pyc
[7.443s] running install_data
[7.444s] running install_egg_info
[7.453s] removing '/workspace/ros2_robot_ws/install/utils/lib/python3.10/site-packages/utils-0.0.0-py3.10.egg-info' (and everything under it)
[7.456s] Copying ../../build/utils/utils.egg-info to /workspace/ros2_robot_ws/install/utils/lib/python3.10/site-packages/utils-0.0.0-py3.10.egg-info
[7.463s] running install_scripts
[7.573s] writing list of installed files to '/workspace/ros2_robot_ws/build/utils/install.log'
[8.139s] Invoked command in '/workspace/ros2_robot_ws/src/utils' returned '0': PYTHONPATH=/workspace/ros2_robot_ws/build/utils/prefix_override:/usr/lib/python3/dist-packages/colcon_core/task/python/colcon_distutils_commands:/workspace/ros2_robot_ws/install/utils/lib/python3.10/site-packages:${PYTHONPATH} /usr/bin/python3 -W ignore:setup.py install is deprecated -W ignore:easy_install command is deprecated setup.py egg_info --egg-base ../../build/utils build --build-base /workspace/ros2_robot_ws/build/utils/build install --record /workspace/ros2_robot_ws/build/utils/install.log --single-version-externally-managed install_data
