[3.109s] Invoking command in '/workspace/ros2_robot_ws/src/utils': PYTHONPATH=/workspace/ros2_robot_ws/build/utils/prefix_override:/usr/lib/python3/dist-packages/colcon_core/task/python/colcon_distutils_commands:/workspace/ros2_robot_ws/install/utils/lib/python3.10/site-packages:${PYTHONPATH} /usr/bin/python3 -W ignore:setup.py install is deprecated -W ignore:easy_install command is deprecated setup.py egg_info --egg-base ../../build/utils build --build-base /workspace/ros2_robot_ws/build/utils/build install --record /workspace/ros2_robot_ws/build/utils/install.log --single-version-externally-managed install_data
[3.875s] running egg_info
[3.878s] writing ../../build/utils/utils.egg-info/PKG-INFO
[3.879s] writing dependency_links to ../../build/utils/utils.egg-info/dependency_links.txt
[3.881s] writing entry points to ../../build/utils/utils.egg-info/entry_points.txt
[3.884s] writing requirements to ../../build/utils/utils.egg-info/requires.txt
[3.885s] writing top-level names to ../../build/utils/utils.egg-info/top_level.txt
[3.893s] reading manifest file '../../build/utils/utils.egg-info/SOURCES.txt'
[3.898s] writing manifest file '../../build/utils/utils.egg-info/SOURCES.txt'
[3.899s] running build
[3.900s] running build_py
[3.901s] copying ./utils/claw.py -> /workspace/ros2_robot_ws/build/utils/build/lib/utils
[3.902s] running install
[3.905s] running install_lib
[3.907s] copying /workspace/ros2_robot_ws/build/utils/build/lib/utils/claw.py -> /workspace/ros2_robot_ws/install/utils/lib/python3.10/site-packages/utils
[3.910s] byte-compiling /workspace/ros2_robot_ws/install/utils/lib/python3.10/site-packages/utils/claw.py to claw.cpython-310.pyc
[3.917s] running install_data
[3.918s] running install_egg_info
[3.932s] removing '/workspace/ros2_robot_ws/install/utils/lib/python3.10/site-packages/utils-0.0.0-py3.10.egg-info' (and everything under it)
[3.934s] Copying ../../build/utils/utils.egg-info to /workspace/ros2_robot_ws/install/utils/lib/python3.10/site-packages/utils-0.0.0-py3.10.egg-info
[3.940s] running install_scripts
[4.024s] writing list of installed files to '/workspace/ros2_robot_ws/build/utils/install.log'
[4.167s] Invoked command in '/workspace/ros2_robot_ws/src/utils' returned '0': PYTHONPATH=/workspace/ros2_robot_ws/build/utils/prefix_override:/usr/lib/python3/dist-packages/colcon_core/task/python/colcon_distutils_commands:/workspace/ros2_robot_ws/install/utils/lib/python3.10/site-packages:${PYTHONPATH} /usr/bin/python3 -W ignore:setup.py install is deprecated -W ignore:easy_install command is deprecated setup.py egg_info --egg-base ../../build/utils build --build-base /workspace/ros2_robot_ws/build/utils/build install --record /workspace/ros2_robot_ws/build/utils/install.log --single-version-externally-managed install_data
