[4.801s] Invoking command in '/workspace/ros2_robot_ws/src/utils': PYTHONPATH=/workspace/ros2_robot_ws/build/utils/prefix_override:/usr/lib/python3/dist-packages/colcon_core/task/python/colcon_distutils_commands:/workspace/ros2_robot_ws/install/utils/lib/python3.10/site-packages:${PYTHONPATH} /usr/bin/python3 -W ignore:setup.py install is deprecated -W ignore:easy_install command is deprecated setup.py egg_info --egg-base ../../build/utils build --build-base /workspace/ros2_robot_ws/build/utils/build install --record /workspace/ros2_robot_ws/build/utils/install.log --single-version-externally-managed install_data
[5.611s] running egg_info
[5.611s] writing ../../build/utils/utils.egg-info/PKG-INFO
[5.617s] writing dependency_links to ../../build/utils/utils.egg-info/dependency_links.txt
[5.620s] writing entry points to ../../build/utils/utils.egg-info/entry_points.txt
[5.622s] writing requirements to ../../build/utils/utils.egg-info/requires.txt
[5.626s] writing top-level names to ../../build/utils/utils.egg-info/top_level.txt
[5.632s] reading manifest file '../../build/utils/utils.egg-info/SOURCES.txt'
[5.634s] writing manifest file '../../build/utils/utils.egg-info/SOURCES.txt'
[5.638s] running build
[5.640s] running build_py
[5.641s] running install
[5.645s] running install_lib
[5.650s] running install_data
[5.653s] running install_egg_info
[5.659s] removing '/workspace/ros2_robot_ws/install/utils/lib/python3.10/site-packages/utils-0.0.0-py3.10.egg-info' (and everything under it)
[5.666s] Copying ../../build/utils/utils.egg-info to /workspace/ros2_robot_ws/install/utils/lib/python3.10/site-packages/utils-0.0.0-py3.10.egg-info
[5.667s] running install_scripts
[5.748s] writing list of installed files to '/workspace/ros2_robot_ws/build/utils/install.log'
[5.891s] Invoked command in '/workspace/ros2_robot_ws/src/utils' returned '0': PYTHONPATH=/workspace/ros2_robot_ws/build/utils/prefix_override:/usr/lib/python3/dist-packages/colcon_core/task/python/colcon_distutils_commands:/workspace/ros2_robot_ws/install/utils/lib/python3.10/site-packages:${PYTHONPATH} /usr/bin/python3 -W ignore:setup.py install is deprecated -W ignore:easy_install command is deprecated setup.py egg_info --egg-base ../../build/utils build --build-base /workspace/ros2_robot_ws/build/utils/build install --record /workspace/ros2_robot_ws/build/utils/install.log --single-version-externally-managed install_data
