[2.676s] Invoking command in '/workspace/ros2_robot_ws/src/utils': PYTHONPATH=/workspace/ros2_robot_ws/build/utils/prefix_override:/usr/lib/python3/dist-packages/colcon_core/task/python/colcon_distutils_commands:/workspace/ros2_robot_ws/install/utils/lib/python3.10/site-packages:${PYTHONPATH} /usr/bin/python3 -W ignore:setup.py install is deprecated -W ignore:easy_install command is deprecated setup.py egg_info --egg-base ../../build/utils build --build-base /workspace/ros2_robot_ws/build/utils/build install --record /workspace/ros2_robot_ws/build/utils/install.log --single-version-externally-managed install_data
[3.623s] running egg_info
[3.626s] writing ../../build/utils/utils.egg-info/PKG-INFO
[3.627s] writing dependency_links to ../../build/utils/utils.egg-info/dependency_links.txt
[3.628s] writing entry points to ../../build/utils/utils.egg-info/entry_points.txt
[3.629s] writing requirements to ../../build/utils/utils.egg-info/requires.txt
[3.630s] writing top-level names to ../../build/utils/utils.egg-info/top_level.txt
[3.637s] reading manifest file '../../build/utils/utils.egg-info/SOURCES.txt'
[3.642s] writing manifest file '../../build/utils/utils.egg-info/SOURCES.txt'
[3.642s] running build
[3.643s] running build_py
[3.644s] copying ./utils/claw.py -> /workspace/ros2_robot_ws/build/utils/build/lib/utils
[3.650s] running install
[3.652s] running install_lib
[3.659s] copying /workspace/ros2_robot_ws/build/utils/build/lib/utils/claw.py -> /workspace/ros2_robot_ws/install/utils/lib/python3.10/site-packages/utils
[3.662s] byte-compiling /workspace/ros2_robot_ws/install/utils/lib/python3.10/site-packages/utils/claw.py to claw.cpython-310.pyc
[3.668s] running install_data
[3.669s] running install_egg_info
[3.677s] removing '/workspace/ros2_robot_ws/install/utils/lib/python3.10/site-packages/utils-0.0.0-py3.10.egg-info' (and everything under it)
[3.678s] Copying ../../build/utils/utils.egg-info to /workspace/ros2_robot_ws/install/utils/lib/python3.10/site-packages/utils-0.0.0-py3.10.egg-info
[3.687s] running install_scripts
[3.767s] writing list of installed files to '/workspace/ros2_robot_ws/build/utils/install.log'
[4.195s] Invoked command in '/workspace/ros2_robot_ws/src/utils' returned '0': PYTHONPATH=/workspace/ros2_robot_ws/build/utils/prefix_override:/usr/lib/python3/dist-packages/colcon_core/task/python/colcon_distutils_commands:/workspace/ros2_robot_ws/install/utils/lib/python3.10/site-packages:${PYTHONPATH} /usr/bin/python3 -W ignore:setup.py install is deprecated -W ignore:easy_install command is deprecated setup.py egg_info --egg-base ../../build/utils build --build-base /workspace/ros2_robot_ws/build/utils/build install --record /workspace/ros2_robot_ws/build/utils/install.log --single-version-externally-managed install_data
