[0.417s] DEBUG:colcon:Command line arguments: ['/usr/bin/colcon', 'build']
[0.418s] DEBUG:colcon:Parsed command line arguments: Namespace(log_base=None, log_level=None, verb_name='build', build_base='build', install_base='install', merge_install=False, symlink_install=False, test_result_base=None, continue_on_error=False, executor='parallel', parallel_workers=4, event_handlers=None, ignore_user_meta=False, metas=['./colcon.meta'], base_paths=['.'], packages_ignore=None, packages_ignore_regex=None, paths=None, packages_up_to=None, packages_up_to_regex=None, packages_above=None, packages_above_and_dependencies=None, packages_above_depth=None, packages_select_by_dep=None, packages_skip_by_dep=None, packages_skip_up_to=None, packages_select_build_failed=False, packages_skip_build_finished=False, packages_select_test_failures=False, packages_skip_test_passed=False, packages_select=None, packages_skip=None, packages_select_regex=None, packages_skip_regex=None, packages_start=None, packages_end=None, cmake_args=None, cmake_target=None, cmake_target_skip_unavailable=False, cmake_clean_cache=False, cmake_clean_first=False, cmake_force_configure=False, ament_cmake_args=None, catkin_cmake_args=None, catkin_skip_building_tests=False, mixin_files=None, mixin=None, verb_parser=<colcon_mixin.mixin.mixin_argument.MixinArgumentDecorator object at 0x7fa984df90>, verb_extension=<colcon_core.verb.build.BuildVerb object at 0x7fa984d9c0>, main=<bound method BuildVerb.main of <colcon_core.verb.build.BuildVerb object at 0x7fa984d9c0>>, mixin_verb=('build',))
[0.859s] Level 1:colcon.colcon_core.package_discovery:discover_packages(colcon_meta) check parameters
[0.861s] INFO:colcon.colcon_metadata.package_discovery.colcon_meta:Using configuration from '/root/.colcon/metadata/default/Gazebo.meta'
[0.863s] INFO:colcon.colcon_metadata.package_discovery.colcon_meta:Using configuration from '/root/.colcon/metadata/default/fastdds.meta'
[0.865s] INFO:colcon.colcon_metadata.package_discovery.colcon_meta:Using configuration from '/root/.colcon/metadata/default/fastrtps.meta'
[0.866s] Level 1:colcon.colcon_core.package_discovery:discover_packages(recursive) check parameters
[0.866s] Level 1:colcon.colcon_core.package_discovery:discover_packages(ignore) check parameters
[0.866s] Level 1:colcon.colcon_core.package_discovery:discover_packages(path) check parameters
[0.866s] Level 1:colcon.colcon_core.package_discovery:discover_packages(colcon_meta) discover
[0.866s] Level 1:colcon.colcon_core.package_discovery:discover_packages(recursive) discover
[0.866s] INFO:colcon.colcon_core.package_discovery:Crawling recursively for packages in '/workspace/ros2_robot_ws'
[0.867s] Level 1:colcon.colcon_core.package_identification:_identify(.) by extensions ['ignore', 'ignore_ament_install']
[0.867s] Level 1:colcon.colcon_core.package_identification:_identify(.) by extension 'ignore'
[0.867s] Level 1:colcon.colcon_core.package_identification:_identify(.) by extension 'ignore_ament_install'
[0.868s] Level 1:colcon.colcon_core.package_identification:_identify(.) by extensions ['colcon_pkg']
[0.868s] Level 1:colcon.colcon_core.package_identification:_identify(.) by extension 'colcon_pkg'
[0.868s] Level 1:colcon.colcon_core.package_identification:_identify(.) by extensions ['colcon_meta']
[0.868s] Level 1:colcon.colcon_core.package_identification:_identify(.) by extension 'colcon_meta'
[0.868s] Level 1:colcon.colcon_core.package_identification:_identify(.) by extensions ['ros']
[0.868s] Level 1:colcon.colcon_core.package_identification:_identify(.) by extension 'ros'
[0.909s] Level 1:colcon.colcon_core.package_identification:_identify(.) by extensions ['cmake', 'python']
[0.909s] Level 1:colcon.colcon_core.package_identification:_identify(.) by extension 'cmake'
[0.909s] Level 1:colcon.colcon_core.package_identification:_identify(.) by extension 'python'
[0.909s] Level 1:colcon.colcon_core.package_identification:_identify(.) by extensions ['python_setup_py']
[0.909s] Level 1:colcon.colcon_core.package_identification:_identify(.) by extension 'python_setup_py'
[0.910s] Level 1:colcon.colcon_core.package_identification:_identify(__pycache__) by extensions ['ignore', 'ignore_ament_install']
[0.910s] Level 1:colcon.colcon_core.package_identification:_identify(__pycache__) by extension 'ignore'
[0.910s] Level 1:colcon.colcon_core.package_identification:_identify(__pycache__) by extension 'ignore_ament_install'
[0.911s] Level 1:colcon.colcon_core.package_identification:_identify(__pycache__) by extensions ['colcon_pkg']
[0.911s] Level 1:colcon.colcon_core.package_identification:_identify(__pycache__) by extension 'colcon_pkg'
[0.911s] Level 1:colcon.colcon_core.package_identification:_identify(__pycache__) by extensions ['colcon_meta']
[0.911s] Level 1:colcon.colcon_core.package_identification:_identify(__pycache__) by extension 'colcon_meta'
[0.911s] Level 1:colcon.colcon_core.package_identification:_identify(__pycache__) by extensions ['ros']
[0.911s] Level 1:colcon.colcon_core.package_identification:_identify(__pycache__) by extension 'ros'
[0.912s] Level 1:colcon.colcon_core.package_identification:_identify(__pycache__) by extensions ['cmake', 'python']
[0.912s] Level 1:colcon.colcon_core.package_identification:_identify(__pycache__) by extension 'cmake'
[0.912s] Level 1:colcon.colcon_core.package_identification:_identify(__pycache__) by extension 'python'
[0.912s] Level 1:colcon.colcon_core.package_identification:_identify(__pycache__) by extensions ['python_setup_py']
[0.912s] Level 1:colcon.colcon_core.package_identification:_identify(__pycache__) by extension 'python_setup_py'
[0.912s] Level 1:colcon.colcon_core.package_identification:_identify(build) by extensions ['ignore', 'ignore_ament_install']
[0.913s] Level 1:colcon.colcon_core.package_identification:_identify(build) by extension 'ignore'
[0.913s] Level 1:colcon.colcon_core.package_identification:_identify(build) ignored
[0.913s] Level 1:colcon.colcon_core.package_identification:_identify(install) by extensions ['ignore', 'ignore_ament_install']
[0.914s] Level 1:colcon.colcon_core.package_identification:_identify(install) by extension 'ignore'
[0.914s] Level 1:colcon.colcon_core.package_identification:_identify(install) ignored
[0.914s] Level 1:colcon.colcon_core.package_identification:_identify(log) by extensions ['ignore', 'ignore_ament_install']
[0.914s] Level 1:colcon.colcon_core.package_identification:_identify(log) by extension 'ignore'
[0.915s] Level 1:colcon.colcon_core.package_identification:_identify(log) ignored
[0.915s] Level 1:colcon.colcon_core.package_identification:_identify(src) by extensions ['ignore', 'ignore_ament_install']
[0.915s] Level 1:colcon.colcon_core.package_identification:_identify(src) by extension 'ignore'
[0.915s] Level 1:colcon.colcon_core.package_identification:_identify(src) by extension 'ignore_ament_install'
[0.916s] Level 1:colcon.colcon_core.package_identification:_identify(src) by extensions ['colcon_pkg']
[0.916s] Level 1:colcon.colcon_core.package_identification:_identify(src) by extension 'colcon_pkg'
[0.916s] Level 1:colcon.colcon_core.package_identification:_identify(src) by extensions ['colcon_meta']
[0.916s] Level 1:colcon.colcon_core.package_identification:_identify(src) by extension 'colcon_meta'
[0.916s] Level 1:colcon.colcon_core.package_identification:_identify(src) by extensions ['ros']
[0.916s] Level 1:colcon.colcon_core.package_identification:_identify(src) by extension 'ros'
[0.916s] Level 1:colcon.colcon_core.package_identification:_identify(src) by extensions ['cmake', 'python']
[0.917s] Level 1:colcon.colcon_core.package_identification:_identify(src) by extension 'cmake'
[0.917s] Level 1:colcon.colcon_core.package_identification:_identify(src) by extension 'python'
[0.917s] Level 1:colcon.colcon_core.package_identification:_identify(src) by extensions ['python_setup_py']
[0.917s] Level 1:colcon.colcon_core.package_identification:_identify(src) by extension 'python_setup_py'
[0.917s] Level 1:colcon.colcon_core.package_identification:_identify(src/arm_test) by extensions ['ignore', 'ignore_ament_install']
[0.918s] Level 1:colcon.colcon_core.package_identification:_identify(src/arm_test) by extension 'ignore'
[0.918s] Level 1:colcon.colcon_core.package_identification:_identify(src/arm_test) by extension 'ignore_ament_install'
[0.918s] Level 1:colcon.colcon_core.package_identification:_identify(src/arm_test) by extensions ['colcon_pkg']
[0.918s] Level 1:colcon.colcon_core.package_identification:_identify(src/arm_test) by extension 'colcon_pkg'
[0.918s] Level 1:colcon.colcon_core.package_identification:_identify(src/arm_test) by extensions ['colcon_meta']
[0.918s] Level 1:colcon.colcon_core.package_identification:_identify(src/arm_test) by extension 'colcon_meta'
[0.919s] Level 1:colcon.colcon_core.package_identification:_identify(src/arm_test) by extensions ['ros']
[0.919s] Level 1:colcon.colcon_core.package_identification:_identify(src/arm_test) by extension 'ros'
[0.927s] DEBUG:colcon.colcon_core.package_identification:Package 'src/arm_test' with type 'ros.ament_python' and name 'arm_test'
[0.927s] Level 1:colcon.colcon_core.package_identification:_identify(src/gripper_pub) by extensions ['ignore', 'ignore_ament_install']
[0.928s] Level 1:colcon.colcon_core.package_identification:_identify(src/gripper_pub) by extension 'ignore'
[0.928s] Level 1:colcon.colcon_core.package_identification:_identify(src/gripper_pub) by extension 'ignore_ament_install'
[0.928s] Level 1:colcon.colcon_core.package_identification:_identify(src/gripper_pub) by extensions ['colcon_pkg']
[0.928s] Level 1:colcon.colcon_core.package_identification:_identify(src/gripper_pub) by extension 'colcon_pkg'
[0.928s] Level 1:colcon.colcon_core.package_identification:_identify(src/gripper_pub) by extensions ['colcon_meta']
[0.929s] Level 1:colcon.colcon_core.package_identification:_identify(src/gripper_pub) by extension 'colcon_meta'
[0.929s] Level 1:colcon.colcon_core.package_identification:_identify(src/gripper_pub) by extensions ['ros']
[0.929s] Level 1:colcon.colcon_core.package_identification:_identify(src/gripper_pub) by extension 'ros'
[0.931s] DEBUG:colcon.colcon_core.package_identification:Package 'src/gripper_pub' with type 'ros.ament_python' and name 'gripper_pub'
[0.931s] Level 1:colcon.colcon_core.package_identification:_identify(src/gripper_sub) by extensions ['ignore', 'ignore_ament_install']
[0.932s] Level 1:colcon.colcon_core.package_identification:_identify(src/gripper_sub) by extension 'ignore'
[0.932s] Level 1:colcon.colcon_core.package_identification:_identify(src/gripper_sub) by extension 'ignore_ament_install'
[0.932s] Level 1:colcon.colcon_core.package_identification:_identify(src/gripper_sub) by extensions ['colcon_pkg']
[0.932s] Level 1:colcon.colcon_core.package_identification:_identify(src/gripper_sub) by extension 'colcon_pkg'
[0.932s] Level 1:colcon.colcon_core.package_identification:_identify(src/gripper_sub) by extensions ['colcon_meta']
[0.932s] Level 1:colcon.colcon_core.package_identification:_identify(src/gripper_sub) by extension 'colcon_meta'
[0.933s] Level 1:colcon.colcon_core.package_identification:_identify(src/gripper_sub) by extensions ['ros']
[0.933s] Level 1:colcon.colcon_core.package_identification:_identify(src/gripper_sub) by extension 'ros'
[0.935s] DEBUG:colcon.colcon_core.package_identification:Package 'src/gripper_sub' with type 'ros.ament_python' and name 'gripper_sub'
[0.935s] Level 1:colcon.colcon_core.package_identification:_identify(src/robot_interfaces) by extensions ['ignore', 'ignore_ament_install']
[0.935s] Level 1:colcon.colcon_core.package_identification:_identify(src/robot_interfaces) by extension 'ignore'
[0.936s] Level 1:colcon.colcon_core.package_identification:_identify(src/robot_interfaces) by extension 'ignore_ament_install'
[0.936s] Level 1:colcon.colcon_core.package_identification:_identify(src/robot_interfaces) by extensions ['colcon_pkg']
[0.936s] Level 1:colcon.colcon_core.package_identification:_identify(src/robot_interfaces) by extension 'colcon_pkg'
[0.936s] Level 1:colcon.colcon_core.package_identification:_identify(src/robot_interfaces) by extensions ['colcon_meta']
[0.936s] Level 1:colcon.colcon_core.package_identification:_identify(src/robot_interfaces) by extension 'colcon_meta'
[0.936s] Level 1:colcon.colcon_core.package_identification:_identify(src/robot_interfaces) by extensions ['ros']
[0.937s] Level 1:colcon.colcon_core.package_identification:_identify(src/robot_interfaces) by extension 'ros'
[0.939s] DEBUG:colcon.colcon_core.package_identification:Package 'src/robot_interfaces' with type 'ros.ament_cmake' and name 'robot_interfaces'
[0.939s] Level 1:colcon.colcon_core.package_identification:_identify(src/utils) by extensions ['ignore', 'ignore_ament_install']
[0.940s] Level 1:colcon.colcon_core.package_identification:_identify(src/utils) by extension 'ignore'
[0.940s] Level 1:colcon.colcon_core.package_identification:_identify(src/utils) by extension 'ignore_ament_install'
[0.940s] Level 1:colcon.colcon_core.package_identification:_identify(src/utils) by extensions ['colcon_pkg']
[0.940s] Level 1:colcon.colcon_core.package_identification:_identify(src/utils) by extension 'colcon_pkg'
[0.940s] Level 1:colcon.colcon_core.package_identification:_identify(src/utils) by extensions ['colcon_meta']
[0.940s] Level 1:colcon.colcon_core.package_identification:_identify(src/utils) by extension 'colcon_meta'
[0.941s] Level 1:colcon.colcon_core.package_identification:_identify(src/utils) by extensions ['ros']
[0.941s] Level 1:colcon.colcon_core.package_identification:_identify(src/utils) by extension 'ros'
[0.943s] DEBUG:colcon.colcon_core.package_identification:Package 'src/utils' with type 'ros.ament_python' and name 'utils'
[0.943s] Level 1:colcon.colcon_core.package_discovery:discover_packages(recursive) using defaults
[0.943s] Level 1:colcon.colcon_core.package_discovery:discover_packages(ignore) discover
[0.943s] Level 1:colcon.colcon_core.package_discovery:discover_packages(ignore) using defaults
[0.943s] Level 1:colcon.colcon_core.package_discovery:discover_packages(path) discover
[0.944s] Level 1:colcon.colcon_core.package_discovery:discover_packages(path) using defaults
[1.020s] Level 5:colcon.colcon_core.verb:set package 'robot_interfaces' build argument 'cmake_args' from command line to 'None'
[1.020s] Level 5:colcon.colcon_core.verb:set package 'robot_interfaces' build argument 'cmake_target' from command line to 'None'
[1.020s] Level 5:colcon.colcon_core.verb:set package 'robot_interfaces' build argument 'cmake_target_skip_unavailable' from command line to 'False'
[1.020s] Level 5:colcon.colcon_core.verb:set package 'robot_interfaces' build argument 'cmake_clean_cache' from command line to 'False'
[1.020s] Level 5:colcon.colcon_core.verb:set package 'robot_interfaces' build argument 'cmake_clean_first' from command line to 'False'
[1.020s] Level 5:colcon.colcon_core.verb:set package 'robot_interfaces' build argument 'cmake_force_configure' from command line to 'False'
[1.021s] Level 5:colcon.colcon_core.verb:set package 'robot_interfaces' build argument 'ament_cmake_args' from command line to 'None'
[1.021s] Level 5:colcon.colcon_core.verb:set package 'robot_interfaces' build argument 'catkin_cmake_args' from command line to 'None'
[1.021s] Level 5:colcon.colcon_core.verb:set package 'robot_interfaces' build argument 'catkin_skip_building_tests' from command line to 'False'
[1.021s] DEBUG:colcon.colcon_core.verb:Building package 'robot_interfaces' with the following arguments: {'ament_cmake_args': None, 'build_base': '/workspace/ros2_robot_ws/build/robot_interfaces', 'catkin_cmake_args': None, 'catkin_skip_building_tests': False, 'cmake_args': None, 'cmake_clean_cache': False, 'cmake_clean_first': False, 'cmake_force_configure': False, 'cmake_target': None, 'cmake_target_skip_unavailable': False, 'install_base': '/workspace/ros2_robot_ws/install/robot_interfaces', 'merge_install': False, 'path': '/workspace/ros2_robot_ws/src/robot_interfaces', 'symlink_install': False, 'test_result_base': None}
[1.022s] Level 5:colcon.colcon_core.verb:set package 'utils' build argument 'cmake_args' from command line to 'None'
[1.023s] Level 5:colcon.colcon_core.verb:set package 'utils' build argument 'cmake_target' from command line to 'None'
[1.023s] Level 5:colcon.colcon_core.verb:set package 'utils' build argument 'cmake_target_skip_unavailable' from command line to 'False'
[1.023s] Level 5:colcon.colcon_core.verb:set package 'utils' build argument 'cmake_clean_cache' from command line to 'False'
[1.023s] Level 5:colcon.colcon_core.verb:set package 'utils' build argument 'cmake_clean_first' from command line to 'False'
[1.023s] Level 5:colcon.colcon_core.verb:set package 'utils' build argument 'cmake_force_configure' from command line to 'False'
[1.023s] Level 5:colcon.colcon_core.verb:set package 'utils' build argument 'ament_cmake_args' from command line to 'None'
[1.023s] Level 5:colcon.colcon_core.verb:set package 'utils' build argument 'catkin_cmake_args' from command line to 'None'
[1.023s] Level 5:colcon.colcon_core.verb:set package 'utils' build argument 'catkin_skip_building_tests' from command line to 'False'
[1.023s] DEBUG:colcon.colcon_core.verb:Building package 'utils' with the following arguments: {'ament_cmake_args': None, 'build_base': '/workspace/ros2_robot_ws/build/utils', 'catkin_cmake_args': None, 'catkin_skip_building_tests': False, 'cmake_args': None, 'cmake_clean_cache': False, 'cmake_clean_first': False, 'cmake_force_configure': False, 'cmake_target': None, 'cmake_target_skip_unavailable': False, 'install_base': '/workspace/ros2_robot_ws/install/utils', 'merge_install': False, 'path': '/workspace/ros2_robot_ws/src/utils', 'symlink_install': False, 'test_result_base': None}
[1.025s] Level 5:colcon.colcon_core.verb:set package 'arm_test' build argument 'cmake_args' from command line to 'None'
[1.025s] Level 5:colcon.colcon_core.verb:set package 'arm_test' build argument 'cmake_target' from command line to 'None'
[1.025s] Level 5:colcon.colcon_core.verb:set package 'arm_test' build argument 'cmake_target_skip_unavailable' from command line to 'False'
[1.025s] Level 5:colcon.colcon_core.verb:set package 'arm_test' build argument 'cmake_clean_cache' from command line to 'False'
[1.025s] Level 5:colcon.colcon_core.verb:set package 'arm_test' build argument 'cmake_clean_first' from command line to 'False'
[1.025s] Level 5:colcon.colcon_core.verb:set package 'arm_test' build argument 'cmake_force_configure' from command line to 'False'
[1.025s] Level 5:colcon.colcon_core.verb:set package 'arm_test' build argument 'ament_cmake_args' from command line to 'None'
[1.025s] Level 5:colcon.colcon_core.verb:set package 'arm_test' build argument 'catkin_cmake_args' from command line to 'None'
[1.025s] Level 5:colcon.colcon_core.verb:set package 'arm_test' build argument 'catkin_skip_building_tests' from command line to 'False'
[1.026s] DEBUG:colcon.colcon_core.verb:Building package 'arm_test' with the following arguments: {'ament_cmake_args': None, 'build_base': '/workspace/ros2_robot_ws/build/arm_test', 'catkin_cmake_args': None, 'catkin_skip_building_tests': False, 'cmake_args': None, 'cmake_clean_cache': False, 'cmake_clean_first': False, 'cmake_force_configure': False, 'cmake_target': None, 'cmake_target_skip_unavailable': False, 'install_base': '/workspace/ros2_robot_ws/install/arm_test', 'merge_install': False, 'path': '/workspace/ros2_robot_ws/src/arm_test', 'symlink_install': False, 'test_result_base': None}
[1.027s] Level 5:colcon.colcon_core.verb:set package 'gripper_pub' build argument 'cmake_args' from command line to 'None'
[1.027s] Level 5:colcon.colcon_core.verb:set package 'gripper_pub' build argument 'cmake_target' from command line to 'None'
[1.027s] Level 5:colcon.colcon_core.verb:set package 'gripper_pub' build argument 'cmake_target_skip_unavailable' from command line to 'False'
[1.028s] Level 5:colcon.colcon_core.verb:set package 'gripper_pub' build argument 'cmake_clean_cache' from command line to 'False'
[1.028s] Level 5:colcon.colcon_core.verb:set package 'gripper_pub' build argument 'cmake_clean_first' from command line to 'False'
[1.028s] Level 5:colcon.colcon_core.verb:set package 'gripper_pub' build argument 'cmake_force_configure' from command line to 'False'
[1.028s] Level 5:colcon.colcon_core.verb:set package 'gripper_pub' build argument 'ament_cmake_args' from command line to 'None'
[1.028s] Level 5:colcon.colcon_core.verb:set package 'gripper_pub' build argument 'catkin_cmake_args' from command line to 'None'
[1.028s] Level 5:colcon.colcon_core.verb:set package 'gripper_pub' build argument 'catkin_skip_building_tests' from command line to 'False'
[1.028s] DEBUG:colcon.colcon_core.verb:Building package 'gripper_pub' with the following arguments: {'ament_cmake_args': None, 'build_base': '/workspace/ros2_robot_ws/build/gripper_pub', 'catkin_cmake_args': None, 'catkin_skip_building_tests': False, 'cmake_args': None, 'cmake_clean_cache': False, 'cmake_clean_first': False, 'cmake_force_configure': False, 'cmake_target': None, 'cmake_target_skip_unavailable': False, 'install_base': '/workspace/ros2_robot_ws/install/gripper_pub', 'merge_install': False, 'path': '/workspace/ros2_robot_ws/src/gripper_pub', 'symlink_install': False, 'test_result_base': None}
[1.030s] Level 5:colcon.colcon_core.verb:set package 'gripper_sub' build argument 'cmake_args' from command line to 'None'
[1.030s] Level 5:colcon.colcon_core.verb:set package 'gripper_sub' build argument 'cmake_target' from command line to 'None'
[1.030s] Level 5:colcon.colcon_core.verb:set package 'gripper_sub' build argument 'cmake_target_skip_unavailable' from command line to 'False'
[1.030s] Level 5:colcon.colcon_core.verb:set package 'gripper_sub' build argument 'cmake_clean_cache' from command line to 'False'
[1.030s] Level 5:colcon.colcon_core.verb:set package 'gripper_sub' build argument 'cmake_clean_first' from command line to 'False'
[1.030s] Level 5:colcon.colcon_core.verb:set package 'gripper_sub' build argument 'cmake_force_configure' from command line to 'False'
[1.030s] Level 5:colcon.colcon_core.verb:set package 'gripper_sub' build argument 'ament_cmake_args' from command line to 'None'
[1.030s] Level 5:colcon.colcon_core.verb:set package 'gripper_sub' build argument 'catkin_cmake_args' from command line to 'None'
[1.030s] Level 5:colcon.colcon_core.verb:set package 'gripper_sub' build argument 'catkin_skip_building_tests' from command line to 'False'
[1.031s] DEBUG:colcon.colcon_core.verb:Building package 'gripper_sub' with the following arguments: {'ament_cmake_args': None, 'build_base': '/workspace/ros2_robot_ws/build/gripper_sub', 'catkin_cmake_args': None, 'catkin_skip_building_tests': False, 'cmake_args': None, 'cmake_clean_cache': False, 'cmake_clean_first': False, 'cmake_force_configure': False, 'cmake_target': None, 'cmake_target_skip_unavailable': False, 'install_base': '/workspace/ros2_robot_ws/install/gripper_sub', 'merge_install': False, 'path': '/workspace/ros2_robot_ws/src/gripper_sub', 'symlink_install': False, 'test_result_base': None}
[1.031s] INFO:colcon.colcon_core.executor:Executing jobs using 'parallel' executor
[1.034s] DEBUG:colcon.colcon_parallel_executor.executor.parallel:run_until_complete
[1.036s] INFO:colcon.colcon_ros.task.ament_cmake.build:Building ROS package in '/workspace/ros2_robot_ws/src/robot_interfaces' with build type 'ament_cmake'
[1.037s] INFO:colcon.colcon_cmake.task.cmake.build:Building CMake package in '/workspace/ros2_robot_ws/src/robot_interfaces'
[1.049s] INFO:colcon.colcon_core.plugin_system:Skipping extension 'colcon_core.shell.bat': Not used on non-Windows systems
[1.050s] INFO:colcon.colcon_core.shell:Skip shell extension 'powershell' for command environment: Not usable outside of PowerShell
[1.050s] DEBUG:colcon.colcon_core.shell:Skip shell extension 'dsv' for command environment
[1.063s] INFO:colcon.colcon_ros.task.ament_python.build:Building ROS package in '/workspace/ros2_robot_ws/src/utils' with build type 'ament_python'
[1.065s] Level 1:colcon.colcon_core.shell:create_environment_hook('utils', 'ament_prefix_path')
[1.067s] INFO:colcon.colcon_core.shell:Creating environment hook '/workspace/ros2_robot_ws/install/utils/share/utils/hook/ament_prefix_path.ps1'
[1.072s] INFO:colcon.colcon_core.shell:Creating environment descriptor '/workspace/ros2_robot_ws/install/utils/share/utils/hook/ament_prefix_path.dsv'
[1.074s] INFO:colcon.colcon_core.shell:Creating environment hook '/workspace/ros2_robot_ws/install/utils/share/utils/hook/ament_prefix_path.sh'
[1.078s] INFO:colcon.colcon_core.shell:Skip shell extension 'powershell' for command environment: Not usable outside of PowerShell
[1.078s] DEBUG:colcon.colcon_core.shell:Skip shell extension 'dsv' for command environment
[1.097s] DEBUG:colcon.colcon_core.event_handler.log_command:Invoking command in '/workspace/ros2_robot_ws/build/robot_interfaces': CMAKE_PREFIX_PATH=/opt/ros/humble /usr/bin/cmake --build /workspace/ros2_robot_ws/build/robot_interfaces -- -j4 -l4
[2.330s] INFO:colcon.colcon_core.task.python.build:Building Python package in '/workspace/ros2_robot_ws/src/utils'
[2.331s] INFO:colcon.colcon_core.shell:Skip shell extension 'powershell' for command environment: Not usable outside of PowerShell
[2.331s] DEBUG:colcon.colcon_core.shell:Skip shell extension 'dsv' for command environment
[2.672s] DEBUG:colcon.colcon_core.event_handler.log_command:Invoked command in '/workspace/ros2_robot_ws/build/robot_interfaces' returned '0': CMAKE_PREFIX_PATH=/opt/ros/humble /usr/bin/cmake --build /workspace/ros2_robot_ws/build/robot_interfaces -- -j4 -l4
[2.708s] DEBUG:colcon.colcon_core.event_handler.log_command:Invoking command in '/workspace/ros2_robot_ws/build/robot_interfaces': CMAKE_PREFIX_PATH=/opt/ros/humble /usr/bin/cmake --install /workspace/ros2_robot_ws/build/robot_interfaces
[2.949s] Level 1:colcon.colcon_core.environment:create_environment_scripts_only(robot_interfaces)
[2.970s] DEBUG:colcon.colcon_core.event_handler.log_command:Invoked command in '/workspace/ros2_robot_ws/build/robot_interfaces' returned '0': CMAKE_PREFIX_PATH=/opt/ros/humble /usr/bin/cmake --install /workspace/ros2_robot_ws/build/robot_interfaces
[2.980s] Level 1:colcon.colcon_core.environment:checking '/workspace/ros2_robot_ws/install/robot_interfaces' for CMake module files
[2.983s] Level 1:colcon.colcon_core.environment:checking '/workspace/ros2_robot_ws/install/robot_interfaces' for CMake config files
[2.984s] Level 1:colcon.colcon_core.shell:create_environment_hook('robot_interfaces', 'cmake_prefix_path')
[2.985s] INFO:colcon.colcon_core.shell:Creating environment hook '/workspace/ros2_robot_ws/install/robot_interfaces/share/robot_interfaces/hook/cmake_prefix_path.ps1'
[2.987s] INFO:colcon.colcon_core.shell:Creating environment descriptor '/workspace/ros2_robot_ws/install/robot_interfaces/share/robot_interfaces/hook/cmake_prefix_path.dsv'
[2.989s] INFO:colcon.colcon_core.shell:Creating environment hook '/workspace/ros2_robot_ws/install/robot_interfaces/share/robot_interfaces/hook/cmake_prefix_path.sh'
[2.992s] Level 1:colcon.colcon_core.environment:checking '/workspace/ros2_robot_ws/install/robot_interfaces/lib'
[2.993s] Level 1:colcon.colcon_core.shell:create_environment_hook('robot_interfaces', 'ld_library_path_lib')
[2.994s] INFO:colcon.colcon_core.shell:Creating environment hook '/workspace/ros2_robot_ws/install/robot_interfaces/share/robot_interfaces/hook/ld_library_path_lib.ps1'
[2.996s] INFO:colcon.colcon_core.shell:Creating environment descriptor '/workspace/ros2_robot_ws/install/robot_interfaces/share/robot_interfaces/hook/ld_library_path_lib.dsv'
[2.998s] INFO:colcon.colcon_core.shell:Creating environment hook '/workspace/ros2_robot_ws/install/robot_interfaces/share/robot_interfaces/hook/ld_library_path_lib.sh'
[3.000s] Level 1:colcon.colcon_core.environment:checking '/workspace/ros2_robot_ws/install/robot_interfaces/bin'
[3.000s] Level 1:colcon.colcon_core.environment:checking '/workspace/ros2_robot_ws/install/robot_interfaces/lib/pkgconfig/robot_interfaces.pc'
[3.001s] Level 1:colcon.colcon_core.environment:checking '/workspace/ros2_robot_ws/install/robot_interfaces/lib/python3.10/site-packages'
[3.003s] Level 1:colcon.colcon_core.environment:checking '/workspace/ros2_robot_ws/install/robot_interfaces/bin'
[3.004s] INFO:colcon.colcon_core.shell:Creating package script '/workspace/ros2_robot_ws/install/robot_interfaces/share/robot_interfaces/package.ps1'
[3.008s] INFO:colcon.colcon_core.shell:Creating package descriptor '/workspace/ros2_robot_ws/install/robot_interfaces/share/robot_interfaces/package.dsv'
[3.011s] INFO:colcon.colcon_core.shell:Creating package script '/workspace/ros2_robot_ws/install/robot_interfaces/share/robot_interfaces/package.sh'
[3.014s] INFO:colcon.colcon_core.shell:Creating package script '/workspace/ros2_robot_ws/install/robot_interfaces/share/robot_interfaces/package.bash'
[3.018s] INFO:colcon.colcon_core.shell:Creating package script '/workspace/ros2_robot_ws/install/robot_interfaces/share/robot_interfaces/package.zsh'
[3.021s] Level 1:colcon.colcon_core.environment:create_file_with_runtime_dependencies(/workspace/ros2_robot_ws/install/robot_interfaces/share/colcon-core/packages/robot_interfaces)
[3.024s] Level 1:colcon.colcon_core.environment:create_environment_scripts_only(robot_interfaces)
[3.025s] Level 1:colcon.colcon_core.environment:checking '/workspace/ros2_robot_ws/install/robot_interfaces' for CMake module files
[3.028s] Level 1:colcon.colcon_core.environment:checking '/workspace/ros2_robot_ws/install/robot_interfaces' for CMake config files
[3.029s] Level 1:colcon.colcon_core.shell:create_environment_hook('robot_interfaces', 'cmake_prefix_path')
[3.030s] INFO:colcon.colcon_core.shell:Creating environment hook '/workspace/ros2_robot_ws/install/robot_interfaces/share/robot_interfaces/hook/cmake_prefix_path.ps1'
[3.033s] INFO:colcon.colcon_core.shell:Creating environment descriptor '/workspace/ros2_robot_ws/install/robot_interfaces/share/robot_interfaces/hook/cmake_prefix_path.dsv'
[3.035s] INFO:colcon.colcon_core.shell:Creating environment hook '/workspace/ros2_robot_ws/install/robot_interfaces/share/robot_interfaces/hook/cmake_prefix_path.sh'
[3.037s] Level 1:colcon.colcon_core.environment:checking '/workspace/ros2_robot_ws/install/robot_interfaces/lib'
[3.038s] Level 1:colcon.colcon_core.shell:create_environment_hook('robot_interfaces', 'ld_library_path_lib')
[3.039s] INFO:colcon.colcon_core.shell:Creating environment hook '/workspace/ros2_robot_ws/install/robot_interfaces/share/robot_interfaces/hook/ld_library_path_lib.ps1'
[3.041s] INFO:colcon.colcon_core.shell:Creating environment descriptor '/workspace/ros2_robot_ws/install/robot_interfaces/share/robot_interfaces/hook/ld_library_path_lib.dsv'
[3.043s] INFO:colcon.colcon_core.shell:Creating environment hook '/workspace/ros2_robot_ws/install/robot_interfaces/share/robot_interfaces/hook/ld_library_path_lib.sh'
[3.046s] Level 1:colcon.colcon_core.environment:checking '/workspace/ros2_robot_ws/install/robot_interfaces/bin'
[3.047s] Level 1:colcon.colcon_core.environment:checking '/workspace/ros2_robot_ws/install/robot_interfaces/lib/pkgconfig/robot_interfaces.pc'
[3.049s] Level 1:colcon.colcon_core.environment:checking '/workspace/ros2_robot_ws/install/robot_interfaces/lib/python3.10/site-packages'
[3.050s] Level 1:colcon.colcon_core.environment:checking '/workspace/ros2_robot_ws/install/robot_interfaces/bin'
[3.053s] INFO:colcon.colcon_core.shell:Creating package script '/workspace/ros2_robot_ws/install/robot_interfaces/share/robot_interfaces/package.ps1'
[3.058s] INFO:colcon.colcon_core.shell:Creating package descriptor '/workspace/ros2_robot_ws/install/robot_interfaces/share/robot_interfaces/package.dsv'
[3.061s] INFO:colcon.colcon_core.shell:Creating package script '/workspace/ros2_robot_ws/install/robot_interfaces/share/robot_interfaces/package.sh'
[3.064s] INFO:colcon.colcon_core.shell:Creating package script '/workspace/ros2_robot_ws/install/robot_interfaces/share/robot_interfaces/package.bash'
[3.066s] INFO:colcon.colcon_core.shell:Creating package script '/workspace/ros2_robot_ws/install/robot_interfaces/share/robot_interfaces/package.zsh'
[3.068s] Level 1:colcon.colcon_core.environment:create_file_with_runtime_dependencies(/workspace/ros2_robot_ws/install/robot_interfaces/share/colcon-core/packages/robot_interfaces)
[3.071s] INFO:colcon.colcon_ros.task.ament_python.build:Building ROS package in '/workspace/ros2_robot_ws/src/arm_test' with build type 'ament_python'
[3.072s] Level 1:colcon.colcon_core.shell:create_environment_hook('arm_test', 'ament_prefix_path')
[3.074s] INFO:colcon.colcon_core.shell:Creating environment hook '/workspace/ros2_robot_ws/install/arm_test/share/arm_test/hook/ament_prefix_path.ps1'
[3.078s] INFO:colcon.colcon_core.shell:Creating environment descriptor '/workspace/ros2_robot_ws/install/arm_test/share/arm_test/hook/ament_prefix_path.dsv'
[3.080s] INFO:colcon.colcon_core.shell:Creating environment hook '/workspace/ros2_robot_ws/install/arm_test/share/arm_test/hook/ament_prefix_path.sh'
[3.083s] INFO:colcon.colcon_core.shell:Skip shell extension 'powershell' for command environment: Not usable outside of PowerShell
[3.084s] DEBUG:colcon.colcon_core.shell:Skip shell extension 'dsv' for command environment
[4.065s] INFO:colcon.colcon_core.task.python.build:Building Python package in '/workspace/ros2_robot_ws/src/arm_test'
[4.066s] INFO:colcon.colcon_core.shell:Skip shell extension 'powershell' for command environment: Not usable outside of PowerShell
[4.066s] DEBUG:colcon.colcon_core.shell:Skip shell extension 'dsv' for command environment
[4.088s] DEBUG:colcon.colcon_core.event_handler.log_command:Invoking command in '/workspace/ros2_robot_ws/src/utils': PYTHONPATH=/workspace/ros2_robot_ws/build/utils/prefix_override:/usr/lib/python3/dist-packages/colcon_core/task/python/colcon_distutils_commands:/workspace/ros2_robot_ws/install/utils/lib/python3.10/site-packages:${PYTHONPATH} /usr/bin/python3 -W ignore:setup.py install is deprecated -W ignore:easy_install command is deprecated setup.py egg_info --egg-base ../../build/utils build --build-base /workspace/ros2_robot_ws/build/utils/build install --record /workspace/ros2_robot_ws/build/utils/install.log --single-version-externally-managed install_data
[5.196s] Level 1:colcon.colcon_core.environment:checking '/workspace/ros2_robot_ws/install/utils' for CMake module files
[5.197s] Level 1:colcon.colcon_core.environment:checking '/workspace/ros2_robot_ws/install/utils' for CMake config files
[5.201s] DEBUG:colcon.colcon_core.event_handler.log_command:Invoked command in '/workspace/ros2_robot_ws/src/utils' returned '0': PYTHONPATH=/workspace/ros2_robot_ws/build/utils/prefix_override:/usr/lib/python3/dist-packages/colcon_core/task/python/colcon_distutils_commands:/workspace/ros2_robot_ws/install/utils/lib/python3.10/site-packages:${PYTHONPATH} /usr/bin/python3 -W ignore:setup.py install is deprecated -W ignore:easy_install command is deprecated setup.py egg_info --egg-base ../../build/utils build --build-base /workspace/ros2_robot_ws/build/utils/build install --record /workspace/ros2_robot_ws/build/utils/install.log --single-version-externally-managed install_data
[5.206s] Level 1:colcon.colcon_core.environment:checking '/workspace/ros2_robot_ws/install/utils/lib'
[5.206s] Level 1:colcon.colcon_core.environment:checking '/workspace/ros2_robot_ws/install/utils/bin'
[5.210s] Level 1:colcon.colcon_core.environment:checking '/workspace/ros2_robot_ws/install/utils/lib/pkgconfig/utils.pc'
[5.213s] Level 1:colcon.colcon_core.environment:checking '/workspace/ros2_robot_ws/install/utils/lib/python3.10/site-packages'
[5.215s] Level 1:colcon.colcon_core.shell:create_environment_hook('utils', 'pythonpath')
[5.217s] INFO:colcon.colcon_core.shell:Creating environment hook '/workspace/ros2_robot_ws/install/utils/share/utils/hook/pythonpath.ps1'
[5.223s] INFO:colcon.colcon_core.shell:Creating environment descriptor '/workspace/ros2_robot_ws/install/utils/share/utils/hook/pythonpath.dsv'
[5.229s] INFO:colcon.colcon_core.shell:Creating environment hook '/workspace/ros2_robot_ws/install/utils/share/utils/hook/pythonpath.sh'
[5.238s] Level 1:colcon.colcon_core.environment:checking '/workspace/ros2_robot_ws/install/utils/bin'
[5.239s] Level 1:colcon.colcon_core.environment:create_environment_scripts_only(utils)
[5.242s] INFO:colcon.colcon_core.shell:Creating package script '/workspace/ros2_robot_ws/install/utils/share/utils/package.ps1'
[5.249s] INFO:colcon.colcon_core.shell:Creating package descriptor '/workspace/ros2_robot_ws/install/utils/share/utils/package.dsv'
[5.255s] INFO:colcon.colcon_core.shell:Creating package script '/workspace/ros2_robot_ws/install/utils/share/utils/package.sh'
[5.263s] INFO:colcon.colcon_core.shell:Creating package script '/workspace/ros2_robot_ws/install/utils/share/utils/package.bash'
[5.267s] INFO:colcon.colcon_core.shell:Creating package script '/workspace/ros2_robot_ws/install/utils/share/utils/package.zsh'
[5.271s] Level 1:colcon.colcon_core.environment:create_file_with_runtime_dependencies(/workspace/ros2_robot_ws/install/utils/share/colcon-core/packages/utils)
[5.275s] INFO:colcon.colcon_ros.task.ament_python.build:Building ROS package in '/workspace/ros2_robot_ws/src/gripper_pub' with build type 'ament_python'
[5.277s] Level 1:colcon.colcon_core.shell:create_environment_hook('gripper_pub', 'ament_prefix_path')
[5.279s] INFO:colcon.colcon_core.shell:Creating environment hook '/workspace/ros2_robot_ws/install/gripper_pub/share/gripper_pub/hook/ament_prefix_path.ps1'
[5.286s] INFO:colcon.colcon_core.shell:Creating environment descriptor '/workspace/ros2_robot_ws/install/gripper_pub/share/gripper_pub/hook/ament_prefix_path.dsv'
[5.293s] INFO:colcon.colcon_core.shell:Creating environment hook '/workspace/ros2_robot_ws/install/gripper_pub/share/gripper_pub/hook/ament_prefix_path.sh'
[5.301s] INFO:colcon.colcon_core.shell:Skip shell extension 'powershell' for command environment: Not usable outside of PowerShell
[5.302s] DEBUG:colcon.colcon_core.shell:Skip shell extension 'dsv' for command environment
[5.315s] INFO:colcon.colcon_ros.task.ament_python.build:Building ROS package in '/workspace/ros2_robot_ws/src/gripper_sub' with build type 'ament_python'
[5.318s] Level 1:colcon.colcon_core.shell:create_environment_hook('gripper_sub', 'ament_prefix_path')
[5.320s] INFO:colcon.colcon_core.shell:Creating environment hook '/workspace/ros2_robot_ws/install/gripper_sub/share/gripper_sub/hook/ament_prefix_path.ps1'
[5.328s] INFO:colcon.colcon_core.shell:Creating environment descriptor '/workspace/ros2_robot_ws/install/gripper_sub/share/gripper_sub/hook/ament_prefix_path.dsv'
[5.333s] INFO:colcon.colcon_core.shell:Creating environment hook '/workspace/ros2_robot_ws/install/gripper_sub/share/gripper_sub/hook/ament_prefix_path.sh'
[5.340s] INFO:colcon.colcon_core.shell:Skip shell extension 'powershell' for command environment: Not usable outside of PowerShell
[5.341s] DEBUG:colcon.colcon_core.shell:Skip shell extension 'dsv' for command environment
[6.177s] INFO:colcon.colcon_core.task.python.build:Building Python package in '/workspace/ros2_robot_ws/src/gripper_pub'
[6.178s] INFO:colcon.colcon_core.shell:Skip shell extension 'powershell' for command environment: Not usable outside of PowerShell
[6.178s] DEBUG:colcon.colcon_core.shell:Skip shell extension 'dsv' for command environment
[6.207s] DEBUG:colcon.colcon_core.event_handler.log_command:Invoking command in '/workspace/ros2_robot_ws/src/arm_test': AMENT_PREFIX_PATH=/workspace/ros2_robot_ws/install/robot_interfaces:${AMENT_PREFIX_PATH} CMAKE_PREFIX_PATH=/workspace/ros2_robot_ws/install/robot_interfaces LD_LIBRARY_PATH=/workspace/ros2_robot_ws/install/robot_interfaces/lib:${LD_LIBRARY_PATH} PYTHONPATH=/workspace/ros2_robot_ws/build/arm_test/prefix_override:/usr/lib/python3/dist-packages/colcon_core/task/python/colcon_distutils_commands:/workspace/ros2_robot_ws/install/arm_test/lib/python3.10/site-packages:/workspace/ros2_robot_ws/install/robot_interfaces/local/lib/python3.10/dist-packages:${PYTHONPATH} /usr/bin/python3 -W ignore:setup.py install is deprecated -W ignore:easy_install command is deprecated setup.py egg_info --egg-base ../../build/arm_test build --build-base /workspace/ros2_robot_ws/build/arm_test/build install --record /workspace/ros2_robot_ws/build/arm_test/install.log --single-version-externally-managed install_data
[7.127s] INFO:colcon.colcon_core.task.python.build:Building Python package in '/workspace/ros2_robot_ws/src/gripper_sub'
[7.130s] INFO:colcon.colcon_core.shell:Skip shell extension 'powershell' for command environment: Not usable outside of PowerShell
[7.131s] DEBUG:colcon.colcon_core.shell:Skip shell extension 'dsv' for command environment
[7.345s] Level 1:colcon.colcon_core.environment:checking '/workspace/ros2_robot_ws/install/arm_test' for CMake module files
[7.348s] DEBUG:colcon.colcon_core.event_handler.log_command:Invoked command in '/workspace/ros2_robot_ws/src/arm_test' returned '0': AMENT_PREFIX_PATH=/workspace/ros2_robot_ws/install/robot_interfaces:${AMENT_PREFIX_PATH} CMAKE_PREFIX_PATH=/workspace/ros2_robot_ws/install/robot_interfaces LD_LIBRARY_PATH=/workspace/ros2_robot_ws/install/robot_interfaces/lib:${LD_LIBRARY_PATH} PYTHONPATH=/workspace/ros2_robot_ws/build/arm_test/prefix_override:/usr/lib/python3/dist-packages/colcon_core/task/python/colcon_distutils_commands:/workspace/ros2_robot_ws/install/arm_test/lib/python3.10/site-packages:/workspace/ros2_robot_ws/install/robot_interfaces/local/lib/python3.10/dist-packages:${PYTHONPATH} /usr/bin/python3 -W ignore:setup.py install is deprecated -W ignore:easy_install command is deprecated setup.py egg_info --egg-base ../../build/arm_test build --build-base /workspace/ros2_robot_ws/build/arm_test/build install --record /workspace/ros2_robot_ws/build/arm_test/install.log --single-version-externally-managed install_data
[7.349s] Level 1:colcon.colcon_core.environment:checking '/workspace/ros2_robot_ws/install/arm_test' for CMake config files
[7.351s] Level 1:colcon.colcon_core.environment:checking '/workspace/ros2_robot_ws/install/arm_test/lib'
[7.352s] Level 1:colcon.colcon_core.environment:checking '/workspace/ros2_robot_ws/install/arm_test/bin'
[7.353s] Level 1:colcon.colcon_core.environment:checking '/workspace/ros2_robot_ws/install/arm_test/lib/pkgconfig/arm_test.pc'
[7.358s] Level 1:colcon.colcon_core.environment:checking '/workspace/ros2_robot_ws/install/arm_test/lib/python3.10/site-packages'
[7.359s] Level 1:colcon.colcon_core.shell:create_environment_hook('arm_test', 'pythonpath')
[7.360s] INFO:colcon.colcon_core.shell:Creating environment hook '/workspace/ros2_robot_ws/install/arm_test/share/arm_test/hook/pythonpath.ps1'
[7.363s] INFO:colcon.colcon_core.shell:Creating environment descriptor '/workspace/ros2_robot_ws/install/arm_test/share/arm_test/hook/pythonpath.dsv'
[7.365s] INFO:colcon.colcon_core.shell:Creating environment hook '/workspace/ros2_robot_ws/install/arm_test/share/arm_test/hook/pythonpath.sh'
[7.369s] Level 1:colcon.colcon_core.environment:checking '/workspace/ros2_robot_ws/install/arm_test/bin'
[7.369s] Level 1:colcon.colcon_core.environment:create_environment_scripts_only(arm_test)
[7.371s] INFO:colcon.colcon_core.shell:Creating package script '/workspace/ros2_robot_ws/install/arm_test/share/arm_test/package.ps1'
[7.374s] INFO:colcon.colcon_core.shell:Creating package descriptor '/workspace/ros2_robot_ws/install/arm_test/share/arm_test/package.dsv'
[7.377s] INFO:colcon.colcon_core.shell:Creating package script '/workspace/ros2_robot_ws/install/arm_test/share/arm_test/package.sh'
[7.380s] INFO:colcon.colcon_core.shell:Creating package script '/workspace/ros2_robot_ws/install/arm_test/share/arm_test/package.bash'
[7.382s] INFO:colcon.colcon_core.shell:Creating package script '/workspace/ros2_robot_ws/install/arm_test/share/arm_test/package.zsh'
[7.384s] Level 1:colcon.colcon_core.environment:create_file_with_runtime_dependencies(/workspace/ros2_robot_ws/install/arm_test/share/colcon-core/packages/arm_test)
[8.481s] DEBUG:colcon.colcon_core.event_handler.log_command:Invoking command in '/workspace/ros2_robot_ws/src/gripper_pub': AMENT_PREFIX_PATH=/workspace/ros2_robot_ws/install/utils:/workspace/ros2_robot_ws/install/robot_interfaces:${AMENT_PREFIX_PATH} CMAKE_PREFIX_PATH=/workspace/ros2_robot_ws/install/robot_interfaces LD_LIBRARY_PATH=/workspace/ros2_robot_ws/install/robot_interfaces/lib:${LD_LIBRARY_PATH} PYTHONPATH=/workspace/ros2_robot_ws/build/gripper_pub/prefix_override:/usr/lib/python3/dist-packages/colcon_core/task/python/colcon_distutils_commands:/workspace/ros2_robot_ws/install/gripper_pub/lib/python3.10/site-packages:/workspace/ros2_robot_ws/install/utils/lib/python3.10/site-packages:/workspace/ros2_robot_ws/install/robot_interfaces/local/lib/python3.10/dist-packages:${PYTHONPATH} /usr/bin/python3 -W ignore:setup.py install is deprecated -W ignore:easy_install command is deprecated setup.py egg_info --egg-base ../../build/gripper_pub build --build-base /workspace/ros2_robot_ws/build/gripper_pub/build install --record /workspace/ros2_robot_ws/build/gripper_pub/install.log --single-version-externally-managed install_data
[8.565s] DEBUG:colcon.colcon_core.event_handler.log_command:Invoking command in '/workspace/ros2_robot_ws/src/gripper_sub': AMENT_PREFIX_PATH=/workspace/ros2_robot_ws/install/utils:/workspace/ros2_robot_ws/install/robot_interfaces:${AMENT_PREFIX_PATH} CMAKE_PREFIX_PATH=/workspace/ros2_robot_ws/install/robot_interfaces LD_LIBRARY_PATH=/workspace/ros2_robot_ws/install/robot_interfaces/lib:${LD_LIBRARY_PATH} PYTHONPATH=/workspace/ros2_robot_ws/build/gripper_sub/prefix_override:/usr/lib/python3/dist-packages/colcon_core/task/python/colcon_distutils_commands:/workspace/ros2_robot_ws/install/gripper_sub/lib/python3.10/site-packages:/workspace/ros2_robot_ws/install/utils/lib/python3.10/site-packages:/workspace/ros2_robot_ws/install/robot_interfaces/local/lib/python3.10/dist-packages:${PYTHONPATH} /usr/bin/python3 -W ignore:setup.py install is deprecated -W ignore:easy_install command is deprecated setup.py egg_info --egg-base ../../build/gripper_sub build --build-base /workspace/ros2_robot_ws/build/gripper_sub/build install --record /workspace/ros2_robot_ws/build/gripper_sub/install.log --single-version-externally-managed install_data
[9.625s] Level 1:colcon.colcon_core.environment:checking '/workspace/ros2_robot_ws/install/gripper_pub' for CMake module files
[9.628s] DEBUG:colcon.colcon_core.event_handler.log_command:Invoked command in '/workspace/ros2_robot_ws/src/gripper_pub' returned '0': AMENT_PREFIX_PATH=/workspace/ros2_robot_ws/install/utils:/workspace/ros2_robot_ws/install/robot_interfaces:${AMENT_PREFIX_PATH} CMAKE_PREFIX_PATH=/workspace/ros2_robot_ws/install/robot_interfaces LD_LIBRARY_PATH=/workspace/ros2_robot_ws/install/robot_interfaces/lib:${LD_LIBRARY_PATH} PYTHONPATH=/workspace/ros2_robot_ws/build/gripper_pub/prefix_override:/usr/lib/python3/dist-packages/colcon_core/task/python/colcon_distutils_commands:/workspace/ros2_robot_ws/install/gripper_pub/lib/python3.10/site-packages:/workspace/ros2_robot_ws/install/utils/lib/python3.10/site-packages:/workspace/ros2_robot_ws/install/robot_interfaces/local/lib/python3.10/dist-packages:${PYTHONPATH} /usr/bin/python3 -W ignore:setup.py install is deprecated -W ignore:easy_install command is deprecated setup.py egg_info --egg-base ../../build/gripper_pub build --build-base /workspace/ros2_robot_ws/build/gripper_pub/build install --record /workspace/ros2_robot_ws/build/gripper_pub/install.log --single-version-externally-managed install_data
[9.631s] Level 1:colcon.colcon_core.environment:checking '/workspace/ros2_robot_ws/install/gripper_pub' for CMake config files
[9.634s] Level 1:colcon.colcon_core.environment:checking '/workspace/ros2_robot_ws/install/gripper_pub/lib'
[9.635s] Level 1:colcon.colcon_core.environment:checking '/workspace/ros2_robot_ws/install/gripper_pub/bin'
[9.636s] Level 1:colcon.colcon_core.environment:checking '/workspace/ros2_robot_ws/install/gripper_pub/lib/pkgconfig/gripper_pub.pc'
[9.637s] Level 1:colcon.colcon_core.environment:checking '/workspace/ros2_robot_ws/install/gripper_pub/lib/python3.10/site-packages'
[9.639s] Level 1:colcon.colcon_core.shell:create_environment_hook('gripper_pub', 'pythonpath')
[9.640s] INFO:colcon.colcon_core.shell:Creating environment hook '/workspace/ros2_robot_ws/install/gripper_pub/share/gripper_pub/hook/pythonpath.ps1'
[9.648s] INFO:colcon.colcon_core.shell:Creating environment descriptor '/workspace/ros2_robot_ws/install/gripper_pub/share/gripper_pub/hook/pythonpath.dsv'
[9.652s] INFO:colcon.colcon_core.shell:Creating environment hook '/workspace/ros2_robot_ws/install/gripper_pub/share/gripper_pub/hook/pythonpath.sh'
[9.658s] Level 1:colcon.colcon_core.environment:checking '/workspace/ros2_robot_ws/install/gripper_pub/bin'
[9.659s] Level 1:colcon.colcon_core.environment:create_environment_scripts_only(gripper_pub)
[9.662s] INFO:colcon.colcon_core.shell:Creating package script '/workspace/ros2_robot_ws/install/gripper_pub/share/gripper_pub/package.ps1'
[9.674s] INFO:colcon.colcon_core.shell:Creating package descriptor '/workspace/ros2_robot_ws/install/gripper_pub/share/gripper_pub/package.dsv'
[9.679s] INFO:colcon.colcon_core.shell:Creating package script '/workspace/ros2_robot_ws/install/gripper_pub/share/gripper_pub/package.sh'
[9.683s] INFO:colcon.colcon_core.shell:Creating package script '/workspace/ros2_robot_ws/install/gripper_pub/share/gripper_pub/package.bash'
[9.685s] INFO:colcon.colcon_core.shell:Creating package script '/workspace/ros2_robot_ws/install/gripper_pub/share/gripper_pub/package.zsh'
[9.689s] Level 1:colcon.colcon_core.environment:create_file_with_runtime_dependencies(/workspace/ros2_robot_ws/install/gripper_pub/share/colcon-core/packages/gripper_pub)
[9.745s] Level 1:colcon.colcon_core.environment:checking '/workspace/ros2_robot_ws/install/gripper_sub' for CMake module files
[9.747s] DEBUG:colcon.colcon_core.event_handler.log_command:Invoked command in '/workspace/ros2_robot_ws/src/gripper_sub' returned '0': AMENT_PREFIX_PATH=/workspace/ros2_robot_ws/install/utils:/workspace/ros2_robot_ws/install/robot_interfaces:${AMENT_PREFIX_PATH} CMAKE_PREFIX_PATH=/workspace/ros2_robot_ws/install/robot_interfaces LD_LIBRARY_PATH=/workspace/ros2_robot_ws/install/robot_interfaces/lib:${LD_LIBRARY_PATH} PYTHONPATH=/workspace/ros2_robot_ws/build/gripper_sub/prefix_override:/usr/lib/python3/dist-packages/colcon_core/task/python/colcon_distutils_commands:/workspace/ros2_robot_ws/install/gripper_sub/lib/python3.10/site-packages:/workspace/ros2_robot_ws/install/utils/lib/python3.10/site-packages:/workspace/ros2_robot_ws/install/robot_interfaces/local/lib/python3.10/dist-packages:${PYTHONPATH} /usr/bin/python3 -W ignore:setup.py install is deprecated -W ignore:easy_install command is deprecated setup.py egg_info --egg-base ../../build/gripper_sub build --build-base /workspace/ros2_robot_ws/build/gripper_sub/build install --record /workspace/ros2_robot_ws/build/gripper_sub/install.log --single-version-externally-managed install_data
[9.748s] Level 1:colcon.colcon_core.environment:checking '/workspace/ros2_robot_ws/install/gripper_sub' for CMake config files
[9.750s] Level 1:colcon.colcon_core.environment:checking '/workspace/ros2_robot_ws/install/gripper_sub/lib'
[9.750s] Level 1:colcon.colcon_core.environment:checking '/workspace/ros2_robot_ws/install/gripper_sub/bin'
[9.750s] Level 1:colcon.colcon_core.environment:checking '/workspace/ros2_robot_ws/install/gripper_sub/lib/pkgconfig/gripper_sub.pc'
[9.751s] Level 1:colcon.colcon_core.environment:checking '/workspace/ros2_robot_ws/install/gripper_sub/lib/python3.10/site-packages'
[9.751s] Level 1:colcon.colcon_core.shell:create_environment_hook('gripper_sub', 'pythonpath')
[9.752s] INFO:colcon.colcon_core.shell:Creating environment hook '/workspace/ros2_robot_ws/install/gripper_sub/share/gripper_sub/hook/pythonpath.ps1'
[9.754s] INFO:colcon.colcon_core.shell:Creating environment descriptor '/workspace/ros2_robot_ws/install/gripper_sub/share/gripper_sub/hook/pythonpath.dsv'
[9.756s] INFO:colcon.colcon_core.shell:Creating environment hook '/workspace/ros2_robot_ws/install/gripper_sub/share/gripper_sub/hook/pythonpath.sh'
[9.758s] Level 1:colcon.colcon_core.environment:checking '/workspace/ros2_robot_ws/install/gripper_sub/bin'
[9.758s] Level 1:colcon.colcon_core.environment:create_environment_scripts_only(gripper_sub)
[9.759s] INFO:colcon.colcon_core.shell:Creating package script '/workspace/ros2_robot_ws/install/gripper_sub/share/gripper_sub/package.ps1'
[9.762s] INFO:colcon.colcon_core.shell:Creating package descriptor '/workspace/ros2_robot_ws/install/gripper_sub/share/gripper_sub/package.dsv'
[9.765s] INFO:colcon.colcon_core.shell:Creating package script '/workspace/ros2_robot_ws/install/gripper_sub/share/gripper_sub/package.sh'
[9.767s] INFO:colcon.colcon_core.shell:Creating package script '/workspace/ros2_robot_ws/install/gripper_sub/share/gripper_sub/package.bash'
[9.768s] INFO:colcon.colcon_core.shell:Creating package script '/workspace/ros2_robot_ws/install/gripper_sub/share/gripper_sub/package.zsh'
[9.770s] Level 1:colcon.colcon_core.environment:create_file_with_runtime_dependencies(/workspace/ros2_robot_ws/install/gripper_sub/share/colcon-core/packages/gripper_sub)
[9.772s] DEBUG:colcon.colcon_parallel_executor.executor.parallel:closing loop
[9.773s] DEBUG:colcon.colcon_parallel_executor.executor.parallel:loop closed
[9.775s] DEBUG:colcon.colcon_parallel_executor.executor.parallel:run_until_complete finished with '0'
[9.776s] DEBUG:colcon.colcon_core.event_reactor:joining thread
[9.798s] INFO:colcon.colcon_core.plugin_system:Skipping extension 'colcon_notification.desktop_notification.notify_send': Could not find 'notify-send'
[9.799s] INFO:colcon.colcon_core.plugin_system:Skipping extension 'colcon_notification.desktop_notification.terminal_notifier': Not used on non-Darwin systems
[9.799s] INFO:colcon.colcon_core.plugin_system:Skipping extension 'colcon_notification.desktop_notification.win32': Not used on non-Windows systems
[9.799s] INFO:colcon.colcon_notification.desktop_notification:Sending desktop notification using 'notify2'
[9.800s] DEBUG:colcon.colcon_notification.desktop_notification.notify2:Failed to initialize notify2: org.freedesktop.DBus.Error.NotSupported: Unable to autolaunch a dbus-daemon without a $DISPLAY for X11
[9.800s] DEBUG:colcon.colcon_core.event_reactor:joined thread
[9.801s] INFO:colcon.colcon_core.shell:Creating prefix script '/workspace/ros2_robot_ws/install/local_setup.ps1'
[9.804s] INFO:colcon.colcon_core.shell:Creating prefix util module '/workspace/ros2_robot_ws/install/_local_setup_util_ps1.py'
[9.810s] INFO:colcon.colcon_core.shell:Creating prefix chain script '/workspace/ros2_robot_ws/install/setup.ps1'
[9.814s] INFO:colcon.colcon_core.shell:Creating prefix script '/workspace/ros2_robot_ws/install/local_setup.sh'
[9.816s] INFO:colcon.colcon_core.shell:Creating prefix util module '/workspace/ros2_robot_ws/install/_local_setup_util_sh.py'
[9.819s] INFO:colcon.colcon_core.shell:Creating prefix chain script '/workspace/ros2_robot_ws/install/setup.sh'
[9.824s] INFO:colcon.colcon_core.shell:Creating prefix script '/workspace/ros2_robot_ws/install/local_setup.bash'
[9.827s] INFO:colcon.colcon_core.shell:Creating prefix chain script '/workspace/ros2_robot_ws/install/setup.bash'
[9.869s] INFO:colcon.colcon_core.shell:Creating prefix script '/workspace/ros2_robot_ws/install/local_setup.zsh'
[9.872s] INFO:colcon.colcon_core.shell:Creating prefix chain script '/workspace/ros2_robot_ws/install/setup.zsh'
