[4.151s] Invoking command in '/workspace/ros2_robot_ws/src/utils': PYTHONPATH=/workspace/ros2_robot_ws/build/utils/prefix_override:/usr/lib/python3/dist-packages/colcon_core/task/python/colcon_distutils_commands:/workspace/ros2_robot_ws/install/utils/lib/python3.10/site-packages:${PYTHONPATH} /usr/bin/python3 -W ignore:setup.py install is deprecated -W ignore:easy_install command is deprecated setup.py egg_info --egg-base ../../build/utils build --build-base /workspace/ros2_robot_ws/build/utils/build install --record /workspace/ros2_robot_ws/build/utils/install.log --single-version-externally-managed install_data
[5.094s] running egg_info
[5.098s] writing ../../build/utils/utils.egg-info/PKG-INFO
[5.102s] writing dependency_links to ../../build/utils/utils.egg-info/dependency_links.txt
[5.102s] writing entry points to ../../build/utils/utils.egg-info/entry_points.txt
[5.103s] writing requirements to ../../build/utils/utils.egg-info/requires.txt
[5.103s] writing top-level names to ../../build/utils/utils.egg-info/top_level.txt
[5.109s] reading manifest file '../../build/utils/utils.egg-info/SOURCES.txt'
[5.112s] writing manifest file '../../build/utils/utils.egg-info/SOURCES.txt'
[5.116s] running build
[5.119s] running build_py
[5.119s] copying ./utils/claw.py -> /workspace/ros2_robot_ws/build/utils/build/lib/utils
[5.124s] running install
[5.129s] running install_lib
[5.131s] copying /workspace/ros2_robot_ws/build/utils/build/lib/utils/claw.py -> /workspace/ros2_robot_ws/install/utils/lib/python3.10/site-packages/utils
[5.134s] byte-compiling /workspace/ros2_robot_ws/install/utils/lib/python3.10/site-packages/utils/claw.py to claw.cpython-310.pyc
[5.137s] running install_data
[5.138s] running install_egg_info
[5.148s] removing '/workspace/ros2_robot_ws/install/utils/lib/python3.10/site-packages/utils-0.0.0-py3.10.egg-info' (and everything under it)
[5.149s] Copying ../../build/utils/utils.egg-info to /workspace/ros2_robot_ws/install/utils/lib/python3.10/site-packages/utils-0.0.0-py3.10.egg-info
[5.151s] running install_scripts
[5.235s] writing list of installed files to '/workspace/ros2_robot_ws/build/utils/install.log'
[5.714s] Invoked command in '/workspace/ros2_robot_ws/src/utils' returned '0': PYTHONPATH=/workspace/ros2_robot_ws/build/utils/prefix_override:/usr/lib/python3/dist-packages/colcon_core/task/python/colcon_distutils_commands:/workspace/ros2_robot_ws/install/utils/lib/python3.10/site-packages:${PYTHONPATH} /usr/bin/python3 -W ignore:setup.py install is deprecated -W ignore:easy_install command is deprecated setup.py egg_info --egg-base ../../build/utils build --build-base /workspace/ros2_robot_ws/build/utils/build install --record /workspace/ros2_robot_ws/build/utils/install.log --single-version-externally-managed install_data
