/workspace/ros2_robot_ws/install/gripper_sub/lib/python3.10/site-packages/gripper_sub/subscriber_member_function.py
/workspace/ros2_robot_ws/install/gripper_sub/lib/python3.10/site-packages/gripper_sub/only_socket_receive_test.py
/workspace/ros2_robot_ws/install/gripper_sub/lib/python3.10/site-packages/gripper_sub/gripper_sub_main.py
/workspace/ros2_robot_ws/install/gripper_sub/lib/python3.10/site-packages/gripper_sub/ros_socket_receive.py
/workspace/ros2_robot_ws/install/gripper_sub/lib/python3.10/site-packages/gripper_sub/__init__.py
/workspace/ros2_robot_ws/install/gripper_sub/lib/python3.10/site-packages/gripper_sub/__pycache__/subscriber_member_function.cpython-310.pyc
/workspace/ros2_robot_ws/install/gripper_sub/lib/python3.10/site-packages/gripper_sub/__pycache__/only_socket_receive_test.cpython-310.pyc
/workspace/ros2_robot_ws/install/gripper_sub/lib/python3.10/site-packages/gripper_sub/__pycache__/gripper_sub_main.cpython-310.pyc
/workspace/ros2_robot_ws/install/gripper_sub/lib/python3.10/site-packages/gripper_sub/__pycache__/ros_socket_receive.cpython-310.pyc
/workspace/ros2_robot_ws/install/gripper_sub/lib/python3.10/site-packages/gripper_sub/__pycache__/__init__.cpython-310.pyc
/workspace/ros2_robot_ws/install/gripper_sub/share/ament_index/resource_index/packages/gripper_sub
/workspace/ros2_robot_ws/install/gripper_sub/share/gripper_sub/package.xml
/workspace/ros2_robot_ws/install/gripper_sub/lib/python3.10/site-packages/gripper_sub-0.0.0-py3.10.egg-info/top_level.txt
/workspace/ros2_robot_ws/install/gripper_sub/lib/python3.10/site-packages/gripper_sub-0.0.0-py3.10.egg-info/entry_points.txt
/workspace/ros2_robot_ws/install/gripper_sub/lib/python3.10/site-packages/gripper_sub-0.0.0-py3.10.egg-info/requires.txt
/workspace/ros2_robot_ws/install/gripper_sub/lib/python3.10/site-packages/gripper_sub-0.0.0-py3.10.egg-info/PKG-INFO
/workspace/ros2_robot_ws/install/gripper_sub/lib/python3.10/site-packages/gripper_sub-0.0.0-py3.10.egg-info/SOURCES.txt
/workspace/ros2_robot_ws/install/gripper_sub/lib/python3.10/site-packages/gripper_sub-0.0.0-py3.10.egg-info/dependency_links.txt
/workspace/ros2_robot_ws/install/gripper_sub/lib/python3.10/site-packages/gripper_sub-0.0.0-py3.10.egg-info/zip-safe
/workspace/ros2_robot_ws/install/gripper_sub/lib/gripper_sub/listener
/workspace/ros2_robot_ws/install/gripper_sub/lib/gripper_sub/ros_socket_test
/workspace/ros2_robot_ws/install/gripper_sub/lib/gripper_sub/socket_test
