[3.209s] Invoking command in '/workspace/ros2_robot_ws/src/utils': PYTHONPATH=/workspace/ros2_robot_ws/build/utils/prefix_override:/usr/lib/python3/dist-packages/colcon_core/task/python/colcon_distutils_commands:/workspace/ros2_robot_ws/install/utils/lib/python3.10/site-packages:${PYTHONPATH} /usr/bin/python3 -W ignore:setup.py install is deprecated -W ignore:easy_install command is deprecated setup.py egg_info --egg-base ../../build/utils build --build-base /workspace/ros2_robot_ws/build/utils/build install --record /workspace/ros2_robot_ws/build/utils/install.log --single-version-externally-managed install_data
[4.020s] running egg_info
[4.023s] writing ../../build/utils/utils.egg-info/PKG-INFO
[4.024s] writing dependency_links to ../../build/utils/utils.egg-info/dependency_links.txt
[4.025s] writing entry points to ../../build/utils/utils.egg-info/entry_points.txt
[4.026s] writing requirements to ../../build/utils/utils.egg-info/requires.txt
[4.027s] writing top-level names to ../../build/utils/utils.egg-info/top_level.txt
[4.036s] reading manifest file '../../build/utils/utils.egg-info/SOURCES.txt'
[4.040s] writing manifest file '../../build/utils/utils.egg-info/SOURCES.txt'
[4.042s] running build
[4.044s] running build_py
[4.045s] running install
[4.045s] running install_lib
[4.054s] running install_data
[4.055s] running install_egg_info
[4.063s] removing '/workspace/ros2_robot_ws/install/utils/lib/python3.10/site-packages/utils-0.0.0-py3.10.egg-info' (and everything under it)
[4.064s] Copying ../../build/utils/utils.egg-info to /workspace/ros2_robot_ws/install/utils/lib/python3.10/site-packages/utils-0.0.0-py3.10.egg-info
[4.071s] running install_scripts
[4.156s] writing list of installed files to '/workspace/ros2_robot_ws/build/utils/install.log'
[4.309s] Invoked command in '/workspace/ros2_robot_ws/src/utils' returned '0': PYTHONPATH=/workspace/ros2_robot_ws/build/utils/prefix_override:/usr/lib/python3/dist-packages/colcon_core/task/python/colcon_distutils_commands:/workspace/ros2_robot_ws/install/utils/lib/python3.10/site-packages:${PYTHONPATH} /usr/bin/python3 -W ignore:setup.py install is deprecated -W ignore:easy_install command is deprecated setup.py egg_info --egg-base ../../build/utils build --build-base /workspace/ros2_robot_ws/build/utils/build install --record /workspace/ros2_robot_ws/build/utils/install.log --single-version-externally-managed install_data
