[0.049s] Invoking command in '/home/pi/handsystem/ros2_robot_ws/build/robot_interfaces': CMAKE_PREFIX_PATH=${CMAKE_PREFIX_PATH}:/home/pi/ros2_ws/install/py_sub:/opt/ros/humble /usr/bin/cmake /home/pi/handsystem/ros2_robot_ws/src/robot_interfaces -DAMENT_CMAKE_SYMLINK_INSTALL=1 -DCMAKE_INSTALL_PREFIX=/home/pi/handsystem/ros2_robot_ws/install/robot_interfaces
[0.105s] -- Found ament_cmake: 1.3.8 (/opt/ros/humble/share/ament_cmake/cmake)
[0.659s] -- Override CMake install command with custom implementation using symlinks instead of copying resources
[0.704s] -- Found rosidl_default_generators: 1.2.0 (/opt/ros/humble/share/rosidl_default_generators/cmake)
[0.712s] -- Using all available rosidl_typesupport_c: rosidl_typesupport_fastrtps_c;rosidl_typesupport_introspection_c
[0.724s] -- Found rosidl_adapter: 3.1.5 (/opt/ros/humble/share/rosidl_adapter/cmake)
[0.905s] -- Using all available rosidl_typesupport_cpp: rosidl_typesupport_fastrtps_cpp;rosidl_typesupport_introspection_cpp
[2.141s] -- Found ament_cmake_ros: 0.10.0 (/opt/ros/humble/share/ament_cmake_ros/cmake)
[2.994s] -- Using all available rosidl_typesupport_c: rosidl_typesupport_fastrtps_c;rosidl_typesupport_introspection_c
[4.160s] -- Using all available rosidl_typesupport_cpp: rosidl_typesupport_fastrtps_cpp;rosidl_typesupport_introspection_cpp
[4.273s] -- Found python_cmake_module: 0.10.0 (/opt/ros/humble/share/python_cmake_module/cmake)
[4.388s] -- Using PYTHON_EXECUTABLE: /usr/bin/python3
[4.388s] -- Using PYTHON_INCLUDE_DIRS: /usr/include/python3.10
[4.389s] -- Using PYTHON_LIBRARIES: /usr/lib/aarch64-linux-gnu/libpython3.10.so
[4.444s] -- Found ament_lint_auto: 0.12.10 (/opt/ros/humble/share/ament_lint_auto/cmake)
[4.501s] -- Added test 'lint_cmake' to check CMake code style
[4.510s] -- Added test 'xmllint' to check XML markup files
[4.525s] -- Configuring done
[4.702s] -- Generating done
[4.720s] -- Build files have been written to: /home/pi/handsystem/ros2_robot_ws/build/robot_interfaces
[4.750s] Invoked command in '/home/pi/handsystem/ros2_robot_ws/build/robot_interfaces' returned '0': CMAKE_PREFIX_PATH=${CMAKE_PREFIX_PATH}:/home/pi/ros2_ws/install/py_sub:/opt/ros/humble /usr/bin/cmake /home/pi/handsystem/ros2_robot_ws/src/robot_interfaces -DAMENT_CMAKE_SYMLINK_INSTALL=1 -DCMAKE_INSTALL_PREFIX=/home/pi/handsystem/ros2_robot_ws/install/robot_interfaces
[4.759s] Invoking command in '/home/pi/handsystem/ros2_robot_ws/build/robot_interfaces': CMAKE_PREFIX_PATH=${CMAKE_PREFIX_PATH}:/home/pi/ros2_ws/install/py_sub:/opt/ros/humble /usr/bin/cmake --build /home/pi/handsystem/ros2_robot_ws/build/robot_interfaces -- -j4 -l4
[4.934s] [35m[1mConsolidate compiler generated dependencies of target robot_interfaces__rosidl_generator_c[0m
[4.974s] [  2%] Built target robot_interfaces__cpp
[4.980s] failed to create symbolic link '/home/pi/handsystem/ros2_robot_ws/build/robot_interfaces/ament_cmake_python/robot_interfaces/robot_interfaces' because existing path cannot be removed: Is a directory
[4.989s] gmake[2]: *** [CMakeFiles/ament_cmake_python_symlink_robot_interfaces.dir/build.make:70: CMakeFiles/ament_cmake_python_symlink_robot_interfaces] Error 1
[4.991s] gmake[1]: *** [CMakeFiles/Makefile2:421: CMakeFiles/ament_cmake_python_symlink_robot_interfaces.dir/all] Error 2
[4.993s] gmake[1]: *** Waiting for unfinished jobs....
[4.995s] [ 12%] Built target robot_interfaces__rosidl_generator_c
[5.030s] [35m[1mConsolidate compiler generated dependencies of target robot_interfaces__rosidl_typesupport_introspection_cpp[0m
[5.031s] [35m[1mConsolidate compiler generated dependencies of target robot_interfaces__rosidl_typesupport_fastrtps_cpp[0m
[5.096s] [ 23%] Built target robot_interfaces__rosidl_typesupport_fastrtps_cpp
[5.097s] [ 33%] Built target robot_interfaces__rosidl_typesupport_introspection_cpp
[5.103s] gmake: *** [Makefile:146: all] Error 2
[5.109s] Invoked command in '/home/pi/handsystem/ros2_robot_ws/build/robot_interfaces' returned '2': CMAKE_PREFIX_PATH=${CMAKE_PREFIX_PATH}:/home/pi/ros2_ws/install/py_sub:/opt/ros/humble /usr/bin/cmake --build /home/pi/handsystem/ros2_robot_ws/build/robot_interfaces -- -j4 -l4
