[5.179s] Invoking command in '/workspace/ros2_robot_ws/src/gripper_sub': AMENT_PREFIX_PATH=/workspace/ros2_robot_ws/install/utils:/workspace/ros2_robot_ws/install/gripper_sub:/workspace/ros2_robot_ws/install/gripper_pub:/workspace/ros2_robot_ws/install/arm_test:/workspace/ros2_robot_ws/install/robot_interfaces:/opt/ros/humble PYTHONPATH=/workspace/ros2_robot_ws/build/gripper_sub/prefix_override:/usr/lib/python3/dist-packages/colcon_core/task/python/colcon_distutils_commands:/workspace/ros2_robot_ws/install/gripper_sub/lib/python3.10/site-packages:/workspace/ros2_robot_ws/install/utils/lib/python3.10/site-packages:/workspace/ros2_robot_ws/install/gripper_sub/lib/python3.10/site-packages:/workspace/ros2_robot_ws/install/gripper_pub/lib/python3.10/site-packages:/workspace/ros2_robot_ws/install/arm_test/lib/python3.10/site-packages:/workspace/ros2_robot_ws/install/robot_interfaces/local/lib/python3.10/dist-packages:/opt/ros/humble/lib/python3.10/site-packages:/opt/ros/humble/local/lib/python3.10/dist-packages /usr/bin/python3 -W ignore:setup.py install is deprecated -W ignore:easy_install command is deprecated setup.py egg_info --egg-base ../../build/gripper_sub build --build-base /workspace/ros2_robot_ws/build/gripper_sub/build install --record /workspace/ros2_robot_ws/build/gripper_sub/install.log --single-version-externally-managed install_data
[6.601s] running egg_info
[6.605s] writing ../../build/gripper_sub/gripper_sub.egg-info/PKG-INFO
[6.606s] writing dependency_links to ../../build/gripper_sub/gripper_sub.egg-info/dependency_links.txt
[6.608s] writing entry points to ../../build/gripper_sub/gripper_sub.egg-info/entry_points.txt
[6.613s] writing requirements to ../../build/gripper_sub/gripper_sub.egg-info/requires.txt
[6.616s] writing top-level names to ../../build/gripper_sub/gripper_sub.egg-info/top_level.txt
[6.617s] reading manifest file '../../build/gripper_sub/gripper_sub.egg-info/SOURCES.txt'
[6.621s] adding license file 'LICENSE'
[6.622s] writing manifest file '../../build/gripper_sub/gripper_sub.egg-info/SOURCES.txt'
[6.626s] running build
[6.629s] running build_py
[6.640s] copying gripper_sub/gripper_sub_main.py -> /workspace/ros2_robot_ws/build/gripper_sub/build/lib/gripper_sub
[6.641s] running install
[6.645s] running install_lib
[6.646s] copying /workspace/ros2_robot_ws/build/gripper_sub/build/lib/gripper_sub/gripper_sub_main.py -> /workspace/ros2_robot_ws/install/gripper_sub/lib/python3.10/site-packages/gripper_sub
[6.647s] byte-compiling /workspace/ros2_robot_ws/install/gripper_sub/lib/python3.10/site-packages/gripper_sub/gripper_sub_main.py to gripper_sub_main.cpython-310.pyc
[6.648s] running install_data
[6.654s] running install_egg_info
[6.655s] removing '/workspace/ros2_robot_ws/install/gripper_sub/lib/python3.10/site-packages/gripper_sub-0.0.0-py3.10.egg-info' (and everything under it)
[6.667s] Copying ../../build/gripper_sub/gripper_sub.egg-info to /workspace/ros2_robot_ws/install/gripper_sub/lib/python3.10/site-packages/gripper_sub-0.0.0-py3.10.egg-info
[6.668s] running install_scripts
[6.770s] Installing listener script to /workspace/ros2_robot_ws/install/gripper_sub/lib/gripper_sub
[6.771s] Installing ros_socket_test script to /workspace/ros2_robot_ws/install/gripper_sub/lib/gripper_sub
[6.772s] Installing socket_test script to /workspace/ros2_robot_ws/install/gripper_sub/lib/gripper_sub
[6.775s] writing list of installed files to '/workspace/ros2_robot_ws/build/gripper_sub/install.log'
[6.938s] Invoked command in '/workspace/ros2_robot_ws/src/gripper_sub' returned '0': AMENT_PREFIX_PATH=/workspace/ros2_robot_ws/install/utils:/workspace/ros2_robot_ws/install/gripper_sub:/workspace/ros2_robot_ws/install/gripper_pub:/workspace/ros2_robot_ws/install/arm_test:/workspace/ros2_robot_ws/install/robot_interfaces:/opt/ros/humble PYTHONPATH=/workspace/ros2_robot_ws/build/gripper_sub/prefix_override:/usr/lib/python3/dist-packages/colcon_core/task/python/colcon_distutils_commands:/workspace/ros2_robot_ws/install/gripper_sub/lib/python3.10/site-packages:/workspace/ros2_robot_ws/install/utils/lib/python3.10/site-packages:/workspace/ros2_robot_ws/install/gripper_sub/lib/python3.10/site-packages:/workspace/ros2_robot_ws/install/gripper_pub/lib/python3.10/site-packages:/workspace/ros2_robot_ws/install/arm_test/lib/python3.10/site-packages:/workspace/ros2_robot_ws/install/robot_interfaces/local/lib/python3.10/dist-packages:/opt/ros/humble/lib/python3.10/site-packages:/opt/ros/humble/local/lib/python3.10/dist-packages /usr/bin/python3 -W ignore:setup.py install is deprecated -W ignore:easy_install command is deprecated setup.py egg_info --egg-base ../../build/gripper_sub build --build-base /workspace/ros2_robot_ws/build/gripper_sub/build install --record /workspace/ros2_robot_ws/build/gripper_sub/install.log --single-version-externally-managed install_data
