[3.146s] Invoking command in '/workspace/ros2_robot_ws/src/utils': PYTHONPATH=/workspace/ros2_robot_ws/build/utils/prefix_override:/usr/lib/python3/dist-packages/colcon_core/task/python/colcon_distutils_commands:/workspace/ros2_robot_ws/install/utils/lib/python3.10/site-packages:${PYTHONPATH} /usr/bin/python3 -W ignore:setup.py install is deprecated -W ignore:easy_install command is deprecated setup.py egg_info --egg-base ../../build/utils build --build-base /workspace/ros2_robot_ws/build/utils/build install --record /workspace/ros2_robot_ws/build/utils/install.log --single-version-externally-managed install_data
[3.955s] running egg_info
[3.958s] writing ../../build/utils/utils.egg-info/PKG-INFO
[3.960s] writing dependency_links to ../../build/utils/utils.egg-info/dependency_links.txt
[3.960s] writing entry points to ../../build/utils/utils.egg-info/entry_points.txt
[3.961s] writing requirements to ../../build/utils/utils.egg-info/requires.txt
[3.964s] writing top-level names to ../../build/utils/utils.egg-info/top_level.txt
[3.970s] reading manifest file '../../build/utils/utils.egg-info/SOURCES.txt'
[3.973s] writing manifest file '../../build/utils/utils.egg-info/SOURCES.txt'
[3.975s] running build
[3.976s] running build_py
[3.978s] running install
[3.980s] running install_lib
[3.990s] running install_data
[3.991s] running install_egg_info
[3.999s] removing '/workspace/ros2_robot_ws/install/utils/lib/python3.10/site-packages/utils-0.0.0-py3.10.egg-info' (and everything under it)
[4.008s] Copying ../../build/utils/utils.egg-info to /workspace/ros2_robot_ws/install/utils/lib/python3.10/site-packages/utils-0.0.0-py3.10.egg-info
[4.010s] running install_scripts
[4.091s] writing list of installed files to '/workspace/ros2_robot_ws/build/utils/install.log'
[4.231s] Invoked command in '/workspace/ros2_robot_ws/src/utils' returned '0': PYTHONPATH=/workspace/ros2_robot_ws/build/utils/prefix_override:/usr/lib/python3/dist-packages/colcon_core/task/python/colcon_distutils_commands:/workspace/ros2_robot_ws/install/utils/lib/python3.10/site-packages:${PYTHONPATH} /usr/bin/python3 -W ignore:setup.py install is deprecated -W ignore:easy_install command is deprecated setup.py egg_info --egg-base ../../build/utils build --build-base /workspace/ros2_robot_ws/build/utils/build install --record /workspace/ros2_robot_ws/build/utils/install.log --single-version-externally-managed install_data
