[0.065s] Invoking command in '/workspace/ros2_robot_ws/build/robot_interfaces': CMAKE_PREFIX_PATH=${CMAKE_PREFIX_PATH}:/workspace/ros2_robot_ws/install/gripper_sub:/workspace/ros2_robot_ws/install/gripper_pub:/workspace/ros2_robot_ws/install/utils:/workspace/ros2_robot_ws/install/arm_test:/opt/ros/humble /usr/bin/cmake --build /workspace/ros2_robot_ws/build/robot_interfaces -- -j4 -l4
[0.275s] [ 10%] Built target robot_interfaces__rosidl_generator_c
[0.279s] [ 12%] Built target robot_interfaces__cpp
[0.357s] [ 12%] Built target ament_cmake_python_copy_robot_interfaces
[0.399s] [ 23%] Built target robot_interfaces__rosidl_typesupport_c
[0.418s] [ 34%] Built target robot_interfaces__rosidl_typesupport_fastrtps_c
[0.439s] [ 44%] Built target robot_interfaces__rosidl_typesupport_introspection_c
[0.488s] [ 55%] Built target robot_interfaces__rosidl_typesupport_fastrtps_cpp
[0.526s] [ 65%] Built target robot_interfaces__rosidl_typesupport_introspection_cpp
[0.562s] [ 76%] Built target robot_interfaces__rosidl_typesupport_cpp
[0.640s] [ 76%] Built target robot_interfaces
[0.712s] [ 78%] Built target robot_interfaces__py
[0.798s] [ 87%] Built target robot_interfaces__rosidl_generator_py
[0.935s] [ 91%] Built target robot_interfaces__rosidl_typesupport_fastrtps_c__pyext
[0.952s] [ 95%] Built target robot_interfaces__rosidl_typesupport_introspection_c__pyext
[0.968s] [100%] Built target robot_interfaces__rosidl_typesupport_c__pyext
[1.517s] running egg_info
[1.524s] writing robot_interfaces.egg-info/PKG-INFO
[1.527s] writing dependency_links to robot_interfaces.egg-info/dependency_links.txt
[1.528s] writing top-level names to robot_interfaces.egg-info/top_level.txt
[1.535s] reading manifest file 'robot_interfaces.egg-info/SOURCES.txt'
[1.540s] writing manifest file 'robot_interfaces.egg-info/SOURCES.txt'
[1.689s] [100%] Built target ament_cmake_python_build_robot_interfaces_egg
[1.733s] Invoked command in '/workspace/ros2_robot_ws/build/robot_interfaces' returned '0': CMAKE_PREFIX_PATH=${CMAKE_PREFIX_PATH}:/workspace/ros2_robot_ws/install/gripper_sub:/workspace/ros2_robot_ws/install/gripper_pub:/workspace/ros2_robot_ws/install/utils:/workspace/ros2_robot_ws/install/arm_test:/opt/ros/humble /usr/bin/cmake --build /workspace/ros2_robot_ws/build/robot_interfaces -- -j4 -l4
[1.766s] Invoking command in '/workspace/ros2_robot_ws/build/robot_interfaces': CMAKE_PREFIX_PATH=${CMAKE_PREFIX_PATH}:/workspace/ros2_robot_ws/install/gripper_sub:/workspace/ros2_robot_ws/install/gripper_pub:/workspace/ros2_robot_ws/install/utils:/workspace/ros2_robot_ws/install/arm_test:/opt/ros/humble /usr/bin/cmake --install /workspace/ros2_robot_ws/build/robot_interfaces
[1.795s] -- Install configuration: ""
[1.796s] -- Up-to-date: /workspace/ros2_robot_ws/install/robot_interfaces/share/ament_index/resource_index/rosidl_interfaces/robot_interfaces
[1.797s] -- Up-to-date: /workspace/ros2_robot_ws/install/robot_interfaces/include/robot_interfaces/robot_interfaces
[1.803s] -- Up-to-date: /workspace/ros2_robot_ws/install/robot_interfaces/include/robot_interfaces/robot_interfaces/msg
[1.804s] -- Up-to-date: /workspace/ros2_robot_ws/install/robot_interfaces/include/robot_interfaces/robot_interfaces/msg/gripper_info.h
[1.807s] -- Up-to-date: /workspace/ros2_robot_ws/install/robot_interfaces/include/robot_interfaces/robot_interfaces/msg/gripper_command.h
[1.811s] -- Up-to-date: /workspace/ros2_robot_ws/install/robot_interfaces/include/robot_interfaces/robot_interfaces/msg/rosidl_generator_c__visibility_control.h
[1.815s] -- Up-to-date: /workspace/ros2_robot_ws/install/robot_interfaces/include/robot_interfaces/robot_interfaces/msg/grasp_pose.h
[1.816s] -- Up-to-date: /workspace/ros2_robot_ws/install/robot_interfaces/include/robot_interfaces/robot_interfaces/msg/detail
[1.817s] -- Up-to-date: /workspace/ros2_robot_ws/install/robot_interfaces/include/robot_interfaces/robot_interfaces/msg/detail/gripper_command__functions.h
[1.817s] -- Up-to-date: /workspace/ros2_robot_ws/install/robot_interfaces/include/robot_interfaces/robot_interfaces/msg/detail/gripper_command__type_support.h
[1.817s] -- Up-to-date: /workspace/ros2_robot_ws/install/robot_interfaces/include/robot_interfaces/robot_interfaces/msg/detail/gripper_info__functions.c
[1.818s] -- Up-to-date: /workspace/ros2_robot_ws/install/robot_interfaces/include/robot_interfaces/robot_interfaces/msg/detail/grasp_pose__functions.c
[1.823s] -- Up-to-date: /workspace/ros2_robot_ws/install/robot_interfaces/include/robot_interfaces/robot_interfaces/msg/detail/grasp_pose__struct.h
[1.824s] -- Up-to-date: /workspace/ros2_robot_ws/install/robot_interfaces/include/robot_interfaces/robot_interfaces/msg/detail/grasp_pose__type_support.h
[1.824s] -- Up-to-date: /workspace/ros2_robot_ws/install/robot_interfaces/include/robot_interfaces/robot_interfaces/msg/detail/gripper_info__functions.h
[1.825s] -- Up-to-date: /workspace/ros2_robot_ws/install/robot_interfaces/include/robot_interfaces/robot_interfaces/msg/detail/gripper_info__struct.h
[1.825s] -- Up-to-date: /workspace/ros2_robot_ws/install/robot_interfaces/include/robot_interfaces/robot_interfaces/msg/detail/gripper_info__type_support.h
[1.825s] -- Up-to-date: /workspace/ros2_robot_ws/install/robot_interfaces/include/robot_interfaces/robot_interfaces/msg/detail/gripper_command__struct.h
[1.826s] -- Up-to-date: /workspace/ros2_robot_ws/install/robot_interfaces/include/robot_interfaces/robot_interfaces/msg/detail/gripper_command__functions.c
[1.827s] -- Up-to-date: /workspace/ros2_robot_ws/install/robot_interfaces/include/robot_interfaces/robot_interfaces/msg/detail/grasp_pose__functions.h
[1.828s] -- Up-to-date: /workspace/ros2_robot_ws/install/robot_interfaces/share/robot_interfaces/environment/library_path.sh
[1.828s] -- Up-to-date: /workspace/ros2_robot_ws/install/robot_interfaces/share/robot_interfaces/environment/library_path.dsv
[1.829s] -- Up-to-date: /workspace/ros2_robot_ws/install/robot_interfaces/lib/librobot_interfaces__rosidl_generator_c.so
[1.829s] -- Up-to-date: /workspace/ros2_robot_ws/install/robot_interfaces/include/robot_interfaces/robot_interfaces
[1.829s] -- Up-to-date: /workspace/ros2_robot_ws/install/robot_interfaces/include/robot_interfaces/robot_interfaces/msg
[1.830s] -- Up-to-date: /workspace/ros2_robot_ws/install/robot_interfaces/include/robot_interfaces/robot_interfaces/msg/rosidl_typesupport_fastrtps_c__visibility_control.h
[1.830s] -- Up-to-date: /workspace/ros2_robot_ws/install/robot_interfaces/include/robot_interfaces/robot_interfaces/msg/detail
[1.830s] -- Up-to-date: /workspace/ros2_robot_ws/install/robot_interfaces/include/robot_interfaces/robot_interfaces/msg/detail/gripper_info__rosidl_typesupport_fastrtps_c.h
[1.831s] -- Up-to-date: /workspace/ros2_robot_ws/install/robot_interfaces/include/robot_interfaces/robot_interfaces/msg/detail/gripper_command__rosidl_typesupport_fastrtps_c.h
[1.832s] -- Up-to-date: /workspace/ros2_robot_ws/install/robot_interfaces/include/robot_interfaces/robot_interfaces/msg/detail/grasp_pose__rosidl_typesupport_fastrtps_c.h
[1.832s] -- Up-to-date: /workspace/ros2_robot_ws/install/robot_interfaces/lib/librobot_interfaces__rosidl_typesupport_fastrtps_c.so
[1.833s] -- Up-to-date: /workspace/ros2_robot_ws/install/robot_interfaces/include/robot_interfaces/robot_interfaces
[1.833s] -- Up-to-date: /workspace/ros2_robot_ws/install/robot_interfaces/include/robot_interfaces/robot_interfaces/msg
[1.833s] -- Up-to-date: /workspace/ros2_robot_ws/install/robot_interfaces/include/robot_interfaces/robot_interfaces/msg/rosidl_typesupport_introspection_c__visibility_control.h
[1.834s] -- Up-to-date: /workspace/ros2_robot_ws/install/robot_interfaces/include/robot_interfaces/robot_interfaces/msg/detail
[1.834s] -- Up-to-date: /workspace/ros2_robot_ws/install/robot_interfaces/include/robot_interfaces/robot_interfaces/msg/detail/gripper_command__type_support.c
[1.834s] -- Up-to-date: /workspace/ros2_robot_ws/install/robot_interfaces/include/robot_interfaces/robot_interfaces/msg/detail/gripper_info__rosidl_typesupport_introspection_c.h
[1.835s] -- Up-to-date: /workspace/ros2_robot_ws/install/robot_interfaces/include/robot_interfaces/robot_interfaces/msg/detail/gripper_command__rosidl_typesupport_introspection_c.h
[1.836s] -- Up-to-date: /workspace/ros2_robot_ws/install/robot_interfaces/include/robot_interfaces/robot_interfaces/msg/detail/grasp_pose__rosidl_typesupport_introspection_c.h
[1.836s] -- Up-to-date: /workspace/ros2_robot_ws/install/robot_interfaces/include/robot_interfaces/robot_interfaces/msg/detail/gripper_info__type_support.c
[1.836s] -- Up-to-date: /workspace/ros2_robot_ws/install/robot_interfaces/include/robot_interfaces/robot_interfaces/msg/detail/grasp_pose__type_support.c
[1.837s] -- Up-to-date: /workspace/ros2_robot_ws/install/robot_interfaces/lib/librobot_interfaces__rosidl_typesupport_introspection_c.so
[1.837s] -- Up-to-date: /workspace/ros2_robot_ws/install/robot_interfaces/lib/librobot_interfaces__rosidl_typesupport_c.so
[1.838s] -- Up-to-date: /workspace/ros2_robot_ws/install/robot_interfaces/include/robot_interfaces/robot_interfaces
[1.838s] -- Up-to-date: /workspace/ros2_robot_ws/install/robot_interfaces/include/robot_interfaces/robot_interfaces/msg
[1.838s] -- Up-to-date: /workspace/ros2_robot_ws/install/robot_interfaces/include/robot_interfaces/robot_interfaces/msg/gripper_command.hpp
[1.839s] -- Up-to-date: /workspace/ros2_robot_ws/install/robot_interfaces/include/robot_interfaces/robot_interfaces/msg/grasp_pose.hpp
[1.840s] -- Up-to-date: /workspace/ros2_robot_ws/install/robot_interfaces/include/robot_interfaces/robot_interfaces/msg/rosidl_generator_cpp__visibility_control.hpp
[1.840s] -- Up-to-date: /workspace/ros2_robot_ws/install/robot_interfaces/include/robot_interfaces/robot_interfaces/msg/detail
[1.840s] -- Up-to-date: /workspace/ros2_robot_ws/install/robot_interfaces/include/robot_interfaces/robot_interfaces/msg/detail/grasp_pose__traits.hpp
[1.841s] -- Up-to-date: /workspace/ros2_robot_ws/install/robot_interfaces/include/robot_interfaces/robot_interfaces/msg/detail/gripper_command__struct.hpp
[1.841s] -- Up-to-date: /workspace/ros2_robot_ws/install/robot_interfaces/include/robot_interfaces/robot_interfaces/msg/detail/gripper_command__builder.hpp
[1.841s] -- Up-to-date: /workspace/ros2_robot_ws/install/robot_interfaces/include/robot_interfaces/robot_interfaces/msg/detail/grasp_pose__type_support.hpp
[1.842s] -- Up-to-date: /workspace/ros2_robot_ws/install/robot_interfaces/include/robot_interfaces/robot_interfaces/msg/detail/gripper_info__builder.hpp
[1.842s] -- Up-to-date: /workspace/ros2_robot_ws/install/robot_interfaces/include/robot_interfaces/robot_interfaces/msg/detail/gripper_command__type_support.hpp
[1.843s] -- Up-to-date: /workspace/ros2_robot_ws/install/robot_interfaces/include/robot_interfaces/robot_interfaces/msg/detail/gripper_info__type_support.hpp
[1.843s] -- Up-to-date: /workspace/ros2_robot_ws/install/robot_interfaces/include/robot_interfaces/robot_interfaces/msg/detail/gripper_command__traits.hpp
[1.844s] -- Up-to-date: /workspace/ros2_robot_ws/install/robot_interfaces/include/robot_interfaces/robot_interfaces/msg/detail/gripper_info__traits.hpp
[1.844s] -- Up-to-date: /workspace/ros2_robot_ws/install/robot_interfaces/include/robot_interfaces/robot_interfaces/msg/detail/gripper_info__struct.hpp
[1.845s] -- Up-to-date: /workspace/ros2_robot_ws/install/robot_interfaces/include/robot_interfaces/robot_interfaces/msg/detail/grasp_pose__builder.hpp
[1.845s] -- Up-to-date: /workspace/ros2_robot_ws/install/robot_interfaces/include/robot_interfaces/robot_interfaces/msg/detail/grasp_pose__struct.hpp
[1.845s] -- Up-to-date: /workspace/ros2_robot_ws/install/robot_interfaces/include/robot_interfaces/robot_interfaces/msg/gripper_info.hpp
[1.846s] -- Up-to-date: /workspace/ros2_robot_ws/install/robot_interfaces/include/robot_interfaces/robot_interfaces
[1.846s] -- Up-to-date: /workspace/ros2_robot_ws/install/robot_interfaces/include/robot_interfaces/robot_interfaces/msg
[1.847s] -- Up-to-date: /workspace/ros2_robot_ws/install/robot_interfaces/include/robot_interfaces/robot_interfaces/msg/rosidl_typesupport_fastrtps_cpp__visibility_control.h
[1.847s] -- Up-to-date: /workspace/ros2_robot_ws/install/robot_interfaces/include/robot_interfaces/robot_interfaces/msg/detail
[1.848s] -- Up-to-date: /workspace/ros2_robot_ws/install/robot_interfaces/include/robot_interfaces/robot_interfaces/msg/detail/gripper_info__rosidl_typesupport_fastrtps_cpp.hpp
[1.848s] -- Up-to-date: /workspace/ros2_robot_ws/install/robot_interfaces/include/robot_interfaces/robot_interfaces/msg/detail/dds_fastrtps
[1.849s] -- Up-to-date: /workspace/ros2_robot_ws/install/robot_interfaces/include/robot_interfaces/robot_interfaces/msg/detail/grasp_pose__rosidl_typesupport_fastrtps_cpp.hpp
[1.850s] -- Up-to-date: /workspace/ros2_robot_ws/install/robot_interfaces/include/robot_interfaces/robot_interfaces/msg/detail/gripper_command__rosidl_typesupport_fastrtps_cpp.hpp
[1.850s] -- Up-to-date: /workspace/ros2_robot_ws/install/robot_interfaces/lib/librobot_interfaces__rosidl_typesupport_fastrtps_cpp.so
[1.851s] -- Up-to-date: /workspace/ros2_robot_ws/install/robot_interfaces/include/robot_interfaces/robot_interfaces
[1.851s] -- Up-to-date: /workspace/ros2_robot_ws/install/robot_interfaces/include/robot_interfaces/robot_interfaces/msg
[1.852s] -- Up-to-date: /workspace/ros2_robot_ws/install/robot_interfaces/include/robot_interfaces/robot_interfaces/msg/detail
[1.852s] -- Up-to-date: /workspace/ros2_robot_ws/install/robot_interfaces/include/robot_interfaces/robot_interfaces/msg/detail/grasp_pose__type_support.cpp
[1.852s] -- Up-to-date: /workspace/ros2_robot_ws/install/robot_interfaces/include/robot_interfaces/robot_interfaces/msg/detail/gripper_info__type_support.cpp
[1.853s] -- Up-to-date: /workspace/ros2_robot_ws/install/robot_interfaces/include/robot_interfaces/robot_interfaces/msg/detail/gripper_info__rosidl_typesupport_introspection_cpp.hpp
[1.853s] -- Up-to-date: /workspace/ros2_robot_ws/install/robot_interfaces/include/robot_interfaces/robot_interfaces/msg/detail/gripper_command__rosidl_typesupport_introspection_cpp.hpp
[1.854s] -- Up-to-date: /workspace/ros2_robot_ws/install/robot_interfaces/include/robot_interfaces/robot_interfaces/msg/detail/grasp_pose__rosidl_typesupport_introspection_cpp.hpp
[1.854s] -- Up-to-date: /workspace/ros2_robot_ws/install/robot_interfaces/include/robot_interfaces/robot_interfaces/msg/detail/gripper_command__type_support.cpp
[1.854s] -- Up-to-date: /workspace/ros2_robot_ws/install/robot_interfaces/lib/librobot_interfaces__rosidl_typesupport_introspection_cpp.so
[1.855s] -- Up-to-date: /workspace/ros2_robot_ws/install/robot_interfaces/lib/librobot_interfaces__rosidl_typesupport_cpp.so
[1.855s] -- Up-to-date: /workspace/ros2_robot_ws/install/robot_interfaces/share/robot_interfaces/environment/pythonpath.sh
[1.856s] -- Up-to-date: /workspace/ros2_robot_ws/install/robot_interfaces/share/robot_interfaces/environment/pythonpath.dsv
[1.856s] -- Up-to-date: /workspace/ros2_robot_ws/install/robot_interfaces/local/lib/python3.10/dist-packages/robot_interfaces-0.0.0-py3.10.egg-info
[1.857s] -- Installing: /workspace/ros2_robot_ws/install/robot_interfaces/local/lib/python3.10/dist-packages/robot_interfaces-0.0.0-py3.10.egg-info/top_level.txt
[1.857s] -- Installing: /workspace/ros2_robot_ws/install/robot_interfaces/local/lib/python3.10/dist-packages/robot_interfaces-0.0.0-py3.10.egg-info/PKG-INFO
[1.857s] -- Installing: /workspace/ros2_robot_ws/install/robot_interfaces/local/lib/python3.10/dist-packages/robot_interfaces-0.0.0-py3.10.egg-info/SOURCES.txt
[1.858s] -- Installing: /workspace/ros2_robot_ws/install/robot_interfaces/local/lib/python3.10/dist-packages/robot_interfaces-0.0.0-py3.10.egg-info/dependency_links.txt
[1.858s] -- Up-to-date: /workspace/ros2_robot_ws/install/robot_interfaces/local/lib/python3.10/dist-packages/robot_interfaces
[1.858s] -- Up-to-date: /workspace/ros2_robot_ws/install/robot_interfaces/local/lib/python3.10/dist-packages/robot_interfaces/librobot_interfaces__rosidl_generator_py.so
[1.859s] -- Up-to-date: /workspace/ros2_robot_ws/install/robot_interfaces/local/lib/python3.10/dist-packages/robot_interfaces/msg
[1.859s] -- Up-to-date: /workspace/ros2_robot_ws/install/robot_interfaces/local/lib/python3.10/dist-packages/robot_interfaces/msg/_grasp_pose_s.c
[1.860s] -- Up-to-date: /workspace/ros2_robot_ws/install/robot_interfaces/local/lib/python3.10/dist-packages/robot_interfaces/msg/_gripper_info_s.c
[1.860s] -- Up-to-date: /workspace/ros2_robot_ws/install/robot_interfaces/local/lib/python3.10/dist-packages/robot_interfaces/msg/_gripper_command.py
[1.860s] -- Up-to-date: /workspace/ros2_robot_ws/install/robot_interfaces/local/lib/python3.10/dist-packages/robot_interfaces/msg/_grasp_pose.py
[1.861s] -- Up-to-date: /workspace/ros2_robot_ws/install/robot_interfaces/local/lib/python3.10/dist-packages/robot_interfaces/msg/__init__.py
[1.861s] -- Up-to-date: /workspace/ros2_robot_ws/install/robot_interfaces/local/lib/python3.10/dist-packages/robot_interfaces/msg/_gripper_info.py
[1.861s] -- Up-to-date: /workspace/ros2_robot_ws/install/robot_interfaces/local/lib/python3.10/dist-packages/robot_interfaces/msg/_gripper_command_s.c
[1.862s] -- Up-to-date: /workspace/ros2_robot_ws/install/robot_interfaces/local/lib/python3.10/dist-packages/robot_interfaces/robot_interfaces_s__rosidl_typesupport_c.cpython-310-aarch64-linux-gnu.so
[1.862s] -- Up-to-date: /workspace/ros2_robot_ws/install/robot_interfaces/local/lib/python3.10/dist-packages/robot_interfaces/robot_interfaces_s__rosidl_typesupport_introspection_c.cpython-310-aarch64-linux-gnu.so
[1.862s] -- Up-to-date: /workspace/ros2_robot_ws/install/robot_interfaces/local/lib/python3.10/dist-packages/robot_interfaces/_robot_interfaces_s.ep.rosidl_typesupport_introspection_c.c
[1.863s] -- Up-to-date: /workspace/ros2_robot_ws/install/robot_interfaces/local/lib/python3.10/dist-packages/robot_interfaces/_robot_interfaces_s.ep.rosidl_typesupport_c.c
[1.863s] -- Up-to-date: /workspace/ros2_robot_ws/install/robot_interfaces/local/lib/python3.10/dist-packages/robot_interfaces/robot_interfaces_s__rosidl_typesupport_fastrtps_c.cpython-310-aarch64-linux-gnu.so
[1.864s] -- Up-to-date: /workspace/ros2_robot_ws/install/robot_interfaces/local/lib/python3.10/dist-packages/robot_interfaces/__init__.py
[1.864s] -- Up-to-date: /workspace/ros2_robot_ws/install/robot_interfaces/local/lib/python3.10/dist-packages/robot_interfaces/_robot_interfaces_s.ep.rosidl_typesupport_fastrtps_c.c
[1.972s] Listing '/workspace/ros2_robot_ws/install/robot_interfaces/local/lib/python3.10/dist-packages/robot_interfaces'...
[1.972s] Listing '/workspace/ros2_robot_ws/install/robot_interfaces/local/lib/python3.10/dist-packages/robot_interfaces/msg'...
[1.998s] -- Up-to-date: /workspace/ros2_robot_ws/install/robot_interfaces/local/lib/python3.10/dist-packages/robot_interfaces/robot_interfaces_s__rosidl_typesupport_fastrtps_c.cpython-310-aarch64-linux-gnu.so
[1.999s] -- Up-to-date: /workspace/ros2_robot_ws/install/robot_interfaces/local/lib/python3.10/dist-packages/robot_interfaces/robot_interfaces_s__rosidl_typesupport_introspection_c.cpython-310-aarch64-linux-gnu.so
[2.000s] -- Up-to-date: /workspace/ros2_robot_ws/install/robot_interfaces/local/lib/python3.10/dist-packages/robot_interfaces/robot_interfaces_s__rosidl_typesupport_c.cpython-310-aarch64-linux-gnu.so
[2.001s] -- Up-to-date: /workspace/ros2_robot_ws/install/robot_interfaces/lib/librobot_interfaces__rosidl_generator_py.so
[2.002s] -- Up-to-date: /workspace/ros2_robot_ws/install/robot_interfaces/share/robot_interfaces/msg/GripperCommand.idl
[2.003s] -- Up-to-date: /workspace/ros2_robot_ws/install/robot_interfaces/share/robot_interfaces/msg/GripperInfo.idl
[2.004s] -- Up-to-date: /workspace/ros2_robot_ws/install/robot_interfaces/share/robot_interfaces/msg/GraspPose.idl
[2.005s] -- Up-to-date: /workspace/ros2_robot_ws/install/robot_interfaces/share/robot_interfaces/msg/GripperCommand.msg
[2.005s] -- Up-to-date: /workspace/ros2_robot_ws/install/robot_interfaces/share/robot_interfaces/msg/GripperInfo.msg
[2.006s] -- Up-to-date: /workspace/ros2_robot_ws/install/robot_interfaces/share/robot_interfaces/msg/GraspPose.msg
[2.006s] -- Up-to-date: /workspace/ros2_robot_ws/install/robot_interfaces/share/ament_index/resource_index/package_run_dependencies/robot_interfaces
[2.008s] -- Up-to-date: /workspace/ros2_robot_ws/install/robot_interfaces/share/ament_index/resource_index/parent_prefix_path/robot_interfaces
[2.010s] -- Up-to-date: /workspace/ros2_robot_ws/install/robot_interfaces/share/robot_interfaces/environment/ament_prefix_path.sh
[2.010s] -- Up-to-date: /workspace/ros2_robot_ws/install/robot_interfaces/share/robot_interfaces/environment/ament_prefix_path.dsv
[2.012s] -- Up-to-date: /workspace/ros2_robot_ws/install/robot_interfaces/share/robot_interfaces/environment/path.sh
[2.012s] -- Up-to-date: /workspace/ros2_robot_ws/install/robot_interfaces/share/robot_interfaces/environment/path.dsv
[2.013s] -- Up-to-date: /workspace/ros2_robot_ws/install/robot_interfaces/share/robot_interfaces/local_setup.bash
[2.014s] -- Up-to-date: /workspace/ros2_robot_ws/install/robot_interfaces/share/robot_interfaces/local_setup.sh
[2.014s] -- Up-to-date: /workspace/ros2_robot_ws/install/robot_interfaces/share/robot_interfaces/local_setup.zsh
[2.014s] -- Up-to-date: /workspace/ros2_robot_ws/install/robot_interfaces/share/robot_interfaces/local_setup.dsv
[2.016s] -- Installing: /workspace/ros2_robot_ws/install/robot_interfaces/share/robot_interfaces/package.dsv
[2.017s] -- Up-to-date: /workspace/ros2_robot_ws/install/robot_interfaces/share/ament_index/resource_index/packages/robot_interfaces
[2.018s] -- Up-to-date: /workspace/ros2_robot_ws/install/robot_interfaces/share/robot_interfaces/cmake/export_robot_interfaces__rosidl_generator_cExport.cmake
[2.018s] -- Up-to-date: /workspace/ros2_robot_ws/install/robot_interfaces/share/robot_interfaces/cmake/export_robot_interfaces__rosidl_generator_cExport-noconfig.cmake
[2.019s] -- Up-to-date: /workspace/ros2_robot_ws/install/robot_interfaces/share/robot_interfaces/cmake/export_robot_interfaces__rosidl_typesupport_fastrtps_cExport.cmake
[2.020s] -- Up-to-date: /workspace/ros2_robot_ws/install/robot_interfaces/share/robot_interfaces/cmake/export_robot_interfaces__rosidl_typesupport_fastrtps_cExport-noconfig.cmake
[2.021s] -- Up-to-date: /workspace/ros2_robot_ws/install/robot_interfaces/share/robot_interfaces/cmake/robot_interfaces__rosidl_typesupport_introspection_cExport.cmake
[2.021s] -- Up-to-date: /workspace/ros2_robot_ws/install/robot_interfaces/share/robot_interfaces/cmake/robot_interfaces__rosidl_typesupport_introspection_cExport-noconfig.cmake
[2.022s] -- Up-to-date: /workspace/ros2_robot_ws/install/robot_interfaces/share/robot_interfaces/cmake/robot_interfaces__rosidl_typesupport_cExport.cmake
[2.022s] -- Up-to-date: /workspace/ros2_robot_ws/install/robot_interfaces/share/robot_interfaces/cmake/robot_interfaces__rosidl_typesupport_cExport-noconfig.cmake
[2.022s] -- Up-to-date: /workspace/ros2_robot_ws/install/robot_interfaces/share/robot_interfaces/cmake/export_robot_interfaces__rosidl_generator_cppExport.cmake
[2.023s] -- Up-to-date: /workspace/ros2_robot_ws/install/robot_interfaces/share/robot_interfaces/cmake/export_robot_interfaces__rosidl_typesupport_fastrtps_cppExport.cmake
[2.023s] -- Up-to-date: /workspace/ros2_robot_ws/install/robot_interfaces/share/robot_interfaces/cmake/export_robot_interfaces__rosidl_typesupport_fastrtps_cppExport-noconfig.cmake
[2.023s] -- Up-to-date: /workspace/ros2_robot_ws/install/robot_interfaces/share/robot_interfaces/cmake/robot_interfaces__rosidl_typesupport_introspection_cppExport.cmake
[2.024s] -- Up-to-date: /workspace/ros2_robot_ws/install/robot_interfaces/share/robot_interfaces/cmake/robot_interfaces__rosidl_typesupport_introspection_cppExport-noconfig.cmake
[2.024s] -- Up-to-date: /workspace/ros2_robot_ws/install/robot_interfaces/share/robot_interfaces/cmake/robot_interfaces__rosidl_typesupport_cppExport.cmake
[2.024s] -- Up-to-date: /workspace/ros2_robot_ws/install/robot_interfaces/share/robot_interfaces/cmake/robot_interfaces__rosidl_typesupport_cppExport-noconfig.cmake
[2.025s] -- Up-to-date: /workspace/ros2_robot_ws/install/robot_interfaces/share/robot_interfaces/cmake/export_robot_interfaces__rosidl_generator_pyExport.cmake
[2.025s] -- Up-to-date: /workspace/ros2_robot_ws/install/robot_interfaces/share/robot_interfaces/cmake/export_robot_interfaces__rosidl_generator_pyExport-noconfig.cmake
[2.025s] -- Up-to-date: /workspace/ros2_robot_ws/install/robot_interfaces/share/robot_interfaces/cmake/rosidl_cmake-extras.cmake
[2.026s] -- Up-to-date: /workspace/ros2_robot_ws/install/robot_interfaces/share/robot_interfaces/cmake/ament_cmake_export_include_directories-extras.cmake
[2.026s] -- Up-to-date: /workspace/ros2_robot_ws/install/robot_interfaces/share/robot_interfaces/cmake/ament_cmake_export_libraries-extras.cmake
[2.026s] -- Up-to-date: /workspace/ros2_robot_ws/install/robot_interfaces/share/robot_interfaces/cmake/ament_cmake_export_targets-extras.cmake
[2.032s] -- Up-to-date: /workspace/ros2_robot_ws/install/robot_interfaces/share/robot_interfaces/cmake/rosidl_cmake_export_typesupport_targets-extras.cmake
[2.032s] -- Up-to-date: /workspace/ros2_robot_ws/install/robot_interfaces/share/robot_interfaces/cmake/ament_cmake_export_dependencies-extras.cmake
[2.033s] -- Up-to-date: /workspace/ros2_robot_ws/install/robot_interfaces/share/robot_interfaces/cmake/rosidl_cmake_export_typesupport_libraries-extras.cmake
[2.033s] -- Up-to-date: /workspace/ros2_robot_ws/install/robot_interfaces/share/robot_interfaces/cmake/robot_interfacesConfig.cmake
[2.033s] -- Up-to-date: /workspace/ros2_robot_ws/install/robot_interfaces/share/robot_interfaces/cmake/robot_interfacesConfig-version.cmake
[2.034s] -- Up-to-date: /workspace/ros2_robot_ws/install/robot_interfaces/share/robot_interfaces/package.xml
[2.034s] Invoked command in '/workspace/ros2_robot_ws/build/robot_interfaces' returned '0': CMAKE_PREFIX_PATH=${CMAKE_PREFIX_PATH}:/workspace/ros2_robot_ws/install/gripper_sub:/workspace/ros2_robot_ws/install/gripper_pub:/workspace/ros2_robot_ws/install/utils:/workspace/ros2_robot_ws/install/arm_test:/opt/ros/humble /usr/bin/cmake --install /workspace/ros2_robot_ws/build/robot_interfaces
