[3.187s] Invoking command in '/workspace/ros2_robot_ws/src/utils': PYTHONPATH=/workspace/ros2_robot_ws/build/utils/prefix_override:/usr/lib/python3/dist-packages/colcon_core/task/python/colcon_distutils_commands:/workspace/ros2_robot_ws/install/utils/lib/python3.10/site-packages:${PYTHONPATH} /usr/bin/python3 -W ignore:setup.py install is deprecated -W ignore:easy_install command is deprecated setup.py egg_info --egg-base ../../build/utils build --build-base /workspace/ros2_robot_ws/build/utils/build install --record /workspace/ros2_robot_ws/build/utils/install.log --single-version-externally-managed install_data
[3.980s] running egg_info
[3.984s] writing ../../build/utils/utils.egg-info/PKG-INFO
[3.987s] writing dependency_links to ../../build/utils/utils.egg-info/dependency_links.txt
[3.991s] writing entry points to ../../build/utils/utils.egg-info/entry_points.txt
[3.991s] writing requirements to ../../build/utils/utils.egg-info/requires.txt
[3.992s] writing top-level names to ../../build/utils/utils.egg-info/top_level.txt
[3.999s] reading manifest file '../../build/utils/utils.egg-info/SOURCES.txt'
[4.003s] writing manifest file '../../build/utils/utils.egg-info/SOURCES.txt'
[4.004s] running build
[4.004s] running build_py
[4.005s] copying ./utils/claw.py -> /workspace/ros2_robot_ws/build/utils/build/lib/utils
[4.006s] running install
[4.008s] running install_lib
[4.017s] copying /workspace/ros2_robot_ws/build/utils/build/lib/utils/claw.py -> /workspace/ros2_robot_ws/install/utils/lib/python3.10/site-packages/utils
[4.018s] byte-compiling /workspace/ros2_robot_ws/install/utils/lib/python3.10/site-packages/utils/claw.py to claw.cpython-310.pyc
[4.024s] running install_data
[4.025s] running install_egg_info
[4.032s] removing '/workspace/ros2_robot_ws/install/utils/lib/python3.10/site-packages/utils-0.0.0-py3.10.egg-info' (and everything under it)
[4.034s] Copying ../../build/utils/utils.egg-info to /workspace/ros2_robot_ws/install/utils/lib/python3.10/site-packages/utils-0.0.0-py3.10.egg-info
[4.039s] running install_scripts
[4.126s] writing list of installed files to '/workspace/ros2_robot_ws/build/utils/install.log'
[4.275s] Invoked command in '/workspace/ros2_robot_ws/src/utils' returned '0': PYTHONPATH=/workspace/ros2_robot_ws/build/utils/prefix_override:/usr/lib/python3/dist-packages/colcon_core/task/python/colcon_distutils_commands:/workspace/ros2_robot_ws/install/utils/lib/python3.10/site-packages:${PYTHONPATH} /usr/bin/python3 -W ignore:setup.py install is deprecated -W ignore:easy_install command is deprecated setup.py egg_info --egg-base ../../build/utils build --build-base /workspace/ros2_robot_ws/build/utils/build install --record /workspace/ros2_robot_ws/build/utils/install.log --single-version-externally-managed install_data
