[0.216s] Invoking command in '/workspace/ros2_robot_ws/build/robot_interfaces': CMAKE_PREFIX_PATH=${CMAKE_PREFIX_PATH}:/workspace/ros2_robot_ws/install/gripper_sub:/workspace/ros2_robot_ws/install/gripper_pub:/workspace/ros2_robot_ws/install/utils:/workspace/ros2_robot_ws/install/arm_test:/opt/ros/humble /usr/bin/cmake --build /workspace/ros2_robot_ws/build/robot_interfaces -- -j4 -l4
[0.575s] [  2%] Built target robot_interfaces__cpp
[0.855s] [  2%] Built target ament_cmake_python_copy_robot_interfaces
[1.007s] [ 12%] Built target robot_interfaces__rosidl_typesupport_fastrtps_cpp
[1.202s] [ 23%] Built target robot_interfaces__rosidl_typesupport_introspection_cpp
[3.537s] running egg_info
[3.541s] writing robot_interfaces.egg-info/PKG-INFO
[3.546s] writing dependency_links to robot_interfaces.egg-info/dependency_links.txt
[3.548s] writing top-level names to robot_interfaces.egg-info/top_level.txt
[3.571s] reading manifest file 'robot_interfaces.egg-info/SOURCES.txt'
[3.575s] writing manifest file 'robot_interfaces.egg-info/SOURCES.txt'
[3.811s] [ 23%] Built target ament_cmake_python_build_robot_interfaces_egg
[3.914s] [ 34%] Built target robot_interfaces__rosidl_typesupport_cpp
[4.015s] [ 44%] Built target robot_interfaces__rosidl_generator_c
[4.112s] [ 55%] Built target robot_interfaces__rosidl_typesupport_fastrtps_c
[4.183s] [ 65%] Built target robot_interfaces__rosidl_typesupport_c
[4.312s] [ 76%] Built target robot_interfaces__rosidl_typesupport_introspection_c
[4.451s] [ 76%] Built target robot_interfaces
[4.578s] [ 78%] Built target robot_interfaces__py
[4.727s] [ 87%] Built target robot_interfaces__rosidl_generator_py
[4.872s] [ 91%] Built target robot_interfaces__rosidl_typesupport_fastrtps_c__pyext
[5.080s] [ 95%] Built target robot_interfaces__rosidl_typesupport_c__pyext
[5.196s] [100%] Built target robot_interfaces__rosidl_typesupport_introspection_c__pyext
[5.286s] Invoked command in '/workspace/ros2_robot_ws/build/robot_interfaces' returned '0': CMAKE_PREFIX_PATH=${CMAKE_PREFIX_PATH}:/workspace/ros2_robot_ws/install/gripper_sub:/workspace/ros2_robot_ws/install/gripper_pub:/workspace/ros2_robot_ws/install/utils:/workspace/ros2_robot_ws/install/arm_test:/opt/ros/humble /usr/bin/cmake --build /workspace/ros2_robot_ws/build/robot_interfaces -- -j4 -l4
[5.352s] Invoking command in '/workspace/ros2_robot_ws/build/robot_interfaces': CMAKE_PREFIX_PATH=${CMAKE_PREFIX_PATH}:/workspace/ros2_robot_ws/install/gripper_sub:/workspace/ros2_robot_ws/install/gripper_pub:/workspace/ros2_robot_ws/install/utils:/workspace/ros2_robot_ws/install/arm_test:/opt/ros/humble /usr/bin/cmake --install /workspace/ros2_robot_ws/build/robot_interfaces
[5.411s] -- Install configuration: ""
[5.412s] -- Up-to-date: /workspace/ros2_robot_ws/install/robot_interfaces/share/ament_index/resource_index/rosidl_interfaces/robot_interfaces
[5.420s] -- Up-to-date: /workspace/ros2_robot_ws/install/robot_interfaces/include/robot_interfaces/robot_interfaces
[5.421s] -- Up-to-date: /workspace/ros2_robot_ws/install/robot_interfaces/include/robot_interfaces/robot_interfaces/msg
[5.422s] -- Up-to-date: /workspace/ros2_robot_ws/install/robot_interfaces/include/robot_interfaces/robot_interfaces/msg/gripper_info.h
[5.424s] -- Up-to-date: /workspace/ros2_robot_ws/install/robot_interfaces/include/robot_interfaces/robot_interfaces/msg/gripper_command.h
[5.428s] -- Up-to-date: /workspace/ros2_robot_ws/install/robot_interfaces/include/robot_interfaces/robot_interfaces/msg/rosidl_generator_c__visibility_control.h
[5.433s] -- Up-to-date: /workspace/ros2_robot_ws/install/robot_interfaces/include/robot_interfaces/robot_interfaces/msg/grasp_pose.h
[5.435s] -- Up-to-date: /workspace/ros2_robot_ws/install/robot_interfaces/include/robot_interfaces/robot_interfaces/msg/detail
[5.444s] -- Up-to-date: /workspace/ros2_robot_ws/install/robot_interfaces/include/robot_interfaces/robot_interfaces/msg/detail/gripper_command__functions.h
[5.447s] -- Up-to-date: /workspace/ros2_robot_ws/install/robot_interfaces/include/robot_interfaces/robot_interfaces/msg/detail/gripper_command__type_support.h
[5.448s] -- Up-to-date: /workspace/ros2_robot_ws/install/robot_interfaces/include/robot_interfaces/robot_interfaces/msg/detail/gripper_info__functions.c
[5.450s] -- Up-to-date: /workspace/ros2_robot_ws/install/robot_interfaces/include/robot_interfaces/robot_interfaces/msg/detail/grasp_pose__functions.c
[5.455s] -- Up-to-date: /workspace/ros2_robot_ws/install/robot_interfaces/include/robot_interfaces/robot_interfaces/msg/detail/grasp_pose__struct.h
[5.456s] -- Up-to-date: /workspace/ros2_robot_ws/install/robot_interfaces/include/robot_interfaces/robot_interfaces/msg/detail/grasp_pose__type_support.h
[5.457s] -- Up-to-date: /workspace/ros2_robot_ws/install/robot_interfaces/include/robot_interfaces/robot_interfaces/msg/detail/gripper_info__functions.h
[5.462s] -- Up-to-date: /workspace/ros2_robot_ws/install/robot_interfaces/include/robot_interfaces/robot_interfaces/msg/detail/gripper_info__struct.h
[5.464s] -- Up-to-date: /workspace/ros2_robot_ws/install/robot_interfaces/include/robot_interfaces/robot_interfaces/msg/detail/gripper_info__type_support.h
[5.471s] -- Up-to-date: /workspace/ros2_robot_ws/install/robot_interfaces/include/robot_interfaces/robot_interfaces/msg/detail/gripper_command__struct.h
[5.473s] -- Up-to-date: /workspace/ros2_robot_ws/install/robot_interfaces/include/robot_interfaces/robot_interfaces/msg/detail/gripper_command__functions.c
[5.475s] -- Up-to-date: /workspace/ros2_robot_ws/install/robot_interfaces/include/robot_interfaces/robot_interfaces/msg/detail/grasp_pose__functions.h
[5.483s] -- Up-to-date: /workspace/ros2_robot_ws/install/robot_interfaces/share/robot_interfaces/environment/library_path.sh
[5.484s] -- Up-to-date: /workspace/ros2_robot_ws/install/robot_interfaces/share/robot_interfaces/environment/library_path.dsv
[5.486s] -- Up-to-date: /workspace/ros2_robot_ws/install/robot_interfaces/lib/librobot_interfaces__rosidl_generator_c.so
[5.490s] -- Up-to-date: /workspace/ros2_robot_ws/install/robot_interfaces/include/robot_interfaces/robot_interfaces
[5.491s] -- Up-to-date: /workspace/ros2_robot_ws/install/robot_interfaces/include/robot_interfaces/robot_interfaces/msg
[5.496s] -- Up-to-date: /workspace/ros2_robot_ws/install/robot_interfaces/include/robot_interfaces/robot_interfaces/msg/rosidl_typesupport_fastrtps_c__visibility_control.h
[5.497s] -- Up-to-date: /workspace/ros2_robot_ws/install/robot_interfaces/include/robot_interfaces/robot_interfaces/msg/detail
[5.498s] -- Up-to-date: /workspace/ros2_robot_ws/install/robot_interfaces/include/robot_interfaces/robot_interfaces/msg/detail/gripper_info__rosidl_typesupport_fastrtps_c.h
[5.498s] -- Up-to-date: /workspace/ros2_robot_ws/install/robot_interfaces/include/robot_interfaces/robot_interfaces/msg/detail/gripper_command__rosidl_typesupport_fastrtps_c.h
[5.498s] -- Up-to-date: /workspace/ros2_robot_ws/install/robot_interfaces/include/robot_interfaces/robot_interfaces/msg/detail/grasp_pose__rosidl_typesupport_fastrtps_c.h
[5.499s] -- Up-to-date: /workspace/ros2_robot_ws/install/robot_interfaces/lib/librobot_interfaces__rosidl_typesupport_fastrtps_c.so
[5.499s] -- Up-to-date: /workspace/ros2_robot_ws/install/robot_interfaces/include/robot_interfaces/robot_interfaces
[5.499s] -- Up-to-date: /workspace/ros2_robot_ws/install/robot_interfaces/include/robot_interfaces/robot_interfaces/msg
[5.500s] -- Up-to-date: /workspace/ros2_robot_ws/install/robot_interfaces/include/robot_interfaces/robot_interfaces/msg/rosidl_typesupport_introspection_c__visibility_control.h
[5.500s] -- Up-to-date: /workspace/ros2_robot_ws/install/robot_interfaces/include/robot_interfaces/robot_interfaces/msg/detail
[5.500s] -- Up-to-date: /workspace/ros2_robot_ws/install/robot_interfaces/include/robot_interfaces/robot_interfaces/msg/detail/gripper_command__type_support.c
[5.500s] -- Up-to-date: /workspace/ros2_robot_ws/install/robot_interfaces/include/robot_interfaces/robot_interfaces/msg/detail/gripper_info__rosidl_typesupport_introspection_c.h
[5.501s] -- Up-to-date: /workspace/ros2_robot_ws/install/robot_interfaces/include/robot_interfaces/robot_interfaces/msg/detail/gripper_command__rosidl_typesupport_introspection_c.h
[5.501s] -- Up-to-date: /workspace/ros2_robot_ws/install/robot_interfaces/include/robot_interfaces/robot_interfaces/msg/detail/grasp_pose__rosidl_typesupport_introspection_c.h
[5.501s] -- Up-to-date: /workspace/ros2_robot_ws/install/robot_interfaces/include/robot_interfaces/robot_interfaces/msg/detail/gripper_info__type_support.c
[5.509s] -- Up-to-date: /workspace/ros2_robot_ws/install/robot_interfaces/include/robot_interfaces/robot_interfaces/msg/detail/grasp_pose__type_support.c
[5.510s] -- Up-to-date: /workspace/ros2_robot_ws/install/robot_interfaces/lib/librobot_interfaces__rosidl_typesupport_introspection_c.so
[5.511s] -- Up-to-date: /workspace/ros2_robot_ws/install/robot_interfaces/lib/librobot_interfaces__rosidl_typesupport_c.so
[5.512s] -- Up-to-date: /workspace/ros2_robot_ws/install/robot_interfaces/include/robot_interfaces/robot_interfaces
[5.514s] -- Up-to-date: /workspace/ros2_robot_ws/install/robot_interfaces/include/robot_interfaces/robot_interfaces/msg
[5.515s] -- Up-to-date: /workspace/ros2_robot_ws/install/robot_interfaces/include/robot_interfaces/robot_interfaces/msg/gripper_command.hpp
[5.516s] -- Up-to-date: /workspace/ros2_robot_ws/install/robot_interfaces/include/robot_interfaces/robot_interfaces/msg/grasp_pose.hpp
[5.517s] -- Up-to-date: /workspace/ros2_robot_ws/install/robot_interfaces/include/robot_interfaces/robot_interfaces/msg/rosidl_generator_cpp__visibility_control.hpp
[5.518s] -- Up-to-date: /workspace/ros2_robot_ws/install/robot_interfaces/include/robot_interfaces/robot_interfaces/msg/detail
[5.520s] -- Up-to-date: /workspace/ros2_robot_ws/install/robot_interfaces/include/robot_interfaces/robot_interfaces/msg/detail/grasp_pose__traits.hpp
[5.521s] -- Up-to-date: /workspace/ros2_robot_ws/install/robot_interfaces/include/robot_interfaces/robot_interfaces/msg/detail/gripper_command__struct.hpp
[5.523s] -- Up-to-date: /workspace/ros2_robot_ws/install/robot_interfaces/include/robot_interfaces/robot_interfaces/msg/detail/gripper_command__builder.hpp
[5.525s] -- Up-to-date: /workspace/ros2_robot_ws/install/robot_interfaces/include/robot_interfaces/robot_interfaces/msg/detail/grasp_pose__type_support.hpp
[5.526s] -- Up-to-date: /workspace/ros2_robot_ws/install/robot_interfaces/include/robot_interfaces/robot_interfaces/msg/detail/gripper_info__builder.hpp
[5.527s] -- Up-to-date: /workspace/ros2_robot_ws/install/robot_interfaces/include/robot_interfaces/robot_interfaces/msg/detail/gripper_command__type_support.hpp
[5.528s] -- Up-to-date: /workspace/ros2_robot_ws/install/robot_interfaces/include/robot_interfaces/robot_interfaces/msg/detail/gripper_info__type_support.hpp
[5.530s] -- Up-to-date: /workspace/ros2_robot_ws/install/robot_interfaces/include/robot_interfaces/robot_interfaces/msg/detail/gripper_command__traits.hpp
[5.531s] -- Up-to-date: /workspace/ros2_robot_ws/install/robot_interfaces/include/robot_interfaces/robot_interfaces/msg/detail/gripper_info__traits.hpp
[5.532s] -- Up-to-date: /workspace/ros2_robot_ws/install/robot_interfaces/include/robot_interfaces/robot_interfaces/msg/detail/gripper_info__struct.hpp
[5.534s] -- Up-to-date: /workspace/ros2_robot_ws/install/robot_interfaces/include/robot_interfaces/robot_interfaces/msg/detail/grasp_pose__builder.hpp
[5.535s] -- Up-to-date: /workspace/ros2_robot_ws/install/robot_interfaces/include/robot_interfaces/robot_interfaces/msg/detail/grasp_pose__struct.hpp
[5.537s] -- Up-to-date: /workspace/ros2_robot_ws/install/robot_interfaces/include/robot_interfaces/robot_interfaces/msg/gripper_info.hpp
[5.538s] -- Up-to-date: /workspace/ros2_robot_ws/install/robot_interfaces/include/robot_interfaces/robot_interfaces
[5.540s] -- Up-to-date: /workspace/ros2_robot_ws/install/robot_interfaces/include/robot_interfaces/robot_interfaces/msg
[5.542s] -- Up-to-date: /workspace/ros2_robot_ws/install/robot_interfaces/include/robot_interfaces/robot_interfaces/msg/rosidl_typesupport_fastrtps_cpp__visibility_control.h
[5.543s] -- Up-to-date: /workspace/ros2_robot_ws/install/robot_interfaces/include/robot_interfaces/robot_interfaces/msg/detail
[5.544s] -- Up-to-date: /workspace/ros2_robot_ws/install/robot_interfaces/include/robot_interfaces/robot_interfaces/msg/detail/gripper_info__rosidl_typesupport_fastrtps_cpp.hpp
[5.545s] -- Up-to-date: /workspace/ros2_robot_ws/install/robot_interfaces/include/robot_interfaces/robot_interfaces/msg/detail/dds_fastrtps
[5.546s] -- Up-to-date: /workspace/ros2_robot_ws/install/robot_interfaces/include/robot_interfaces/robot_interfaces/msg/detail/grasp_pose__rosidl_typesupport_fastrtps_cpp.hpp
[5.548s] -- Up-to-date: /workspace/ros2_robot_ws/install/robot_interfaces/include/robot_interfaces/robot_interfaces/msg/detail/gripper_command__rosidl_typesupport_fastrtps_cpp.hpp
[5.549s] -- Up-to-date: /workspace/ros2_robot_ws/install/robot_interfaces/lib/librobot_interfaces__rosidl_typesupport_fastrtps_cpp.so
[5.550s] -- Up-to-date: /workspace/ros2_robot_ws/install/robot_interfaces/include/robot_interfaces/robot_interfaces
[5.551s] -- Up-to-date: /workspace/ros2_robot_ws/install/robot_interfaces/include/robot_interfaces/robot_interfaces/msg
[5.552s] -- Up-to-date: /workspace/ros2_robot_ws/install/robot_interfaces/include/robot_interfaces/robot_interfaces/msg/detail
[5.553s] -- Up-to-date: /workspace/ros2_robot_ws/install/robot_interfaces/include/robot_interfaces/robot_interfaces/msg/detail/grasp_pose__type_support.cpp
[5.555s] -- Up-to-date: /workspace/ros2_robot_ws/install/robot_interfaces/include/robot_interfaces/robot_interfaces/msg/detail/gripper_info__type_support.cpp
[5.556s] -- Up-to-date: /workspace/ros2_robot_ws/install/robot_interfaces/include/robot_interfaces/robot_interfaces/msg/detail/gripper_info__rosidl_typesupport_introspection_cpp.hpp
[5.558s] -- Up-to-date: /workspace/ros2_robot_ws/install/robot_interfaces/include/robot_interfaces/robot_interfaces/msg/detail/gripper_command__rosidl_typesupport_introspection_cpp.hpp
[5.559s] -- Up-to-date: /workspace/ros2_robot_ws/install/robot_interfaces/include/robot_interfaces/robot_interfaces/msg/detail/grasp_pose__rosidl_typesupport_introspection_cpp.hpp
[5.561s] -- Up-to-date: /workspace/ros2_robot_ws/install/robot_interfaces/include/robot_interfaces/robot_interfaces/msg/detail/gripper_command__type_support.cpp
[5.562s] -- Up-to-date: /workspace/ros2_robot_ws/install/robot_interfaces/lib/librobot_interfaces__rosidl_typesupport_introspection_cpp.so
[5.563s] -- Up-to-date: /workspace/ros2_robot_ws/install/robot_interfaces/lib/librobot_interfaces__rosidl_typesupport_cpp.so
[5.564s] -- Up-to-date: /workspace/ros2_robot_ws/install/robot_interfaces/share/robot_interfaces/environment/pythonpath.sh
[5.566s] -- Up-to-date: /workspace/ros2_robot_ws/install/robot_interfaces/share/robot_interfaces/environment/pythonpath.dsv
[5.566s] -- Up-to-date: /workspace/ros2_robot_ws/install/robot_interfaces/local/lib/python3.10/dist-packages/robot_interfaces-0.0.0-py3.10.egg-info
[5.567s] -- Installing: /workspace/ros2_robot_ws/install/robot_interfaces/local/lib/python3.10/dist-packages/robot_interfaces-0.0.0-py3.10.egg-info/top_level.txt
[5.568s] -- Installing: /workspace/ros2_robot_ws/install/robot_interfaces/local/lib/python3.10/dist-packages/robot_interfaces-0.0.0-py3.10.egg-info/PKG-INFO
[5.569s] -- Installing: /workspace/ros2_robot_ws/install/robot_interfaces/local/lib/python3.10/dist-packages/robot_interfaces-0.0.0-py3.10.egg-info/SOURCES.txt
[5.570s] -- Installing: /workspace/ros2_robot_ws/install/robot_interfaces/local/lib/python3.10/dist-packages/robot_interfaces-0.0.0-py3.10.egg-info/dependency_links.txt
[5.572s] -- Up-to-date: /workspace/ros2_robot_ws/install/robot_interfaces/local/lib/python3.10/dist-packages/robot_interfaces
[5.573s] -- Up-to-date: /workspace/ros2_robot_ws/install/robot_interfaces/local/lib/python3.10/dist-packages/robot_interfaces/librobot_interfaces__rosidl_generator_py.so
[5.574s] -- Up-to-date: /workspace/ros2_robot_ws/install/robot_interfaces/local/lib/python3.10/dist-packages/robot_interfaces/msg
[5.575s] -- Up-to-date: /workspace/ros2_robot_ws/install/robot_interfaces/local/lib/python3.10/dist-packages/robot_interfaces/msg/_grasp_pose_s.c
[5.576s] -- Up-to-date: /workspace/ros2_robot_ws/install/robot_interfaces/local/lib/python3.10/dist-packages/robot_interfaces/msg/_gripper_info_s.c
[5.577s] -- Up-to-date: /workspace/ros2_robot_ws/install/robot_interfaces/local/lib/python3.10/dist-packages/robot_interfaces/msg/_gripper_command.py
[5.578s] -- Up-to-date: /workspace/ros2_robot_ws/install/robot_interfaces/local/lib/python3.10/dist-packages/robot_interfaces/msg/_grasp_pose.py
[5.579s] -- Up-to-date: /workspace/ros2_robot_ws/install/robot_interfaces/local/lib/python3.10/dist-packages/robot_interfaces/msg/__init__.py
[5.580s] -- Up-to-date: /workspace/ros2_robot_ws/install/robot_interfaces/local/lib/python3.10/dist-packages/robot_interfaces/msg/_gripper_info.py
[5.581s] -- Up-to-date: /workspace/ros2_robot_ws/install/robot_interfaces/local/lib/python3.10/dist-packages/robot_interfaces/msg/_gripper_command_s.c
[5.582s] -- Up-to-date: /workspace/ros2_robot_ws/install/robot_interfaces/local/lib/python3.10/dist-packages/robot_interfaces/robot_interfaces_s__rosidl_typesupport_c.cpython-310-aarch64-linux-gnu.so
[5.583s] -- Up-to-date: /workspace/ros2_robot_ws/install/robot_interfaces/local/lib/python3.10/dist-packages/robot_interfaces/robot_interfaces_s__rosidl_typesupport_introspection_c.cpython-310-aarch64-linux-gnu.so
[5.584s] -- Up-to-date: /workspace/ros2_robot_ws/install/robot_interfaces/local/lib/python3.10/dist-packages/robot_interfaces/_robot_interfaces_s.ep.rosidl_typesupport_introspection_c.c
[5.585s] -- Up-to-date: /workspace/ros2_robot_ws/install/robot_interfaces/local/lib/python3.10/dist-packages/robot_interfaces/_robot_interfaces_s.ep.rosidl_typesupport_c.c
[5.585s] -- Up-to-date: /workspace/ros2_robot_ws/install/robot_interfaces/local/lib/python3.10/dist-packages/robot_interfaces/robot_interfaces_s__rosidl_typesupport_fastrtps_c.cpython-310-aarch64-linux-gnu.so
[5.587s] -- Up-to-date: /workspace/ros2_robot_ws/install/robot_interfaces/local/lib/python3.10/dist-packages/robot_interfaces/__init__.py
[5.588s] -- Up-to-date: /workspace/ros2_robot_ws/install/robot_interfaces/local/lib/python3.10/dist-packages/robot_interfaces/_robot_interfaces_s.ep.rosidl_typesupport_fastrtps_c.c
[5.860s] Listing '/workspace/ros2_robot_ws/install/robot_interfaces/local/lib/python3.10/dist-packages/robot_interfaces'...
[5.866s] Listing '/workspace/ros2_robot_ws/install/robot_interfaces/local/lib/python3.10/dist-packages/robot_interfaces/msg'...
[5.933s] -- Up-to-date: /workspace/ros2_robot_ws/install/robot_interfaces/local/lib/python3.10/dist-packages/robot_interfaces/robot_interfaces_s__rosidl_typesupport_fastrtps_c.cpython-310-aarch64-linux-gnu.so
[5.934s] -- Up-to-date: /workspace/ros2_robot_ws/install/robot_interfaces/local/lib/python3.10/dist-packages/robot_interfaces/robot_interfaces_s__rosidl_typesupport_introspection_c.cpython-310-aarch64-linux-gnu.so
[5.941s] -- Up-to-date: /workspace/ros2_robot_ws/install/robot_interfaces/local/lib/python3.10/dist-packages/robot_interfaces/robot_interfaces_s__rosidl_typesupport_c.cpython-310-aarch64-linux-gnu.so
[5.942s] -- Up-to-date: /workspace/ros2_robot_ws/install/robot_interfaces/lib/librobot_interfaces__rosidl_generator_py.so
[5.946s] -- Up-to-date: /workspace/ros2_robot_ws/install/robot_interfaces/share/robot_interfaces/msg/GripperCommand.idl
[5.947s] -- Up-to-date: /workspace/ros2_robot_ws/install/robot_interfaces/share/robot_interfaces/msg/GripperInfo.idl
[5.954s] -- Up-to-date: /workspace/ros2_robot_ws/install/robot_interfaces/share/robot_interfaces/msg/GraspPose.idl
[5.962s] -- Up-to-date: /workspace/ros2_robot_ws/install/robot_interfaces/share/robot_interfaces/msg/GripperCommand.msg
[5.966s] -- Up-to-date: /workspace/ros2_robot_ws/install/robot_interfaces/share/robot_interfaces/msg/GripperInfo.msg
[5.967s] -- Up-to-date: /workspace/ros2_robot_ws/install/robot_interfaces/share/robot_interfaces/msg/GraspPose.msg
[5.969s] -- Up-to-date: /workspace/ros2_robot_ws/install/robot_interfaces/share/ament_index/resource_index/package_run_dependencies/robot_interfaces
[5.970s] -- Up-to-date: /workspace/ros2_robot_ws/install/robot_interfaces/share/ament_index/resource_index/parent_prefix_path/robot_interfaces
[5.971s] -- Up-to-date: /workspace/ros2_robot_ws/install/robot_interfaces/share/robot_interfaces/environment/ament_prefix_path.sh
[5.974s] -- Up-to-date: /workspace/ros2_robot_ws/install/robot_interfaces/share/robot_interfaces/environment/ament_prefix_path.dsv
[5.975s] -- Up-to-date: /workspace/ros2_robot_ws/install/robot_interfaces/share/robot_interfaces/environment/path.sh
[5.976s] -- Up-to-date: /workspace/ros2_robot_ws/install/robot_interfaces/share/robot_interfaces/environment/path.dsv
[5.977s] -- Up-to-date: /workspace/ros2_robot_ws/install/robot_interfaces/share/robot_interfaces/local_setup.bash
[5.988s] -- Up-to-date: /workspace/ros2_robot_ws/install/robot_interfaces/share/robot_interfaces/local_setup.sh
[5.989s] -- Up-to-date: /workspace/ros2_robot_ws/install/robot_interfaces/share/robot_interfaces/local_setup.zsh
[5.996s] -- Up-to-date: /workspace/ros2_robot_ws/install/robot_interfaces/share/robot_interfaces/local_setup.dsv
[6.006s] -- Installing: /workspace/ros2_robot_ws/install/robot_interfaces/share/robot_interfaces/package.dsv
[6.008s] -- Up-to-date: /workspace/ros2_robot_ws/install/robot_interfaces/share/ament_index/resource_index/packages/robot_interfaces
[6.009s] -- Up-to-date: /workspace/ros2_robot_ws/install/robot_interfaces/share/robot_interfaces/cmake/export_robot_interfaces__rosidl_generator_cExport.cmake
[6.018s] -- Up-to-date: /workspace/ros2_robot_ws/install/robot_interfaces/share/robot_interfaces/cmake/export_robot_interfaces__rosidl_generator_cExport-noconfig.cmake
[6.019s] -- Up-to-date: /workspace/ros2_robot_ws/install/robot_interfaces/share/robot_interfaces/cmake/export_robot_interfaces__rosidl_typesupport_fastrtps_cExport.cmake
[6.020s] -- Up-to-date: /workspace/ros2_robot_ws/install/robot_interfaces/share/robot_interfaces/cmake/export_robot_interfaces__rosidl_typesupport_fastrtps_cExport-noconfig.cmake
[6.021s] -- Up-to-date: /workspace/ros2_robot_ws/install/robot_interfaces/share/robot_interfaces/cmake/robot_interfaces__rosidl_typesupport_introspection_cExport.cmake
[6.031s] -- Up-to-date: /workspace/ros2_robot_ws/install/robot_interfaces/share/robot_interfaces/cmake/robot_interfaces__rosidl_typesupport_introspection_cExport-noconfig.cmake
[6.033s] -- Up-to-date: /workspace/ros2_robot_ws/install/robot_interfaces/share/robot_interfaces/cmake/robot_interfaces__rosidl_typesupport_cExport.cmake
[6.039s] -- Up-to-date: /workspace/ros2_robot_ws/install/robot_interfaces/share/robot_interfaces/cmake/robot_interfaces__rosidl_typesupport_cExport-noconfig.cmake
[6.041s] -- Up-to-date: /workspace/ros2_robot_ws/install/robot_interfaces/share/robot_interfaces/cmake/export_robot_interfaces__rosidl_generator_cppExport.cmake
[6.043s] -- Up-to-date: /workspace/ros2_robot_ws/install/robot_interfaces/share/robot_interfaces/cmake/export_robot_interfaces__rosidl_typesupport_fastrtps_cppExport.cmake
[6.044s] -- Up-to-date: /workspace/ros2_robot_ws/install/robot_interfaces/share/robot_interfaces/cmake/export_robot_interfaces__rosidl_typesupport_fastrtps_cppExport-noconfig.cmake
[6.045s] -- Up-to-date: /workspace/ros2_robot_ws/install/robot_interfaces/share/robot_interfaces/cmake/robot_interfaces__rosidl_typesupport_introspection_cppExport.cmake
[6.046s] -- Up-to-date: /workspace/ros2_robot_ws/install/robot_interfaces/share/robot_interfaces/cmake/robot_interfaces__rosidl_typesupport_introspection_cppExport-noconfig.cmake
[6.048s] -- Up-to-date: /workspace/ros2_robot_ws/install/robot_interfaces/share/robot_interfaces/cmake/robot_interfaces__rosidl_typesupport_cppExport.cmake
[6.048s] -- Up-to-date: /workspace/ros2_robot_ws/install/robot_interfaces/share/robot_interfaces/cmake/robot_interfaces__rosidl_typesupport_cppExport-noconfig.cmake
[6.049s] -- Up-to-date: /workspace/ros2_robot_ws/install/robot_interfaces/share/robot_interfaces/cmake/export_robot_interfaces__rosidl_generator_pyExport.cmake
[6.060s] -- Up-to-date: /workspace/ros2_robot_ws/install/robot_interfaces/share/robot_interfaces/cmake/export_robot_interfaces__rosidl_generator_pyExport-noconfig.cmake
[6.066s] -- Up-to-date: /workspace/ros2_robot_ws/install/robot_interfaces/share/robot_interfaces/cmake/rosidl_cmake-extras.cmake
[6.067s] -- Up-to-date: /workspace/ros2_robot_ws/install/robot_interfaces/share/robot_interfaces/cmake/ament_cmake_export_include_directories-extras.cmake
[6.068s] -- Up-to-date: /workspace/ros2_robot_ws/install/robot_interfaces/share/robot_interfaces/cmake/ament_cmake_export_libraries-extras.cmake
[6.070s] -- Up-to-date: /workspace/ros2_robot_ws/install/robot_interfaces/share/robot_interfaces/cmake/ament_cmake_export_targets-extras.cmake
[6.071s] -- Up-to-date: /workspace/ros2_robot_ws/install/robot_interfaces/share/robot_interfaces/cmake/rosidl_cmake_export_typesupport_targets-extras.cmake
[6.072s] -- Up-to-date: /workspace/ros2_robot_ws/install/robot_interfaces/share/robot_interfaces/cmake/ament_cmake_export_dependencies-extras.cmake
[6.075s] -- Up-to-date: /workspace/ros2_robot_ws/install/robot_interfaces/share/robot_interfaces/cmake/rosidl_cmake_export_typesupport_libraries-extras.cmake
[6.082s] -- Up-to-date: /workspace/ros2_robot_ws/install/robot_interfaces/share/robot_interfaces/cmake/robot_interfacesConfig.cmake
[6.087s] -- Up-to-date: /workspace/ros2_robot_ws/install/robot_interfaces/share/robot_interfaces/cmake/robot_interfacesConfig-version.cmake
[6.088s] -- Up-to-date: /workspace/ros2_robot_ws/install/robot_interfaces/share/robot_interfaces/package.xml
[6.090s] Invoked command in '/workspace/ros2_robot_ws/build/robot_interfaces' returned '0': CMAKE_PREFIX_PATH=${CMAKE_PREFIX_PATH}:/workspace/ros2_robot_ws/install/gripper_sub:/workspace/ros2_robot_ws/install/gripper_pub:/workspace/ros2_robot_ws/install/utils:/workspace/ros2_robot_ws/install/arm_test:/opt/ros/humble /usr/bin/cmake --install /workspace/ros2_robot_ws/build/robot_interfaces
