[7.589s] Invoking command in '/workspace/ros2_robot_ws/src/gripper_sub': AMENT_PREFIX_PATH=/workspace/ros2_robot_ws/install/utils:/workspace/ros2_robot_ws/install/gripper_sub:/workspace/ros2_robot_ws/install/gripper_pub:/workspace/ros2_robot_ws/install/arm_test:/workspace/ros2_robot_ws/install/robot_interfaces:/opt/ros/humble PYTHONPATH=/workspace/ros2_robot_ws/build/gripper_sub/prefix_override:/usr/lib/python3/dist-packages/colcon_core/task/python/colcon_distutils_commands:/workspace/ros2_robot_ws/install/gripper_sub/lib/python3.10/site-packages:/workspace/ros2_robot_ws/install/utils/lib/python3.10/site-packages:/workspace/ros2_robot_ws/install/gripper_sub/lib/python3.10/site-packages:/workspace/ros2_robot_ws/install/gripper_pub/lib/python3.10/site-packages:/workspace/ros2_robot_ws/install/arm_test/lib/python3.10/site-packages:/workspace/ros2_robot_ws/install/robot_interfaces/local/lib/python3.10/dist-packages:/opt/ros/humble/lib/python3.10/site-packages:/opt/ros/humble/local/lib/python3.10/dist-packages /usr/bin/python3 -W ignore:setup.py install is deprecated -W ignore:easy_install command is deprecated setup.py egg_info --egg-base ../../build/gripper_sub build --build-base /workspace/ros2_robot_ws/build/gripper_sub/build install --record /workspace/ros2_robot_ws/build/gripper_sub/install.log --single-version-externally-managed install_data
[9.938s] running egg_info
[9.940s] writing ../../build/gripper_sub/gripper_sub.egg-info/PKG-INFO
[9.945s] writing dependency_links to ../../build/gripper_sub/gripper_sub.egg-info/dependency_links.txt
[9.949s] writing entry points to ../../build/gripper_sub/gripper_sub.egg-info/entry_points.txt
[9.951s] writing requirements to ../../build/gripper_sub/gripper_sub.egg-info/requires.txt
[9.952s] writing top-level names to ../../build/gripper_sub/gripper_sub.egg-info/top_level.txt
[9.972s] reading manifest file '../../build/gripper_sub/gripper_sub.egg-info/SOURCES.txt'
[9.972s] adding license file 'LICENSE'
[9.976s] writing manifest file '../../build/gripper_sub/gripper_sub.egg-info/SOURCES.txt'
[9.982s] running build
[9.982s] running build_py
[9.983s] running install
[9.986s] running install_lib
[10.026s] running install_data
[10.026s] running install_egg_info
[10.050s] removing '/workspace/ros2_robot_ws/install/gripper_sub/lib/python3.10/site-packages/gripper_sub-0.0.0-py3.10.egg-info' (and everything under it)
[10.052s] Copying ../../build/gripper_sub/gripper_sub.egg-info to /workspace/ros2_robot_ws/install/gripper_sub/lib/python3.10/site-packages/gripper_sub-0.0.0-py3.10.egg-info
[10.078s] running install_scripts
[10.263s] Installing listener script to /workspace/ros2_robot_ws/install/gripper_sub/lib/gripper_sub
[10.266s] Installing ros_socket_test script to /workspace/ros2_robot_ws/install/gripper_sub/lib/gripper_sub
[10.273s] Installing socket_test script to /workspace/ros2_robot_ws/install/gripper_sub/lib/gripper_sub
[10.282s] writing list of installed files to '/workspace/ros2_robot_ws/build/gripper_sub/install.log'
[10.536s] Invoked command in '/workspace/ros2_robot_ws/src/gripper_sub' returned '0': AMENT_PREFIX_PATH=/workspace/ros2_robot_ws/install/utils:/workspace/ros2_robot_ws/install/gripper_sub:/workspace/ros2_robot_ws/install/gripper_pub:/workspace/ros2_robot_ws/install/arm_test:/workspace/ros2_robot_ws/install/robot_interfaces:/opt/ros/humble PYTHONPATH=/workspace/ros2_robot_ws/build/gripper_sub/prefix_override:/usr/lib/python3/dist-packages/colcon_core/task/python/colcon_distutils_commands:/workspace/ros2_robot_ws/install/gripper_sub/lib/python3.10/site-packages:/workspace/ros2_robot_ws/install/utils/lib/python3.10/site-packages:/workspace/ros2_robot_ws/install/gripper_sub/lib/python3.10/site-packages:/workspace/ros2_robot_ws/install/gripper_pub/lib/python3.10/site-packages:/workspace/ros2_robot_ws/install/arm_test/lib/python3.10/site-packages:/workspace/ros2_robot_ws/install/robot_interfaces/local/lib/python3.10/dist-packages:/opt/ros/humble/lib/python3.10/site-packages:/opt/ros/humble/local/lib/python3.10/dist-packages /usr/bin/python3 -W ignore:setup.py install is deprecated -W ignore:easy_install command is deprecated setup.py egg_info --egg-base ../../build/gripper_sub build --build-base /workspace/ros2_robot_ws/build/gripper_sub/build install --record /workspace/ros2_robot_ws/build/gripper_sub/install.log --single-version-externally-managed install_data
