running egg_info
creating ../../build/utils/utils.egg-info
writing ../../build/utils/utils.egg-info/PKG-INFO
writing dependency_links to ../../build/utils/utils.egg-info/dependency_links.txt
writing entry points to ../../build/utils/utils.egg-info/entry_points.txt
writing requirements to ../../build/utils/utils.egg-info/requires.txt
writing top-level names to ../../build/utils/utils.egg-info/top_level.txt
writing manifest file '../../build/utils/utils.egg-info/SOURCES.txt'
reading manifest file '../../build/utils/utils.egg-info/SOURCES.txt'
writing manifest file '../../build/utils/utils.egg-info/SOURCES.txt'
running build
running install
running install_data
creating /workspace/ros2_robot_ws/install/utils/share/ament_index
creating /workspace/ros2_robot_ws/install/utils/share/ament_index/resource_index
creating /workspace/ros2_robot_ws/install/utils/share/ament_index/resource_index/packages
copying resource/utils -> /workspace/ros2_robot_ws/install/utils/share/ament_index/resource_index/packages
copying package.xml -> /workspace/ros2_robot_ws/install/utils/share/utils
running install_egg_info
Copying ../../build/utils/utils.egg-info to /workspace/ros2_robot_ws/install/utils/lib/python3.10/site-packages/utils-0.0.0-py3.10.egg-info
running install_scripts
writing list of installed files to '/workspace/ros2_robot_ws/build/utils/install.log'
