[9.005s] Invoking command in '/workspace/ros2_robot_ws/src/gripper_pub': AMENT_PREFIX_PATH=/workspace/ros2_robot_ws/install/utils:/workspace/ros2_robot_ws/install/gripper_sub:/workspace/ros2_robot_ws/install/gripper_pub:/workspace/ros2_robot_ws/install/arm_test:/workspace/ros2_robot_ws/install/robot_interfaces:/opt/ros/humble PYTHONPATH=/workspace/ros2_robot_ws/build/gripper_pub/prefix_override:/usr/lib/python3/dist-packages/colcon_core/task/python/colcon_distutils_commands:/workspace/ros2_robot_ws/install/gripper_pub/lib/python3.10/site-packages:/workspace/ros2_robot_ws/install/utils/lib/python3.10/site-packages:/workspace/ros2_robot_ws/install/gripper_sub/lib/python3.10/site-packages:/workspace/ros2_robot_ws/install/gripper_pub/lib/python3.10/site-packages:/workspace/ros2_robot_ws/install/arm_test/lib/python3.10/site-packages:/workspace/ros2_robot_ws/install/robot_interfaces/local/lib/python3.10/dist-packages:/opt/ros/humble/lib/python3.10/site-packages:/opt/ros/humble/local/lib/python3.10/dist-packages /usr/bin/python3 -W ignore:setup.py install is deprecated -W ignore:easy_install command is deprecated setup.py egg_info --egg-base ../../build/gripper_pub build --build-base /workspace/ros2_robot_ws/build/gripper_pub/build install --record /workspace/ros2_robot_ws/build/gripper_pub/install.log --single-version-externally-managed install_data
[11.464s] running egg_info
[11.467s] writing ../../build/gripper_pub/gripper_pub.egg-info/PKG-INFO
[11.469s] writing dependency_links to ../../build/gripper_pub/gripper_pub.egg-info/dependency_links.txt
[11.475s] writing entry points to ../../build/gripper_pub/gripper_pub.egg-info/entry_points.txt
[11.476s] writing requirements to ../../build/gripper_pub/gripper_pub.egg-info/requires.txt
[11.478s] writing top-level names to ../../build/gripper_pub/gripper_pub.egg-info/top_level.txt
[11.505s] reading manifest file '../../build/gripper_pub/gripper_pub.egg-info/SOURCES.txt'
[11.505s] adding license file 'LICENSE'
[11.512s] writing manifest file '../../build/gripper_pub/gripper_pub.egg-info/SOURCES.txt'
[11.516s] running build
[11.517s] running build_py
[11.522s] running install
[11.527s] running install_lib
[11.559s] running install_data
[11.561s] running install_egg_info
[11.590s] removing '/workspace/ros2_robot_ws/install/gripper_pub/lib/python3.10/site-packages/gripper_pub-0.0.0-py3.10.egg-info' (and everything under it)
[11.600s] Copying ../../build/gripper_pub/gripper_pub.egg-info to /workspace/ros2_robot_ws/install/gripper_pub/lib/python3.10/site-packages/gripper_pub-0.0.0-py3.10.egg-info
[11.608s] running install_scripts
[11.810s] Installing talker script to /workspace/ros2_robot_ws/install/gripper_pub/lib/gripper_pub
[11.814s] writing list of installed files to '/workspace/ros2_robot_ws/build/gripper_pub/install.log'
[12.051s] Invoked command in '/workspace/ros2_robot_ws/src/gripper_pub' returned '0': AMENT_PREFIX_PATH=/workspace/ros2_robot_ws/install/utils:/workspace/ros2_robot_ws/install/gripper_sub:/workspace/ros2_robot_ws/install/gripper_pub:/workspace/ros2_robot_ws/install/arm_test:/workspace/ros2_robot_ws/install/robot_interfaces:/opt/ros/humble PYTHONPATH=/workspace/ros2_robot_ws/build/gripper_pub/prefix_override:/usr/lib/python3/dist-packages/colcon_core/task/python/colcon_distutils_commands:/workspace/ros2_robot_ws/install/gripper_pub/lib/python3.10/site-packages:/workspace/ros2_robot_ws/install/utils/lib/python3.10/site-packages:/workspace/ros2_robot_ws/install/gripper_sub/lib/python3.10/site-packages:/workspace/ros2_robot_ws/install/gripper_pub/lib/python3.10/site-packages:/workspace/ros2_robot_ws/install/arm_test/lib/python3.10/site-packages:/workspace/ros2_robot_ws/install/robot_interfaces/local/lib/python3.10/dist-packages:/opt/ros/humble/lib/python3.10/site-packages:/opt/ros/humble/local/lib/python3.10/dist-packages /usr/bin/python3 -W ignore:setup.py install is deprecated -W ignore:easy_install command is deprecated setup.py egg_info --egg-base ../../build/gripper_pub build --build-base /workspace/ros2_robot_ws/build/gripper_pub/build install --record /workspace/ros2_robot_ws/build/gripper_pub/install.log --single-version-externally-managed install_data
