[4.362s] Invoking command in '/workspace/ros2_robot_ws/src/gripper_sub': AMENT_PREFIX_PATH=/workspace/ros2_robot_ws/install/robot_interfaces:${AMENT_PREFIX_PATH} CMAKE_PREFIX_PATH=/workspace/ros2_robot_ws/install/robot_interfaces LD_LIBRARY_PATH=/workspace/ros2_robot_ws/install/robot_interfaces/lib:${LD_LIBRARY_PATH} PYTHONPATH=/workspace/ros2_robot_ws/build/gripper_sub/prefix_override:/usr/lib/python3/dist-packages/colcon_core/task/python/colcon_distutils_commands:/workspace/ros2_robot_ws/install/gripper_sub/lib/python3.10/site-packages:/workspace/ros2_robot_ws/install/robot_interfaces/local/lib/python3.10/dist-packages:${PYTHONPATH} /usr/bin/python3 -W ignore:setup.py install is deprecated -W ignore:easy_install command is deprecated setup.py egg_info --egg-base ../../build/gripper_sub build --build-base /workspace/ros2_robot_ws/build/gripper_sub/build install --record /workspace/ros2_robot_ws/build/gripper_sub/install.log --single-version-externally-managed install_data
[5.717s] running egg_info
[5.725s] creating ../../build/gripper_sub/gripper_sub.egg-info
[5.728s] writing ../../build/gripper_sub/gripper_sub.egg-info/PKG-INFO
[5.730s] writing dependency_links to ../../build/gripper_sub/gripper_sub.egg-info/dependency_links.txt
[5.740s] writing entry points to ../../build/gripper_sub/gripper_sub.egg-info/entry_points.txt
[5.757s] writing requirements to ../../build/gripper_sub/gripper_sub.egg-info/requires.txt
[5.758s] writing top-level names to ../../build/gripper_sub/gripper_sub.egg-info/top_level.txt
[5.758s] writing manifest file '../../build/gripper_sub/gripper_sub.egg-info/SOURCES.txt'
[5.766s] reading manifest file '../../build/gripper_sub/gripper_sub.egg-info/SOURCES.txt'
[5.773s] adding license file 'LICENSE'
[5.777s] writing manifest file '../../build/gripper_sub/gripper_sub.egg-info/SOURCES.txt'
[5.777s] running build
[5.778s] running build_py
[5.787s] creating /workspace/ros2_robot_ws/build/gripper_sub/build
[5.787s] creating /workspace/ros2_robot_ws/build/gripper_sub/build/lib
[5.788s] creating /workspace/ros2_robot_ws/build/gripper_sub/build/lib/gripper_sub
[5.794s] copying gripper_sub/subscriber_member_function.py -> /workspace/ros2_robot_ws/build/gripper_sub/build/lib/gripper_sub
[5.794s] copying gripper_sub/claw.py -> /workspace/ros2_robot_ws/build/gripper_sub/build/lib/gripper_sub
[5.800s] copying gripper_sub/gripper_sub_main.py -> /workspace/ros2_robot_ws/build/gripper_sub/build/lib/gripper_sub
[5.809s] copying gripper_sub/table.py -> /workspace/ros2_robot_ws/build/gripper_sub/build/lib/gripper_sub
[5.811s] copying gripper_sub/__init__.py -> /workspace/ros2_robot_ws/build/gripper_sub/build/lib/gripper_sub
[5.840s] running install
[5.842s] running install_lib
[5.875s] creating /workspace/ros2_robot_ws/install/gripper_sub/lib/python3.10/site-packages/gripper_sub
[5.875s] copying /workspace/ros2_robot_ws/build/gripper_sub/build/lib/gripper_sub/subscriber_member_function.py -> /workspace/ros2_robot_ws/install/gripper_sub/lib/python3.10/site-packages/gripper_sub
[5.876s] copying /workspace/ros2_robot_ws/build/gripper_sub/build/lib/gripper_sub/claw.py -> /workspace/ros2_robot_ws/install/gripper_sub/lib/python3.10/site-packages/gripper_sub
[5.883s] copying /workspace/ros2_robot_ws/build/gripper_sub/build/lib/gripper_sub/gripper_sub_main.py -> /workspace/ros2_robot_ws/install/gripper_sub/lib/python3.10/site-packages/gripper_sub
[5.884s] copying /workspace/ros2_robot_ws/build/gripper_sub/build/lib/gripper_sub/table.py -> /workspace/ros2_robot_ws/install/gripper_sub/lib/python3.10/site-packages/gripper_sub
[5.884s] copying /workspace/ros2_robot_ws/build/gripper_sub/build/lib/gripper_sub/__init__.py -> /workspace/ros2_robot_ws/install/gripper_sub/lib/python3.10/site-packages/gripper_sub
[5.886s] byte-compiling /workspace/ros2_robot_ws/install/gripper_sub/lib/python3.10/site-packages/gripper_sub/subscriber_member_function.py to subscriber_member_function.cpython-310.pyc
[5.886s] byte-compiling /workspace/ros2_robot_ws/install/gripper_sub/lib/python3.10/site-packages/gripper_sub/claw.py to claw.cpython-310.pyc
[5.886s] byte-compiling /workspace/ros2_robot_ws/install/gripper_sub/lib/python3.10/site-packages/gripper_sub/gripper_sub_main.py to gripper_sub_main.cpython-310.pyc
[5.887s] byte-compiling /workspace/ros2_robot_ws/install/gripper_sub/lib/python3.10/site-packages/gripper_sub/table.py to table.cpython-310.pyc
[5.887s] byte-compiling /workspace/ros2_robot_ws/install/gripper_sub/lib/python3.10/site-packages/gripper_sub/__init__.py to __init__.cpython-310.pyc
[5.887s] running install_data
[5.897s] creating /workspace/ros2_robot_ws/install/gripper_sub/share/ament_index
[5.897s] creating /workspace/ros2_robot_ws/install/gripper_sub/share/ament_index/resource_index
[5.897s] creating /workspace/ros2_robot_ws/install/gripper_sub/share/ament_index/resource_index/packages
[5.898s] copying resource/gripper_sub -> /workspace/ros2_robot_ws/install/gripper_sub/share/ament_index/resource_index/packages
[5.899s] copying package.xml -> /workspace/ros2_robot_ws/install/gripper_sub/share/gripper_sub
[5.899s] running install_egg_info
[5.908s] Copying ../../build/gripper_sub/gripper_sub.egg-info to /workspace/ros2_robot_ws/install/gripper_sub/lib/python3.10/site-packages/gripper_sub-0.0.0-py3.10.egg-info
[5.921s] running install_scripts
[6.129s] Installing listener script to /workspace/ros2_robot_ws/install/gripper_sub/lib/gripper_sub
[6.131s] writing list of installed files to '/workspace/ros2_robot_ws/build/gripper_sub/install.log'
[6.395s] Invoked command in '/workspace/ros2_robot_ws/src/gripper_sub' returned '0': AMENT_PREFIX_PATH=/workspace/ros2_robot_ws/install/robot_interfaces:${AMENT_PREFIX_PATH} CMAKE_PREFIX_PATH=/workspace/ros2_robot_ws/install/robot_interfaces LD_LIBRARY_PATH=/workspace/ros2_robot_ws/install/robot_interfaces/lib:${LD_LIBRARY_PATH} PYTHONPATH=/workspace/ros2_robot_ws/build/gripper_sub/prefix_override:/usr/lib/python3/dist-packages/colcon_core/task/python/colcon_distutils_commands:/workspace/ros2_robot_ws/install/gripper_sub/lib/python3.10/site-packages:/workspace/ros2_robot_ws/install/robot_interfaces/local/lib/python3.10/dist-packages:${PYTHONPATH} /usr/bin/python3 -W ignore:setup.py install is deprecated -W ignore:easy_install command is deprecated setup.py egg_info --egg-base ../../build/gripper_sub build --build-base /workspace/ros2_robot_ws/build/gripper_sub/build install --record /workspace/ros2_robot_ws/build/gripper_sub/install.log --single-version-externally-managed install_data
