[0.482s] DEBUG:colcon:Command line arguments: ['/usr/bin/colcon', 'build']
[0.482s] DEBUG:colcon:Parsed command line arguments: Namespace(log_base=None, log_level=None, verb_name='build', build_base='build', install_base='install', merge_install=False, symlink_install=False, test_result_base=None, continue_on_error=False, executor='parallel', parallel_workers=4, event_handlers=None, ignore_user_meta=False, metas=['./colcon.meta'], base_paths=['.'], packages_ignore=None, packages_ignore_regex=None, paths=None, packages_up_to=None, packages_up_to_regex=None, packages_above=None, packages_above_and_dependencies=None, packages_above_depth=None, packages_select_by_dep=None, packages_skip_by_dep=None, packages_skip_up_to=None, packages_select_build_failed=False, packages_skip_build_finished=False, packages_select_test_failures=False, packages_skip_test_passed=False, packages_select=None, packages_skip=None, packages_select_regex=None, packages_skip_regex=None, packages_start=None, packages_end=None, cmake_args=None, cmake_target=None, cmake_target_skip_unavailable=False, cmake_clean_cache=False, cmake_clean_first=False, cmake_force_configure=False, ament_cmake_args=None, catkin_cmake_args=None, catkin_skip_building_tests=False, mixin_files=None, mixin=None, verb_parser=<colcon_mixin.mixin.mixin_argument.MixinArgumentDecorator object at 0x7f983eada0>, verb_extension=<colcon_core.verb.build.BuildVerb object at 0x7f983ea7d0>, main=<bound method BuildVerb.main of <colcon_core.verb.build.BuildVerb object at 0x7f983ea7d0>>, mixin_verb=('build',))
[0.976s] Level 1:colcon.colcon_core.package_discovery:discover_packages(colcon_meta) check parameters
[0.979s] INFO:colcon.colcon_metadata.package_discovery.colcon_meta:Using configuration from '/root/.colcon/metadata/default/Gazebo.meta'
[0.981s] INFO:colcon.colcon_metadata.package_discovery.colcon_meta:Using configuration from '/root/.colcon/metadata/default/fastdds.meta'
[0.984s] INFO:colcon.colcon_metadata.package_discovery.colcon_meta:Using configuration from '/root/.colcon/metadata/default/fastrtps.meta'
[0.984s] Level 1:colcon.colcon_core.package_discovery:discover_packages(recursive) check parameters
[0.985s] Level 1:colcon.colcon_core.package_discovery:discover_packages(ignore) check parameters
[0.985s] Level 1:colcon.colcon_core.package_discovery:discover_packages(path) check parameters
[0.985s] Level 1:colcon.colcon_core.package_discovery:discover_packages(colcon_meta) discover
[0.985s] Level 1:colcon.colcon_core.package_discovery:discover_packages(recursive) discover
[0.986s] INFO:colcon.colcon_core.package_discovery:Crawling recursively for packages in '/workspace/ros2_robot_ws'
[0.986s] Level 1:colcon.colcon_core.package_identification:_identify(.) by extensions ['ignore', 'ignore_ament_install']
[0.987s] Level 1:colcon.colcon_core.package_identification:_identify(.) by extension 'ignore'
[0.988s] Level 1:colcon.colcon_core.package_identification:_identify(.) by extension 'ignore_ament_install'
[0.988s] Level 1:colcon.colcon_core.package_identification:_identify(.) by extensions ['colcon_pkg']
[0.988s] Level 1:colcon.colcon_core.package_identification:_identify(.) by extension 'colcon_pkg'
[0.989s] Level 1:colcon.colcon_core.package_identification:_identify(.) by extensions ['colcon_meta']
[0.989s] Level 1:colcon.colcon_core.package_identification:_identify(.) by extension 'colcon_meta'
[0.989s] Level 1:colcon.colcon_core.package_identification:_identify(.) by extensions ['ros']
[0.989s] Level 1:colcon.colcon_core.package_identification:_identify(.) by extension 'ros'
[1.030s] Level 1:colcon.colcon_core.package_identification:_identify(.) by extensions ['cmake', 'python']
[1.030s] Level 1:colcon.colcon_core.package_identification:_identify(.) by extension 'cmake'
[1.031s] Level 1:colcon.colcon_core.package_identification:_identify(.) by extension 'python'
[1.031s] Level 1:colcon.colcon_core.package_identification:_identify(.) by extensions ['python_setup_py']
[1.031s] Level 1:colcon.colcon_core.package_identification:_identify(.) by extension 'python_setup_py'
[1.031s] Level 1:colcon.colcon_core.package_identification:_identify(__pycache__) by extensions ['ignore', 'ignore_ament_install']
[1.032s] Level 1:colcon.colcon_core.package_identification:_identify(__pycache__) by extension 'ignore'
[1.032s] Level 1:colcon.colcon_core.package_identification:_identify(__pycache__) by extension 'ignore_ament_install'
[1.032s] Level 1:colcon.colcon_core.package_identification:_identify(__pycache__) by extensions ['colcon_pkg']
[1.032s] Level 1:colcon.colcon_core.package_identification:_identify(__pycache__) by extension 'colcon_pkg'
[1.032s] Level 1:colcon.colcon_core.package_identification:_identify(__pycache__) by extensions ['colcon_meta']
[1.033s] Level 1:colcon.colcon_core.package_identification:_identify(__pycache__) by extension 'colcon_meta'
[1.033s] Level 1:colcon.colcon_core.package_identification:_identify(__pycache__) by extensions ['ros']
[1.033s] Level 1:colcon.colcon_core.package_identification:_identify(__pycache__) by extension 'ros'
[1.033s] Level 1:colcon.colcon_core.package_identification:_identify(__pycache__) by extensions ['cmake', 'python']
[1.033s] Level 1:colcon.colcon_core.package_identification:_identify(__pycache__) by extension 'cmake'
[1.033s] Level 1:colcon.colcon_core.package_identification:_identify(__pycache__) by extension 'python'
[1.034s] Level 1:colcon.colcon_core.package_identification:_identify(__pycache__) by extensions ['python_setup_py']
[1.034s] Level 1:colcon.colcon_core.package_identification:_identify(__pycache__) by extension 'python_setup_py'
[1.034s] Level 1:colcon.colcon_core.package_identification:_identify(build) by extensions ['ignore', 'ignore_ament_install']
[1.034s] Level 1:colcon.colcon_core.package_identification:_identify(build) by extension 'ignore'
[1.034s] Level 1:colcon.colcon_core.package_identification:_identify(build) ignored
[1.035s] Level 1:colcon.colcon_core.package_identification:_identify(install) by extensions ['ignore', 'ignore_ament_install']
[1.035s] Level 1:colcon.colcon_core.package_identification:_identify(install) by extension 'ignore'
[1.035s] Level 1:colcon.colcon_core.package_identification:_identify(install) ignored
[1.036s] Level 1:colcon.colcon_core.package_identification:_identify(log) by extensions ['ignore', 'ignore_ament_install']
[1.036s] Level 1:colcon.colcon_core.package_identification:_identify(log) by extension 'ignore'
[1.036s] Level 1:colcon.colcon_core.package_identification:_identify(log) ignored
[1.037s] Level 1:colcon.colcon_core.package_identification:_identify(src) by extensions ['ignore', 'ignore_ament_install']
[1.037s] Level 1:colcon.colcon_core.package_identification:_identify(src) by extension 'ignore'
[1.037s] Level 1:colcon.colcon_core.package_identification:_identify(src) by extension 'ignore_ament_install'
[1.038s] Level 1:colcon.colcon_core.package_identification:_identify(src) by extensions ['colcon_pkg']
[1.038s] Level 1:colcon.colcon_core.package_identification:_identify(src) by extension 'colcon_pkg'
[1.038s] Level 1:colcon.colcon_core.package_identification:_identify(src) by extensions ['colcon_meta']
[1.038s] Level 1:colcon.colcon_core.package_identification:_identify(src) by extension 'colcon_meta'
[1.038s] Level 1:colcon.colcon_core.package_identification:_identify(src) by extensions ['ros']
[1.038s] Level 1:colcon.colcon_core.package_identification:_identify(src) by extension 'ros'
[1.039s] Level 1:colcon.colcon_core.package_identification:_identify(src) by extensions ['cmake', 'python']
[1.039s] Level 1:colcon.colcon_core.package_identification:_identify(src) by extension 'cmake'
[1.039s] Level 1:colcon.colcon_core.package_identification:_identify(src) by extension 'python'
[1.039s] Level 1:colcon.colcon_core.package_identification:_identify(src) by extensions ['python_setup_py']
[1.039s] Level 1:colcon.colcon_core.package_identification:_identify(src) by extension 'python_setup_py'
[1.039s] Level 1:colcon.colcon_core.package_identification:_identify(src/arm_test) by extensions ['ignore', 'ignore_ament_install']
[1.040s] Level 1:colcon.colcon_core.package_identification:_identify(src/arm_test) by extension 'ignore'
[1.040s] Level 1:colcon.colcon_core.package_identification:_identify(src/arm_test) by extension 'ignore_ament_install'
[1.040s] Level 1:colcon.colcon_core.package_identification:_identify(src/arm_test) by extensions ['colcon_pkg']
[1.040s] Level 1:colcon.colcon_core.package_identification:_identify(src/arm_test) by extension 'colcon_pkg'
[1.040s] Level 1:colcon.colcon_core.package_identification:_identify(src/arm_test) by extensions ['colcon_meta']
[1.041s] Level 1:colcon.colcon_core.package_identification:_identify(src/arm_test) by extension 'colcon_meta'
[1.041s] Level 1:colcon.colcon_core.package_identification:_identify(src/arm_test) by extensions ['ros']
[1.041s] Level 1:colcon.colcon_core.package_identification:_identify(src/arm_test) by extension 'ros'
[1.048s] DEBUG:colcon.colcon_core.package_identification:Package 'src/arm_test' with type 'ros.ament_python' and name 'arm_test'
[1.049s] Level 1:colcon.colcon_core.package_identification:_identify(src/gripper_pub) by extensions ['ignore', 'ignore_ament_install']
[1.049s] Level 1:colcon.colcon_core.package_identification:_identify(src/gripper_pub) by extension 'ignore'
[1.050s] Level 1:colcon.colcon_core.package_identification:_identify(src/gripper_pub) by extension 'ignore_ament_install'
[1.050s] Level 1:colcon.colcon_core.package_identification:_identify(src/gripper_pub) by extensions ['colcon_pkg']
[1.050s] Level 1:colcon.colcon_core.package_identification:_identify(src/gripper_pub) by extension 'colcon_pkg'
[1.050s] Level 1:colcon.colcon_core.package_identification:_identify(src/gripper_pub) by extensions ['colcon_meta']
[1.050s] Level 1:colcon.colcon_core.package_identification:_identify(src/gripper_pub) by extension 'colcon_meta'
[1.051s] Level 1:colcon.colcon_core.package_identification:_identify(src/gripper_pub) by extensions ['ros']
[1.051s] Level 1:colcon.colcon_core.package_identification:_identify(src/gripper_pub) by extension 'ros'
[1.053s] DEBUG:colcon.colcon_core.package_identification:Package 'src/gripper_pub' with type 'ros.ament_python' and name 'gripper_pub'
[1.053s] Level 1:colcon.colcon_core.package_identification:_identify(src/gripper_sub) by extensions ['ignore', 'ignore_ament_install']
[1.054s] Level 1:colcon.colcon_core.package_identification:_identify(src/gripper_sub) by extension 'ignore'
[1.054s] Level 1:colcon.colcon_core.package_identification:_identify(src/gripper_sub) by extension 'ignore_ament_install'
[1.054s] Level 1:colcon.colcon_core.package_identification:_identify(src/gripper_sub) by extensions ['colcon_pkg']
[1.055s] Level 1:colcon.colcon_core.package_identification:_identify(src/gripper_sub) by extension 'colcon_pkg'
[1.055s] Level 1:colcon.colcon_core.package_identification:_identify(src/gripper_sub) by extensions ['colcon_meta']
[1.055s] Level 1:colcon.colcon_core.package_identification:_identify(src/gripper_sub) by extension 'colcon_meta'
[1.055s] Level 1:colcon.colcon_core.package_identification:_identify(src/gripper_sub) by extensions ['ros']
[1.055s] Level 1:colcon.colcon_core.package_identification:_identify(src/gripper_sub) by extension 'ros'
[1.059s] DEBUG:colcon.colcon_core.package_identification:Package 'src/gripper_sub' with type 'ros.ament_python' and name 'gripper_sub'
[1.059s] Level 1:colcon.colcon_core.package_identification:_identify(src/robot_interfaces) by extensions ['ignore', 'ignore_ament_install']
[1.060s] Level 1:colcon.colcon_core.package_identification:_identify(src/robot_interfaces) by extension 'ignore'
[1.060s] Level 1:colcon.colcon_core.package_identification:_identify(src/robot_interfaces) by extension 'ignore_ament_install'
[1.061s] Level 1:colcon.colcon_core.package_identification:_identify(src/robot_interfaces) by extensions ['colcon_pkg']
[1.061s] Level 1:colcon.colcon_core.package_identification:_identify(src/robot_interfaces) by extension 'colcon_pkg'
[1.061s] Level 1:colcon.colcon_core.package_identification:_identify(src/robot_interfaces) by extensions ['colcon_meta']
[1.061s] Level 1:colcon.colcon_core.package_identification:_identify(src/robot_interfaces) by extension 'colcon_meta'
[1.062s] Level 1:colcon.colcon_core.package_identification:_identify(src/robot_interfaces) by extensions ['ros']
[1.062s] Level 1:colcon.colcon_core.package_identification:_identify(src/robot_interfaces) by extension 'ros'
[1.064s] DEBUG:colcon.colcon_core.package_identification:Package 'src/robot_interfaces' with type 'ros.ament_cmake' and name 'robot_interfaces'
[1.065s] Level 1:colcon.colcon_core.package_identification:_identify(src/utils) by extensions ['ignore', 'ignore_ament_install']
[1.066s] Level 1:colcon.colcon_core.package_identification:_identify(src/utils) by extension 'ignore'
[1.066s] Level 1:colcon.colcon_core.package_identification:_identify(src/utils) by extension 'ignore_ament_install'
[1.066s] Level 1:colcon.colcon_core.package_identification:_identify(src/utils) by extensions ['colcon_pkg']
[1.066s] Level 1:colcon.colcon_core.package_identification:_identify(src/utils) by extension 'colcon_pkg'
[1.067s] Level 1:colcon.colcon_core.package_identification:_identify(src/utils) by extensions ['colcon_meta']
[1.067s] Level 1:colcon.colcon_core.package_identification:_identify(src/utils) by extension 'colcon_meta'
[1.067s] Level 1:colcon.colcon_core.package_identification:_identify(src/utils) by extensions ['ros']
[1.067s] Level 1:colcon.colcon_core.package_identification:_identify(src/utils) by extension 'ros'
[1.070s] DEBUG:colcon.colcon_core.package_identification:Package 'src/utils' with type 'ros.ament_python' and name 'utils'
[1.070s] Level 1:colcon.colcon_core.package_discovery:discover_packages(recursive) using defaults
[1.071s] Level 1:colcon.colcon_core.package_discovery:discover_packages(ignore) discover
[1.071s] Level 1:colcon.colcon_core.package_discovery:discover_packages(ignore) using defaults
[1.071s] Level 1:colcon.colcon_core.package_discovery:discover_packages(path) discover
[1.071s] Level 1:colcon.colcon_core.package_discovery:discover_packages(path) using defaults
[1.156s] Level 5:colcon.colcon_core.verb:set package 'robot_interfaces' build argument 'cmake_args' from command line to 'None'
[1.156s] Level 5:colcon.colcon_core.verb:set package 'robot_interfaces' build argument 'cmake_target' from command line to 'None'
[1.156s] Level 5:colcon.colcon_core.verb:set package 'robot_interfaces' build argument 'cmake_target_skip_unavailable' from command line to 'False'
[1.156s] Level 5:colcon.colcon_core.verb:set package 'robot_interfaces' build argument 'cmake_clean_cache' from command line to 'False'
[1.156s] Level 5:colcon.colcon_core.verb:set package 'robot_interfaces' build argument 'cmake_clean_first' from command line to 'False'
[1.156s] Level 5:colcon.colcon_core.verb:set package 'robot_interfaces' build argument 'cmake_force_configure' from command line to 'False'
[1.157s] Level 5:colcon.colcon_core.verb:set package 'robot_interfaces' build argument 'ament_cmake_args' from command line to 'None'
[1.157s] Level 5:colcon.colcon_core.verb:set package 'robot_interfaces' build argument 'catkin_cmake_args' from command line to 'None'
[1.157s] Level 5:colcon.colcon_core.verb:set package 'robot_interfaces' build argument 'catkin_skip_building_tests' from command line to 'False'
[1.157s] DEBUG:colcon.colcon_core.verb:Building package 'robot_interfaces' with the following arguments: {'ament_cmake_args': None, 'build_base': '/workspace/ros2_robot_ws/build/robot_interfaces', 'catkin_cmake_args': None, 'catkin_skip_building_tests': False, 'cmake_args': None, 'cmake_clean_cache': False, 'cmake_clean_first': False, 'cmake_force_configure': False, 'cmake_target': None, 'cmake_target_skip_unavailable': False, 'install_base': '/workspace/ros2_robot_ws/install/robot_interfaces', 'merge_install': False, 'path': '/workspace/ros2_robot_ws/src/robot_interfaces', 'symlink_install': False, 'test_result_base': None}
[1.158s] Level 5:colcon.colcon_core.verb:set package 'utils' build argument 'cmake_args' from command line to 'None'
[1.159s] Level 5:colcon.colcon_core.verb:set package 'utils' build argument 'cmake_target' from command line to 'None'
[1.159s] Level 5:colcon.colcon_core.verb:set package 'utils' build argument 'cmake_target_skip_unavailable' from command line to 'False'
[1.159s] Level 5:colcon.colcon_core.verb:set package 'utils' build argument 'cmake_clean_cache' from command line to 'False'
[1.159s] Level 5:colcon.colcon_core.verb:set package 'utils' build argument 'cmake_clean_first' from command line to 'False'
[1.159s] Level 5:colcon.colcon_core.verb:set package 'utils' build argument 'cmake_force_configure' from command line to 'False'
[1.159s] Level 5:colcon.colcon_core.verb:set package 'utils' build argument 'ament_cmake_args' from command line to 'None'
[1.159s] Level 5:colcon.colcon_core.verb:set package 'utils' build argument 'catkin_cmake_args' from command line to 'None'
[1.159s] Level 5:colcon.colcon_core.verb:set package 'utils' build argument 'catkin_skip_building_tests' from command line to 'False'
[1.159s] DEBUG:colcon.colcon_core.verb:Building package 'utils' with the following arguments: {'ament_cmake_args': None, 'build_base': '/workspace/ros2_robot_ws/build/utils', 'catkin_cmake_args': None, 'catkin_skip_building_tests': False, 'cmake_args': None, 'cmake_clean_cache': False, 'cmake_clean_first': False, 'cmake_force_configure': False, 'cmake_target': None, 'cmake_target_skip_unavailable': False, 'install_base': '/workspace/ros2_robot_ws/install/utils', 'merge_install': False, 'path': '/workspace/ros2_robot_ws/src/utils', 'symlink_install': False, 'test_result_base': None}
[1.161s] Level 5:colcon.colcon_core.verb:set package 'arm_test' build argument 'cmake_args' from command line to 'None'
[1.161s] Level 5:colcon.colcon_core.verb:set package 'arm_test' build argument 'cmake_target' from command line to 'None'
[1.161s] Level 5:colcon.colcon_core.verb:set package 'arm_test' build argument 'cmake_target_skip_unavailable' from command line to 'False'
[1.161s] Level 5:colcon.colcon_core.verb:set package 'arm_test' build argument 'cmake_clean_cache' from command line to 'False'
[1.161s] Level 5:colcon.colcon_core.verb:set package 'arm_test' build argument 'cmake_clean_first' from command line to 'False'
[1.161s] Level 5:colcon.colcon_core.verb:set package 'arm_test' build argument 'cmake_force_configure' from command line to 'False'
[1.161s] Level 5:colcon.colcon_core.verb:set package 'arm_test' build argument 'ament_cmake_args' from command line to 'None'
[1.162s] Level 5:colcon.colcon_core.verb:set package 'arm_test' build argument 'catkin_cmake_args' from command line to 'None'
[1.162s] Level 5:colcon.colcon_core.verb:set package 'arm_test' build argument 'catkin_skip_building_tests' from command line to 'False'
[1.162s] DEBUG:colcon.colcon_core.verb:Building package 'arm_test' with the following arguments: {'ament_cmake_args': None, 'build_base': '/workspace/ros2_robot_ws/build/arm_test', 'catkin_cmake_args': None, 'catkin_skip_building_tests': False, 'cmake_args': None, 'cmake_clean_cache': False, 'cmake_clean_first': False, 'cmake_force_configure': False, 'cmake_target': None, 'cmake_target_skip_unavailable': False, 'install_base': '/workspace/ros2_robot_ws/install/arm_test', 'merge_install': False, 'path': '/workspace/ros2_robot_ws/src/arm_test', 'symlink_install': False, 'test_result_base': None}
[1.163s] Level 5:colcon.colcon_core.verb:set package 'gripper_pub' build argument 'cmake_args' from command line to 'None'
[1.163s] Level 5:colcon.colcon_core.verb:set package 'gripper_pub' build argument 'cmake_target' from command line to 'None'
[1.163s] Level 5:colcon.colcon_core.verb:set package 'gripper_pub' build argument 'cmake_target_skip_unavailable' from command line to 'False'
[1.163s] Level 5:colcon.colcon_core.verb:set package 'gripper_pub' build argument 'cmake_clean_cache' from command line to 'False'
[1.164s] Level 5:colcon.colcon_core.verb:set package 'gripper_pub' build argument 'cmake_clean_first' from command line to 'False'
[1.164s] Level 5:colcon.colcon_core.verb:set package 'gripper_pub' build argument 'cmake_force_configure' from command line to 'False'
[1.164s] Level 5:colcon.colcon_core.verb:set package 'gripper_pub' build argument 'ament_cmake_args' from command line to 'None'
[1.164s] Level 5:colcon.colcon_core.verb:set package 'gripper_pub' build argument 'catkin_cmake_args' from command line to 'None'
[1.164s] Level 5:colcon.colcon_core.verb:set package 'gripper_pub' build argument 'catkin_skip_building_tests' from command line to 'False'
[1.164s] DEBUG:colcon.colcon_core.verb:Building package 'gripper_pub' with the following arguments: {'ament_cmake_args': None, 'build_base': '/workspace/ros2_robot_ws/build/gripper_pub', 'catkin_cmake_args': None, 'catkin_skip_building_tests': False, 'cmake_args': None, 'cmake_clean_cache': False, 'cmake_clean_first': False, 'cmake_force_configure': False, 'cmake_target': None, 'cmake_target_skip_unavailable': False, 'install_base': '/workspace/ros2_robot_ws/install/gripper_pub', 'merge_install': False, 'path': '/workspace/ros2_robot_ws/src/gripper_pub', 'symlink_install': False, 'test_result_base': None}
[1.165s] Level 5:colcon.colcon_core.verb:set package 'gripper_sub' build argument 'cmake_args' from command line to 'None'
[1.166s] Level 5:colcon.colcon_core.verb:set package 'gripper_sub' build argument 'cmake_target' from command line to 'None'
[1.166s] Level 5:colcon.colcon_core.verb:set package 'gripper_sub' build argument 'cmake_target_skip_unavailable' from command line to 'False'
[1.166s] Level 5:colcon.colcon_core.verb:set package 'gripper_sub' build argument 'cmake_clean_cache' from command line to 'False'
[1.166s] Level 5:colcon.colcon_core.verb:set package 'gripper_sub' build argument 'cmake_clean_first' from command line to 'False'
[1.166s] Level 5:colcon.colcon_core.verb:set package 'gripper_sub' build argument 'cmake_force_configure' from command line to 'False'
[1.166s] Level 5:colcon.colcon_core.verb:set package 'gripper_sub' build argument 'ament_cmake_args' from command line to 'None'
[1.166s] Level 5:colcon.colcon_core.verb:set package 'gripper_sub' build argument 'catkin_cmake_args' from command line to 'None'
[1.166s] Level 5:colcon.colcon_core.verb:set package 'gripper_sub' build argument 'catkin_skip_building_tests' from command line to 'False'
[1.166s] DEBUG:colcon.colcon_core.verb:Building package 'gripper_sub' with the following arguments: {'ament_cmake_args': None, 'build_base': '/workspace/ros2_robot_ws/build/gripper_sub', 'catkin_cmake_args': None, 'catkin_skip_building_tests': False, 'cmake_args': None, 'cmake_clean_cache': False, 'cmake_clean_first': False, 'cmake_force_configure': False, 'cmake_target': None, 'cmake_target_skip_unavailable': False, 'install_base': '/workspace/ros2_robot_ws/install/gripper_sub', 'merge_install': False, 'path': '/workspace/ros2_robot_ws/src/gripper_sub', 'symlink_install': False, 'test_result_base': None}
[1.167s] INFO:colcon.colcon_core.executor:Executing jobs using 'parallel' executor
[1.171s] DEBUG:colcon.colcon_parallel_executor.executor.parallel:run_until_complete
[1.172s] INFO:colcon.colcon_ros.task.ament_cmake.build:Building ROS package in '/workspace/ros2_robot_ws/src/robot_interfaces' with build type 'ament_cmake'
[1.173s] INFO:colcon.colcon_cmake.task.cmake.build:Building CMake package in '/workspace/ros2_robot_ws/src/robot_interfaces'
[1.182s] INFO:colcon.colcon_core.plugin_system:Skipping extension 'colcon_core.shell.bat': Not used on non-Windows systems
[1.183s] INFO:colcon.colcon_core.shell:Skip shell extension 'powershell' for command environment: Not usable outside of PowerShell
[1.183s] DEBUG:colcon.colcon_core.shell:Skip shell extension 'dsv' for command environment
[1.200s] INFO:colcon.colcon_ros.task.ament_python.build:Building ROS package in '/workspace/ros2_robot_ws/src/utils' with build type 'ament_python'
[1.200s] Level 1:colcon.colcon_core.shell:create_environment_hook('utils', 'ament_prefix_path')
[1.202s] INFO:colcon.colcon_core.shell:Creating environment hook '/workspace/ros2_robot_ws/install/utils/share/utils/hook/ament_prefix_path.ps1'
[1.205s] INFO:colcon.colcon_core.shell:Creating environment descriptor '/workspace/ros2_robot_ws/install/utils/share/utils/hook/ament_prefix_path.dsv'
[1.208s] INFO:colcon.colcon_core.shell:Creating environment hook '/workspace/ros2_robot_ws/install/utils/share/utils/hook/ament_prefix_path.sh'
[1.212s] INFO:colcon.colcon_core.shell:Skip shell extension 'powershell' for command environment: Not usable outside of PowerShell
[1.213s] DEBUG:colcon.colcon_core.shell:Skip shell extension 'dsv' for command environment
[1.240s] DEBUG:colcon.colcon_core.event_handler.log_command:Invoking command in '/workspace/ros2_robot_ws/build/robot_interfaces': CMAKE_PREFIX_PATH=${CMAKE_PREFIX_PATH}:/workspace/ros2_robot_ws/install/gripper_sub:/workspace/ros2_robot_ws/install/gripper_pub:/workspace/ros2_robot_ws/install/utils:/workspace/ros2_robot_ws/install/arm_test:/opt/ros/humble /usr/bin/cmake --build /workspace/ros2_robot_ws/build/robot_interfaces -- -j4 -l4
[2.780s] INFO:colcon.colcon_core.task.python.build:Building Python package in '/workspace/ros2_robot_ws/src/utils'
[2.781s] INFO:colcon.colcon_core.shell:Skip shell extension 'powershell' for command environment: Not usable outside of PowerShell
[2.781s] DEBUG:colcon.colcon_core.shell:Skip shell extension 'dsv' for command environment
[4.256s] DEBUG:colcon.colcon_core.event_handler.log_command:Invoking command in '/workspace/ros2_robot_ws/src/utils': PYTHONPATH=/workspace/ros2_robot_ws/build/utils/prefix_override:/usr/lib/python3/dist-packages/colcon_core/task/python/colcon_distutils_commands:/workspace/ros2_robot_ws/install/utils/lib/python3.10/site-packages:${PYTHONPATH} /usr/bin/python3 -W ignore:setup.py install is deprecated -W ignore:easy_install command is deprecated setup.py egg_info --egg-base ../../build/utils build --build-base /workspace/ros2_robot_ws/build/utils/build install --record /workspace/ros2_robot_ws/build/utils/install.log --single-version-externally-managed install_data
[5.298s] DEBUG:colcon.colcon_core.event_handler.log_command:Invoked command in '/workspace/ros2_robot_ws/src/utils' returned '0': PYTHONPATH=/workspace/ros2_robot_ws/build/utils/prefix_override:/usr/lib/python3/dist-packages/colcon_core/task/python/colcon_distutils_commands:/workspace/ros2_robot_ws/install/utils/lib/python3.10/site-packages:${PYTHONPATH} /usr/bin/python3 -W ignore:setup.py install is deprecated -W ignore:easy_install command is deprecated setup.py egg_info --egg-base ../../build/utils build --build-base /workspace/ros2_robot_ws/build/utils/build install --record /workspace/ros2_robot_ws/build/utils/install.log --single-version-externally-managed install_data
[5.305s] Level 1:colcon.colcon_core.environment:checking '/workspace/ros2_robot_ws/install/utils' for CMake module files
[5.307s] Level 1:colcon.colcon_core.environment:checking '/workspace/ros2_robot_ws/install/utils' for CMake config files
[5.310s] Level 1:colcon.colcon_core.environment:checking '/workspace/ros2_robot_ws/install/utils/lib'
[5.311s] Level 1:colcon.colcon_core.environment:checking '/workspace/ros2_robot_ws/install/utils/bin'
[5.312s] Level 1:colcon.colcon_core.environment:checking '/workspace/ros2_robot_ws/install/utils/lib/pkgconfig/utils.pc'
[5.313s] Level 1:colcon.colcon_core.environment:checking '/workspace/ros2_robot_ws/install/utils/lib/python3.10/site-packages'
[5.314s] Level 1:colcon.colcon_core.shell:create_environment_hook('utils', 'pythonpath')
[5.315s] INFO:colcon.colcon_core.shell:Creating environment hook '/workspace/ros2_robot_ws/install/utils/share/utils/hook/pythonpath.ps1'
[5.319s] INFO:colcon.colcon_core.shell:Creating environment descriptor '/workspace/ros2_robot_ws/install/utils/share/utils/hook/pythonpath.dsv'
[5.322s] INFO:colcon.colcon_core.shell:Creating environment hook '/workspace/ros2_robot_ws/install/utils/share/utils/hook/pythonpath.sh'
[5.324s] Level 1:colcon.colcon_core.environment:checking '/workspace/ros2_robot_ws/install/utils/bin'
[5.325s] Level 1:colcon.colcon_core.environment:create_environment_scripts_only(utils)
[5.326s] INFO:colcon.colcon_core.shell:Creating package script '/workspace/ros2_robot_ws/install/utils/share/utils/package.ps1'
[5.330s] INFO:colcon.colcon_core.shell:Creating package descriptor '/workspace/ros2_robot_ws/install/utils/share/utils/package.dsv'
[5.332s] INFO:colcon.colcon_core.shell:Creating package script '/workspace/ros2_robot_ws/install/utils/share/utils/package.sh'
[5.336s] INFO:colcon.colcon_core.shell:Creating package script '/workspace/ros2_robot_ws/install/utils/share/utils/package.bash'
[5.339s] INFO:colcon.colcon_core.shell:Creating package script '/workspace/ros2_robot_ws/install/utils/share/utils/package.zsh'
[5.342s] Level 1:colcon.colcon_core.environment:create_file_with_runtime_dependencies(/workspace/ros2_robot_ws/install/utils/share/colcon-core/packages/utils)
[7.420s] DEBUG:colcon.colcon_core.event_handler.log_command:Invoked command in '/workspace/ros2_robot_ws/build/robot_interfaces' returned '0': CMAKE_PREFIX_PATH=${CMAKE_PREFIX_PATH}:/workspace/ros2_robot_ws/install/gripper_sub:/workspace/ros2_robot_ws/install/gripper_pub:/workspace/ros2_robot_ws/install/utils:/workspace/ros2_robot_ws/install/arm_test:/opt/ros/humble /usr/bin/cmake --build /workspace/ros2_robot_ws/build/robot_interfaces -- -j4 -l4
[7.446s] DEBUG:colcon.colcon_core.event_handler.log_command:Invoking command in '/workspace/ros2_robot_ws/build/robot_interfaces': CMAKE_PREFIX_PATH=${CMAKE_PREFIX_PATH}:/workspace/ros2_robot_ws/install/gripper_sub:/workspace/ros2_robot_ws/install/gripper_pub:/workspace/ros2_robot_ws/install/utils:/workspace/ros2_robot_ws/install/arm_test:/opt/ros/humble /usr/bin/cmake --install /workspace/ros2_robot_ws/build/robot_interfaces
[7.732s] Level 1:colcon.colcon_core.environment:create_environment_scripts_only(robot_interfaces)
[7.732s] DEBUG:colcon.colcon_core.event_handler.log_command:Invoked command in '/workspace/ros2_robot_ws/build/robot_interfaces' returned '0': CMAKE_PREFIX_PATH=${CMAKE_PREFIX_PATH}:/workspace/ros2_robot_ws/install/gripper_sub:/workspace/ros2_robot_ws/install/gripper_pub:/workspace/ros2_robot_ws/install/utils:/workspace/ros2_robot_ws/install/arm_test:/opt/ros/humble /usr/bin/cmake --install /workspace/ros2_robot_ws/build/robot_interfaces
[7.733s] Level 1:colcon.colcon_core.environment:checking '/workspace/ros2_robot_ws/install/robot_interfaces' for CMake module files
[7.736s] Level 1:colcon.colcon_core.environment:checking '/workspace/ros2_robot_ws/install/robot_interfaces' for CMake config files
[7.736s] Level 1:colcon.colcon_core.shell:create_environment_hook('robot_interfaces', 'cmake_prefix_path')
[7.737s] INFO:colcon.colcon_core.shell:Creating environment hook '/workspace/ros2_robot_ws/install/robot_interfaces/share/robot_interfaces/hook/cmake_prefix_path.ps1'
[7.739s] INFO:colcon.colcon_core.shell:Creating environment descriptor '/workspace/ros2_robot_ws/install/robot_interfaces/share/robot_interfaces/hook/cmake_prefix_path.dsv'
[7.741s] INFO:colcon.colcon_core.shell:Creating environment hook '/workspace/ros2_robot_ws/install/robot_interfaces/share/robot_interfaces/hook/cmake_prefix_path.sh'
[7.743s] Level 1:colcon.colcon_core.environment:checking '/workspace/ros2_robot_ws/install/robot_interfaces/lib'
[7.744s] Level 1:colcon.colcon_core.shell:create_environment_hook('robot_interfaces', 'ld_library_path_lib')
[7.745s] INFO:colcon.colcon_core.shell:Creating environment hook '/workspace/ros2_robot_ws/install/robot_interfaces/share/robot_interfaces/hook/ld_library_path_lib.ps1'
[7.747s] INFO:colcon.colcon_core.shell:Creating environment descriptor '/workspace/ros2_robot_ws/install/robot_interfaces/share/robot_interfaces/hook/ld_library_path_lib.dsv'
[7.748s] INFO:colcon.colcon_core.shell:Creating environment hook '/workspace/ros2_robot_ws/install/robot_interfaces/share/robot_interfaces/hook/ld_library_path_lib.sh'
[7.750s] Level 1:colcon.colcon_core.environment:checking '/workspace/ros2_robot_ws/install/robot_interfaces/bin'
[7.751s] Level 1:colcon.colcon_core.environment:checking '/workspace/ros2_robot_ws/install/robot_interfaces/lib/pkgconfig/robot_interfaces.pc'
[7.752s] Level 1:colcon.colcon_core.environment:checking '/workspace/ros2_robot_ws/install/robot_interfaces/lib/python3.10/site-packages'
[7.752s] Level 1:colcon.colcon_core.environment:checking '/workspace/ros2_robot_ws/install/robot_interfaces/bin'
[7.754s] INFO:colcon.colcon_core.shell:Creating package script '/workspace/ros2_robot_ws/install/robot_interfaces/share/robot_interfaces/package.ps1'
[7.756s] INFO:colcon.colcon_core.shell:Creating package descriptor '/workspace/ros2_robot_ws/install/robot_interfaces/share/robot_interfaces/package.dsv'
[7.758s] INFO:colcon.colcon_core.shell:Creating package script '/workspace/ros2_robot_ws/install/robot_interfaces/share/robot_interfaces/package.sh'
[7.760s] INFO:colcon.colcon_core.shell:Creating package script '/workspace/ros2_robot_ws/install/robot_interfaces/share/robot_interfaces/package.bash'
[7.762s] INFO:colcon.colcon_core.shell:Creating package script '/workspace/ros2_robot_ws/install/robot_interfaces/share/robot_interfaces/package.zsh'
[7.764s] Level 1:colcon.colcon_core.environment:create_file_with_runtime_dependencies(/workspace/ros2_robot_ws/install/robot_interfaces/share/colcon-core/packages/robot_interfaces)
[7.767s] Level 1:colcon.colcon_core.environment:create_environment_scripts_only(robot_interfaces)
[7.768s] Level 1:colcon.colcon_core.environment:checking '/workspace/ros2_robot_ws/install/robot_interfaces' for CMake module files
[7.770s] Level 1:colcon.colcon_core.environment:checking '/workspace/ros2_robot_ws/install/robot_interfaces' for CMake config files
[7.771s] Level 1:colcon.colcon_core.shell:create_environment_hook('robot_interfaces', 'cmake_prefix_path')
[7.772s] INFO:colcon.colcon_core.shell:Creating environment hook '/workspace/ros2_robot_ws/install/robot_interfaces/share/robot_interfaces/hook/cmake_prefix_path.ps1'
[7.773s] INFO:colcon.colcon_core.shell:Creating environment descriptor '/workspace/ros2_robot_ws/install/robot_interfaces/share/robot_interfaces/hook/cmake_prefix_path.dsv'
[7.775s] INFO:colcon.colcon_core.shell:Creating environment hook '/workspace/ros2_robot_ws/install/robot_interfaces/share/robot_interfaces/hook/cmake_prefix_path.sh'
[7.778s] Level 1:colcon.colcon_core.environment:checking '/workspace/ros2_robot_ws/install/robot_interfaces/lib'
[7.778s] Level 1:colcon.colcon_core.shell:create_environment_hook('robot_interfaces', 'ld_library_path_lib')
[7.779s] INFO:colcon.colcon_core.shell:Creating environment hook '/workspace/ros2_robot_ws/install/robot_interfaces/share/robot_interfaces/hook/ld_library_path_lib.ps1'
[7.781s] INFO:colcon.colcon_core.shell:Creating environment descriptor '/workspace/ros2_robot_ws/install/robot_interfaces/share/robot_interfaces/hook/ld_library_path_lib.dsv'
[7.782s] INFO:colcon.colcon_core.shell:Creating environment hook '/workspace/ros2_robot_ws/install/robot_interfaces/share/robot_interfaces/hook/ld_library_path_lib.sh'
[7.784s] Level 1:colcon.colcon_core.environment:checking '/workspace/ros2_robot_ws/install/robot_interfaces/bin'
[7.785s] Level 1:colcon.colcon_core.environment:checking '/workspace/ros2_robot_ws/install/robot_interfaces/lib/pkgconfig/robot_interfaces.pc'
[7.785s] Level 1:colcon.colcon_core.environment:checking '/workspace/ros2_robot_ws/install/robot_interfaces/lib/python3.10/site-packages'
[7.786s] Level 1:colcon.colcon_core.environment:checking '/workspace/ros2_robot_ws/install/robot_interfaces/bin'
[7.788s] INFO:colcon.colcon_core.shell:Creating package script '/workspace/ros2_robot_ws/install/robot_interfaces/share/robot_interfaces/package.ps1'
[7.791s] INFO:colcon.colcon_core.shell:Creating package descriptor '/workspace/ros2_robot_ws/install/robot_interfaces/share/robot_interfaces/package.dsv'
[7.794s] INFO:colcon.colcon_core.shell:Creating package script '/workspace/ros2_robot_ws/install/robot_interfaces/share/robot_interfaces/package.sh'
[7.797s] INFO:colcon.colcon_core.shell:Creating package script '/workspace/ros2_robot_ws/install/robot_interfaces/share/robot_interfaces/package.bash'
[7.799s] INFO:colcon.colcon_core.shell:Creating package script '/workspace/ros2_robot_ws/install/robot_interfaces/share/robot_interfaces/package.zsh'
[7.801s] Level 1:colcon.colcon_core.environment:create_file_with_runtime_dependencies(/workspace/ros2_robot_ws/install/robot_interfaces/share/colcon-core/packages/robot_interfaces)
[7.805s] INFO:colcon.colcon_ros.task.ament_python.build:Building ROS package in '/workspace/ros2_robot_ws/src/arm_test' with build type 'ament_python'
[7.806s] Level 1:colcon.colcon_core.shell:create_environment_hook('arm_test', 'ament_prefix_path')
[7.807s] INFO:colcon.colcon_core.shell:Creating environment hook '/workspace/ros2_robot_ws/install/arm_test/share/arm_test/hook/ament_prefix_path.ps1'
[7.810s] INFO:colcon.colcon_core.shell:Creating environment descriptor '/workspace/ros2_robot_ws/install/arm_test/share/arm_test/hook/ament_prefix_path.dsv'
[7.813s] INFO:colcon.colcon_core.shell:Creating environment hook '/workspace/ros2_robot_ws/install/arm_test/share/arm_test/hook/ament_prefix_path.sh'
[7.816s] INFO:colcon.colcon_core.shell:Skip shell extension 'powershell' for command environment: Not usable outside of PowerShell
[7.816s] DEBUG:colcon.colcon_core.shell:Skip shell extension 'dsv' for command environment
[7.827s] INFO:colcon.colcon_ros.task.ament_python.build:Building ROS package in '/workspace/ros2_robot_ws/src/gripper_pub' with build type 'ament_python'
[7.828s] Level 1:colcon.colcon_core.shell:create_environment_hook('gripper_pub', 'ament_prefix_path')
[7.829s] INFO:colcon.colcon_core.shell:Creating environment hook '/workspace/ros2_robot_ws/install/gripper_pub/share/gripper_pub/hook/ament_prefix_path.ps1'
[7.832s] INFO:colcon.colcon_core.shell:Creating environment descriptor '/workspace/ros2_robot_ws/install/gripper_pub/share/gripper_pub/hook/ament_prefix_path.dsv'
[7.834s] INFO:colcon.colcon_core.shell:Creating environment hook '/workspace/ros2_robot_ws/install/gripper_pub/share/gripper_pub/hook/ament_prefix_path.sh'
[7.838s] INFO:colcon.colcon_core.shell:Skip shell extension 'powershell' for command environment: Not usable outside of PowerShell
[7.838s] DEBUG:colcon.colcon_core.shell:Skip shell extension 'dsv' for command environment
[7.849s] INFO:colcon.colcon_ros.task.ament_python.build:Building ROS package in '/workspace/ros2_robot_ws/src/gripper_sub' with build type 'ament_python'
[7.850s] Level 1:colcon.colcon_core.shell:create_environment_hook('gripper_sub', 'ament_prefix_path')
[7.851s] INFO:colcon.colcon_core.shell:Creating environment hook '/workspace/ros2_robot_ws/install/gripper_sub/share/gripper_sub/hook/ament_prefix_path.ps1'
[7.854s] INFO:colcon.colcon_core.shell:Creating environment descriptor '/workspace/ros2_robot_ws/install/gripper_sub/share/gripper_sub/hook/ament_prefix_path.dsv'
[7.856s] INFO:colcon.colcon_core.shell:Creating environment hook '/workspace/ros2_robot_ws/install/gripper_sub/share/gripper_sub/hook/ament_prefix_path.sh'
[7.862s] INFO:colcon.colcon_core.shell:Skip shell extension 'powershell' for command environment: Not usable outside of PowerShell
[7.863s] DEBUG:colcon.colcon_core.shell:Skip shell extension 'dsv' for command environment
[8.720s] INFO:colcon.colcon_core.task.python.build:Building Python package in '/workspace/ros2_robot_ws/src/arm_test'
[8.721s] INFO:colcon.colcon_core.shell:Skip shell extension 'powershell' for command environment: Not usable outside of PowerShell
[8.721s] DEBUG:colcon.colcon_core.shell:Skip shell extension 'dsv' for command environment
[9.520s] INFO:colcon.colcon_core.task.python.build:Building Python package in '/workspace/ros2_robot_ws/src/gripper_pub'
[9.521s] INFO:colcon.colcon_core.shell:Skip shell extension 'powershell' for command environment: Not usable outside of PowerShell
[9.521s] DEBUG:colcon.colcon_core.shell:Skip shell extension 'dsv' for command environment
[10.363s] INFO:colcon.colcon_core.task.python.build:Building Python package in '/workspace/ros2_robot_ws/src/gripper_sub'
[10.364s] INFO:colcon.colcon_core.shell:Skip shell extension 'powershell' for command environment: Not usable outside of PowerShell
[10.364s] DEBUG:colcon.colcon_core.shell:Skip shell extension 'dsv' for command environment
[11.920s] DEBUG:colcon.colcon_core.event_handler.log_command:Invoking command in '/workspace/ros2_robot_ws/src/gripper_pub': AMENT_PREFIX_PATH=/workspace/ros2_robot_ws/install/utils:/workspace/ros2_robot_ws/install/gripper_sub:/workspace/ros2_robot_ws/install/gripper_pub:/workspace/ros2_robot_ws/install/arm_test:/workspace/ros2_robot_ws/install/robot_interfaces:/opt/ros/humble PYTHONPATH=/workspace/ros2_robot_ws/build/gripper_pub/prefix_override:/usr/lib/python3/dist-packages/colcon_core/task/python/colcon_distutils_commands:/workspace/ros2_robot_ws/install/gripper_pub/lib/python3.10/site-packages:/workspace/ros2_robot_ws/install/utils/lib/python3.10/site-packages:/workspace/ros2_robot_ws/install/gripper_sub/lib/python3.10/site-packages:/workspace/ros2_robot_ws/install/gripper_pub/lib/python3.10/site-packages:/workspace/ros2_robot_ws/install/arm_test/lib/python3.10/site-packages:/workspace/ros2_robot_ws/install/robot_interfaces/local/lib/python3.10/dist-packages:/opt/ros/humble/lib/python3.10/site-packages:/opt/ros/humble/local/lib/python3.10/dist-packages /usr/bin/python3 -W ignore:setup.py install is deprecated -W ignore:easy_install command is deprecated setup.py egg_info --egg-base ../../build/gripper_pub build --build-base /workspace/ros2_robot_ws/build/gripper_pub/build install --record /workspace/ros2_robot_ws/build/gripper_pub/install.log --single-version-externally-managed install_data
[12.013s] DEBUG:colcon.colcon_core.event_handler.log_command:Invoking command in '/workspace/ros2_robot_ws/src/arm_test': PYTHONPATH=/workspace/ros2_robot_ws/build/arm_test/prefix_override:/usr/lib/python3/dist-packages/colcon_core/task/python/colcon_distutils_commands:/workspace/ros2_robot_ws/install/arm_test/lib/python3.10/site-packages:${PYTHONPATH} /usr/bin/python3 -W ignore:setup.py install is deprecated -W ignore:easy_install command is deprecated setup.py egg_info --egg-base ../../build/arm_test build --build-base /workspace/ros2_robot_ws/build/arm_test/build install --record /workspace/ros2_robot_ws/build/arm_test/install.log --single-version-externally-managed install_data
[12.023s] DEBUG:colcon.colcon_core.event_handler.log_command:Invoking command in '/workspace/ros2_robot_ws/src/gripper_sub': AMENT_PREFIX_PATH=/workspace/ros2_robot_ws/install/utils:/workspace/ros2_robot_ws/install/gripper_sub:/workspace/ros2_robot_ws/install/gripper_pub:/workspace/ros2_robot_ws/install/arm_test:/workspace/ros2_robot_ws/install/robot_interfaces:/opt/ros/humble PYTHONPATH=/workspace/ros2_robot_ws/build/gripper_sub/prefix_override:/usr/lib/python3/dist-packages/colcon_core/task/python/colcon_distutils_commands:/workspace/ros2_robot_ws/install/gripper_sub/lib/python3.10/site-packages:/workspace/ros2_robot_ws/install/utils/lib/python3.10/site-packages:/workspace/ros2_robot_ws/install/gripper_sub/lib/python3.10/site-packages:/workspace/ros2_robot_ws/install/gripper_pub/lib/python3.10/site-packages:/workspace/ros2_robot_ws/install/arm_test/lib/python3.10/site-packages:/workspace/ros2_robot_ws/install/robot_interfaces/local/lib/python3.10/dist-packages:/opt/ros/humble/lib/python3.10/site-packages:/opt/ros/humble/local/lib/python3.10/dist-packages /usr/bin/python3 -W ignore:setup.py install is deprecated -W ignore:easy_install command is deprecated setup.py egg_info --egg-base ../../build/gripper_sub build --build-base /workspace/ros2_robot_ws/build/gripper_sub/build install --record /workspace/ros2_robot_ws/build/gripper_sub/install.log --single-version-externally-managed install_data
[13.619s] Level 1:colcon.colcon_core.environment:checking '/workspace/ros2_robot_ws/install/gripper_pub' for CMake module files
[13.622s] DEBUG:colcon.colcon_core.event_handler.log_command:Invoked command in '/workspace/ros2_robot_ws/src/gripper_pub' returned '0': AMENT_PREFIX_PATH=/workspace/ros2_robot_ws/install/utils:/workspace/ros2_robot_ws/install/gripper_sub:/workspace/ros2_robot_ws/install/gripper_pub:/workspace/ros2_robot_ws/install/arm_test:/workspace/ros2_robot_ws/install/robot_interfaces:/opt/ros/humble PYTHONPATH=/workspace/ros2_robot_ws/build/gripper_pub/prefix_override:/usr/lib/python3/dist-packages/colcon_core/task/python/colcon_distutils_commands:/workspace/ros2_robot_ws/install/gripper_pub/lib/python3.10/site-packages:/workspace/ros2_robot_ws/install/utils/lib/python3.10/site-packages:/workspace/ros2_robot_ws/install/gripper_sub/lib/python3.10/site-packages:/workspace/ros2_robot_ws/install/gripper_pub/lib/python3.10/site-packages:/workspace/ros2_robot_ws/install/arm_test/lib/python3.10/site-packages:/workspace/ros2_robot_ws/install/robot_interfaces/local/lib/python3.10/dist-packages:/opt/ros/humble/lib/python3.10/site-packages:/opt/ros/humble/local/lib/python3.10/dist-packages /usr/bin/python3 -W ignore:setup.py install is deprecated -W ignore:easy_install command is deprecated setup.py egg_info --egg-base ../../build/gripper_pub build --build-base /workspace/ros2_robot_ws/build/gripper_pub/build install --record /workspace/ros2_robot_ws/build/gripper_pub/install.log --single-version-externally-managed install_data
[13.629s] Level 1:colcon.colcon_core.environment:checking '/workspace/ros2_robot_ws/install/gripper_pub' for CMake config files
[13.644s] Level 1:colcon.colcon_core.environment:checking '/workspace/ros2_robot_ws/install/gripper_pub/lib'
[13.650s] Level 1:colcon.colcon_core.environment:checking '/workspace/ros2_robot_ws/install/gripper_pub/bin'
[13.650s] Level 1:colcon.colcon_core.environment:checking '/workspace/ros2_robot_ws/install/gripper_pub/lib/pkgconfig/gripper_pub.pc'
[13.652s] Level 1:colcon.colcon_core.environment:checking '/workspace/ros2_robot_ws/install/gripper_pub/lib/python3.10/site-packages'
[13.657s] Level 1:colcon.colcon_core.shell:create_environment_hook('gripper_pub', 'pythonpath')
[13.659s] INFO:colcon.colcon_core.shell:Creating environment hook '/workspace/ros2_robot_ws/install/gripper_pub/share/gripper_pub/hook/pythonpath.ps1'
[13.670s] INFO:colcon.colcon_core.shell:Creating environment descriptor '/workspace/ros2_robot_ws/install/gripper_pub/share/gripper_pub/hook/pythonpath.dsv'
[13.673s] INFO:colcon.colcon_core.shell:Creating environment hook '/workspace/ros2_robot_ws/install/gripper_pub/share/gripper_pub/hook/pythonpath.sh'
[13.688s] Level 1:colcon.colcon_core.environment:checking '/workspace/ros2_robot_ws/install/gripper_pub/bin'
[13.689s] Level 1:colcon.colcon_core.environment:create_environment_scripts_only(gripper_pub)
[13.691s] INFO:colcon.colcon_core.shell:Creating package script '/workspace/ros2_robot_ws/install/gripper_pub/share/gripper_pub/package.ps1'
[13.700s] INFO:colcon.colcon_core.shell:Creating package descriptor '/workspace/ros2_robot_ws/install/gripper_pub/share/gripper_pub/package.dsv'
[13.709s] INFO:colcon.colcon_core.shell:Creating package script '/workspace/ros2_robot_ws/install/gripper_pub/share/gripper_pub/package.sh'
[13.723s] INFO:colcon.colcon_core.shell:Creating package script '/workspace/ros2_robot_ws/install/gripper_pub/share/gripper_pub/package.bash'
[13.729s] INFO:colcon.colcon_core.shell:Creating package script '/workspace/ros2_robot_ws/install/gripper_pub/share/gripper_pub/package.zsh'
[13.736s] Level 1:colcon.colcon_core.environment:create_file_with_runtime_dependencies(/workspace/ros2_robot_ws/install/gripper_pub/share/colcon-core/packages/gripper_pub)
[13.963s] Level 1:colcon.colcon_core.environment:checking '/workspace/ros2_robot_ws/install/arm_test' for CMake module files
[13.968s] Level 1:colcon.colcon_core.environment:checking '/workspace/ros2_robot_ws/install/arm_test' for CMake config files
[13.970s] DEBUG:colcon.colcon_core.event_handler.log_command:Invoked command in '/workspace/ros2_robot_ws/src/arm_test' returned '0': PYTHONPATH=/workspace/ros2_robot_ws/build/arm_test/prefix_override:/usr/lib/python3/dist-packages/colcon_core/task/python/colcon_distutils_commands:/workspace/ros2_robot_ws/install/arm_test/lib/python3.10/site-packages:${PYTHONPATH} /usr/bin/python3 -W ignore:setup.py install is deprecated -W ignore:easy_install command is deprecated setup.py egg_info --egg-base ../../build/arm_test build --build-base /workspace/ros2_robot_ws/build/arm_test/build install --record /workspace/ros2_robot_ws/build/arm_test/install.log --single-version-externally-managed install_data
[13.973s] Level 1:colcon.colcon_core.environment:checking '/workspace/ros2_robot_ws/install/arm_test/lib'
[13.975s] Level 1:colcon.colcon_core.environment:checking '/workspace/ros2_robot_ws/install/arm_test/bin'
[13.976s] Level 1:colcon.colcon_core.environment:checking '/workspace/ros2_robot_ws/install/arm_test/lib/pkgconfig/arm_test.pc'
[13.979s] Level 1:colcon.colcon_core.environment:checking '/workspace/ros2_robot_ws/install/arm_test/lib/python3.10/site-packages'
[13.980s] Level 1:colcon.colcon_core.shell:create_environment_hook('arm_test', 'pythonpath')
[13.983s] INFO:colcon.colcon_core.shell:Creating environment hook '/workspace/ros2_robot_ws/install/arm_test/share/arm_test/hook/pythonpath.ps1'
[13.989s] INFO:colcon.colcon_core.shell:Creating environment descriptor '/workspace/ros2_robot_ws/install/arm_test/share/arm_test/hook/pythonpath.dsv'
[13.996s] INFO:colcon.colcon_core.shell:Creating environment hook '/workspace/ros2_robot_ws/install/arm_test/share/arm_test/hook/pythonpath.sh'
[14.004s] Level 1:colcon.colcon_core.environment:checking '/workspace/ros2_robot_ws/install/arm_test/bin'
[14.006s] Level 1:colcon.colcon_core.environment:create_environment_scripts_only(arm_test)
[14.010s] INFO:colcon.colcon_core.shell:Creating package script '/workspace/ros2_robot_ws/install/arm_test/share/arm_test/package.ps1'
[14.024s] INFO:colcon.colcon_core.shell:Creating package descriptor '/workspace/ros2_robot_ws/install/arm_test/share/arm_test/package.dsv'
[14.028s] INFO:colcon.colcon_core.shell:Creating package script '/workspace/ros2_robot_ws/install/arm_test/share/arm_test/package.sh'
[14.039s] INFO:colcon.colcon_core.shell:Creating package script '/workspace/ros2_robot_ws/install/arm_test/share/arm_test/package.bash'
[14.047s] INFO:colcon.colcon_core.shell:Creating package script '/workspace/ros2_robot_ws/install/arm_test/share/arm_test/package.zsh'
[14.054s] Level 1:colcon.colcon_core.environment:create_file_with_runtime_dependencies(/workspace/ros2_robot_ws/install/arm_test/share/colcon-core/packages/arm_test)
[14.075s] Level 1:colcon.colcon_core.environment:checking '/workspace/ros2_robot_ws/install/gripper_sub' for CMake module files
[14.078s] Level 1:colcon.colcon_core.environment:checking '/workspace/ros2_robot_ws/install/gripper_sub' for CMake config files
[14.079s] DEBUG:colcon.colcon_core.event_handler.log_command:Invoked command in '/workspace/ros2_robot_ws/src/gripper_sub' returned '0': AMENT_PREFIX_PATH=/workspace/ros2_robot_ws/install/utils:/workspace/ros2_robot_ws/install/gripper_sub:/workspace/ros2_robot_ws/install/gripper_pub:/workspace/ros2_robot_ws/install/arm_test:/workspace/ros2_robot_ws/install/robot_interfaces:/opt/ros/humble PYTHONPATH=/workspace/ros2_robot_ws/build/gripper_sub/prefix_override:/usr/lib/python3/dist-packages/colcon_core/task/python/colcon_distutils_commands:/workspace/ros2_robot_ws/install/gripper_sub/lib/python3.10/site-packages:/workspace/ros2_robot_ws/install/utils/lib/python3.10/site-packages:/workspace/ros2_robot_ws/install/gripper_sub/lib/python3.10/site-packages:/workspace/ros2_robot_ws/install/gripper_pub/lib/python3.10/site-packages:/workspace/ros2_robot_ws/install/arm_test/lib/python3.10/site-packages:/workspace/ros2_robot_ws/install/robot_interfaces/local/lib/python3.10/dist-packages:/opt/ros/humble/lib/python3.10/site-packages:/opt/ros/humble/local/lib/python3.10/dist-packages /usr/bin/python3 -W ignore:setup.py install is deprecated -W ignore:easy_install command is deprecated setup.py egg_info --egg-base ../../build/gripper_sub build --build-base /workspace/ros2_robot_ws/build/gripper_sub/build install --record /workspace/ros2_robot_ws/build/gripper_sub/install.log --single-version-externally-managed install_data
[14.082s] Level 1:colcon.colcon_core.environment:checking '/workspace/ros2_robot_ws/install/gripper_sub/lib'
[14.083s] Level 1:colcon.colcon_core.environment:checking '/workspace/ros2_robot_ws/install/gripper_sub/bin'
[14.084s] Level 1:colcon.colcon_core.environment:checking '/workspace/ros2_robot_ws/install/gripper_sub/lib/pkgconfig/gripper_sub.pc'
[14.086s] Level 1:colcon.colcon_core.environment:checking '/workspace/ros2_robot_ws/install/gripper_sub/lib/python3.10/site-packages'
[14.086s] Level 1:colcon.colcon_core.shell:create_environment_hook('gripper_sub', 'pythonpath')
[14.088s] INFO:colcon.colcon_core.shell:Creating environment hook '/workspace/ros2_robot_ws/install/gripper_sub/share/gripper_sub/hook/pythonpath.ps1'
[14.091s] INFO:colcon.colcon_core.shell:Creating environment descriptor '/workspace/ros2_robot_ws/install/gripper_sub/share/gripper_sub/hook/pythonpath.dsv'
[14.093s] INFO:colcon.colcon_core.shell:Creating environment hook '/workspace/ros2_robot_ws/install/gripper_sub/share/gripper_sub/hook/pythonpath.sh'
[14.096s] Level 1:colcon.colcon_core.environment:checking '/workspace/ros2_robot_ws/install/gripper_sub/bin'
[14.097s] Level 1:colcon.colcon_core.environment:create_environment_scripts_only(gripper_sub)
[14.098s] INFO:colcon.colcon_core.shell:Creating package script '/workspace/ros2_robot_ws/install/gripper_sub/share/gripper_sub/package.ps1'
[14.102s] INFO:colcon.colcon_core.shell:Creating package descriptor '/workspace/ros2_robot_ws/install/gripper_sub/share/gripper_sub/package.dsv'
[14.105s] INFO:colcon.colcon_core.shell:Creating package script '/workspace/ros2_robot_ws/install/gripper_sub/share/gripper_sub/package.sh'
[14.108s] INFO:colcon.colcon_core.shell:Creating package script '/workspace/ros2_robot_ws/install/gripper_sub/share/gripper_sub/package.bash'
[14.113s] INFO:colcon.colcon_core.shell:Creating package script '/workspace/ros2_robot_ws/install/gripper_sub/share/gripper_sub/package.zsh'
[14.116s] Level 1:colcon.colcon_core.environment:create_file_with_runtime_dependencies(/workspace/ros2_robot_ws/install/gripper_sub/share/colcon-core/packages/gripper_sub)
[14.118s] DEBUG:colcon.colcon_parallel_executor.executor.parallel:closing loop
[14.119s] DEBUG:colcon.colcon_parallel_executor.executor.parallel:loop closed
[14.120s] DEBUG:colcon.colcon_parallel_executor.executor.parallel:run_until_complete finished with '0'
[14.120s] DEBUG:colcon.colcon_core.event_reactor:joining thread
[14.163s] INFO:colcon.colcon_core.plugin_system:Skipping extension 'colcon_notification.desktop_notification.notify_send': Could not find 'notify-send'
[14.163s] INFO:colcon.colcon_core.plugin_system:Skipping extension 'colcon_notification.desktop_notification.terminal_notifier': Not used on non-Darwin systems
[14.164s] INFO:colcon.colcon_core.plugin_system:Skipping extension 'colcon_notification.desktop_notification.win32': Not used on non-Windows systems
[14.164s] INFO:colcon.colcon_notification.desktop_notification:Sending desktop notification using 'notify2'
[14.164s] DEBUG:colcon.colcon_notification.desktop_notification.notify2:Failed to initialize notify2: org.freedesktop.DBus.Error.NotSupported: Unable to autolaunch a dbus-daemon without a $DISPLAY for X11
[14.165s] DEBUG:colcon.colcon_core.event_reactor:joined thread
[14.167s] INFO:colcon.colcon_core.shell:Creating prefix script '/workspace/ros2_robot_ws/install/local_setup.ps1'
[14.171s] INFO:colcon.colcon_core.shell:Creating prefix util module '/workspace/ros2_robot_ws/install/_local_setup_util_ps1.py'
[14.221s] INFO:colcon.colcon_core.shell:Creating prefix chain script '/workspace/ros2_robot_ws/install/setup.ps1'
[14.227s] INFO:colcon.colcon_core.shell:Creating prefix script '/workspace/ros2_robot_ws/install/local_setup.sh'
[14.231s] INFO:colcon.colcon_core.shell:Creating prefix util module '/workspace/ros2_robot_ws/install/_local_setup_util_sh.py'
[14.234s] INFO:colcon.colcon_core.shell:Creating prefix chain script '/workspace/ros2_robot_ws/install/setup.sh'
[14.240s] INFO:colcon.colcon_core.shell:Creating prefix script '/workspace/ros2_robot_ws/install/local_setup.bash'
[14.243s] INFO:colcon.colcon_core.shell:Creating prefix chain script '/workspace/ros2_robot_ws/install/setup.bash'
[14.249s] INFO:colcon.colcon_core.shell:Creating prefix script '/workspace/ros2_robot_ws/install/local_setup.zsh'
[14.252s] INFO:colcon.colcon_core.shell:Creating prefix chain script '/workspace/ros2_robot_ws/install/setup.zsh'
