[3.125s] Invoking command in '/home/pi/handsystem/ros2_robot_ws/src/gripper_sub': PYTHONPATH=/home/pi/handsystem/ros2_robot_ws/build/gripper_sub/prefix_override:/home/pi/handsystem/ros2_robot_ws/install/gripper_sub/lib/python3.10/site-packages:${PYTHONPATH} /usr/bin/python3 -W ignore:setup.py install is deprecated setup.py egg_info --egg-base ../../build/gripper_sub build --build-base /home/pi/handsystem/ros2_robot_ws/build/gripper_sub/build install --record /home/pi/handsystem/ros2_robot_ws/build/gripper_sub/install.log --single-version-externally-managed install_data
[4.274s] running egg_info
[4.277s] creating ../../build/gripper_sub/gripper_sub.egg-info
[4.278s] writing ../../build/gripper_sub/gripper_sub.egg-info/PKG-INFO
[4.279s] writing dependency_links to ../../build/gripper_sub/gripper_sub.egg-info/dependency_links.txt
[4.279s] writing entry points to ../../build/gripper_sub/gripper_sub.egg-info/entry_points.txt
[4.280s] writing requirements to ../../build/gripper_sub/gripper_sub.egg-info/requires.txt
[4.280s] writing top-level names to ../../build/gripper_sub/gripper_sub.egg-info/top_level.txt
[4.281s] writing manifest file '../../build/gripper_sub/gripper_sub.egg-info/SOURCES.txt'
[4.288s] reading manifest file '../../build/gripper_sub/gripper_sub.egg-info/SOURCES.txt'
[4.289s] adding license file 'LICENSE'
[4.296s] writing manifest file '../../build/gripper_sub/gripper_sub.egg-info/SOURCES.txt'
[4.296s] running build
[4.297s] running build_py
[4.297s] creating /home/pi/handsystem/ros2_robot_ws/build/gripper_sub/build
[4.298s] creating /home/pi/handsystem/ros2_robot_ws/build/gripper_sub/build/lib
[4.298s] creating /home/pi/handsystem/ros2_robot_ws/build/gripper_sub/build/lib/gripper_sub
[4.299s] copying gripper_sub/subscriber_member_function.py -> /home/pi/handsystem/ros2_robot_ws/build/gripper_sub/build/lib/gripper_sub
[4.299s] copying gripper_sub/__init__.py -> /home/pi/handsystem/ros2_robot_ws/build/gripper_sub/build/lib/gripper_sub
[4.300s] running install
[4.301s] running install_lib
[4.304s] creating /home/pi/handsystem/ros2_robot_ws/install/gripper_sub/lib/python3.10/site-packages/gripper_sub
[4.304s] copying /home/pi/handsystem/ros2_robot_ws/build/gripper_sub/build/lib/gripper_sub/subscriber_member_function.py -> /home/pi/handsystem/ros2_robot_ws/install/gripper_sub/lib/python3.10/site-packages/gripper_sub
[4.305s] copying /home/pi/handsystem/ros2_robot_ws/build/gripper_sub/build/lib/gripper_sub/__init__.py -> /home/pi/handsystem/ros2_robot_ws/install/gripper_sub/lib/python3.10/site-packages/gripper_sub
[4.308s] byte-compiling /home/pi/handsystem/ros2_robot_ws/install/gripper_sub/lib/python3.10/site-packages/gripper_sub/subscriber_member_function.py to subscriber_member_function.cpython-310.pyc
[4.310s] byte-compiling /home/pi/handsystem/ros2_robot_ws/install/gripper_sub/lib/python3.10/site-packages/gripper_sub/__init__.py to __init__.cpython-310.pyc
[4.311s] running install_data
[4.311s] creating /home/pi/handsystem/ros2_robot_ws/install/gripper_sub/share/ament_index
[4.312s] creating /home/pi/handsystem/ros2_robot_ws/install/gripper_sub/share/ament_index/resource_index
[4.312s] creating /home/pi/handsystem/ros2_robot_ws/install/gripper_sub/share/ament_index/resource_index/packages
[4.313s] copying resource/gripper_sub -> /home/pi/handsystem/ros2_robot_ws/install/gripper_sub/share/ament_index/resource_index/packages
[4.313s] copying package.xml -> /home/pi/handsystem/ros2_robot_ws/install/gripper_sub/share/gripper_sub
[4.313s] running install_egg_info
[4.320s] Copying ../../build/gripper_sub/gripper_sub.egg-info to /home/pi/handsystem/ros2_robot_ws/install/gripper_sub/lib/python3.10/site-packages/gripper_sub-0.0.0-py3.10.egg-info
[4.326s] running install_scripts
[4.402s] Installing listener script to /home/pi/handsystem/ros2_robot_ws/install/gripper_sub/lib/gripper_sub
[4.403s] writing list of installed files to '/home/pi/handsystem/ros2_robot_ws/build/gripper_sub/install.log'
[4.520s] Invoked command in '/home/pi/handsystem/ros2_robot_ws/src/gripper_sub' returned '0': PYTHONPATH=/home/pi/handsystem/ros2_robot_ws/build/gripper_sub/prefix_override:/home/pi/handsystem/ros2_robot_ws/install/gripper_sub/lib/python3.10/site-packages:${PYTHONPATH} /usr/bin/python3 -W ignore:setup.py install is deprecated setup.py egg_info --egg-base ../../build/gripper_sub build --build-base /home/pi/handsystem/ros2_robot_ws/build/gripper_sub/build install --record /home/pi/handsystem/ros2_robot_ws/build/gripper_sub/install.log --single-version-externally-managed install_data
