[4.321s] Invoking command in '/workspace/ros2_robot_ws/src/gripper_pub': AMENT_PREFIX_PATH=/workspace/ros2_robot_ws/install/robot_interfaces:${AMENT_PREFIX_PATH} CMAKE_PREFIX_PATH=/workspace/ros2_robot_ws/install/robot_interfaces LD_LIBRARY_PATH=/workspace/ros2_robot_ws/install/robot_interfaces/lib:${LD_LIBRARY_PATH} PYTHONPATH=/workspace/ros2_robot_ws/build/gripper_pub/prefix_override:/usr/lib/python3/dist-packages/colcon_core/task/python/colcon_distutils_commands:/workspace/ros2_robot_ws/install/gripper_pub/lib/python3.10/site-packages:/workspace/ros2_robot_ws/install/robot_interfaces/local/lib/python3.10/dist-packages:${PYTHONPATH} /usr/bin/python3 -W ignore:setup.py install is deprecated -W ignore:easy_install command is deprecated setup.py egg_info --egg-base ../../build/gripper_pub build --build-base /workspace/ros2_robot_ws/build/gripper_pub/build install --record /workspace/ros2_robot_ws/build/gripper_pub/install.log --single-version-externally-managed install_data
[5.818s] running egg_info
[5.824s] creating ../../build/gripper_pub/gripper_pub.egg-info
[5.828s] writing ../../build/gripper_pub/gripper_pub.egg-info/PKG-INFO
[5.829s] writing dependency_links to ../../build/gripper_pub/gripper_pub.egg-info/dependency_links.txt
[5.829s] writing entry points to ../../build/gripper_pub/gripper_pub.egg-info/entry_points.txt
[5.829s] writing requirements to ../../build/gripper_pub/gripper_pub.egg-info/requires.txt
[5.830s] writing top-level names to ../../build/gripper_pub/gripper_pub.egg-info/top_level.txt
[5.830s] writing manifest file '../../build/gripper_pub/gripper_pub.egg-info/SOURCES.txt'
[5.862s] reading manifest file '../../build/gripper_pub/gripper_pub.egg-info/SOURCES.txt'
[5.866s] adding license file 'LICENSE'
[5.867s] writing manifest file '../../build/gripper_pub/gripper_pub.egg-info/SOURCES.txt'
[5.868s] running build
[5.868s] running build_py
[5.872s] creating /workspace/ros2_robot_ws/build/gripper_pub/build
[5.873s] creating /workspace/ros2_robot_ws/build/gripper_pub/build/lib
[5.873s] creating /workspace/ros2_robot_ws/build/gripper_pub/build/lib/gripper_pub
[5.873s] copying gripper_pub/publisher_member_function.py -> /workspace/ros2_robot_ws/build/gripper_pub/build/lib/gripper_pub
[5.874s] copying gripper_pub/__init__.py -> /workspace/ros2_robot_ws/build/gripper_pub/build/lib/gripper_pub
[5.874s] running install
[5.874s] running install_lib
[5.874s] creating /workspace/ros2_robot_ws/install/gripper_pub/lib/python3.10/site-packages/gripper_pub
[5.884s] copying /workspace/ros2_robot_ws/build/gripper_pub/build/lib/gripper_pub/publisher_member_function.py -> /workspace/ros2_robot_ws/install/gripper_pub/lib/python3.10/site-packages/gripper_pub
[5.885s] copying /workspace/ros2_robot_ws/build/gripper_pub/build/lib/gripper_pub/__init__.py -> /workspace/ros2_robot_ws/install/gripper_pub/lib/python3.10/site-packages/gripper_pub
[5.885s] byte-compiling /workspace/ros2_robot_ws/install/gripper_pub/lib/python3.10/site-packages/gripper_pub/publisher_member_function.py to publisher_member_function.cpython-310.pyc
[5.885s] byte-compiling /workspace/ros2_robot_ws/install/gripper_pub/lib/python3.10/site-packages/gripper_pub/__init__.py to __init__.cpython-310.pyc
[5.886s] running install_data
[5.886s] creating /workspace/ros2_robot_ws/install/gripper_pub/share/ament_index
[5.886s] creating /workspace/ros2_robot_ws/install/gripper_pub/share/ament_index/resource_index
[5.887s] creating /workspace/ros2_robot_ws/install/gripper_pub/share/ament_index/resource_index/packages
[5.892s] copying resource/gripper_pub -> /workspace/ros2_robot_ws/install/gripper_pub/share/ament_index/resource_index/packages
[5.893s] copying package.xml -> /workspace/ros2_robot_ws/install/gripper_pub/share/gripper_pub
[5.893s] running install_egg_info
[5.904s] Copying ../../build/gripper_pub/gripper_pub.egg-info to /workspace/ros2_robot_ws/install/gripper_pub/lib/python3.10/site-packages/gripper_pub-0.0.0-py3.10.egg-info
[5.905s] running install_scripts
[6.082s] Installing talker script to /workspace/ros2_robot_ws/install/gripper_pub/lib/gripper_pub
[6.091s] writing list of installed files to '/workspace/ros2_robot_ws/build/gripper_pub/install.log'
[6.477s] Invoked command in '/workspace/ros2_robot_ws/src/gripper_pub' returned '0': AMENT_PREFIX_PATH=/workspace/ros2_robot_ws/install/robot_interfaces:${AMENT_PREFIX_PATH} CMAKE_PREFIX_PATH=/workspace/ros2_robot_ws/install/robot_interfaces LD_LIBRARY_PATH=/workspace/ros2_robot_ws/install/robot_interfaces/lib:${LD_LIBRARY_PATH} PYTHONPATH=/workspace/ros2_robot_ws/build/gripper_pub/prefix_override:/usr/lib/python3/dist-packages/colcon_core/task/python/colcon_distutils_commands:/workspace/ros2_robot_ws/install/gripper_pub/lib/python3.10/site-packages:/workspace/ros2_robot_ws/install/robot_interfaces/local/lib/python3.10/dist-packages:${PYTHONPATH} /usr/bin/python3 -W ignore:setup.py install is deprecated -W ignore:easy_install command is deprecated setup.py egg_info --egg-base ../../build/gripper_pub build --build-base /workspace/ros2_robot_ws/build/gripper_pub/build install --record /workspace/ros2_robot_ws/build/gripper_pub/install.log --single-version-externally-managed install_data
