[0.418s] DEBUG:colcon:Command line arguments: ['/usr/bin/colcon', 'build']
[0.419s] DEBUG:colcon:Parsed command line arguments: Namespace(log_base=None, log_level=None, verb_name='build', build_base='build', install_base='install', merge_install=False, symlink_install=False, test_result_base=None, continue_on_error=False, executor='parallel', parallel_workers=4, event_handlers=None, ignore_user_meta=False, metas=['./colcon.meta'], base_paths=['.'], packages_ignore=None, packages_ignore_regex=None, paths=None, packages_up_to=None, packages_up_to_regex=None, packages_above=None, packages_above_and_dependencies=None, packages_above_depth=None, packages_select_by_dep=None, packages_skip_by_dep=None, packages_skip_up_to=None, packages_select_build_failed=False, packages_skip_build_finished=False, packages_select_test_failures=False, packages_skip_test_passed=False, packages_select=None, packages_skip=None, packages_select_regex=None, packages_skip_regex=None, packages_start=None, packages_end=None, cmake_args=None, cmake_target=None, cmake_target_skip_unavailable=False, cmake_clean_cache=False, cmake_clean_first=False, cmake_force_configure=False, ament_cmake_args=None, catkin_cmake_args=None, catkin_skip_building_tests=False, mixin_files=None, mixin=None, verb_parser=<colcon_mixin.mixin.mixin_argument.MixinArgumentDecorator object at 0x7f8c13ada0>, verb_extension=<colcon_core.verb.build.BuildVerb object at 0x7f8c13a7d0>, main=<bound method BuildVerb.main of <colcon_core.verb.build.BuildVerb object at 0x7f8c13a7d0>>, mixin_verb=('build',))
[0.864s] Level 1:colcon.colcon_core.package_discovery:discover_packages(colcon_meta) check parameters
[0.867s] INFO:colcon.colcon_metadata.package_discovery.colcon_meta:Using configuration from '/root/.colcon/metadata/default/Gazebo.meta'
[0.869s] INFO:colcon.colcon_metadata.package_discovery.colcon_meta:Using configuration from '/root/.colcon/metadata/default/fastdds.meta'
[0.872s] INFO:colcon.colcon_metadata.package_discovery.colcon_meta:Using configuration from '/root/.colcon/metadata/default/fastrtps.meta'
[0.872s] Level 1:colcon.colcon_core.package_discovery:discover_packages(recursive) check parameters
[0.872s] Level 1:colcon.colcon_core.package_discovery:discover_packages(ignore) check parameters
[0.872s] Level 1:colcon.colcon_core.package_discovery:discover_packages(path) check parameters
[0.872s] Level 1:colcon.colcon_core.package_discovery:discover_packages(colcon_meta) discover
[0.873s] Level 1:colcon.colcon_core.package_discovery:discover_packages(recursive) discover
[0.873s] INFO:colcon.colcon_core.package_discovery:Crawling recursively for packages in '/workspace/ros2_robot_ws'
[0.873s] Level 1:colcon.colcon_core.package_identification:_identify(.) by extensions ['ignore', 'ignore_ament_install']
[0.873s] Level 1:colcon.colcon_core.package_identification:_identify(.) by extension 'ignore'
[0.874s] Level 1:colcon.colcon_core.package_identification:_identify(.) by extension 'ignore_ament_install'
[0.874s] Level 1:colcon.colcon_core.package_identification:_identify(.) by extensions ['colcon_pkg']
[0.874s] Level 1:colcon.colcon_core.package_identification:_identify(.) by extension 'colcon_pkg'
[0.874s] Level 1:colcon.colcon_core.package_identification:_identify(.) by extensions ['colcon_meta']
[0.874s] Level 1:colcon.colcon_core.package_identification:_identify(.) by extension 'colcon_meta'
[0.875s] Level 1:colcon.colcon_core.package_identification:_identify(.) by extensions ['ros']
[0.875s] Level 1:colcon.colcon_core.package_identification:_identify(.) by extension 'ros'
[0.916s] Level 1:colcon.colcon_core.package_identification:_identify(.) by extensions ['cmake', 'python']
[0.916s] Level 1:colcon.colcon_core.package_identification:_identify(.) by extension 'cmake'
[0.916s] Level 1:colcon.colcon_core.package_identification:_identify(.) by extension 'python'
[0.916s] Level 1:colcon.colcon_core.package_identification:_identify(.) by extensions ['python_setup_py']
[0.916s] Level 1:colcon.colcon_core.package_identification:_identify(.) by extension 'python_setup_py'
[0.917s] Level 1:colcon.colcon_core.package_identification:_identify(__pycache__) by extensions ['ignore', 'ignore_ament_install']
[0.917s] Level 1:colcon.colcon_core.package_identification:_identify(__pycache__) by extension 'ignore'
[0.917s] Level 1:colcon.colcon_core.package_identification:_identify(__pycache__) by extension 'ignore_ament_install'
[0.918s] Level 1:colcon.colcon_core.package_identification:_identify(__pycache__) by extensions ['colcon_pkg']
[0.918s] Level 1:colcon.colcon_core.package_identification:_identify(__pycache__) by extension 'colcon_pkg'
[0.918s] Level 1:colcon.colcon_core.package_identification:_identify(__pycache__) by extensions ['colcon_meta']
[0.918s] Level 1:colcon.colcon_core.package_identification:_identify(__pycache__) by extension 'colcon_meta'
[0.918s] Level 1:colcon.colcon_core.package_identification:_identify(__pycache__) by extensions ['ros']
[0.918s] Level 1:colcon.colcon_core.package_identification:_identify(__pycache__) by extension 'ros'
[0.919s] Level 1:colcon.colcon_core.package_identification:_identify(__pycache__) by extensions ['cmake', 'python']
[0.919s] Level 1:colcon.colcon_core.package_identification:_identify(__pycache__) by extension 'cmake'
[0.919s] Level 1:colcon.colcon_core.package_identification:_identify(__pycache__) by extension 'python'
[0.919s] Level 1:colcon.colcon_core.package_identification:_identify(__pycache__) by extensions ['python_setup_py']
[0.919s] Level 1:colcon.colcon_core.package_identification:_identify(__pycache__) by extension 'python_setup_py'
[0.920s] Level 1:colcon.colcon_core.package_identification:_identify(build) by extensions ['ignore', 'ignore_ament_install']
[0.920s] Level 1:colcon.colcon_core.package_identification:_identify(build) by extension 'ignore'
[0.920s] Level 1:colcon.colcon_core.package_identification:_identify(build) ignored
[0.921s] Level 1:colcon.colcon_core.package_identification:_identify(install) by extensions ['ignore', 'ignore_ament_install']
[0.921s] Level 1:colcon.colcon_core.package_identification:_identify(install) by extension 'ignore'
[0.921s] Level 1:colcon.colcon_core.package_identification:_identify(install) ignored
[0.922s] Level 1:colcon.colcon_core.package_identification:_identify(log) by extensions ['ignore', 'ignore_ament_install']
[0.922s] Level 1:colcon.colcon_core.package_identification:_identify(log) by extension 'ignore'
[0.922s] Level 1:colcon.colcon_core.package_identification:_identify(log) ignored
[0.923s] Level 1:colcon.colcon_core.package_identification:_identify(src) by extensions ['ignore', 'ignore_ament_install']
[0.923s] Level 1:colcon.colcon_core.package_identification:_identify(src) by extension 'ignore'
[0.923s] Level 1:colcon.colcon_core.package_identification:_identify(src) by extension 'ignore_ament_install'
[0.924s] Level 1:colcon.colcon_core.package_identification:_identify(src) by extensions ['colcon_pkg']
[0.924s] Level 1:colcon.colcon_core.package_identification:_identify(src) by extension 'colcon_pkg'
[0.924s] Level 1:colcon.colcon_core.package_identification:_identify(src) by extensions ['colcon_meta']
[0.924s] Level 1:colcon.colcon_core.package_identification:_identify(src) by extension 'colcon_meta'
[0.924s] Level 1:colcon.colcon_core.package_identification:_identify(src) by extensions ['ros']
[0.924s] Level 1:colcon.colcon_core.package_identification:_identify(src) by extension 'ros'
[0.925s] Level 1:colcon.colcon_core.package_identification:_identify(src) by extensions ['cmake', 'python']
[0.925s] Level 1:colcon.colcon_core.package_identification:_identify(src) by extension 'cmake'
[0.925s] Level 1:colcon.colcon_core.package_identification:_identify(src) by extension 'python'
[0.925s] Level 1:colcon.colcon_core.package_identification:_identify(src) by extensions ['python_setup_py']
[0.925s] Level 1:colcon.colcon_core.package_identification:_identify(src) by extension 'python_setup_py'
[0.925s] Level 1:colcon.colcon_core.package_identification:_identify(src/arm_test) by extensions ['ignore', 'ignore_ament_install']
[0.926s] Level 1:colcon.colcon_core.package_identification:_identify(src/arm_test) by extension 'ignore'
[0.926s] Level 1:colcon.colcon_core.package_identification:_identify(src/arm_test) by extension 'ignore_ament_install'
[0.926s] Level 1:colcon.colcon_core.package_identification:_identify(src/arm_test) by extensions ['colcon_pkg']
[0.927s] Level 1:colcon.colcon_core.package_identification:_identify(src/arm_test) by extension 'colcon_pkg'
[0.927s] Level 1:colcon.colcon_core.package_identification:_identify(src/arm_test) by extensions ['colcon_meta']
[0.927s] Level 1:colcon.colcon_core.package_identification:_identify(src/arm_test) by extension 'colcon_meta'
[0.927s] Level 1:colcon.colcon_core.package_identification:_identify(src/arm_test) by extensions ['ros']
[0.927s] Level 1:colcon.colcon_core.package_identification:_identify(src/arm_test) by extension 'ros'
[0.935s] DEBUG:colcon.colcon_core.package_identification:Package 'src/arm_test' with type 'ros.ament_python' and name 'arm_test'
[0.935s] Level 1:colcon.colcon_core.package_identification:_identify(src/gripper_pub) by extensions ['ignore', 'ignore_ament_install']
[0.936s] Level 1:colcon.colcon_core.package_identification:_identify(src/gripper_pub) by extension 'ignore'
[0.936s] Level 1:colcon.colcon_core.package_identification:_identify(src/gripper_pub) by extension 'ignore_ament_install'
[0.936s] Level 1:colcon.colcon_core.package_identification:_identify(src/gripper_pub) by extensions ['colcon_pkg']
[0.937s] Level 1:colcon.colcon_core.package_identification:_identify(src/gripper_pub) by extension 'colcon_pkg'
[0.937s] Level 1:colcon.colcon_core.package_identification:_identify(src/gripper_pub) by extensions ['colcon_meta']
[0.937s] Level 1:colcon.colcon_core.package_identification:_identify(src/gripper_pub) by extension 'colcon_meta'
[0.937s] Level 1:colcon.colcon_core.package_identification:_identify(src/gripper_pub) by extensions ['ros']
[0.937s] Level 1:colcon.colcon_core.package_identification:_identify(src/gripper_pub) by extension 'ros'
[0.939s] DEBUG:colcon.colcon_core.package_identification:Package 'src/gripper_pub' with type 'ros.ament_python' and name 'gripper_pub'
[0.940s] Level 1:colcon.colcon_core.package_identification:_identify(src/gripper_sub) by extensions ['ignore', 'ignore_ament_install']
[0.940s] Level 1:colcon.colcon_core.package_identification:_identify(src/gripper_sub) by extension 'ignore'
[0.940s] Level 1:colcon.colcon_core.package_identification:_identify(src/gripper_sub) by extension 'ignore_ament_install'
[0.941s] Level 1:colcon.colcon_core.package_identification:_identify(src/gripper_sub) by extensions ['colcon_pkg']
[0.941s] Level 1:colcon.colcon_core.package_identification:_identify(src/gripper_sub) by extension 'colcon_pkg'
[0.941s] Level 1:colcon.colcon_core.package_identification:_identify(src/gripper_sub) by extensions ['colcon_meta']
[0.941s] Level 1:colcon.colcon_core.package_identification:_identify(src/gripper_sub) by extension 'colcon_meta'
[0.941s] Level 1:colcon.colcon_core.package_identification:_identify(src/gripper_sub) by extensions ['ros']
[0.942s] Level 1:colcon.colcon_core.package_identification:_identify(src/gripper_sub) by extension 'ros'
[0.944s] DEBUG:colcon.colcon_core.package_identification:Package 'src/gripper_sub' with type 'ros.ament_python' and name 'gripper_sub'
[0.945s] Level 1:colcon.colcon_core.package_identification:_identify(src/robot_interfaces) by extensions ['ignore', 'ignore_ament_install']
[0.945s] Level 1:colcon.colcon_core.package_identification:_identify(src/robot_interfaces) by extension 'ignore'
[0.945s] Level 1:colcon.colcon_core.package_identification:_identify(src/robot_interfaces) by extension 'ignore_ament_install'
[0.945s] Level 1:colcon.colcon_core.package_identification:_identify(src/robot_interfaces) by extensions ['colcon_pkg']
[0.946s] Level 1:colcon.colcon_core.package_identification:_identify(src/robot_interfaces) by extension 'colcon_pkg'
[0.946s] Level 1:colcon.colcon_core.package_identification:_identify(src/robot_interfaces) by extensions ['colcon_meta']
[0.946s] Level 1:colcon.colcon_core.package_identification:_identify(src/robot_interfaces) by extension 'colcon_meta'
[0.946s] Level 1:colcon.colcon_core.package_identification:_identify(src/robot_interfaces) by extensions ['ros']
[0.946s] Level 1:colcon.colcon_core.package_identification:_identify(src/robot_interfaces) by extension 'ros'
[0.948s] DEBUG:colcon.colcon_core.package_identification:Package 'src/robot_interfaces' with type 'ros.ament_cmake' and name 'robot_interfaces'
[0.949s] Level 1:colcon.colcon_core.package_identification:_identify(src/utils) by extensions ['ignore', 'ignore_ament_install']
[0.949s] Level 1:colcon.colcon_core.package_identification:_identify(src/utils) by extension 'ignore'
[0.950s] Level 1:colcon.colcon_core.package_identification:_identify(src/utils) by extension 'ignore_ament_install'
[0.950s] Level 1:colcon.colcon_core.package_identification:_identify(src/utils) by extensions ['colcon_pkg']
[0.950s] Level 1:colcon.colcon_core.package_identification:_identify(src/utils) by extension 'colcon_pkg'
[0.950s] Level 1:colcon.colcon_core.package_identification:_identify(src/utils) by extensions ['colcon_meta']
[0.950s] Level 1:colcon.colcon_core.package_identification:_identify(src/utils) by extension 'colcon_meta'
[0.951s] Level 1:colcon.colcon_core.package_identification:_identify(src/utils) by extensions ['ros']
[0.951s] Level 1:colcon.colcon_core.package_identification:_identify(src/utils) by extension 'ros'
[0.953s] DEBUG:colcon.colcon_core.package_identification:Package 'src/utils' with type 'ros.ament_python' and name 'utils'
[0.953s] Level 1:colcon.colcon_core.package_discovery:discover_packages(recursive) using defaults
[0.953s] Level 1:colcon.colcon_core.package_discovery:discover_packages(ignore) discover
[0.953s] Level 1:colcon.colcon_core.package_discovery:discover_packages(ignore) using defaults
[0.953s] Level 1:colcon.colcon_core.package_discovery:discover_packages(path) discover
[0.953s] Level 1:colcon.colcon_core.package_discovery:discover_packages(path) using defaults
[1.033s] Level 5:colcon.colcon_core.verb:set package 'robot_interfaces' build argument 'cmake_args' from command line to 'None'
[1.033s] Level 5:colcon.colcon_core.verb:set package 'robot_interfaces' build argument 'cmake_target' from command line to 'None'
[1.033s] Level 5:colcon.colcon_core.verb:set package 'robot_interfaces' build argument 'cmake_target_skip_unavailable' from command line to 'False'
[1.034s] Level 5:colcon.colcon_core.verb:set package 'robot_interfaces' build argument 'cmake_clean_cache' from command line to 'False'
[1.034s] Level 5:colcon.colcon_core.verb:set package 'robot_interfaces' build argument 'cmake_clean_first' from command line to 'False'
[1.034s] Level 5:colcon.colcon_core.verb:set package 'robot_interfaces' build argument 'cmake_force_configure' from command line to 'False'
[1.034s] Level 5:colcon.colcon_core.verb:set package 'robot_interfaces' build argument 'ament_cmake_args' from command line to 'None'
[1.034s] Level 5:colcon.colcon_core.verb:set package 'robot_interfaces' build argument 'catkin_cmake_args' from command line to 'None'
[1.034s] Level 5:colcon.colcon_core.verb:set package 'robot_interfaces' build argument 'catkin_skip_building_tests' from command line to 'False'
[1.034s] DEBUG:colcon.colcon_core.verb:Building package 'robot_interfaces' with the following arguments: {'ament_cmake_args': None, 'build_base': '/workspace/ros2_robot_ws/build/robot_interfaces', 'catkin_cmake_args': None, 'catkin_skip_building_tests': False, 'cmake_args': None, 'cmake_clean_cache': False, 'cmake_clean_first': False, 'cmake_force_configure': False, 'cmake_target': None, 'cmake_target_skip_unavailable': False, 'install_base': '/workspace/ros2_robot_ws/install/robot_interfaces', 'merge_install': False, 'path': '/workspace/ros2_robot_ws/src/robot_interfaces', 'symlink_install': False, 'test_result_base': None}
[1.036s] Level 5:colcon.colcon_core.verb:set package 'utils' build argument 'cmake_args' from command line to 'None'
[1.036s] Level 5:colcon.colcon_core.verb:set package 'utils' build argument 'cmake_target' from command line to 'None'
[1.036s] Level 5:colcon.colcon_core.verb:set package 'utils' build argument 'cmake_target_skip_unavailable' from command line to 'False'
[1.036s] Level 5:colcon.colcon_core.verb:set package 'utils' build argument 'cmake_clean_cache' from command line to 'False'
[1.036s] Level 5:colcon.colcon_core.verb:set package 'utils' build argument 'cmake_clean_first' from command line to 'False'
[1.036s] Level 5:colcon.colcon_core.verb:set package 'utils' build argument 'cmake_force_configure' from command line to 'False'
[1.037s] Level 5:colcon.colcon_core.verb:set package 'utils' build argument 'ament_cmake_args' from command line to 'None'
[1.037s] Level 5:colcon.colcon_core.verb:set package 'utils' build argument 'catkin_cmake_args' from command line to 'None'
[1.037s] Level 5:colcon.colcon_core.verb:set package 'utils' build argument 'catkin_skip_building_tests' from command line to 'False'
[1.037s] DEBUG:colcon.colcon_core.verb:Building package 'utils' with the following arguments: {'ament_cmake_args': None, 'build_base': '/workspace/ros2_robot_ws/build/utils', 'catkin_cmake_args': None, 'catkin_skip_building_tests': False, 'cmake_args': None, 'cmake_clean_cache': False, 'cmake_clean_first': False, 'cmake_force_configure': False, 'cmake_target': None, 'cmake_target_skip_unavailable': False, 'install_base': '/workspace/ros2_robot_ws/install/utils', 'merge_install': False, 'path': '/workspace/ros2_robot_ws/src/utils', 'symlink_install': False, 'test_result_base': None}
[1.038s] Level 5:colcon.colcon_core.verb:set package 'arm_test' build argument 'cmake_args' from command line to 'None'
[1.039s] Level 5:colcon.colcon_core.verb:set package 'arm_test' build argument 'cmake_target' from command line to 'None'
[1.039s] Level 5:colcon.colcon_core.verb:set package 'arm_test' build argument 'cmake_target_skip_unavailable' from command line to 'False'
[1.039s] Level 5:colcon.colcon_core.verb:set package 'arm_test' build argument 'cmake_clean_cache' from command line to 'False'
[1.039s] Level 5:colcon.colcon_core.verb:set package 'arm_test' build argument 'cmake_clean_first' from command line to 'False'
[1.039s] Level 5:colcon.colcon_core.verb:set package 'arm_test' build argument 'cmake_force_configure' from command line to 'False'
[1.039s] Level 5:colcon.colcon_core.verb:set package 'arm_test' build argument 'ament_cmake_args' from command line to 'None'
[1.039s] Level 5:colcon.colcon_core.verb:set package 'arm_test' build argument 'catkin_cmake_args' from command line to 'None'
[1.039s] Level 5:colcon.colcon_core.verb:set package 'arm_test' build argument 'catkin_skip_building_tests' from command line to 'False'
[1.039s] DEBUG:colcon.colcon_core.verb:Building package 'arm_test' with the following arguments: {'ament_cmake_args': None, 'build_base': '/workspace/ros2_robot_ws/build/arm_test', 'catkin_cmake_args': None, 'catkin_skip_building_tests': False, 'cmake_args': None, 'cmake_clean_cache': False, 'cmake_clean_first': False, 'cmake_force_configure': False, 'cmake_target': None, 'cmake_target_skip_unavailable': False, 'install_base': '/workspace/ros2_robot_ws/install/arm_test', 'merge_install': False, 'path': '/workspace/ros2_robot_ws/src/arm_test', 'symlink_install': False, 'test_result_base': None}
[1.041s] Level 5:colcon.colcon_core.verb:set package 'gripper_pub' build argument 'cmake_args' from command line to 'None'
[1.041s] Level 5:colcon.colcon_core.verb:set package 'gripper_pub' build argument 'cmake_target' from command line to 'None'
[1.041s] Level 5:colcon.colcon_core.verb:set package 'gripper_pub' build argument 'cmake_target_skip_unavailable' from command line to 'False'
[1.041s] Level 5:colcon.colcon_core.verb:set package 'gripper_pub' build argument 'cmake_clean_cache' from command line to 'False'
[1.042s] Level 5:colcon.colcon_core.verb:set package 'gripper_pub' build argument 'cmake_clean_first' from command line to 'False'
[1.042s] Level 5:colcon.colcon_core.verb:set package 'gripper_pub' build argument 'cmake_force_configure' from command line to 'False'
[1.042s] Level 5:colcon.colcon_core.verb:set package 'gripper_pub' build argument 'ament_cmake_args' from command line to 'None'
[1.042s] Level 5:colcon.colcon_core.verb:set package 'gripper_pub' build argument 'catkin_cmake_args' from command line to 'None'
[1.042s] Level 5:colcon.colcon_core.verb:set package 'gripper_pub' build argument 'catkin_skip_building_tests' from command line to 'False'
[1.042s] DEBUG:colcon.colcon_core.verb:Building package 'gripper_pub' with the following arguments: {'ament_cmake_args': None, 'build_base': '/workspace/ros2_robot_ws/build/gripper_pub', 'catkin_cmake_args': None, 'catkin_skip_building_tests': False, 'cmake_args': None, 'cmake_clean_cache': False, 'cmake_clean_first': False, 'cmake_force_configure': False, 'cmake_target': None, 'cmake_target_skip_unavailable': False, 'install_base': '/workspace/ros2_robot_ws/install/gripper_pub', 'merge_install': False, 'path': '/workspace/ros2_robot_ws/src/gripper_pub', 'symlink_install': False, 'test_result_base': None}
[1.044s] Level 5:colcon.colcon_core.verb:set package 'gripper_sub' build argument 'cmake_args' from command line to 'None'
[1.044s] Level 5:colcon.colcon_core.verb:set package 'gripper_sub' build argument 'cmake_target' from command line to 'None'
[1.044s] Level 5:colcon.colcon_core.verb:set package 'gripper_sub' build argument 'cmake_target_skip_unavailable' from command line to 'False'
[1.044s] Level 5:colcon.colcon_core.verb:set package 'gripper_sub' build argument 'cmake_clean_cache' from command line to 'False'
[1.044s] Level 5:colcon.colcon_core.verb:set package 'gripper_sub' build argument 'cmake_clean_first' from command line to 'False'
[1.044s] Level 5:colcon.colcon_core.verb:set package 'gripper_sub' build argument 'cmake_force_configure' from command line to 'False'
[1.045s] Level 5:colcon.colcon_core.verb:set package 'gripper_sub' build argument 'ament_cmake_args' from command line to 'None'
[1.045s] Level 5:colcon.colcon_core.verb:set package 'gripper_sub' build argument 'catkin_cmake_args' from command line to 'None'
[1.045s] Level 5:colcon.colcon_core.verb:set package 'gripper_sub' build argument 'catkin_skip_building_tests' from command line to 'False'
[1.045s] DEBUG:colcon.colcon_core.verb:Building package 'gripper_sub' with the following arguments: {'ament_cmake_args': None, 'build_base': '/workspace/ros2_robot_ws/build/gripper_sub', 'catkin_cmake_args': None, 'catkin_skip_building_tests': False, 'cmake_args': None, 'cmake_clean_cache': False, 'cmake_clean_first': False, 'cmake_force_configure': False, 'cmake_target': None, 'cmake_target_skip_unavailable': False, 'install_base': '/workspace/ros2_robot_ws/install/gripper_sub', 'merge_install': False, 'path': '/workspace/ros2_robot_ws/src/gripper_sub', 'symlink_install': False, 'test_result_base': None}
[1.045s] INFO:colcon.colcon_core.executor:Executing jobs using 'parallel' executor
[1.050s] DEBUG:colcon.colcon_parallel_executor.executor.parallel:run_until_complete
[1.051s] INFO:colcon.colcon_ros.task.ament_cmake.build:Building ROS package in '/workspace/ros2_robot_ws/src/robot_interfaces' with build type 'ament_cmake'
[1.052s] INFO:colcon.colcon_cmake.task.cmake.build:Building CMake package in '/workspace/ros2_robot_ws/src/robot_interfaces'
[1.062s] INFO:colcon.colcon_core.plugin_system:Skipping extension 'colcon_core.shell.bat': Not used on non-Windows systems
[1.063s] INFO:colcon.colcon_core.shell:Skip shell extension 'powershell' for command environment: Not usable outside of PowerShell
[1.063s] DEBUG:colcon.colcon_core.shell:Skip shell extension 'dsv' for command environment
[1.081s] INFO:colcon.colcon_ros.task.ament_python.build:Building ROS package in '/workspace/ros2_robot_ws/src/utils' with build type 'ament_python'
[1.083s] Level 1:colcon.colcon_core.shell:create_environment_hook('utils', 'ament_prefix_path')
[1.084s] INFO:colcon.colcon_core.shell:Creating environment hook '/workspace/ros2_robot_ws/install/utils/share/utils/hook/ament_prefix_path.ps1'
[1.087s] INFO:colcon.colcon_core.shell:Creating environment descriptor '/workspace/ros2_robot_ws/install/utils/share/utils/hook/ament_prefix_path.dsv'
[1.089s] INFO:colcon.colcon_core.shell:Creating environment hook '/workspace/ros2_robot_ws/install/utils/share/utils/hook/ament_prefix_path.sh'
[1.093s] INFO:colcon.colcon_core.shell:Skip shell extension 'powershell' for command environment: Not usable outside of PowerShell
[1.093s] DEBUG:colcon.colcon_core.shell:Skip shell extension 'dsv' for command environment
[1.114s] DEBUG:colcon.colcon_core.event_handler.log_command:Invoking command in '/workspace/ros2_robot_ws/build/robot_interfaces': CMAKE_PREFIX_PATH=${CMAKE_PREFIX_PATH}:/workspace/ros2_robot_ws/install/gripper_sub:/workspace/ros2_robot_ws/install/gripper_pub:/workspace/ros2_robot_ws/install/utils:/workspace/ros2_robot_ws/install/arm_test:/opt/ros/humble /usr/bin/cmake --build /workspace/ros2_robot_ws/build/robot_interfaces -- -j4 -l4
[2.437s] INFO:colcon.colcon_core.task.python.build:Building Python package in '/workspace/ros2_robot_ws/src/utils'
[2.438s] INFO:colcon.colcon_core.shell:Skip shell extension 'powershell' for command environment: Not usable outside of PowerShell
[2.439s] DEBUG:colcon.colcon_core.shell:Skip shell extension 'dsv' for command environment
[2.780s] DEBUG:colcon.colcon_core.event_handler.log_command:Invoked command in '/workspace/ros2_robot_ws/build/robot_interfaces' returned '0': CMAKE_PREFIX_PATH=${CMAKE_PREFIX_PATH}:/workspace/ros2_robot_ws/install/gripper_sub:/workspace/ros2_robot_ws/install/gripper_pub:/workspace/ros2_robot_ws/install/utils:/workspace/ros2_robot_ws/install/arm_test:/opt/ros/humble /usr/bin/cmake --build /workspace/ros2_robot_ws/build/robot_interfaces -- -j4 -l4
[2.828s] DEBUG:colcon.colcon_core.event_handler.log_command:Invoking command in '/workspace/ros2_robot_ws/build/robot_interfaces': CMAKE_PREFIX_PATH=${CMAKE_PREFIX_PATH}:/workspace/ros2_robot_ws/install/gripper_sub:/workspace/ros2_robot_ws/install/gripper_pub:/workspace/ros2_robot_ws/install/utils:/workspace/ros2_robot_ws/install/arm_test:/opt/ros/humble /usr/bin/cmake --install /workspace/ros2_robot_ws/build/robot_interfaces
[3.103s] Level 1:colcon.colcon_core.environment:create_environment_scripts_only(robot_interfaces)
[3.120s] DEBUG:colcon.colcon_core.event_handler.log_command:Invoked command in '/workspace/ros2_robot_ws/build/robot_interfaces' returned '0': CMAKE_PREFIX_PATH=${CMAKE_PREFIX_PATH}:/workspace/ros2_robot_ws/install/gripper_sub:/workspace/ros2_robot_ws/install/gripper_pub:/workspace/ros2_robot_ws/install/utils:/workspace/ros2_robot_ws/install/arm_test:/opt/ros/humble /usr/bin/cmake --install /workspace/ros2_robot_ws/build/robot_interfaces
[3.128s] Level 1:colcon.colcon_core.environment:checking '/workspace/ros2_robot_ws/install/robot_interfaces' for CMake module files
[3.131s] Level 1:colcon.colcon_core.environment:checking '/workspace/ros2_robot_ws/install/robot_interfaces' for CMake config files
[3.132s] Level 1:colcon.colcon_core.shell:create_environment_hook('robot_interfaces', 'cmake_prefix_path')
[3.133s] INFO:colcon.colcon_core.shell:Creating environment hook '/workspace/ros2_robot_ws/install/robot_interfaces/share/robot_interfaces/hook/cmake_prefix_path.ps1'
[3.135s] INFO:colcon.colcon_core.shell:Creating environment descriptor '/workspace/ros2_robot_ws/install/robot_interfaces/share/robot_interfaces/hook/cmake_prefix_path.dsv'
[3.137s] INFO:colcon.colcon_core.shell:Creating environment hook '/workspace/ros2_robot_ws/install/robot_interfaces/share/robot_interfaces/hook/cmake_prefix_path.sh'
[3.141s] Level 1:colcon.colcon_core.environment:checking '/workspace/ros2_robot_ws/install/robot_interfaces/lib'
[3.142s] Level 1:colcon.colcon_core.shell:create_environment_hook('robot_interfaces', 'ld_library_path_lib')
[3.143s] INFO:colcon.colcon_core.shell:Creating environment hook '/workspace/ros2_robot_ws/install/robot_interfaces/share/robot_interfaces/hook/ld_library_path_lib.ps1'
[3.145s] INFO:colcon.colcon_core.shell:Creating environment descriptor '/workspace/ros2_robot_ws/install/robot_interfaces/share/robot_interfaces/hook/ld_library_path_lib.dsv'
[3.147s] INFO:colcon.colcon_core.shell:Creating environment hook '/workspace/ros2_robot_ws/install/robot_interfaces/share/robot_interfaces/hook/ld_library_path_lib.sh'
[3.149s] Level 1:colcon.colcon_core.environment:checking '/workspace/ros2_robot_ws/install/robot_interfaces/bin'
[3.149s] Level 1:colcon.colcon_core.environment:checking '/workspace/ros2_robot_ws/install/robot_interfaces/lib/pkgconfig/robot_interfaces.pc'
[3.150s] Level 1:colcon.colcon_core.environment:checking '/workspace/ros2_robot_ws/install/robot_interfaces/lib/python3.10/site-packages'
[3.151s] Level 1:colcon.colcon_core.environment:checking '/workspace/ros2_robot_ws/install/robot_interfaces/bin'
[3.153s] INFO:colcon.colcon_core.shell:Creating package script '/workspace/ros2_robot_ws/install/robot_interfaces/share/robot_interfaces/package.ps1'
[3.156s] INFO:colcon.colcon_core.shell:Creating package descriptor '/workspace/ros2_robot_ws/install/robot_interfaces/share/robot_interfaces/package.dsv'
[3.160s] INFO:colcon.colcon_core.shell:Creating package script '/workspace/ros2_robot_ws/install/robot_interfaces/share/robot_interfaces/package.sh'
[3.163s] INFO:colcon.colcon_core.shell:Creating package script '/workspace/ros2_robot_ws/install/robot_interfaces/share/robot_interfaces/package.bash'
[3.167s] INFO:colcon.colcon_core.shell:Creating package script '/workspace/ros2_robot_ws/install/robot_interfaces/share/robot_interfaces/package.zsh'
[3.170s] Level 1:colcon.colcon_core.environment:create_file_with_runtime_dependencies(/workspace/ros2_robot_ws/install/robot_interfaces/share/colcon-core/packages/robot_interfaces)
[3.174s] Level 1:colcon.colcon_core.environment:create_environment_scripts_only(robot_interfaces)
[3.175s] Level 1:colcon.colcon_core.environment:checking '/workspace/ros2_robot_ws/install/robot_interfaces' for CMake module files
[3.177s] Level 1:colcon.colcon_core.environment:checking '/workspace/ros2_robot_ws/install/robot_interfaces' for CMake config files
[3.178s] Level 1:colcon.colcon_core.shell:create_environment_hook('robot_interfaces', 'cmake_prefix_path')
[3.179s] INFO:colcon.colcon_core.shell:Creating environment hook '/workspace/ros2_robot_ws/install/robot_interfaces/share/robot_interfaces/hook/cmake_prefix_path.ps1'
[3.181s] INFO:colcon.colcon_core.shell:Creating environment descriptor '/workspace/ros2_robot_ws/install/robot_interfaces/share/robot_interfaces/hook/cmake_prefix_path.dsv'
[3.184s] INFO:colcon.colcon_core.shell:Creating environment hook '/workspace/ros2_robot_ws/install/robot_interfaces/share/robot_interfaces/hook/cmake_prefix_path.sh'
[3.187s] Level 1:colcon.colcon_core.environment:checking '/workspace/ros2_robot_ws/install/robot_interfaces/lib'
[3.187s] Level 1:colcon.colcon_core.shell:create_environment_hook('robot_interfaces', 'ld_library_path_lib')
[3.188s] INFO:colcon.colcon_core.shell:Creating environment hook '/workspace/ros2_robot_ws/install/robot_interfaces/share/robot_interfaces/hook/ld_library_path_lib.ps1'
[3.191s] INFO:colcon.colcon_core.shell:Creating environment descriptor '/workspace/ros2_robot_ws/install/robot_interfaces/share/robot_interfaces/hook/ld_library_path_lib.dsv'
[3.193s] INFO:colcon.colcon_core.shell:Creating environment hook '/workspace/ros2_robot_ws/install/robot_interfaces/share/robot_interfaces/hook/ld_library_path_lib.sh'
[3.195s] Level 1:colcon.colcon_core.environment:checking '/workspace/ros2_robot_ws/install/robot_interfaces/bin'
[3.196s] Level 1:colcon.colcon_core.environment:checking '/workspace/ros2_robot_ws/install/robot_interfaces/lib/pkgconfig/robot_interfaces.pc'
[3.197s] Level 1:colcon.colcon_core.environment:checking '/workspace/ros2_robot_ws/install/robot_interfaces/lib/python3.10/site-packages'
[3.198s] Level 1:colcon.colcon_core.environment:checking '/workspace/ros2_robot_ws/install/robot_interfaces/bin'
[3.199s] INFO:colcon.colcon_core.shell:Creating package script '/workspace/ros2_robot_ws/install/robot_interfaces/share/robot_interfaces/package.ps1'
[3.202s] INFO:colcon.colcon_core.shell:Creating package descriptor '/workspace/ros2_robot_ws/install/robot_interfaces/share/robot_interfaces/package.dsv'
[3.205s] INFO:colcon.colcon_core.shell:Creating package script '/workspace/ros2_robot_ws/install/robot_interfaces/share/robot_interfaces/package.sh'
[3.207s] INFO:colcon.colcon_core.shell:Creating package script '/workspace/ros2_robot_ws/install/robot_interfaces/share/robot_interfaces/package.bash'
[3.210s] INFO:colcon.colcon_core.shell:Creating package script '/workspace/ros2_robot_ws/install/robot_interfaces/share/robot_interfaces/package.zsh'
[3.213s] Level 1:colcon.colcon_core.environment:create_file_with_runtime_dependencies(/workspace/ros2_robot_ws/install/robot_interfaces/share/colcon-core/packages/robot_interfaces)
[3.217s] INFO:colcon.colcon_ros.task.ament_python.build:Building ROS package in '/workspace/ros2_robot_ws/src/arm_test' with build type 'ament_python'
[3.219s] Level 1:colcon.colcon_core.shell:create_environment_hook('arm_test', 'ament_prefix_path')
[3.220s] INFO:colcon.colcon_core.shell:Creating environment hook '/workspace/ros2_robot_ws/install/arm_test/share/arm_test/hook/ament_prefix_path.ps1'
[3.222s] INFO:colcon.colcon_core.shell:Creating environment descriptor '/workspace/ros2_robot_ws/install/arm_test/share/arm_test/hook/ament_prefix_path.dsv'
[3.225s] INFO:colcon.colcon_core.shell:Creating environment hook '/workspace/ros2_robot_ws/install/arm_test/share/arm_test/hook/ament_prefix_path.sh'
[3.228s] INFO:colcon.colcon_core.shell:Skip shell extension 'powershell' for command environment: Not usable outside of PowerShell
[3.228s] DEBUG:colcon.colcon_core.shell:Skip shell extension 'dsv' for command environment
[4.294s] INFO:colcon.colcon_core.task.python.build:Building Python package in '/workspace/ros2_robot_ws/src/arm_test'
[4.295s] INFO:colcon.colcon_core.shell:Skip shell extension 'powershell' for command environment: Not usable outside of PowerShell
[4.295s] DEBUG:colcon.colcon_core.shell:Skip shell extension 'dsv' for command environment
[4.316s] DEBUG:colcon.colcon_core.event_handler.log_command:Invoking command in '/workspace/ros2_robot_ws/src/utils': PYTHONPATH=/workspace/ros2_robot_ws/build/utils/prefix_override:/usr/lib/python3/dist-packages/colcon_core/task/python/colcon_distutils_commands:/workspace/ros2_robot_ws/install/utils/lib/python3.10/site-packages:${PYTHONPATH} /usr/bin/python3 -W ignore:setup.py install is deprecated -W ignore:easy_install command is deprecated setup.py egg_info --egg-base ../../build/utils build --build-base /workspace/ros2_robot_ws/build/utils/build install --record /workspace/ros2_robot_ws/build/utils/install.log --single-version-externally-managed install_data
[5.689s] Level 1:colcon.colcon_core.environment:checking '/workspace/ros2_robot_ws/install/utils' for CMake module files
[5.699s] DEBUG:colcon.colcon_core.event_handler.log_command:Invoked command in '/workspace/ros2_robot_ws/src/utils' returned '0': PYTHONPATH=/workspace/ros2_robot_ws/build/utils/prefix_override:/usr/lib/python3/dist-packages/colcon_core/task/python/colcon_distutils_commands:/workspace/ros2_robot_ws/install/utils/lib/python3.10/site-packages:${PYTHONPATH} /usr/bin/python3 -W ignore:setup.py install is deprecated -W ignore:easy_install command is deprecated setup.py egg_info --egg-base ../../build/utils build --build-base /workspace/ros2_robot_ws/build/utils/build install --record /workspace/ros2_robot_ws/build/utils/install.log --single-version-externally-managed install_data
[5.701s] Level 1:colcon.colcon_core.environment:checking '/workspace/ros2_robot_ws/install/utils' for CMake config files
[5.708s] Level 1:colcon.colcon_core.environment:checking '/workspace/ros2_robot_ws/install/utils/lib'
[5.709s] Level 1:colcon.colcon_core.environment:checking '/workspace/ros2_robot_ws/install/utils/bin'
[5.710s] Level 1:colcon.colcon_core.environment:checking '/workspace/ros2_robot_ws/install/utils/lib/pkgconfig/utils.pc'
[5.713s] Level 1:colcon.colcon_core.environment:checking '/workspace/ros2_robot_ws/install/utils/lib/python3.10/site-packages'
[5.717s] Level 1:colcon.colcon_core.shell:create_environment_hook('utils', 'pythonpath')
[5.719s] INFO:colcon.colcon_core.shell:Creating environment hook '/workspace/ros2_robot_ws/install/utils/share/utils/hook/pythonpath.ps1'
[5.727s] INFO:colcon.colcon_core.shell:Creating environment descriptor '/workspace/ros2_robot_ws/install/utils/share/utils/hook/pythonpath.dsv'
[5.739s] INFO:colcon.colcon_core.shell:Creating environment hook '/workspace/ros2_robot_ws/install/utils/share/utils/hook/pythonpath.sh'
[5.750s] Level 1:colcon.colcon_core.environment:checking '/workspace/ros2_robot_ws/install/utils/bin'
[5.755s] Level 1:colcon.colcon_core.environment:create_environment_scripts_only(utils)
[5.757s] INFO:colcon.colcon_core.shell:Creating package script '/workspace/ros2_robot_ws/install/utils/share/utils/package.ps1'
[5.766s] INFO:colcon.colcon_core.shell:Creating package descriptor '/workspace/ros2_robot_ws/install/utils/share/utils/package.dsv'
[5.774s] INFO:colcon.colcon_core.shell:Creating package script '/workspace/ros2_robot_ws/install/utils/share/utils/package.sh'
[5.787s] INFO:colcon.colcon_core.shell:Creating package script '/workspace/ros2_robot_ws/install/utils/share/utils/package.bash'
[5.790s] INFO:colcon.colcon_core.shell:Creating package script '/workspace/ros2_robot_ws/install/utils/share/utils/package.zsh'
[5.798s] Level 1:colcon.colcon_core.environment:create_file_with_runtime_dependencies(/workspace/ros2_robot_ws/install/utils/share/colcon-core/packages/utils)
[5.800s] INFO:colcon.colcon_ros.task.ament_python.build:Building ROS package in '/workspace/ros2_robot_ws/src/gripper_pub' with build type 'ament_python'
[5.807s] Level 1:colcon.colcon_core.shell:create_environment_hook('gripper_pub', 'ament_prefix_path')
[5.809s] INFO:colcon.colcon_core.shell:Creating environment hook '/workspace/ros2_robot_ws/install/gripper_pub/share/gripper_pub/hook/ament_prefix_path.ps1'
[5.814s] INFO:colcon.colcon_core.shell:Creating environment descriptor '/workspace/ros2_robot_ws/install/gripper_pub/share/gripper_pub/hook/ament_prefix_path.dsv'
[5.817s] INFO:colcon.colcon_core.shell:Creating environment hook '/workspace/ros2_robot_ws/install/gripper_pub/share/gripper_pub/hook/ament_prefix_path.sh'
[5.821s] INFO:colcon.colcon_core.shell:Skip shell extension 'powershell' for command environment: Not usable outside of PowerShell
[5.821s] DEBUG:colcon.colcon_core.shell:Skip shell extension 'dsv' for command environment
[5.844s] INFO:colcon.colcon_ros.task.ament_python.build:Building ROS package in '/workspace/ros2_robot_ws/src/gripper_sub' with build type 'ament_python'
[5.847s] Level 1:colcon.colcon_core.shell:create_environment_hook('gripper_sub', 'ament_prefix_path')
[5.849s] INFO:colcon.colcon_core.shell:Creating environment hook '/workspace/ros2_robot_ws/install/gripper_sub/share/gripper_sub/hook/ament_prefix_path.ps1'
[5.859s] INFO:colcon.colcon_core.shell:Creating environment descriptor '/workspace/ros2_robot_ws/install/gripper_sub/share/gripper_sub/hook/ament_prefix_path.dsv'
[5.869s] INFO:colcon.colcon_core.shell:Creating environment hook '/workspace/ros2_robot_ws/install/gripper_sub/share/gripper_sub/hook/ament_prefix_path.sh'
[5.876s] INFO:colcon.colcon_core.shell:Skip shell extension 'powershell' for command environment: Not usable outside of PowerShell
[5.877s] DEBUG:colcon.colcon_core.shell:Skip shell extension 'dsv' for command environment
[7.133s] INFO:colcon.colcon_core.task.python.build:Building Python package in '/workspace/ros2_robot_ws/src/gripper_pub'
[7.135s] INFO:colcon.colcon_core.shell:Skip shell extension 'powershell' for command environment: Not usable outside of PowerShell
[7.135s] DEBUG:colcon.colcon_core.shell:Skip shell extension 'dsv' for command environment
[7.173s] DEBUG:colcon.colcon_core.event_handler.log_command:Invoking command in '/workspace/ros2_robot_ws/src/arm_test': PYTHONPATH=/workspace/ros2_robot_ws/build/arm_test/prefix_override:/usr/lib/python3/dist-packages/colcon_core/task/python/colcon_distutils_commands:/workspace/ros2_robot_ws/install/arm_test/lib/python3.10/site-packages:${PYTHONPATH} /usr/bin/python3 -W ignore:setup.py install is deprecated -W ignore:easy_install command is deprecated setup.py egg_info --egg-base ../../build/arm_test build --build-base /workspace/ros2_robot_ws/build/arm_test/build install --record /workspace/ros2_robot_ws/build/arm_test/install.log --single-version-externally-managed install_data
[8.673s] INFO:colcon.colcon_core.task.python.build:Building Python package in '/workspace/ros2_robot_ws/src/gripper_sub'
[8.674s] INFO:colcon.colcon_core.shell:Skip shell extension 'powershell' for command environment: Not usable outside of PowerShell
[8.679s] DEBUG:colcon.colcon_core.shell:Skip shell extension 'dsv' for command environment
[8.872s] Level 1:colcon.colcon_core.environment:checking '/workspace/ros2_robot_ws/install/arm_test' for CMake module files
[8.875s] DEBUG:colcon.colcon_core.event_handler.log_command:Invoked command in '/workspace/ros2_robot_ws/src/arm_test' returned '0': PYTHONPATH=/workspace/ros2_robot_ws/build/arm_test/prefix_override:/usr/lib/python3/dist-packages/colcon_core/task/python/colcon_distutils_commands:/workspace/ros2_robot_ws/install/arm_test/lib/python3.10/site-packages:${PYTHONPATH} /usr/bin/python3 -W ignore:setup.py install is deprecated -W ignore:easy_install command is deprecated setup.py egg_info --egg-base ../../build/arm_test build --build-base /workspace/ros2_robot_ws/build/arm_test/build install --record /workspace/ros2_robot_ws/build/arm_test/install.log --single-version-externally-managed install_data
[8.877s] Level 1:colcon.colcon_core.environment:checking '/workspace/ros2_robot_ws/install/arm_test' for CMake config files
[8.879s] Level 1:colcon.colcon_core.environment:checking '/workspace/ros2_robot_ws/install/arm_test/lib'
[8.880s] Level 1:colcon.colcon_core.environment:checking '/workspace/ros2_robot_ws/install/arm_test/bin'
[8.881s] Level 1:colcon.colcon_core.environment:checking '/workspace/ros2_robot_ws/install/arm_test/lib/pkgconfig/arm_test.pc'
[8.882s] Level 1:colcon.colcon_core.environment:checking '/workspace/ros2_robot_ws/install/arm_test/lib/python3.10/site-packages'
[8.883s] Level 1:colcon.colcon_core.shell:create_environment_hook('arm_test', 'pythonpath')
[8.884s] INFO:colcon.colcon_core.shell:Creating environment hook '/workspace/ros2_robot_ws/install/arm_test/share/arm_test/hook/pythonpath.ps1'
[8.887s] INFO:colcon.colcon_core.shell:Creating environment descriptor '/workspace/ros2_robot_ws/install/arm_test/share/arm_test/hook/pythonpath.dsv'
[8.890s] INFO:colcon.colcon_core.shell:Creating environment hook '/workspace/ros2_robot_ws/install/arm_test/share/arm_test/hook/pythonpath.sh'
[8.894s] Level 1:colcon.colcon_core.environment:checking '/workspace/ros2_robot_ws/install/arm_test/bin'
[8.895s] Level 1:colcon.colcon_core.environment:create_environment_scripts_only(arm_test)
[8.896s] INFO:colcon.colcon_core.shell:Creating package script '/workspace/ros2_robot_ws/install/arm_test/share/arm_test/package.ps1'
[8.900s] INFO:colcon.colcon_core.shell:Creating package descriptor '/workspace/ros2_robot_ws/install/arm_test/share/arm_test/package.dsv'
[8.903s] INFO:colcon.colcon_core.shell:Creating package script '/workspace/ros2_robot_ws/install/arm_test/share/arm_test/package.sh'
[8.907s] INFO:colcon.colcon_core.shell:Creating package script '/workspace/ros2_robot_ws/install/arm_test/share/arm_test/package.bash'
[8.910s] INFO:colcon.colcon_core.shell:Creating package script '/workspace/ros2_robot_ws/install/arm_test/share/arm_test/package.zsh'
[8.913s] Level 1:colcon.colcon_core.environment:create_file_with_runtime_dependencies(/workspace/ros2_robot_ws/install/arm_test/share/colcon-core/packages/arm_test)
[10.904s] DEBUG:colcon.colcon_core.event_handler.log_command:Invoking command in '/workspace/ros2_robot_ws/src/gripper_sub': AMENT_PREFIX_PATH=/workspace/ros2_robot_ws/install/utils:/workspace/ros2_robot_ws/install/gripper_sub:/workspace/ros2_robot_ws/install/gripper_pub:/workspace/ros2_robot_ws/install/arm_test:/workspace/ros2_robot_ws/install/robot_interfaces:/opt/ros/humble PYTHONPATH=/workspace/ros2_robot_ws/build/gripper_sub/prefix_override:/usr/lib/python3/dist-packages/colcon_core/task/python/colcon_distutils_commands:/workspace/ros2_robot_ws/install/gripper_sub/lib/python3.10/site-packages:/workspace/ros2_robot_ws/install/utils/lib/python3.10/site-packages:/workspace/ros2_robot_ws/install/gripper_sub/lib/python3.10/site-packages:/workspace/ros2_robot_ws/install/gripper_pub/lib/python3.10/site-packages:/workspace/ros2_robot_ws/install/arm_test/lib/python3.10/site-packages:/workspace/ros2_robot_ws/install/robot_interfaces/local/lib/python3.10/dist-packages:/opt/ros/humble/lib/python3.10/site-packages:/opt/ros/humble/local/lib/python3.10/dist-packages /usr/bin/python3 -W ignore:setup.py install is deprecated -W ignore:easy_install command is deprecated setup.py egg_info --egg-base ../../build/gripper_sub build --build-base /workspace/ros2_robot_ws/build/gripper_sub/build install --record /workspace/ros2_robot_ws/build/gripper_sub/install.log --single-version-externally-managed install_data
[10.928s] DEBUG:colcon.colcon_core.event_handler.log_command:Invoking command in '/workspace/ros2_robot_ws/src/gripper_pub': AMENT_PREFIX_PATH=/workspace/ros2_robot_ws/install/utils:/workspace/ros2_robot_ws/install/gripper_sub:/workspace/ros2_robot_ws/install/gripper_pub:/workspace/ros2_robot_ws/install/arm_test:/workspace/ros2_robot_ws/install/robot_interfaces:/opt/ros/humble PYTHONPATH=/workspace/ros2_robot_ws/build/gripper_pub/prefix_override:/usr/lib/python3/dist-packages/colcon_core/task/python/colcon_distutils_commands:/workspace/ros2_robot_ws/install/gripper_pub/lib/python3.10/site-packages:/workspace/ros2_robot_ws/install/utils/lib/python3.10/site-packages:/workspace/ros2_robot_ws/install/gripper_sub/lib/python3.10/site-packages:/workspace/ros2_robot_ws/install/gripper_pub/lib/python3.10/site-packages:/workspace/ros2_robot_ws/install/arm_test/lib/python3.10/site-packages:/workspace/ros2_robot_ws/install/robot_interfaces/local/lib/python3.10/dist-packages:/opt/ros/humble/lib/python3.10/site-packages:/opt/ros/humble/local/lib/python3.10/dist-packages /usr/bin/python3 -W ignore:setup.py install is deprecated -W ignore:easy_install command is deprecated setup.py egg_info --egg-base ../../build/gripper_pub build --build-base /workspace/ros2_robot_ws/build/gripper_pub/build install --record /workspace/ros2_robot_ws/build/gripper_pub/install.log --single-version-externally-managed install_data
[12.589s] Level 1:colcon.colcon_core.environment:checking '/workspace/ros2_robot_ws/install/gripper_sub' for CMake module files
[12.591s] DEBUG:colcon.colcon_core.event_handler.log_command:Invoked command in '/workspace/ros2_robot_ws/src/gripper_sub' returned '0': AMENT_PREFIX_PATH=/workspace/ros2_robot_ws/install/utils:/workspace/ros2_robot_ws/install/gripper_sub:/workspace/ros2_robot_ws/install/gripper_pub:/workspace/ros2_robot_ws/install/arm_test:/workspace/ros2_robot_ws/install/robot_interfaces:/opt/ros/humble PYTHONPATH=/workspace/ros2_robot_ws/build/gripper_sub/prefix_override:/usr/lib/python3/dist-packages/colcon_core/task/python/colcon_distutils_commands:/workspace/ros2_robot_ws/install/gripper_sub/lib/python3.10/site-packages:/workspace/ros2_robot_ws/install/utils/lib/python3.10/site-packages:/workspace/ros2_robot_ws/install/gripper_sub/lib/python3.10/site-packages:/workspace/ros2_robot_ws/install/gripper_pub/lib/python3.10/site-packages:/workspace/ros2_robot_ws/install/arm_test/lib/python3.10/site-packages:/workspace/ros2_robot_ws/install/robot_interfaces/local/lib/python3.10/dist-packages:/opt/ros/humble/lib/python3.10/site-packages:/opt/ros/humble/local/lib/python3.10/dist-packages /usr/bin/python3 -W ignore:setup.py install is deprecated -W ignore:easy_install command is deprecated setup.py egg_info --egg-base ../../build/gripper_sub build --build-base /workspace/ros2_robot_ws/build/gripper_sub/build install --record /workspace/ros2_robot_ws/build/gripper_sub/install.log --single-version-externally-managed install_data
[12.594s] Level 1:colcon.colcon_core.environment:checking '/workspace/ros2_robot_ws/install/gripper_sub' for CMake config files
[12.608s] Level 1:colcon.colcon_core.environment:checking '/workspace/ros2_robot_ws/install/gripper_sub/lib'
[12.610s] Level 1:colcon.colcon_core.environment:checking '/workspace/ros2_robot_ws/install/gripper_sub/bin'
[12.612s] Level 1:colcon.colcon_core.environment:checking '/workspace/ros2_robot_ws/install/gripper_sub/lib/pkgconfig/gripper_sub.pc'
[12.618s] Level 1:colcon.colcon_core.environment:checking '/workspace/ros2_robot_ws/install/gripper_sub/lib/python3.10/site-packages'
[12.619s] Level 1:colcon.colcon_core.shell:create_environment_hook('gripper_sub', 'pythonpath')
[12.621s] INFO:colcon.colcon_core.shell:Creating environment hook '/workspace/ros2_robot_ws/install/gripper_sub/share/gripper_sub/hook/pythonpath.ps1'
[12.628s] INFO:colcon.colcon_core.shell:Creating environment descriptor '/workspace/ros2_robot_ws/install/gripper_sub/share/gripper_sub/hook/pythonpath.dsv'
[12.637s] INFO:colcon.colcon_core.shell:Creating environment hook '/workspace/ros2_robot_ws/install/gripper_sub/share/gripper_sub/hook/pythonpath.sh'
[12.643s] Level 1:colcon.colcon_core.environment:checking '/workspace/ros2_robot_ws/install/gripper_sub/bin'
[12.644s] Level 1:colcon.colcon_core.environment:create_environment_scripts_only(gripper_sub)
[12.645s] INFO:colcon.colcon_core.shell:Creating package script '/workspace/ros2_robot_ws/install/gripper_sub/share/gripper_sub/package.ps1'
[12.649s] INFO:colcon.colcon_core.shell:Creating package descriptor '/workspace/ros2_robot_ws/install/gripper_sub/share/gripper_sub/package.dsv'
[12.654s] INFO:colcon.colcon_core.shell:Creating package script '/workspace/ros2_robot_ws/install/gripper_sub/share/gripper_sub/package.sh'
[12.658s] INFO:colcon.colcon_core.shell:Creating package script '/workspace/ros2_robot_ws/install/gripper_sub/share/gripper_sub/package.bash'
[12.661s] INFO:colcon.colcon_core.shell:Creating package script '/workspace/ros2_robot_ws/install/gripper_sub/share/gripper_sub/package.zsh'
[12.664s] Level 1:colcon.colcon_core.environment:create_file_with_runtime_dependencies(/workspace/ros2_robot_ws/install/gripper_sub/share/colcon-core/packages/gripper_sub)
[12.674s] Level 1:colcon.colcon_core.environment:checking '/workspace/ros2_robot_ws/install/gripper_pub' for CMake module files
[12.678s] Level 1:colcon.colcon_core.environment:checking '/workspace/ros2_robot_ws/install/gripper_pub' for CMake config files
[12.682s] Level 1:colcon.colcon_core.environment:checking '/workspace/ros2_robot_ws/install/gripper_pub/lib'
[12.686s] Level 1:colcon.colcon_core.environment:checking '/workspace/ros2_robot_ws/install/gripper_pub/bin'
[12.686s] DEBUG:colcon.colcon_core.event_handler.log_command:Invoked command in '/workspace/ros2_robot_ws/src/gripper_pub' returned '0': AMENT_PREFIX_PATH=/workspace/ros2_robot_ws/install/utils:/workspace/ros2_robot_ws/install/gripper_sub:/workspace/ros2_robot_ws/install/gripper_pub:/workspace/ros2_robot_ws/install/arm_test:/workspace/ros2_robot_ws/install/robot_interfaces:/opt/ros/humble PYTHONPATH=/workspace/ros2_robot_ws/build/gripper_pub/prefix_override:/usr/lib/python3/dist-packages/colcon_core/task/python/colcon_distutils_commands:/workspace/ros2_robot_ws/install/gripper_pub/lib/python3.10/site-packages:/workspace/ros2_robot_ws/install/utils/lib/python3.10/site-packages:/workspace/ros2_robot_ws/install/gripper_sub/lib/python3.10/site-packages:/workspace/ros2_robot_ws/install/gripper_pub/lib/python3.10/site-packages:/workspace/ros2_robot_ws/install/arm_test/lib/python3.10/site-packages:/workspace/ros2_robot_ws/install/robot_interfaces/local/lib/python3.10/dist-packages:/opt/ros/humble/lib/python3.10/site-packages:/opt/ros/humble/local/lib/python3.10/dist-packages /usr/bin/python3 -W ignore:setup.py install is deprecated -W ignore:easy_install command is deprecated setup.py egg_info --egg-base ../../build/gripper_pub build --build-base /workspace/ros2_robot_ws/build/gripper_pub/build install --record /workspace/ros2_robot_ws/build/gripper_pub/install.log --single-version-externally-managed install_data
[12.687s] Level 1:colcon.colcon_core.environment:checking '/workspace/ros2_robot_ws/install/gripper_pub/lib/pkgconfig/gripper_pub.pc'
[12.691s] Level 1:colcon.colcon_core.environment:checking '/workspace/ros2_robot_ws/install/gripper_pub/lib/python3.10/site-packages'
[12.692s] Level 1:colcon.colcon_core.shell:create_environment_hook('gripper_pub', 'pythonpath')
[12.693s] INFO:colcon.colcon_core.shell:Creating environment hook '/workspace/ros2_robot_ws/install/gripper_pub/share/gripper_pub/hook/pythonpath.ps1'
[12.697s] INFO:colcon.colcon_core.shell:Creating environment descriptor '/workspace/ros2_robot_ws/install/gripper_pub/share/gripper_pub/hook/pythonpath.dsv'
[12.706s] INFO:colcon.colcon_core.shell:Creating environment hook '/workspace/ros2_robot_ws/install/gripper_pub/share/gripper_pub/hook/pythonpath.sh'
[12.712s] Level 1:colcon.colcon_core.environment:checking '/workspace/ros2_robot_ws/install/gripper_pub/bin'
[12.713s] Level 1:colcon.colcon_core.environment:create_environment_scripts_only(gripper_pub)
[12.716s] INFO:colcon.colcon_core.shell:Creating package script '/workspace/ros2_robot_ws/install/gripper_pub/share/gripper_pub/package.ps1'
[12.722s] INFO:colcon.colcon_core.shell:Creating package descriptor '/workspace/ros2_robot_ws/install/gripper_pub/share/gripper_pub/package.dsv'
[12.727s] INFO:colcon.colcon_core.shell:Creating package script '/workspace/ros2_robot_ws/install/gripper_pub/share/gripper_pub/package.sh'
[12.732s] INFO:colcon.colcon_core.shell:Creating package script '/workspace/ros2_robot_ws/install/gripper_pub/share/gripper_pub/package.bash'
[12.737s] INFO:colcon.colcon_core.shell:Creating package script '/workspace/ros2_robot_ws/install/gripper_pub/share/gripper_pub/package.zsh'
[12.740s] Level 1:colcon.colcon_core.environment:create_file_with_runtime_dependencies(/workspace/ros2_robot_ws/install/gripper_pub/share/colcon-core/packages/gripper_pub)
[12.746s] DEBUG:colcon.colcon_parallel_executor.executor.parallel:closing loop
[12.748s] DEBUG:colcon.colcon_parallel_executor.executor.parallel:loop closed
[12.748s] DEBUG:colcon.colcon_parallel_executor.executor.parallel:run_until_complete finished with '0'
[12.748s] DEBUG:colcon.colcon_core.event_reactor:joining thread
[12.821s] INFO:colcon.colcon_core.plugin_system:Skipping extension 'colcon_notification.desktop_notification.notify_send': Could not find 'notify-send'
[12.891s] INFO:colcon.colcon_core.plugin_system:Skipping extension 'colcon_notification.desktop_notification.terminal_notifier': Not used on non-Darwin systems
[12.892s] INFO:colcon.colcon_core.plugin_system:Skipping extension 'colcon_notification.desktop_notification.win32': Not used on non-Windows systems
[12.892s] INFO:colcon.colcon_notification.desktop_notification:Sending desktop notification using 'notify2'
[12.892s] DEBUG:colcon.colcon_notification.desktop_notification.notify2:Failed to initialize notify2: org.freedesktop.DBus.Error.NotSupported: Unable to autolaunch a dbus-daemon without a $DISPLAY for X11
[12.893s] DEBUG:colcon.colcon_core.event_reactor:joined thread
[12.894s] INFO:colcon.colcon_core.shell:Creating prefix script '/workspace/ros2_robot_ws/install/local_setup.ps1'
[12.900s] INFO:colcon.colcon_core.shell:Creating prefix util module '/workspace/ros2_robot_ws/install/_local_setup_util_ps1.py'
[12.909s] INFO:colcon.colcon_core.shell:Creating prefix chain script '/workspace/ros2_robot_ws/install/setup.ps1'
[12.916s] INFO:colcon.colcon_core.shell:Creating prefix script '/workspace/ros2_robot_ws/install/local_setup.sh'
[12.925s] INFO:colcon.colcon_core.shell:Creating prefix util module '/workspace/ros2_robot_ws/install/_local_setup_util_sh.py'
[12.930s] INFO:colcon.colcon_core.shell:Creating prefix chain script '/workspace/ros2_robot_ws/install/setup.sh'
[12.939s] INFO:colcon.colcon_core.shell:Creating prefix script '/workspace/ros2_robot_ws/install/local_setup.bash'
[12.943s] INFO:colcon.colcon_core.shell:Creating prefix chain script '/workspace/ros2_robot_ws/install/setup.bash'
[12.951s] INFO:colcon.colcon_core.shell:Creating prefix script '/workspace/ros2_robot_ws/install/local_setup.zsh'
[12.954s] INFO:colcon.colcon_core.shell:Creating prefix chain script '/workspace/ros2_robot_ws/install/setup.zsh'
