[3.128s] Invoking command in '/workspace/ros2_robot_ws/src/utils': PYTHONPATH=/workspace/ros2_robot_ws/build/utils/prefix_override:/usr/lib/python3/dist-packages/colcon_core/task/python/colcon_distutils_commands:/workspace/ros2_robot_ws/install/utils/lib/python3.10/site-packages:${PYTHONPATH} /usr/bin/python3 -W ignore:setup.py install is deprecated -W ignore:easy_install command is deprecated setup.py egg_info --egg-base ../../build/utils build --build-base /workspace/ros2_robot_ws/build/utils/build install --record /workspace/ros2_robot_ws/build/utils/install.log --single-version-externally-managed install_data
[3.926s] running egg_info
[3.929s] writing ../../build/utils/utils.egg-info/PKG-INFO
[3.930s] writing dependency_links to ../../build/utils/utils.egg-info/dependency_links.txt
[3.935s] writing entry points to ../../build/utils/utils.egg-info/entry_points.txt
[3.937s] writing requirements to ../../build/utils/utils.egg-info/requires.txt
[3.938s] writing top-level names to ../../build/utils/utils.egg-info/top_level.txt
[3.946s] reading manifest file '../../build/utils/utils.egg-info/SOURCES.txt'
[3.950s] writing manifest file '../../build/utils/utils.egg-info/SOURCES.txt'
[3.951s] running build
[3.952s] running build_py
[3.952s] running install
[3.954s] running install_lib
[3.964s] running install_data
[3.964s] running install_egg_info
[3.972s] removing '/workspace/ros2_robot_ws/install/utils/lib/python3.10/site-packages/utils-0.0.0-py3.10.egg-info' (and everything under it)
[3.974s] Copying ../../build/utils/utils.egg-info to /workspace/ros2_robot_ws/install/utils/lib/python3.10/site-packages/utils-0.0.0-py3.10.egg-info
[3.986s] running install_scripts
[4.065s] writing list of installed files to '/workspace/ros2_robot_ws/build/utils/install.log'
[4.219s] Invoked command in '/workspace/ros2_robot_ws/src/utils' returned '0': PYTHONPATH=/workspace/ros2_robot_ws/build/utils/prefix_override:/usr/lib/python3/dist-packages/colcon_core/task/python/colcon_distutils_commands:/workspace/ros2_robot_ws/install/utils/lib/python3.10/site-packages:${PYTHONPATH} /usr/bin/python3 -W ignore:setup.py install is deprecated -W ignore:easy_install command is deprecated setup.py egg_info --egg-base ../../build/utils build --build-base /workspace/ros2_robot_ws/build/utils/build install --record /workspace/ros2_robot_ws/build/utils/install.log --single-version-externally-managed install_data
