[0.830s] DEBUG:colcon:Command line arguments: ['/usr/bin/colcon', 'build']
[0.830s] DEBUG:colcon:Parsed command line arguments: Namespace(log_base=None, log_level=None, verb_name='build', build_base='build', install_base='install', merge_install=False, symlink_install=False, test_result_base=None, continue_on_error=False, executor='parallel', parallel_workers=4, event_handlers=None, ignore_user_meta=False, metas=['./colcon.meta'], base_paths=['.'], packages_ignore=None, packages_ignore_regex=None, paths=None, packages_up_to=None, packages_up_to_regex=None, packages_above=None, packages_above_and_dependencies=None, packages_above_depth=None, packages_select_by_dep=None, packages_skip_by_dep=None, packages_skip_up_to=None, packages_select_build_failed=False, packages_skip_build_finished=False, packages_select_test_failures=False, packages_skip_test_passed=False, packages_select=None, packages_skip=None, packages_select_regex=None, packages_skip_regex=None, packages_start=None, packages_end=None, cmake_args=None, cmake_target=None, cmake_target_skip_unavailable=False, cmake_clean_cache=False, cmake_clean_first=False, cmake_force_configure=False, ament_cmake_args=None, catkin_cmake_args=None, catkin_skip_building_tests=False, mixin_files=None, mixin=None, verb_parser=<colcon_mixin.mixin.mixin_argument.MixinArgumentDecorator object at 0x7f84f3ad70>, verb_extension=<colcon_core.verb.build.BuildVerb object at 0x7f84f3a7a0>, main=<bound method BuildVerb.main of <colcon_core.verb.build.BuildVerb object at 0x7f84f3a7a0>>, mixin_verb=('build',))
[1.721s] Level 1:colcon.colcon_core.package_discovery:discover_packages(colcon_meta) check parameters
[1.726s] INFO:colcon.colcon_metadata.package_discovery.colcon_meta:Using configuration from '/root/.colcon/metadata/default/Gazebo.meta'
[1.730s] INFO:colcon.colcon_metadata.package_discovery.colcon_meta:Using configuration from '/root/.colcon/metadata/default/fastdds.meta'
[1.733s] INFO:colcon.colcon_metadata.package_discovery.colcon_meta:Using configuration from '/root/.colcon/metadata/default/fastrtps.meta'
[1.734s] Level 1:colcon.colcon_core.package_discovery:discover_packages(recursive) check parameters
[1.734s] Level 1:colcon.colcon_core.package_discovery:discover_packages(ignore) check parameters
[1.734s] Level 1:colcon.colcon_core.package_discovery:discover_packages(path) check parameters
[1.735s] Level 1:colcon.colcon_core.package_discovery:discover_packages(colcon_meta) discover
[1.735s] Level 1:colcon.colcon_core.package_discovery:discover_packages(recursive) discover
[1.735s] INFO:colcon.colcon_core.package_discovery:Crawling recursively for packages in '/workspace/ros2_robot_ws'
[1.735s] Level 1:colcon.colcon_core.package_identification:_identify(.) by extensions ['ignore', 'ignore_ament_install']
[1.736s] Level 1:colcon.colcon_core.package_identification:_identify(.) by extension 'ignore'
[1.737s] Level 1:colcon.colcon_core.package_identification:_identify(.) by extension 'ignore_ament_install'
[1.738s] Level 1:colcon.colcon_core.package_identification:_identify(.) by extensions ['colcon_pkg']
[1.738s] Level 1:colcon.colcon_core.package_identification:_identify(.) by extension 'colcon_pkg'
[1.738s] Level 1:colcon.colcon_core.package_identification:_identify(.) by extensions ['colcon_meta']
[1.739s] Level 1:colcon.colcon_core.package_identification:_identify(.) by extension 'colcon_meta'
[1.739s] Level 1:colcon.colcon_core.package_identification:_identify(.) by extensions ['ros']
[1.739s] Level 1:colcon.colcon_core.package_identification:_identify(.) by extension 'ros'
[1.820s] Level 1:colcon.colcon_core.package_identification:_identify(.) by extensions ['cmake', 'python']
[1.821s] Level 1:colcon.colcon_core.package_identification:_identify(.) by extension 'cmake'
[1.821s] Level 1:colcon.colcon_core.package_identification:_identify(.) by extension 'python'
[1.821s] Level 1:colcon.colcon_core.package_identification:_identify(.) by extensions ['python_setup_py']
[1.821s] Level 1:colcon.colcon_core.package_identification:_identify(.) by extension 'python_setup_py'
[1.822s] Level 1:colcon.colcon_core.package_identification:_identify(__pycache__) by extensions ['ignore', 'ignore_ament_install']
[1.822s] Level 1:colcon.colcon_core.package_identification:_identify(__pycache__) by extension 'ignore'
[1.822s] Level 1:colcon.colcon_core.package_identification:_identify(__pycache__) by extension 'ignore_ament_install'
[1.822s] Level 1:colcon.colcon_core.package_identification:_identify(__pycache__) by extensions ['colcon_pkg']
[1.823s] Level 1:colcon.colcon_core.package_identification:_identify(__pycache__) by extension 'colcon_pkg'
[1.823s] Level 1:colcon.colcon_core.package_identification:_identify(__pycache__) by extensions ['colcon_meta']
[1.823s] Level 1:colcon.colcon_core.package_identification:_identify(__pycache__) by extension 'colcon_meta'
[1.823s] Level 1:colcon.colcon_core.package_identification:_identify(__pycache__) by extensions ['ros']
[1.823s] Level 1:colcon.colcon_core.package_identification:_identify(__pycache__) by extension 'ros'
[1.823s] Level 1:colcon.colcon_core.package_identification:_identify(__pycache__) by extensions ['cmake', 'python']
[1.823s] Level 1:colcon.colcon_core.package_identification:_identify(__pycache__) by extension 'cmake'
[1.824s] Level 1:colcon.colcon_core.package_identification:_identify(__pycache__) by extension 'python'
[1.824s] Level 1:colcon.colcon_core.package_identification:_identify(__pycache__) by extensions ['python_setup_py']
[1.824s] Level 1:colcon.colcon_core.package_identification:_identify(__pycache__) by extension 'python_setup_py'
[1.824s] Level 1:colcon.colcon_core.package_identification:_identify(build) by extensions ['ignore', 'ignore_ament_install']
[1.825s] Level 1:colcon.colcon_core.package_identification:_identify(build) by extension 'ignore'
[1.825s] Level 1:colcon.colcon_core.package_identification:_identify(build) ignored
[1.825s] Level 1:colcon.colcon_core.package_identification:_identify(install) by extensions ['ignore', 'ignore_ament_install']
[1.826s] Level 1:colcon.colcon_core.package_identification:_identify(install) by extension 'ignore'
[1.826s] Level 1:colcon.colcon_core.package_identification:_identify(install) ignored
[1.826s] Level 1:colcon.colcon_core.package_identification:_identify(log) by extensions ['ignore', 'ignore_ament_install']
[1.826s] Level 1:colcon.colcon_core.package_identification:_identify(log) by extension 'ignore'
[1.827s] Level 1:colcon.colcon_core.package_identification:_identify(log) ignored
[1.827s] Level 1:colcon.colcon_core.package_identification:_identify(src) by extensions ['ignore', 'ignore_ament_install']
[1.827s] Level 1:colcon.colcon_core.package_identification:_identify(src) by extension 'ignore'
[1.827s] Level 1:colcon.colcon_core.package_identification:_identify(src) by extension 'ignore_ament_install'
[1.828s] Level 1:colcon.colcon_core.package_identification:_identify(src) by extensions ['colcon_pkg']
[1.828s] Level 1:colcon.colcon_core.package_identification:_identify(src) by extension 'colcon_pkg'
[1.828s] Level 1:colcon.colcon_core.package_identification:_identify(src) by extensions ['colcon_meta']
[1.828s] Level 1:colcon.colcon_core.package_identification:_identify(src) by extension 'colcon_meta'
[1.828s] Level 1:colcon.colcon_core.package_identification:_identify(src) by extensions ['ros']
[1.828s] Level 1:colcon.colcon_core.package_identification:_identify(src) by extension 'ros'
[1.829s] Level 1:colcon.colcon_core.package_identification:_identify(src) by extensions ['cmake', 'python']
[1.829s] Level 1:colcon.colcon_core.package_identification:_identify(src) by extension 'cmake'
[1.829s] Level 1:colcon.colcon_core.package_identification:_identify(src) by extension 'python'
[1.829s] Level 1:colcon.colcon_core.package_identification:_identify(src) by extensions ['python_setup_py']
[1.829s] Level 1:colcon.colcon_core.package_identification:_identify(src) by extension 'python_setup_py'
[1.830s] Level 1:colcon.colcon_core.package_identification:_identify(src/arm_test) by extensions ['ignore', 'ignore_ament_install']
[1.830s] Level 1:colcon.colcon_core.package_identification:_identify(src/arm_test) by extension 'ignore'
[1.830s] Level 1:colcon.colcon_core.package_identification:_identify(src/arm_test) by extension 'ignore_ament_install'
[1.830s] Level 1:colcon.colcon_core.package_identification:_identify(src/arm_test) by extensions ['colcon_pkg']
[1.830s] Level 1:colcon.colcon_core.package_identification:_identify(src/arm_test) by extension 'colcon_pkg'
[1.831s] Level 1:colcon.colcon_core.package_identification:_identify(src/arm_test) by extensions ['colcon_meta']
[1.831s] Level 1:colcon.colcon_core.package_identification:_identify(src/arm_test) by extension 'colcon_meta'
[1.831s] Level 1:colcon.colcon_core.package_identification:_identify(src/arm_test) by extensions ['ros']
[1.831s] Level 1:colcon.colcon_core.package_identification:_identify(src/arm_test) by extension 'ros'
[1.842s] DEBUG:colcon.colcon_core.package_identification:Package 'src/arm_test' with type 'ros.ament_python' and name 'arm_test'
[1.842s] Level 1:colcon.colcon_core.package_identification:_identify(src/gripper_pub) by extensions ['ignore', 'ignore_ament_install']
[1.843s] Level 1:colcon.colcon_core.package_identification:_identify(src/gripper_pub) by extension 'ignore'
[1.843s] Level 1:colcon.colcon_core.package_identification:_identify(src/gripper_pub) by extension 'ignore_ament_install'
[1.844s] Level 1:colcon.colcon_core.package_identification:_identify(src/gripper_pub) by extensions ['colcon_pkg']
[1.844s] Level 1:colcon.colcon_core.package_identification:_identify(src/gripper_pub) by extension 'colcon_pkg'
[1.844s] Level 1:colcon.colcon_core.package_identification:_identify(src/gripper_pub) by extensions ['colcon_meta']
[1.844s] Level 1:colcon.colcon_core.package_identification:_identify(src/gripper_pub) by extension 'colcon_meta'
[1.844s] Level 1:colcon.colcon_core.package_identification:_identify(src/gripper_pub) by extensions ['ros']
[1.845s] Level 1:colcon.colcon_core.package_identification:_identify(src/gripper_pub) by extension 'ros'
[1.847s] DEBUG:colcon.colcon_core.package_identification:Package 'src/gripper_pub' with type 'ros.ament_python' and name 'gripper_pub'
[1.848s] Level 1:colcon.colcon_core.package_identification:_identify(src/gripper_sub) by extensions ['ignore', 'ignore_ament_install']
[1.849s] Level 1:colcon.colcon_core.package_identification:_identify(src/gripper_sub) by extension 'ignore'
[1.849s] Level 1:colcon.colcon_core.package_identification:_identify(src/gripper_sub) by extension 'ignore_ament_install'
[1.850s] Level 1:colcon.colcon_core.package_identification:_identify(src/gripper_sub) by extensions ['colcon_pkg']
[1.850s] Level 1:colcon.colcon_core.package_identification:_identify(src/gripper_sub) by extension 'colcon_pkg'
[1.850s] Level 1:colcon.colcon_core.package_identification:_identify(src/gripper_sub) by extensions ['colcon_meta']
[1.850s] Level 1:colcon.colcon_core.package_identification:_identify(src/gripper_sub) by extension 'colcon_meta'
[1.850s] Level 1:colcon.colcon_core.package_identification:_identify(src/gripper_sub) by extensions ['ros']
[1.850s] Level 1:colcon.colcon_core.package_identification:_identify(src/gripper_sub) by extension 'ros'
[1.854s] DEBUG:colcon.colcon_core.package_identification:Package 'src/gripper_sub' with type 'ros.ament_python' and name 'gripper_sub'
[1.854s] Level 1:colcon.colcon_core.package_identification:_identify(src/robot_interfaces) by extensions ['ignore', 'ignore_ament_install']
[1.855s] Level 1:colcon.colcon_core.package_identification:_identify(src/robot_interfaces) by extension 'ignore'
[1.855s] Level 1:colcon.colcon_core.package_identification:_identify(src/robot_interfaces) by extension 'ignore_ament_install'
[1.855s] Level 1:colcon.colcon_core.package_identification:_identify(src/robot_interfaces) by extensions ['colcon_pkg']
[1.855s] Level 1:colcon.colcon_core.package_identification:_identify(src/robot_interfaces) by extension 'colcon_pkg'
[1.855s] Level 1:colcon.colcon_core.package_identification:_identify(src/robot_interfaces) by extensions ['colcon_meta']
[1.855s] Level 1:colcon.colcon_core.package_identification:_identify(src/robot_interfaces) by extension 'colcon_meta'
[1.856s] Level 1:colcon.colcon_core.package_identification:_identify(src/robot_interfaces) by extensions ['ros']
[1.856s] Level 1:colcon.colcon_core.package_identification:_identify(src/robot_interfaces) by extension 'ros'
[1.858s] DEBUG:colcon.colcon_core.package_identification:Package 'src/robot_interfaces' with type 'ros.ament_cmake' and name 'robot_interfaces'
[1.859s] Level 1:colcon.colcon_core.package_identification:_identify(src/utils) by extensions ['ignore', 'ignore_ament_install']
[1.859s] Level 1:colcon.colcon_core.package_identification:_identify(src/utils) by extension 'ignore'
[1.859s] Level 1:colcon.colcon_core.package_identification:_identify(src/utils) by extension 'ignore_ament_install'
[1.859s] Level 1:colcon.colcon_core.package_identification:_identify(src/utils) by extensions ['colcon_pkg']
[1.860s] Level 1:colcon.colcon_core.package_identification:_identify(src/utils) by extension 'colcon_pkg'
[1.860s] Level 1:colcon.colcon_core.package_identification:_identify(src/utils) by extensions ['colcon_meta']
[1.860s] Level 1:colcon.colcon_core.package_identification:_identify(src/utils) by extension 'colcon_meta'
[1.860s] Level 1:colcon.colcon_core.package_identification:_identify(src/utils) by extensions ['ros']
[1.860s] Level 1:colcon.colcon_core.package_identification:_identify(src/utils) by extension 'ros'
[1.863s] DEBUG:colcon.colcon_core.package_identification:Package 'src/utils' with type 'ros.ament_python' and name 'utils'
[1.863s] Level 1:colcon.colcon_core.package_discovery:discover_packages(recursive) using defaults
[1.863s] Level 1:colcon.colcon_core.package_discovery:discover_packages(ignore) discover
[1.863s] Level 1:colcon.colcon_core.package_discovery:discover_packages(ignore) using defaults
[1.863s] Level 1:colcon.colcon_core.package_discovery:discover_packages(path) discover
[1.864s] Level 1:colcon.colcon_core.package_discovery:discover_packages(path) using defaults
[1.998s] Level 5:colcon.colcon_core.verb:set package 'robot_interfaces' build argument 'cmake_args' from command line to 'None'
[1.998s] Level 5:colcon.colcon_core.verb:set package 'robot_interfaces' build argument 'cmake_target' from command line to 'None'
[1.999s] Level 5:colcon.colcon_core.verb:set package 'robot_interfaces' build argument 'cmake_target_skip_unavailable' from command line to 'False'
[1.999s] Level 5:colcon.colcon_core.verb:set package 'robot_interfaces' build argument 'cmake_clean_cache' from command line to 'False'
[1.999s] Level 5:colcon.colcon_core.verb:set package 'robot_interfaces' build argument 'cmake_clean_first' from command line to 'False'
[1.999s] Level 5:colcon.colcon_core.verb:set package 'robot_interfaces' build argument 'cmake_force_configure' from command line to 'False'
[1.999s] Level 5:colcon.colcon_core.verb:set package 'robot_interfaces' build argument 'ament_cmake_args' from command line to 'None'
[1.999s] Level 5:colcon.colcon_core.verb:set package 'robot_interfaces' build argument 'catkin_cmake_args' from command line to 'None'
[1.999s] Level 5:colcon.colcon_core.verb:set package 'robot_interfaces' build argument 'catkin_skip_building_tests' from command line to 'False'
[1.999s] DEBUG:colcon.colcon_core.verb:Building package 'robot_interfaces' with the following arguments: {'ament_cmake_args': None, 'build_base': '/workspace/ros2_robot_ws/build/robot_interfaces', 'catkin_cmake_args': None, 'catkin_skip_building_tests': False, 'cmake_args': None, 'cmake_clean_cache': False, 'cmake_clean_first': False, 'cmake_force_configure': False, 'cmake_target': None, 'cmake_target_skip_unavailable': False, 'install_base': '/workspace/ros2_robot_ws/install/robot_interfaces', 'merge_install': False, 'path': '/workspace/ros2_robot_ws/src/robot_interfaces', 'symlink_install': False, 'test_result_base': None}
[2.001s] Level 5:colcon.colcon_core.verb:set package 'utils' build argument 'cmake_args' from command line to 'None'
[2.001s] Level 5:colcon.colcon_core.verb:set package 'utils' build argument 'cmake_target' from command line to 'None'
[2.001s] Level 5:colcon.colcon_core.verb:set package 'utils' build argument 'cmake_target_skip_unavailable' from command line to 'False'
[2.002s] Level 5:colcon.colcon_core.verb:set package 'utils' build argument 'cmake_clean_cache' from command line to 'False'
[2.002s] Level 5:colcon.colcon_core.verb:set package 'utils' build argument 'cmake_clean_first' from command line to 'False'
[2.002s] Level 5:colcon.colcon_core.verb:set package 'utils' build argument 'cmake_force_configure' from command line to 'False'
[2.002s] Level 5:colcon.colcon_core.verb:set package 'utils' build argument 'ament_cmake_args' from command line to 'None'
[2.002s] Level 5:colcon.colcon_core.verb:set package 'utils' build argument 'catkin_cmake_args' from command line to 'None'
[2.002s] Level 5:colcon.colcon_core.verb:set package 'utils' build argument 'catkin_skip_building_tests' from command line to 'False'
[2.002s] DEBUG:colcon.colcon_core.verb:Building package 'utils' with the following arguments: {'ament_cmake_args': None, 'build_base': '/workspace/ros2_robot_ws/build/utils', 'catkin_cmake_args': None, 'catkin_skip_building_tests': False, 'cmake_args': None, 'cmake_clean_cache': False, 'cmake_clean_first': False, 'cmake_force_configure': False, 'cmake_target': None, 'cmake_target_skip_unavailable': False, 'install_base': '/workspace/ros2_robot_ws/install/utils', 'merge_install': False, 'path': '/workspace/ros2_robot_ws/src/utils', 'symlink_install': False, 'test_result_base': None}
[2.004s] Level 5:colcon.colcon_core.verb:set package 'arm_test' build argument 'cmake_args' from command line to 'None'
[2.004s] Level 5:colcon.colcon_core.verb:set package 'arm_test' build argument 'cmake_target' from command line to 'None'
[2.004s] Level 5:colcon.colcon_core.verb:set package 'arm_test' build argument 'cmake_target_skip_unavailable' from command line to 'False'
[2.004s] Level 5:colcon.colcon_core.verb:set package 'arm_test' build argument 'cmake_clean_cache' from command line to 'False'
[2.004s] Level 5:colcon.colcon_core.verb:set package 'arm_test' build argument 'cmake_clean_first' from command line to 'False'
[2.004s] Level 5:colcon.colcon_core.verb:set package 'arm_test' build argument 'cmake_force_configure' from command line to 'False'
[2.005s] Level 5:colcon.colcon_core.verb:set package 'arm_test' build argument 'ament_cmake_args' from command line to 'None'
[2.005s] Level 5:colcon.colcon_core.verb:set package 'arm_test' build argument 'catkin_cmake_args' from command line to 'None'
[2.005s] Level 5:colcon.colcon_core.verb:set package 'arm_test' build argument 'catkin_skip_building_tests' from command line to 'False'
[2.005s] DEBUG:colcon.colcon_core.verb:Building package 'arm_test' with the following arguments: {'ament_cmake_args': None, 'build_base': '/workspace/ros2_robot_ws/build/arm_test', 'catkin_cmake_args': None, 'catkin_skip_building_tests': False, 'cmake_args': None, 'cmake_clean_cache': False, 'cmake_clean_first': False, 'cmake_force_configure': False, 'cmake_target': None, 'cmake_target_skip_unavailable': False, 'install_base': '/workspace/ros2_robot_ws/install/arm_test', 'merge_install': False, 'path': '/workspace/ros2_robot_ws/src/arm_test', 'symlink_install': False, 'test_result_base': None}
[2.006s] Level 5:colcon.colcon_core.verb:set package 'gripper_pub' build argument 'cmake_args' from command line to 'None'
[2.006s] Level 5:colcon.colcon_core.verb:set package 'gripper_pub' build argument 'cmake_target' from command line to 'None'
[2.007s] Level 5:colcon.colcon_core.verb:set package 'gripper_pub' build argument 'cmake_target_skip_unavailable' from command line to 'False'
[2.007s] Level 5:colcon.colcon_core.verb:set package 'gripper_pub' build argument 'cmake_clean_cache' from command line to 'False'
[2.007s] Level 5:colcon.colcon_core.verb:set package 'gripper_pub' build argument 'cmake_clean_first' from command line to 'False'
[2.007s] Level 5:colcon.colcon_core.verb:set package 'gripper_pub' build argument 'cmake_force_configure' from command line to 'False'
[2.007s] Level 5:colcon.colcon_core.verb:set package 'gripper_pub' build argument 'ament_cmake_args' from command line to 'None'
[2.007s] Level 5:colcon.colcon_core.verb:set package 'gripper_pub' build argument 'catkin_cmake_args' from command line to 'None'
[2.007s] Level 5:colcon.colcon_core.verb:set package 'gripper_pub' build argument 'catkin_skip_building_tests' from command line to 'False'
[2.007s] DEBUG:colcon.colcon_core.verb:Building package 'gripper_pub' with the following arguments: {'ament_cmake_args': None, 'build_base': '/workspace/ros2_robot_ws/build/gripper_pub', 'catkin_cmake_args': None, 'catkin_skip_building_tests': False, 'cmake_args': None, 'cmake_clean_cache': False, 'cmake_clean_first': False, 'cmake_force_configure': False, 'cmake_target': None, 'cmake_target_skip_unavailable': False, 'install_base': '/workspace/ros2_robot_ws/install/gripper_pub', 'merge_install': False, 'path': '/workspace/ros2_robot_ws/src/gripper_pub', 'symlink_install': False, 'test_result_base': None}
[2.009s] Level 5:colcon.colcon_core.verb:set package 'gripper_sub' build argument 'cmake_args' from command line to 'None'
[2.009s] Level 5:colcon.colcon_core.verb:set package 'gripper_sub' build argument 'cmake_target' from command line to 'None'
[2.009s] Level 5:colcon.colcon_core.verb:set package 'gripper_sub' build argument 'cmake_target_skip_unavailable' from command line to 'False'
[2.009s] Level 5:colcon.colcon_core.verb:set package 'gripper_sub' build argument 'cmake_clean_cache' from command line to 'False'
[2.009s] Level 5:colcon.colcon_core.verb:set package 'gripper_sub' build argument 'cmake_clean_first' from command line to 'False'
[2.009s] Level 5:colcon.colcon_core.verb:set package 'gripper_sub' build argument 'cmake_force_configure' from command line to 'False'
[2.009s] Level 5:colcon.colcon_core.verb:set package 'gripper_sub' build argument 'ament_cmake_args' from command line to 'None'
[2.009s] Level 5:colcon.colcon_core.verb:set package 'gripper_sub' build argument 'catkin_cmake_args' from command line to 'None'
[2.009s] Level 5:colcon.colcon_core.verb:set package 'gripper_sub' build argument 'catkin_skip_building_tests' from command line to 'False'
[2.010s] DEBUG:colcon.colcon_core.verb:Building package 'gripper_sub' with the following arguments: {'ament_cmake_args': None, 'build_base': '/workspace/ros2_robot_ws/build/gripper_sub', 'catkin_cmake_args': None, 'catkin_skip_building_tests': False, 'cmake_args': None, 'cmake_clean_cache': False, 'cmake_clean_first': False, 'cmake_force_configure': False, 'cmake_target': None, 'cmake_target_skip_unavailable': False, 'install_base': '/workspace/ros2_robot_ws/install/gripper_sub', 'merge_install': False, 'path': '/workspace/ros2_robot_ws/src/gripper_sub', 'symlink_install': False, 'test_result_base': None}
[2.010s] INFO:colcon.colcon_core.executor:Executing jobs using 'parallel' executor
[2.014s] DEBUG:colcon.colcon_parallel_executor.executor.parallel:run_until_complete
[2.015s] INFO:colcon.colcon_ros.task.ament_cmake.build:Building ROS package in '/workspace/ros2_robot_ws/src/robot_interfaces' with build type 'ament_cmake'
[2.016s] INFO:colcon.colcon_cmake.task.cmake.build:Building CMake package in '/workspace/ros2_robot_ws/src/robot_interfaces'
[2.038s] INFO:colcon.colcon_core.plugin_system:Skipping extension 'colcon_core.shell.bat': Not used on non-Windows systems
[2.039s] INFO:colcon.colcon_core.shell:Skip shell extension 'powershell' for command environment: Not usable outside of PowerShell
[2.039s] DEBUG:colcon.colcon_core.shell:Skip shell extension 'dsv' for command environment
[2.068s] INFO:colcon.colcon_ros.task.ament_python.build:Building ROS package in '/workspace/ros2_robot_ws/src/utils' with build type 'ament_python'
[2.068s] Level 1:colcon.colcon_core.shell:create_environment_hook('utils', 'ament_prefix_path')
[2.070s] INFO:colcon.colcon_core.shell:Creating environment hook '/workspace/ros2_robot_ws/install/utils/share/utils/hook/ament_prefix_path.ps1'
[2.076s] INFO:colcon.colcon_core.shell:Creating environment descriptor '/workspace/ros2_robot_ws/install/utils/share/utils/hook/ament_prefix_path.dsv'
[2.079s] INFO:colcon.colcon_core.shell:Creating environment hook '/workspace/ros2_robot_ws/install/utils/share/utils/hook/ament_prefix_path.sh'
[2.084s] INFO:colcon.colcon_core.shell:Skip shell extension 'powershell' for command environment: Not usable outside of PowerShell
[2.084s] DEBUG:colcon.colcon_core.shell:Skip shell extension 'dsv' for command environment
[2.104s] DEBUG:colcon.colcon_core.event_handler.log_command:Invoking command in '/workspace/ros2_robot_ws/build/robot_interfaces': CMAKE_PREFIX_PATH=${CMAKE_PREFIX_PATH}:/workspace/ros2_robot_ws/install/gripper_sub:/workspace/ros2_robot_ws/install/gripper_pub:/workspace/ros2_robot_ws/install/utils:/workspace/ros2_robot_ws/install/arm_test:/opt/ros/humble /usr/bin/cmake --build /workspace/ros2_robot_ws/build/robot_interfaces -- -j4 -l4
[3.007s] INFO:colcon.colcon_core.task.python.build:Building Python package in '/workspace/ros2_robot_ws/src/utils'
[3.008s] INFO:colcon.colcon_core.shell:Skip shell extension 'powershell' for command environment: Not usable outside of PowerShell
[3.009s] DEBUG:colcon.colcon_core.shell:Skip shell extension 'dsv' for command environment
[4.465s] DEBUG:colcon.colcon_core.event_handler.log_command:Invoked command in '/workspace/ros2_robot_ws/build/robot_interfaces' returned '0': CMAKE_PREFIX_PATH=${CMAKE_PREFIX_PATH}:/workspace/ros2_robot_ws/install/gripper_sub:/workspace/ros2_robot_ws/install/gripper_pub:/workspace/ros2_robot_ws/install/utils:/workspace/ros2_robot_ws/install/arm_test:/opt/ros/humble /usr/bin/cmake --build /workspace/ros2_robot_ws/build/robot_interfaces -- -j4 -l4
[4.500s] DEBUG:colcon.colcon_core.event_handler.log_command:Invoking command in '/workspace/ros2_robot_ws/build/robot_interfaces': CMAKE_PREFIX_PATH=${CMAKE_PREFIX_PATH}:/workspace/ros2_robot_ws/install/gripper_sub:/workspace/ros2_robot_ws/install/gripper_pub:/workspace/ros2_robot_ws/install/utils:/workspace/ros2_robot_ws/install/arm_test:/opt/ros/humble /usr/bin/cmake --install /workspace/ros2_robot_ws/build/robot_interfaces
[4.868s] Level 1:colcon.colcon_core.environment:create_environment_scripts_only(robot_interfaces)
[4.882s] DEBUG:colcon.colcon_core.event_handler.log_command:Invoked command in '/workspace/ros2_robot_ws/build/robot_interfaces' returned '0': CMAKE_PREFIX_PATH=${CMAKE_PREFIX_PATH}:/workspace/ros2_robot_ws/install/gripper_sub:/workspace/ros2_robot_ws/install/gripper_pub:/workspace/ros2_robot_ws/install/utils:/workspace/ros2_robot_ws/install/arm_test:/opt/ros/humble /usr/bin/cmake --install /workspace/ros2_robot_ws/build/robot_interfaces
[4.907s] Level 1:colcon.colcon_core.environment:checking '/workspace/ros2_robot_ws/install/robot_interfaces' for CMake module files
[4.909s] Level 1:colcon.colcon_core.environment:checking '/workspace/ros2_robot_ws/install/robot_interfaces' for CMake config files
[4.910s] Level 1:colcon.colcon_core.shell:create_environment_hook('robot_interfaces', 'cmake_prefix_path')
[4.911s] INFO:colcon.colcon_core.shell:Creating environment hook '/workspace/ros2_robot_ws/install/robot_interfaces/share/robot_interfaces/hook/cmake_prefix_path.ps1'
[4.913s] INFO:colcon.colcon_core.shell:Creating environment descriptor '/workspace/ros2_robot_ws/install/robot_interfaces/share/robot_interfaces/hook/cmake_prefix_path.dsv'
[4.914s] INFO:colcon.colcon_core.shell:Creating environment hook '/workspace/ros2_robot_ws/install/robot_interfaces/share/robot_interfaces/hook/cmake_prefix_path.sh'
[4.917s] Level 1:colcon.colcon_core.environment:checking '/workspace/ros2_robot_ws/install/robot_interfaces/lib'
[4.918s] Level 1:colcon.colcon_core.shell:create_environment_hook('robot_interfaces', 'ld_library_path_lib')
[4.919s] INFO:colcon.colcon_core.shell:Creating environment hook '/workspace/ros2_robot_ws/install/robot_interfaces/share/robot_interfaces/hook/ld_library_path_lib.ps1'
[4.920s] INFO:colcon.colcon_core.shell:Creating environment descriptor '/workspace/ros2_robot_ws/install/robot_interfaces/share/robot_interfaces/hook/ld_library_path_lib.dsv'
[4.922s] INFO:colcon.colcon_core.shell:Creating environment hook '/workspace/ros2_robot_ws/install/robot_interfaces/share/robot_interfaces/hook/ld_library_path_lib.sh'
[4.924s] Level 1:colcon.colcon_core.environment:checking '/workspace/ros2_robot_ws/install/robot_interfaces/bin'
[4.924s] Level 1:colcon.colcon_core.environment:checking '/workspace/ros2_robot_ws/install/robot_interfaces/lib/pkgconfig/robot_interfaces.pc'
[4.925s] Level 1:colcon.colcon_core.environment:checking '/workspace/ros2_robot_ws/install/robot_interfaces/lib/python3.10/site-packages'
[4.926s] Level 1:colcon.colcon_core.environment:checking '/workspace/ros2_robot_ws/install/robot_interfaces/bin'
[4.927s] INFO:colcon.colcon_core.shell:Creating package script '/workspace/ros2_robot_ws/install/robot_interfaces/share/robot_interfaces/package.ps1'
[4.931s] INFO:colcon.colcon_core.shell:Creating package descriptor '/workspace/ros2_robot_ws/install/robot_interfaces/share/robot_interfaces/package.dsv'
[4.935s] INFO:colcon.colcon_core.shell:Creating package script '/workspace/ros2_robot_ws/install/robot_interfaces/share/robot_interfaces/package.sh'
[4.940s] INFO:colcon.colcon_core.shell:Creating package script '/workspace/ros2_robot_ws/install/robot_interfaces/share/robot_interfaces/package.bash'
[4.947s] INFO:colcon.colcon_core.shell:Creating package script '/workspace/ros2_robot_ws/install/robot_interfaces/share/robot_interfaces/package.zsh'
[4.954s] Level 1:colcon.colcon_core.environment:create_file_with_runtime_dependencies(/workspace/ros2_robot_ws/install/robot_interfaces/share/colcon-core/packages/robot_interfaces)
[4.957s] Level 1:colcon.colcon_core.environment:create_environment_scripts_only(robot_interfaces)
[4.958s] Level 1:colcon.colcon_core.environment:checking '/workspace/ros2_robot_ws/install/robot_interfaces' for CMake module files
[4.961s] Level 1:colcon.colcon_core.environment:checking '/workspace/ros2_robot_ws/install/robot_interfaces' for CMake config files
[4.961s] Level 1:colcon.colcon_core.shell:create_environment_hook('robot_interfaces', 'cmake_prefix_path')
[4.962s] INFO:colcon.colcon_core.shell:Creating environment hook '/workspace/ros2_robot_ws/install/robot_interfaces/share/robot_interfaces/hook/cmake_prefix_path.ps1'
[4.964s] INFO:colcon.colcon_core.shell:Creating environment descriptor '/workspace/ros2_robot_ws/install/robot_interfaces/share/robot_interfaces/hook/cmake_prefix_path.dsv'
[4.965s] INFO:colcon.colcon_core.shell:Creating environment hook '/workspace/ros2_robot_ws/install/robot_interfaces/share/robot_interfaces/hook/cmake_prefix_path.sh'
[4.968s] Level 1:colcon.colcon_core.environment:checking '/workspace/ros2_robot_ws/install/robot_interfaces/lib'
[4.968s] Level 1:colcon.colcon_core.shell:create_environment_hook('robot_interfaces', 'ld_library_path_lib')
[4.969s] INFO:colcon.colcon_core.shell:Creating environment hook '/workspace/ros2_robot_ws/install/robot_interfaces/share/robot_interfaces/hook/ld_library_path_lib.ps1'
[4.971s] INFO:colcon.colcon_core.shell:Creating environment descriptor '/workspace/ros2_robot_ws/install/robot_interfaces/share/robot_interfaces/hook/ld_library_path_lib.dsv'
[4.972s] INFO:colcon.colcon_core.shell:Creating environment hook '/workspace/ros2_robot_ws/install/robot_interfaces/share/robot_interfaces/hook/ld_library_path_lib.sh'
[4.974s] Level 1:colcon.colcon_core.environment:checking '/workspace/ros2_robot_ws/install/robot_interfaces/bin'
[4.975s] Level 1:colcon.colcon_core.environment:checking '/workspace/ros2_robot_ws/install/robot_interfaces/lib/pkgconfig/robot_interfaces.pc'
[4.975s] Level 1:colcon.colcon_core.environment:checking '/workspace/ros2_robot_ws/install/robot_interfaces/lib/python3.10/site-packages'
[4.976s] Level 1:colcon.colcon_core.environment:checking '/workspace/ros2_robot_ws/install/robot_interfaces/bin'
[4.978s] INFO:colcon.colcon_core.shell:Creating package script '/workspace/ros2_robot_ws/install/robot_interfaces/share/robot_interfaces/package.ps1'
[4.980s] INFO:colcon.colcon_core.shell:Creating package descriptor '/workspace/ros2_robot_ws/install/robot_interfaces/share/robot_interfaces/package.dsv'
[4.983s] INFO:colcon.colcon_core.shell:Creating package script '/workspace/ros2_robot_ws/install/robot_interfaces/share/robot_interfaces/package.sh'
[4.986s] INFO:colcon.colcon_core.shell:Creating package script '/workspace/ros2_robot_ws/install/robot_interfaces/share/robot_interfaces/package.bash'
[4.988s] INFO:colcon.colcon_core.shell:Creating package script '/workspace/ros2_robot_ws/install/robot_interfaces/share/robot_interfaces/package.zsh'
[4.991s] Level 1:colcon.colcon_core.environment:create_file_with_runtime_dependencies(/workspace/ros2_robot_ws/install/robot_interfaces/share/colcon-core/packages/robot_interfaces)
[4.997s] INFO:colcon.colcon_ros.task.ament_python.build:Building ROS package in '/workspace/ros2_robot_ws/src/arm_test' with build type 'ament_python'
[4.998s] Level 1:colcon.colcon_core.shell:create_environment_hook('arm_test', 'ament_prefix_path')
[5.000s] INFO:colcon.colcon_core.shell:Creating environment hook '/workspace/ros2_robot_ws/install/arm_test/share/arm_test/hook/ament_prefix_path.ps1'
[5.004s] INFO:colcon.colcon_core.shell:Creating environment descriptor '/workspace/ros2_robot_ws/install/arm_test/share/arm_test/hook/ament_prefix_path.dsv'
[5.006s] INFO:colcon.colcon_core.shell:Creating environment hook '/workspace/ros2_robot_ws/install/arm_test/share/arm_test/hook/ament_prefix_path.sh'
[5.010s] INFO:colcon.colcon_core.shell:Skip shell extension 'powershell' for command environment: Not usable outside of PowerShell
[5.010s] DEBUG:colcon.colcon_core.shell:Skip shell extension 'dsv' for command environment
[5.049s] DEBUG:colcon.colcon_core.event_handler.log_command:Invoking command in '/workspace/ros2_robot_ws/src/utils': PYTHONPATH=/workspace/ros2_robot_ws/build/utils/prefix_override:/usr/lib/python3/dist-packages/colcon_core/task/python/colcon_distutils_commands:/workspace/ros2_robot_ws/install/utils/lib/python3.10/site-packages:${PYTHONPATH} /usr/bin/python3 -W ignore:setup.py install is deprecated -W ignore:easy_install command is deprecated setup.py egg_info --egg-base ../../build/utils build --build-base /workspace/ros2_robot_ws/build/utils/build install --record /workspace/ros2_robot_ws/build/utils/install.log --single-version-externally-managed install_data
[6.060s] INFO:colcon.colcon_core.task.python.build:Building Python package in '/workspace/ros2_robot_ws/src/arm_test'
[6.061s] INFO:colcon.colcon_core.shell:Skip shell extension 'powershell' for command environment: Not usable outside of PowerShell
[6.062s] DEBUG:colcon.colcon_core.shell:Skip shell extension 'dsv' for command environment
[6.240s] Level 1:colcon.colcon_core.environment:checking '/workspace/ros2_robot_ws/install/utils' for CMake module files
[6.242s] DEBUG:colcon.colcon_core.event_handler.log_command:Invoked command in '/workspace/ros2_robot_ws/src/utils' returned '0': PYTHONPATH=/workspace/ros2_robot_ws/build/utils/prefix_override:/usr/lib/python3/dist-packages/colcon_core/task/python/colcon_distutils_commands:/workspace/ros2_robot_ws/install/utils/lib/python3.10/site-packages:${PYTHONPATH} /usr/bin/python3 -W ignore:setup.py install is deprecated -W ignore:easy_install command is deprecated setup.py egg_info --egg-base ../../build/utils build --build-base /workspace/ros2_robot_ws/build/utils/build install --record /workspace/ros2_robot_ws/build/utils/install.log --single-version-externally-managed install_data
[6.244s] Level 1:colcon.colcon_core.environment:checking '/workspace/ros2_robot_ws/install/utils' for CMake config files
[6.246s] Level 1:colcon.colcon_core.environment:checking '/workspace/ros2_robot_ws/install/utils/lib'
[6.247s] Level 1:colcon.colcon_core.environment:checking '/workspace/ros2_robot_ws/install/utils/bin'
[6.247s] Level 1:colcon.colcon_core.environment:checking '/workspace/ros2_robot_ws/install/utils/lib/pkgconfig/utils.pc'
[6.249s] Level 1:colcon.colcon_core.environment:checking '/workspace/ros2_robot_ws/install/utils/lib/python3.10/site-packages'
[6.249s] Level 1:colcon.colcon_core.shell:create_environment_hook('utils', 'pythonpath')
[6.250s] INFO:colcon.colcon_core.shell:Creating environment hook '/workspace/ros2_robot_ws/install/utils/share/utils/hook/pythonpath.ps1'
[6.252s] INFO:colcon.colcon_core.shell:Creating environment descriptor '/workspace/ros2_robot_ws/install/utils/share/utils/hook/pythonpath.dsv'
[6.255s] INFO:colcon.colcon_core.shell:Creating environment hook '/workspace/ros2_robot_ws/install/utils/share/utils/hook/pythonpath.sh'
[6.259s] Level 1:colcon.colcon_core.environment:checking '/workspace/ros2_robot_ws/install/utils/bin'
[6.260s] Level 1:colcon.colcon_core.environment:create_environment_scripts_only(utils)
[6.262s] INFO:colcon.colcon_core.shell:Creating package script '/workspace/ros2_robot_ws/install/utils/share/utils/package.ps1'
[6.266s] INFO:colcon.colcon_core.shell:Creating package descriptor '/workspace/ros2_robot_ws/install/utils/share/utils/package.dsv'
[6.269s] INFO:colcon.colcon_core.shell:Creating package script '/workspace/ros2_robot_ws/install/utils/share/utils/package.sh'
[6.273s] INFO:colcon.colcon_core.shell:Creating package script '/workspace/ros2_robot_ws/install/utils/share/utils/package.bash'
[6.277s] INFO:colcon.colcon_core.shell:Creating package script '/workspace/ros2_robot_ws/install/utils/share/utils/package.zsh'
[6.285s] Level 1:colcon.colcon_core.environment:create_file_with_runtime_dependencies(/workspace/ros2_robot_ws/install/utils/share/colcon-core/packages/utils)
[6.286s] INFO:colcon.colcon_ros.task.ament_python.build:Building ROS package in '/workspace/ros2_robot_ws/src/gripper_pub' with build type 'ament_python'
[6.287s] Level 1:colcon.colcon_core.shell:create_environment_hook('gripper_pub', 'ament_prefix_path')
[6.290s] INFO:colcon.colcon_core.shell:Creating environment hook '/workspace/ros2_robot_ws/install/gripper_pub/share/gripper_pub/hook/ament_prefix_path.ps1'
[6.296s] INFO:colcon.colcon_core.shell:Creating environment descriptor '/workspace/ros2_robot_ws/install/gripper_pub/share/gripper_pub/hook/ament_prefix_path.dsv'
[6.299s] INFO:colcon.colcon_core.shell:Creating environment hook '/workspace/ros2_robot_ws/install/gripper_pub/share/gripper_pub/hook/ament_prefix_path.sh'
[6.304s] INFO:colcon.colcon_core.shell:Skip shell extension 'powershell' for command environment: Not usable outside of PowerShell
[6.304s] DEBUG:colcon.colcon_core.shell:Skip shell extension 'dsv' for command environment
[6.319s] INFO:colcon.colcon_ros.task.ament_python.build:Building ROS package in '/workspace/ros2_robot_ws/src/gripper_sub' with build type 'ament_python'
[6.321s] Level 1:colcon.colcon_core.shell:create_environment_hook('gripper_sub', 'ament_prefix_path')
[6.323s] INFO:colcon.colcon_core.shell:Creating environment hook '/workspace/ros2_robot_ws/install/gripper_sub/share/gripper_sub/hook/ament_prefix_path.ps1'
[6.327s] INFO:colcon.colcon_core.shell:Creating environment descriptor '/workspace/ros2_robot_ws/install/gripper_sub/share/gripper_sub/hook/ament_prefix_path.dsv'
[6.331s] INFO:colcon.colcon_core.shell:Creating environment hook '/workspace/ros2_robot_ws/install/gripper_sub/share/gripper_sub/hook/ament_prefix_path.sh'
[6.336s] INFO:colcon.colcon_core.shell:Skip shell extension 'powershell' for command environment: Not usable outside of PowerShell
[6.336s] DEBUG:colcon.colcon_core.shell:Skip shell extension 'dsv' for command environment
[7.657s] INFO:colcon.colcon_core.task.python.build:Building Python package in '/workspace/ros2_robot_ws/src/gripper_pub'
[7.659s] INFO:colcon.colcon_core.shell:Skip shell extension 'powershell' for command environment: Not usable outside of PowerShell
[7.659s] DEBUG:colcon.colcon_core.shell:Skip shell extension 'dsv' for command environment
[8.918s] INFO:colcon.colcon_core.task.python.build:Building Python package in '/workspace/ros2_robot_ws/src/gripper_sub'
[8.920s] INFO:colcon.colcon_core.shell:Skip shell extension 'powershell' for command environment: Not usable outside of PowerShell
[8.920s] DEBUG:colcon.colcon_core.shell:Skip shell extension 'dsv' for command environment
[8.953s] DEBUG:colcon.colcon_core.event_handler.log_command:Invoking command in '/workspace/ros2_robot_ws/src/arm_test': PYTHONPATH=/workspace/ros2_robot_ws/build/arm_test/prefix_override:/usr/lib/python3/dist-packages/colcon_core/task/python/colcon_distutils_commands:/workspace/ros2_robot_ws/install/arm_test/lib/python3.10/site-packages:${PYTHONPATH} /usr/bin/python3 -W ignore:setup.py install is deprecated -W ignore:easy_install command is deprecated setup.py egg_info --egg-base ../../build/arm_test build --build-base /workspace/ros2_robot_ws/build/arm_test/build install --record /workspace/ros2_robot_ws/build/arm_test/install.log --single-version-externally-managed install_data
[10.799s] Level 1:colcon.colcon_core.environment:checking '/workspace/ros2_robot_ws/install/arm_test' for CMake module files
[10.803s] DEBUG:colcon.colcon_core.event_handler.log_command:Invoked command in '/workspace/ros2_robot_ws/src/arm_test' returned '0': PYTHONPATH=/workspace/ros2_robot_ws/build/arm_test/prefix_override:/usr/lib/python3/dist-packages/colcon_core/task/python/colcon_distutils_commands:/workspace/ros2_robot_ws/install/arm_test/lib/python3.10/site-packages:${PYTHONPATH} /usr/bin/python3 -W ignore:setup.py install is deprecated -W ignore:easy_install command is deprecated setup.py egg_info --egg-base ../../build/arm_test build --build-base /workspace/ros2_robot_ws/build/arm_test/build install --record /workspace/ros2_robot_ws/build/arm_test/install.log --single-version-externally-managed install_data
[10.807s] Level 1:colcon.colcon_core.environment:checking '/workspace/ros2_robot_ws/install/arm_test' for CMake config files
[10.812s] Level 1:colcon.colcon_core.environment:checking '/workspace/ros2_robot_ws/install/arm_test/lib'
[10.815s] Level 1:colcon.colcon_core.environment:checking '/workspace/ros2_robot_ws/install/arm_test/bin'
[10.817s] Level 1:colcon.colcon_core.environment:checking '/workspace/ros2_robot_ws/install/arm_test/lib/pkgconfig/arm_test.pc'
[10.820s] Level 1:colcon.colcon_core.environment:checking '/workspace/ros2_robot_ws/install/arm_test/lib/python3.10/site-packages'
[10.823s] Level 1:colcon.colcon_core.shell:create_environment_hook('arm_test', 'pythonpath')
[10.833s] INFO:colcon.colcon_core.shell:Creating environment hook '/workspace/ros2_robot_ws/install/arm_test/share/arm_test/hook/pythonpath.ps1'
[10.840s] INFO:colcon.colcon_core.shell:Creating environment descriptor '/workspace/ros2_robot_ws/install/arm_test/share/arm_test/hook/pythonpath.dsv'
[10.847s] INFO:colcon.colcon_core.shell:Creating environment hook '/workspace/ros2_robot_ws/install/arm_test/share/arm_test/hook/pythonpath.sh'
[10.854s] Level 1:colcon.colcon_core.environment:checking '/workspace/ros2_robot_ws/install/arm_test/bin'
[10.855s] Level 1:colcon.colcon_core.environment:create_environment_scripts_only(arm_test)
[10.858s] INFO:colcon.colcon_core.shell:Creating package script '/workspace/ros2_robot_ws/install/arm_test/share/arm_test/package.ps1'
[10.866s] INFO:colcon.colcon_core.shell:Creating package descriptor '/workspace/ros2_robot_ws/install/arm_test/share/arm_test/package.dsv'
[10.878s] INFO:colcon.colcon_core.shell:Creating package script '/workspace/ros2_robot_ws/install/arm_test/share/arm_test/package.sh'
[10.883s] INFO:colcon.colcon_core.shell:Creating package script '/workspace/ros2_robot_ws/install/arm_test/share/arm_test/package.bash'
[10.890s] INFO:colcon.colcon_core.shell:Creating package script '/workspace/ros2_robot_ws/install/arm_test/share/arm_test/package.zsh'
[10.896s] Level 1:colcon.colcon_core.environment:create_file_with_runtime_dependencies(/workspace/ros2_robot_ws/install/arm_test/share/colcon-core/packages/arm_test)
[10.956s] DEBUG:colcon.colcon_core.event_handler.log_command:Invoking command in '/workspace/ros2_robot_ws/src/gripper_sub': AMENT_PREFIX_PATH=/workspace/ros2_robot_ws/install/utils:/workspace/ros2_robot_ws/install/gripper_sub:/workspace/ros2_robot_ws/install/gripper_pub:/workspace/ros2_robot_ws/install/arm_test:/workspace/ros2_robot_ws/install/robot_interfaces:/opt/ros/humble PYTHONPATH=/workspace/ros2_robot_ws/build/gripper_sub/prefix_override:/usr/lib/python3/dist-packages/colcon_core/task/python/colcon_distutils_commands:/workspace/ros2_robot_ws/install/gripper_sub/lib/python3.10/site-packages:/workspace/ros2_robot_ws/install/utils/lib/python3.10/site-packages:/workspace/ros2_robot_ws/install/gripper_sub/lib/python3.10/site-packages:/workspace/ros2_robot_ws/install/gripper_pub/lib/python3.10/site-packages:/workspace/ros2_robot_ws/install/arm_test/lib/python3.10/site-packages:/workspace/ros2_robot_ws/install/robot_interfaces/local/lib/python3.10/dist-packages:/opt/ros/humble/lib/python3.10/site-packages:/opt/ros/humble/local/lib/python3.10/dist-packages /usr/bin/python3 -W ignore:setup.py install is deprecated -W ignore:easy_install command is deprecated setup.py egg_info --egg-base ../../build/gripper_sub build --build-base /workspace/ros2_robot_ws/build/gripper_sub/build install --record /workspace/ros2_robot_ws/build/gripper_sub/install.log --single-version-externally-managed install_data
[11.184s] DEBUG:colcon.colcon_core.event_handler.log_command:Invoking command in '/workspace/ros2_robot_ws/src/gripper_pub': AMENT_PREFIX_PATH=/workspace/ros2_robot_ws/install/utils:/workspace/ros2_robot_ws/install/gripper_sub:/workspace/ros2_robot_ws/install/gripper_pub:/workspace/ros2_robot_ws/install/arm_test:/workspace/ros2_robot_ws/install/robot_interfaces:/opt/ros/humble PYTHONPATH=/workspace/ros2_robot_ws/build/gripper_pub/prefix_override:/usr/lib/python3/dist-packages/colcon_core/task/python/colcon_distutils_commands:/workspace/ros2_robot_ws/install/gripper_pub/lib/python3.10/site-packages:/workspace/ros2_robot_ws/install/utils/lib/python3.10/site-packages:/workspace/ros2_robot_ws/install/gripper_sub/lib/python3.10/site-packages:/workspace/ros2_robot_ws/install/gripper_pub/lib/python3.10/site-packages:/workspace/ros2_robot_ws/install/arm_test/lib/python3.10/site-packages:/workspace/ros2_robot_ws/install/robot_interfaces/local/lib/python3.10/dist-packages:/opt/ros/humble/lib/python3.10/site-packages:/opt/ros/humble/local/lib/python3.10/dist-packages /usr/bin/python3 -W ignore:setup.py install is deprecated -W ignore:easy_install command is deprecated setup.py egg_info --egg-base ../../build/gripper_pub build --build-base /workspace/ros2_robot_ws/build/gripper_pub/build install --record /workspace/ros2_robot_ws/build/gripper_pub/install.log --single-version-externally-managed install_data
[12.561s] Level 1:colcon.colcon_core.environment:checking '/workspace/ros2_robot_ws/install/gripper_sub' for CMake module files
[12.564s] DEBUG:colcon.colcon_core.event_handler.log_command:Invoked command in '/workspace/ros2_robot_ws/src/gripper_sub' returned '0': AMENT_PREFIX_PATH=/workspace/ros2_robot_ws/install/utils:/workspace/ros2_robot_ws/install/gripper_sub:/workspace/ros2_robot_ws/install/gripper_pub:/workspace/ros2_robot_ws/install/arm_test:/workspace/ros2_robot_ws/install/robot_interfaces:/opt/ros/humble PYTHONPATH=/workspace/ros2_robot_ws/build/gripper_sub/prefix_override:/usr/lib/python3/dist-packages/colcon_core/task/python/colcon_distutils_commands:/workspace/ros2_robot_ws/install/gripper_sub/lib/python3.10/site-packages:/workspace/ros2_robot_ws/install/utils/lib/python3.10/site-packages:/workspace/ros2_robot_ws/install/gripper_sub/lib/python3.10/site-packages:/workspace/ros2_robot_ws/install/gripper_pub/lib/python3.10/site-packages:/workspace/ros2_robot_ws/install/arm_test/lib/python3.10/site-packages:/workspace/ros2_robot_ws/install/robot_interfaces/local/lib/python3.10/dist-packages:/opt/ros/humble/lib/python3.10/site-packages:/opt/ros/humble/local/lib/python3.10/dist-packages /usr/bin/python3 -W ignore:setup.py install is deprecated -W ignore:easy_install command is deprecated setup.py egg_info --egg-base ../../build/gripper_sub build --build-base /workspace/ros2_robot_ws/build/gripper_sub/build install --record /workspace/ros2_robot_ws/build/gripper_sub/install.log --single-version-externally-managed install_data
[12.568s] Level 1:colcon.colcon_core.environment:checking '/workspace/ros2_robot_ws/install/gripper_sub' for CMake config files
[12.571s] Level 1:colcon.colcon_core.environment:checking '/workspace/ros2_robot_ws/install/gripper_sub/lib'
[12.572s] Level 1:colcon.colcon_core.environment:checking '/workspace/ros2_robot_ws/install/gripper_sub/bin'
[12.573s] Level 1:colcon.colcon_core.environment:checking '/workspace/ros2_robot_ws/install/gripper_sub/lib/pkgconfig/gripper_sub.pc'
[12.574s] Level 1:colcon.colcon_core.environment:checking '/workspace/ros2_robot_ws/install/gripper_sub/lib/python3.10/site-packages'
[12.575s] Level 1:colcon.colcon_core.shell:create_environment_hook('gripper_sub', 'pythonpath')
[12.577s] INFO:colcon.colcon_core.shell:Creating environment hook '/workspace/ros2_robot_ws/install/gripper_sub/share/gripper_sub/hook/pythonpath.ps1'
[12.583s] INFO:colcon.colcon_core.shell:Creating environment descriptor '/workspace/ros2_robot_ws/install/gripper_sub/share/gripper_sub/hook/pythonpath.dsv'
[12.590s] INFO:colcon.colcon_core.shell:Creating environment hook '/workspace/ros2_robot_ws/install/gripper_sub/share/gripper_sub/hook/pythonpath.sh'
[12.602s] Level 1:colcon.colcon_core.environment:checking '/workspace/ros2_robot_ws/install/gripper_sub/bin'
[12.602s] Level 1:colcon.colcon_core.environment:create_environment_scripts_only(gripper_sub)
[12.604s] INFO:colcon.colcon_core.shell:Creating package script '/workspace/ros2_robot_ws/install/gripper_sub/share/gripper_sub/package.ps1'
[12.612s] INFO:colcon.colcon_core.shell:Creating package descriptor '/workspace/ros2_robot_ws/install/gripper_sub/share/gripper_sub/package.dsv'
[12.619s] INFO:colcon.colcon_core.shell:Creating package script '/workspace/ros2_robot_ws/install/gripper_sub/share/gripper_sub/package.sh'
[12.625s] INFO:colcon.colcon_core.shell:Creating package script '/workspace/ros2_robot_ws/install/gripper_sub/share/gripper_sub/package.bash'
[12.629s] INFO:colcon.colcon_core.shell:Creating package script '/workspace/ros2_robot_ws/install/gripper_sub/share/gripper_sub/package.zsh'
[12.632s] Level 1:colcon.colcon_core.environment:create_file_with_runtime_dependencies(/workspace/ros2_robot_ws/install/gripper_sub/share/colcon-core/packages/gripper_sub)
[12.843s] Level 1:colcon.colcon_core.environment:checking '/workspace/ros2_robot_ws/install/gripper_pub' for CMake module files
[12.845s] DEBUG:colcon.colcon_core.event_handler.log_command:Invoked command in '/workspace/ros2_robot_ws/src/gripper_pub' returned '0': AMENT_PREFIX_PATH=/workspace/ros2_robot_ws/install/utils:/workspace/ros2_robot_ws/install/gripper_sub:/workspace/ros2_robot_ws/install/gripper_pub:/workspace/ros2_robot_ws/install/arm_test:/workspace/ros2_robot_ws/install/robot_interfaces:/opt/ros/humble PYTHONPATH=/workspace/ros2_robot_ws/build/gripper_pub/prefix_override:/usr/lib/python3/dist-packages/colcon_core/task/python/colcon_distutils_commands:/workspace/ros2_robot_ws/install/gripper_pub/lib/python3.10/site-packages:/workspace/ros2_robot_ws/install/utils/lib/python3.10/site-packages:/workspace/ros2_robot_ws/install/gripper_sub/lib/python3.10/site-packages:/workspace/ros2_robot_ws/install/gripper_pub/lib/python3.10/site-packages:/workspace/ros2_robot_ws/install/arm_test/lib/python3.10/site-packages:/workspace/ros2_robot_ws/install/robot_interfaces/local/lib/python3.10/dist-packages:/opt/ros/humble/lib/python3.10/site-packages:/opt/ros/humble/local/lib/python3.10/dist-packages /usr/bin/python3 -W ignore:setup.py install is deprecated -W ignore:easy_install command is deprecated setup.py egg_info --egg-base ../../build/gripper_pub build --build-base /workspace/ros2_robot_ws/build/gripper_pub/build install --record /workspace/ros2_robot_ws/build/gripper_pub/install.log --single-version-externally-managed install_data
[12.847s] Level 1:colcon.colcon_core.environment:checking '/workspace/ros2_robot_ws/install/gripper_pub' for CMake config files
[12.849s] Level 1:colcon.colcon_core.environment:checking '/workspace/ros2_robot_ws/install/gripper_pub/lib'
[12.849s] Level 1:colcon.colcon_core.environment:checking '/workspace/ros2_robot_ws/install/gripper_pub/bin'
[12.850s] Level 1:colcon.colcon_core.environment:checking '/workspace/ros2_robot_ws/install/gripper_pub/lib/pkgconfig/gripper_pub.pc'
[12.851s] Level 1:colcon.colcon_core.environment:checking '/workspace/ros2_robot_ws/install/gripper_pub/lib/python3.10/site-packages'
[12.851s] Level 1:colcon.colcon_core.shell:create_environment_hook('gripper_pub', 'pythonpath')
[12.852s] INFO:colcon.colcon_core.shell:Creating environment hook '/workspace/ros2_robot_ws/install/gripper_pub/share/gripper_pub/hook/pythonpath.ps1'
[12.856s] INFO:colcon.colcon_core.shell:Creating environment descriptor '/workspace/ros2_robot_ws/install/gripper_pub/share/gripper_pub/hook/pythonpath.dsv'
[12.859s] INFO:colcon.colcon_core.shell:Creating environment hook '/workspace/ros2_robot_ws/install/gripper_pub/share/gripper_pub/hook/pythonpath.sh'
[12.862s] Level 1:colcon.colcon_core.environment:checking '/workspace/ros2_robot_ws/install/gripper_pub/bin'
[12.862s] Level 1:colcon.colcon_core.environment:create_environment_scripts_only(gripper_pub)
[12.864s] INFO:colcon.colcon_core.shell:Creating package script '/workspace/ros2_robot_ws/install/gripper_pub/share/gripper_pub/package.ps1'
[12.867s] INFO:colcon.colcon_core.shell:Creating package descriptor '/workspace/ros2_robot_ws/install/gripper_pub/share/gripper_pub/package.dsv'
[12.870s] INFO:colcon.colcon_core.shell:Creating package script '/workspace/ros2_robot_ws/install/gripper_pub/share/gripper_pub/package.sh'
[12.873s] INFO:colcon.colcon_core.shell:Creating package script '/workspace/ros2_robot_ws/install/gripper_pub/share/gripper_pub/package.bash'
[12.875s] INFO:colcon.colcon_core.shell:Creating package script '/workspace/ros2_robot_ws/install/gripper_pub/share/gripper_pub/package.zsh'
[12.877s] Level 1:colcon.colcon_core.environment:create_file_with_runtime_dependencies(/workspace/ros2_robot_ws/install/gripper_pub/share/colcon-core/packages/gripper_pub)
[12.880s] DEBUG:colcon.colcon_parallel_executor.executor.parallel:closing loop
[12.881s] DEBUG:colcon.colcon_parallel_executor.executor.parallel:loop closed
[12.882s] DEBUG:colcon.colcon_parallel_executor.executor.parallel:run_until_complete finished with '0'
[12.883s] DEBUG:colcon.colcon_core.event_reactor:joining thread
[12.997s] INFO:colcon.colcon_core.plugin_system:Skipping extension 'colcon_notification.desktop_notification.notify_send': Could not find 'notify-send'
[12.998s] INFO:colcon.colcon_core.plugin_system:Skipping extension 'colcon_notification.desktop_notification.terminal_notifier': Not used on non-Darwin systems
[12.998s] INFO:colcon.colcon_core.plugin_system:Skipping extension 'colcon_notification.desktop_notification.win32': Not used on non-Windows systems
[12.999s] INFO:colcon.colcon_notification.desktop_notification:Sending desktop notification using 'notify2'
[12.999s] DEBUG:colcon.colcon_notification.desktop_notification.notify2:Failed to initialize notify2: org.freedesktop.DBus.Error.NotSupported: Unable to autolaunch a dbus-daemon without a $DISPLAY for X11
[13.000s] DEBUG:colcon.colcon_core.event_reactor:joined thread
[13.001s] INFO:colcon.colcon_core.shell:Creating prefix script '/workspace/ros2_robot_ws/install/local_setup.ps1'
[13.008s] INFO:colcon.colcon_core.shell:Creating prefix util module '/workspace/ros2_robot_ws/install/_local_setup_util_ps1.py'
[13.077s] INFO:colcon.colcon_core.shell:Creating prefix chain script '/workspace/ros2_robot_ws/install/setup.ps1'
[13.083s] INFO:colcon.colcon_core.shell:Creating prefix script '/workspace/ros2_robot_ws/install/local_setup.sh'
[13.087s] INFO:colcon.colcon_core.shell:Creating prefix util module '/workspace/ros2_robot_ws/install/_local_setup_util_sh.py'
[13.091s] INFO:colcon.colcon_core.shell:Creating prefix chain script '/workspace/ros2_robot_ws/install/setup.sh'
[13.097s] INFO:colcon.colcon_core.shell:Creating prefix script '/workspace/ros2_robot_ws/install/local_setup.bash'
[13.101s] INFO:colcon.colcon_core.shell:Creating prefix chain script '/workspace/ros2_robot_ws/install/setup.bash'
[13.108s] INFO:colcon.colcon_core.shell:Creating prefix script '/workspace/ros2_robot_ws/install/local_setup.zsh'
[13.112s] INFO:colcon.colcon_core.shell:Creating prefix chain script '/workspace/ros2_robot_ws/install/setup.zsh'
