[2.619s] Invoking command in '/workspace/ros2_robot_ws/src/utils': PYTHONPATH=/workspace/ros2_robot_ws/build/utils/prefix_override:/usr/lib/python3/dist-packages/colcon_core/task/python/colcon_distutils_commands:/workspace/ros2_robot_ws/install/utils/lib/python3.10/site-packages:${PYTHONPATH} /usr/bin/python3 -W ignore:setup.py install is deprecated -W ignore:easy_install command is deprecated setup.py egg_info --egg-base ../../build/utils build --build-base /workspace/ros2_robot_ws/build/utils/build install --record /workspace/ros2_robot_ws/build/utils/install.log --single-version-externally-managed install_data
[3.617s] running egg_info
[3.622s] writing ../../build/utils/utils.egg-info/PKG-INFO
[3.622s] writing dependency_links to ../../build/utils/utils.egg-info/dependency_links.txt
[3.623s] writing entry points to ../../build/utils/utils.egg-info/entry_points.txt
[3.628s] writing requirements to ../../build/utils/utils.egg-info/requires.txt
[3.629s] writing top-level names to ../../build/utils/utils.egg-info/top_level.txt
[3.633s] reading manifest file '../../build/utils/utils.egg-info/SOURCES.txt'
[3.635s] writing manifest file '../../build/utils/utils.egg-info/SOURCES.txt'
[3.640s] running build
[3.645s] running build_py
[3.648s] running install
[3.651s] running install_lib
[3.653s] running install_data
[3.656s] running install_egg_info
[3.662s] removing '/workspace/ros2_robot_ws/install/utils/lib/python3.10/site-packages/utils-0.0.0-py3.10.egg-info' (and everything under it)
[3.665s] Copying ../../build/utils/utils.egg-info to /workspace/ros2_robot_ws/install/utils/lib/python3.10/site-packages/utils-0.0.0-py3.10.egg-info
[3.669s] running install_scripts
[3.750s] writing list of installed files to '/workspace/ros2_robot_ws/build/utils/install.log'
[4.176s] Invoked command in '/workspace/ros2_robot_ws/src/utils' returned '0': PYTHONPATH=/workspace/ros2_robot_ws/build/utils/prefix_override:/usr/lib/python3/dist-packages/colcon_core/task/python/colcon_distutils_commands:/workspace/ros2_robot_ws/install/utils/lib/python3.10/site-packages:${PYTHONPATH} /usr/bin/python3 -W ignore:setup.py install is deprecated -W ignore:easy_install command is deprecated setup.py egg_info --egg-base ../../build/utils build --build-base /workspace/ros2_robot_ws/build/utils/build install --record /workspace/ros2_robot_ws/build/utils/install.log --single-version-externally-managed install_data
