[2.754s] Invoking command in '/workspace/ros2_robot_ws/src/utils': PYTHONPATH=/workspace/ros2_robot_ws/build/utils/prefix_override:/usr/lib/python3/dist-packages/colcon_core/task/python/colcon_distutils_commands:/workspace/ros2_robot_ws/install/utils/lib/python3.10/site-packages:${PYTHONPATH} /usr/bin/python3 -W ignore:setup.py install is deprecated -W ignore:easy_install command is deprecated setup.py egg_info --egg-base ../../build/utils build --build-base /workspace/ros2_robot_ws/build/utils/build install --record /workspace/ros2_robot_ws/build/utils/install.log --single-version-externally-managed install_data
[3.643s] running egg_info
[3.648s] writing ../../build/utils/utils.egg-info/PKG-INFO
[3.652s] writing dependency_links to ../../build/utils/utils.egg-info/dependency_links.txt
[3.654s] writing entry points to ../../build/utils/utils.egg-info/entry_points.txt
[3.654s] writing requirements to ../../build/utils/utils.egg-info/requires.txt
[3.655s] writing top-level names to ../../build/utils/utils.egg-info/top_level.txt
[3.664s] reading manifest file '../../build/utils/utils.egg-info/SOURCES.txt'
[3.667s] writing manifest file '../../build/utils/utils.egg-info/SOURCES.txt'
[3.669s] running build
[3.673s] running build_py
[3.676s] copying ./utils/claw.py -> /workspace/ros2_robot_ws/build/utils/build/lib/utils
[3.679s] running install
[3.682s] running install_lib
[3.684s] copying /workspace/ros2_robot_ws/build/utils/build/lib/utils/claw.py -> /workspace/ros2_robot_ws/install/utils/lib/python3.10/site-packages/utils
[3.688s] byte-compiling /workspace/ros2_robot_ws/install/utils/lib/python3.10/site-packages/utils/claw.py to claw.cpython-310.pyc
[3.690s] running install_data
[3.693s] running install_egg_info
[3.695s] removing '/workspace/ros2_robot_ws/install/utils/lib/python3.10/site-packages/utils-0.0.0-py3.10.egg-info' (and everything under it)
[3.701s] Copying ../../build/utils/utils.egg-info to /workspace/ros2_robot_ws/install/utils/lib/python3.10/site-packages/utils-0.0.0-py3.10.egg-info
[3.701s] running install_scripts
[3.783s] writing list of installed files to '/workspace/ros2_robot_ws/build/utils/install.log'
[4.119s] Invoked command in '/workspace/ros2_robot_ws/src/utils' returned '0': PYTHONPATH=/workspace/ros2_robot_ws/build/utils/prefix_override:/usr/lib/python3/dist-packages/colcon_core/task/python/colcon_distutils_commands:/workspace/ros2_robot_ws/install/utils/lib/python3.10/site-packages:${PYTHONPATH} /usr/bin/python3 -W ignore:setup.py install is deprecated -W ignore:easy_install command is deprecated setup.py egg_info --egg-base ../../build/utils build --build-base /workspace/ros2_robot_ws/build/utils/build install --record /workspace/ros2_robot_ws/build/utils/install.log --single-version-externally-managed install_data
