[0.071s] Invoking command in '/workspace/ros2_robot_ws/build/robot_interfaces': CMAKE_PREFIX_PATH=${CMAKE_PREFIX_PATH}:/workspace/ros2_robot_ws/install/gripper_sub:/workspace/ros2_robot_ws/install/gripper_pub:/workspace/ros2_robot_ws/install/utils:/workspace/ros2_robot_ws/install/arm_test:/opt/ros/humble /usr/bin/cmake --build /workspace/ros2_robot_ws/build/robot_interfaces -- -j4 -l4
[0.240s] [  2%] Built target robot_interfaces__cpp
[0.263s] [ 12%] Built target robot_interfaces__rosidl_generator_c
[0.334s] [ 12%] Built target ament_cmake_python_copy_robot_interfaces
[0.380s] [ 23%] Built target robot_interfaces__rosidl_typesupport_cpp
[0.389s] [ 34%] Built target robot_interfaces__rosidl_typesupport_fastrtps_cpp
[0.436s] [ 44%] Built target robot_interfaces__rosidl_typesupport_introspection_cpp
[0.487s] [ 55%] Built target robot_interfaces__rosidl_typesupport_introspection_c
[0.492s] [ 65%] Built target robot_interfaces__rosidl_typesupport_fastrtps_c
[0.532s] [ 76%] Built target robot_interfaces__rosidl_typesupport_c
[0.608s] [ 76%] Built target robot_interfaces
[0.708s] [ 78%] Built target robot_interfaces__py
[0.820s] [ 87%] Built target robot_interfaces__rosidl_generator_py
[0.945s] [ 91%] Built target robot_interfaces__rosidl_typesupport_c__pyext
[0.973s] [ 95%] Built target robot_interfaces__rosidl_typesupport_fastrtps_c__pyext
[0.977s] [100%] Built target robot_interfaces__rosidl_typesupport_introspection_c__pyext
[1.514s] running egg_info
[1.519s] writing robot_interfaces.egg-info/PKG-INFO
[1.522s] writing dependency_links to robot_interfaces.egg-info/dependency_links.txt
[1.522s] writing top-level names to robot_interfaces.egg-info/top_level.txt
[1.529s] reading manifest file 'robot_interfaces.egg-info/SOURCES.txt'
[1.534s] writing manifest file 'robot_interfaces.egg-info/SOURCES.txt'
[1.676s] [100%] Built target ament_cmake_python_build_robot_interfaces_egg
[1.721s] Invoked command in '/workspace/ros2_robot_ws/build/robot_interfaces' returned '0': CMAKE_PREFIX_PATH=${CMAKE_PREFIX_PATH}:/workspace/ros2_robot_ws/install/gripper_sub:/workspace/ros2_robot_ws/install/gripper_pub:/workspace/ros2_robot_ws/install/utils:/workspace/ros2_robot_ws/install/arm_test:/opt/ros/humble /usr/bin/cmake --build /workspace/ros2_robot_ws/build/robot_interfaces -- -j4 -l4
[1.756s] Invoking command in '/workspace/ros2_robot_ws/build/robot_interfaces': CMAKE_PREFIX_PATH=${CMAKE_PREFIX_PATH}:/workspace/ros2_robot_ws/install/gripper_sub:/workspace/ros2_robot_ws/install/gripper_pub:/workspace/ros2_robot_ws/install/utils:/workspace/ros2_robot_ws/install/arm_test:/opt/ros/humble /usr/bin/cmake --install /workspace/ros2_robot_ws/build/robot_interfaces
[1.783s] -- Install configuration: ""
[1.784s] -- Up-to-date: /workspace/ros2_robot_ws/install/robot_interfaces/share/ament_index/resource_index/rosidl_interfaces/robot_interfaces
[1.785s] -- Up-to-date: /workspace/ros2_robot_ws/install/robot_interfaces/include/robot_interfaces/robot_interfaces
[1.787s] -- Up-to-date: /workspace/ros2_robot_ws/install/robot_interfaces/include/robot_interfaces/robot_interfaces/msg
[1.792s] -- Up-to-date: /workspace/ros2_robot_ws/install/robot_interfaces/include/robot_interfaces/robot_interfaces/msg/gripper_info.h
[1.792s] -- Up-to-date: /workspace/ros2_robot_ws/install/robot_interfaces/include/robot_interfaces/robot_interfaces/msg/gripper_command.h
[1.799s] -- Up-to-date: /workspace/ros2_robot_ws/install/robot_interfaces/include/robot_interfaces/robot_interfaces/msg/rosidl_generator_c__visibility_control.h
[1.800s] -- Up-to-date: /workspace/ros2_robot_ws/install/robot_interfaces/include/robot_interfaces/robot_interfaces/msg/grasp_pose.h
[1.801s] -- Up-to-date: /workspace/ros2_robot_ws/install/robot_interfaces/include/robot_interfaces/robot_interfaces/msg/detail
[1.801s] -- Up-to-date: /workspace/ros2_robot_ws/install/robot_interfaces/include/robot_interfaces/robot_interfaces/msg/detail/gripper_command__functions.h
[1.802s] -- Up-to-date: /workspace/ros2_robot_ws/install/robot_interfaces/include/robot_interfaces/robot_interfaces/msg/detail/gripper_command__type_support.h
[1.802s] -- Up-to-date: /workspace/ros2_robot_ws/install/robot_interfaces/include/robot_interfaces/robot_interfaces/msg/detail/gripper_info__functions.c
[1.803s] -- Up-to-date: /workspace/ros2_robot_ws/install/robot_interfaces/include/robot_interfaces/robot_interfaces/msg/detail/grasp_pose__functions.c
[1.812s] -- Up-to-date: /workspace/ros2_robot_ws/install/robot_interfaces/include/robot_interfaces/robot_interfaces/msg/detail/grasp_pose__struct.h
[1.812s] -- Up-to-date: /workspace/ros2_robot_ws/install/robot_interfaces/include/robot_interfaces/robot_interfaces/msg/detail/grasp_pose__type_support.h
[1.813s] -- Up-to-date: /workspace/ros2_robot_ws/install/robot_interfaces/include/robot_interfaces/robot_interfaces/msg/detail/gripper_info__functions.h
[1.813s] -- Up-to-date: /workspace/ros2_robot_ws/install/robot_interfaces/include/robot_interfaces/robot_interfaces/msg/detail/gripper_info__struct.h
[1.814s] -- Up-to-date: /workspace/ros2_robot_ws/install/robot_interfaces/include/robot_interfaces/robot_interfaces/msg/detail/gripper_info__type_support.h
[1.814s] -- Up-to-date: /workspace/ros2_robot_ws/install/robot_interfaces/include/robot_interfaces/robot_interfaces/msg/detail/gripper_command__struct.h
[1.814s] -- Up-to-date: /workspace/ros2_robot_ws/install/robot_interfaces/include/robot_interfaces/robot_interfaces/msg/detail/gripper_command__functions.c
[1.815s] -- Up-to-date: /workspace/ros2_robot_ws/install/robot_interfaces/include/robot_interfaces/robot_interfaces/msg/detail/grasp_pose__functions.h
[1.817s] -- Up-to-date: /workspace/ros2_robot_ws/install/robot_interfaces/share/robot_interfaces/environment/library_path.sh
[1.817s] -- Up-to-date: /workspace/ros2_robot_ws/install/robot_interfaces/share/robot_interfaces/environment/library_path.dsv
[1.818s] -- Up-to-date: /workspace/ros2_robot_ws/install/robot_interfaces/lib/librobot_interfaces__rosidl_generator_c.so
[1.818s] -- Up-to-date: /workspace/ros2_robot_ws/install/robot_interfaces/include/robot_interfaces/robot_interfaces
[1.818s] -- Up-to-date: /workspace/ros2_robot_ws/install/robot_interfaces/include/robot_interfaces/robot_interfaces/msg
[1.819s] -- Up-to-date: /workspace/ros2_robot_ws/install/robot_interfaces/include/robot_interfaces/robot_interfaces/msg/rosidl_typesupport_fastrtps_c__visibility_control.h
[1.820s] -- Up-to-date: /workspace/ros2_robot_ws/install/robot_interfaces/include/robot_interfaces/robot_interfaces/msg/detail
[1.820s] -- Up-to-date: /workspace/ros2_robot_ws/install/robot_interfaces/include/robot_interfaces/robot_interfaces/msg/detail/gripper_info__rosidl_typesupport_fastrtps_c.h
[1.820s] -- Up-to-date: /workspace/ros2_robot_ws/install/robot_interfaces/include/robot_interfaces/robot_interfaces/msg/detail/gripper_command__rosidl_typesupport_fastrtps_c.h
[1.821s] -- Up-to-date: /workspace/ros2_robot_ws/install/robot_interfaces/include/robot_interfaces/robot_interfaces/msg/detail/grasp_pose__rosidl_typesupport_fastrtps_c.h
[1.821s] -- Up-to-date: /workspace/ros2_robot_ws/install/robot_interfaces/lib/librobot_interfaces__rosidl_typesupport_fastrtps_c.so
[1.822s] -- Up-to-date: /workspace/ros2_robot_ws/install/robot_interfaces/include/robot_interfaces/robot_interfaces
[1.822s] -- Up-to-date: /workspace/ros2_robot_ws/install/robot_interfaces/include/robot_interfaces/robot_interfaces/msg
[1.822s] -- Up-to-date: /workspace/ros2_robot_ws/install/robot_interfaces/include/robot_interfaces/robot_interfaces/msg/rosidl_typesupport_introspection_c__visibility_control.h
[1.823s] -- Up-to-date: /workspace/ros2_robot_ws/install/robot_interfaces/include/robot_interfaces/robot_interfaces/msg/detail
[1.823s] -- Up-to-date: /workspace/ros2_robot_ws/install/robot_interfaces/include/robot_interfaces/robot_interfaces/msg/detail/gripper_command__type_support.c
[1.824s] -- Up-to-date: /workspace/ros2_robot_ws/install/robot_interfaces/include/robot_interfaces/robot_interfaces/msg/detail/gripper_info__rosidl_typesupport_introspection_c.h
[1.824s] -- Up-to-date: /workspace/ros2_robot_ws/install/robot_interfaces/include/robot_interfaces/robot_interfaces/msg/detail/gripper_command__rosidl_typesupport_introspection_c.h
[1.824s] -- Up-to-date: /workspace/ros2_robot_ws/install/robot_interfaces/include/robot_interfaces/robot_interfaces/msg/detail/grasp_pose__rosidl_typesupport_introspection_c.h
[1.825s] -- Up-to-date: /workspace/ros2_robot_ws/install/robot_interfaces/include/robot_interfaces/robot_interfaces/msg/detail/gripper_info__type_support.c
[1.825s] -- Up-to-date: /workspace/ros2_robot_ws/install/robot_interfaces/include/robot_interfaces/robot_interfaces/msg/detail/grasp_pose__type_support.c
[1.828s] -- Up-to-date: /workspace/ros2_robot_ws/install/robot_interfaces/lib/librobot_interfaces__rosidl_typesupport_introspection_c.so
[1.830s] -- Up-to-date: /workspace/ros2_robot_ws/install/robot_interfaces/lib/librobot_interfaces__rosidl_typesupport_c.so
[1.832s] -- Up-to-date: /workspace/ros2_robot_ws/install/robot_interfaces/include/robot_interfaces/robot_interfaces
[1.833s] -- Up-to-date: /workspace/ros2_robot_ws/install/robot_interfaces/include/robot_interfaces/robot_interfaces/msg
[1.833s] -- Up-to-date: /workspace/ros2_robot_ws/install/robot_interfaces/include/robot_interfaces/robot_interfaces/msg/gripper_command.hpp
[1.834s] -- Up-to-date: /workspace/ros2_robot_ws/install/robot_interfaces/include/robot_interfaces/robot_interfaces/msg/grasp_pose.hpp
[1.834s] -- Up-to-date: /workspace/ros2_robot_ws/install/robot_interfaces/include/robot_interfaces/robot_interfaces/msg/rosidl_generator_cpp__visibility_control.hpp
[1.834s] -- Up-to-date: /workspace/ros2_robot_ws/install/robot_interfaces/include/robot_interfaces/robot_interfaces/msg/detail
[1.835s] -- Up-to-date: /workspace/ros2_robot_ws/install/robot_interfaces/include/robot_interfaces/robot_interfaces/msg/detail/grasp_pose__traits.hpp
[1.835s] -- Up-to-date: /workspace/ros2_robot_ws/install/robot_interfaces/include/robot_interfaces/robot_interfaces/msg/detail/gripper_command__struct.hpp
[1.836s] -- Up-to-date: /workspace/ros2_robot_ws/install/robot_interfaces/include/robot_interfaces/robot_interfaces/msg/detail/gripper_command__builder.hpp
[1.836s] -- Up-to-date: /workspace/ros2_robot_ws/install/robot_interfaces/include/robot_interfaces/robot_interfaces/msg/detail/grasp_pose__type_support.hpp
[1.837s] -- Up-to-date: /workspace/ros2_robot_ws/install/robot_interfaces/include/robot_interfaces/robot_interfaces/msg/detail/gripper_info__builder.hpp
[1.837s] -- Up-to-date: /workspace/ros2_robot_ws/install/robot_interfaces/include/robot_interfaces/robot_interfaces/msg/detail/gripper_command__type_support.hpp
[1.837s] -- Up-to-date: /workspace/ros2_robot_ws/install/robot_interfaces/include/robot_interfaces/robot_interfaces/msg/detail/gripper_info__type_support.hpp
[1.838s] -- Up-to-date: /workspace/ros2_robot_ws/install/robot_interfaces/include/robot_interfaces/robot_interfaces/msg/detail/gripper_command__traits.hpp
[1.838s] -- Up-to-date: /workspace/ros2_robot_ws/install/robot_interfaces/include/robot_interfaces/robot_interfaces/msg/detail/gripper_info__traits.hpp
[1.839s] -- Up-to-date: /workspace/ros2_robot_ws/install/robot_interfaces/include/robot_interfaces/robot_interfaces/msg/detail/gripper_info__struct.hpp
[1.839s] -- Up-to-date: /workspace/ros2_robot_ws/install/robot_interfaces/include/robot_interfaces/robot_interfaces/msg/detail/grasp_pose__builder.hpp
[1.840s] -- Up-to-date: /workspace/ros2_robot_ws/install/robot_interfaces/include/robot_interfaces/robot_interfaces/msg/detail/grasp_pose__struct.hpp
[1.840s] -- Up-to-date: /workspace/ros2_robot_ws/install/robot_interfaces/include/robot_interfaces/robot_interfaces/msg/gripper_info.hpp
[1.841s] -- Up-to-date: /workspace/ros2_robot_ws/install/robot_interfaces/include/robot_interfaces/robot_interfaces
[1.841s] -- Up-to-date: /workspace/ros2_robot_ws/install/robot_interfaces/include/robot_interfaces/robot_interfaces/msg
[1.842s] -- Up-to-date: /workspace/ros2_robot_ws/install/robot_interfaces/include/robot_interfaces/robot_interfaces/msg/rosidl_typesupport_fastrtps_cpp__visibility_control.h
[1.843s] -- Up-to-date: /workspace/ros2_robot_ws/install/robot_interfaces/include/robot_interfaces/robot_interfaces/msg/detail
[1.844s] -- Up-to-date: /workspace/ros2_robot_ws/install/robot_interfaces/include/robot_interfaces/robot_interfaces/msg/detail/gripper_info__rosidl_typesupport_fastrtps_cpp.hpp
[1.844s] -- Up-to-date: /workspace/ros2_robot_ws/install/robot_interfaces/include/robot_interfaces/robot_interfaces/msg/detail/dds_fastrtps
[1.844s] -- Up-to-date: /workspace/ros2_robot_ws/install/robot_interfaces/include/robot_interfaces/robot_interfaces/msg/detail/grasp_pose__rosidl_typesupport_fastrtps_cpp.hpp
[1.845s] -- Up-to-date: /workspace/ros2_robot_ws/install/robot_interfaces/include/robot_interfaces/robot_interfaces/msg/detail/gripper_command__rosidl_typesupport_fastrtps_cpp.hpp
[1.845s] -- Up-to-date: /workspace/ros2_robot_ws/install/robot_interfaces/lib/librobot_interfaces__rosidl_typesupport_fastrtps_cpp.so
[1.846s] -- Up-to-date: /workspace/ros2_robot_ws/install/robot_interfaces/include/robot_interfaces/robot_interfaces
[1.846s] -- Up-to-date: /workspace/ros2_robot_ws/install/robot_interfaces/include/robot_interfaces/robot_interfaces/msg
[1.846s] -- Up-to-date: /workspace/ros2_robot_ws/install/robot_interfaces/include/robot_interfaces/robot_interfaces/msg/detail
[1.847s] -- Up-to-date: /workspace/ros2_robot_ws/install/robot_interfaces/include/robot_interfaces/robot_interfaces/msg/detail/grasp_pose__type_support.cpp
[1.847s] -- Up-to-date: /workspace/ros2_robot_ws/install/robot_interfaces/include/robot_interfaces/robot_interfaces/msg/detail/gripper_info__type_support.cpp
[1.848s] -- Up-to-date: /workspace/ros2_robot_ws/install/robot_interfaces/include/robot_interfaces/robot_interfaces/msg/detail/gripper_info__rosidl_typesupport_introspection_cpp.hpp
[1.848s] -- Up-to-date: /workspace/ros2_robot_ws/install/robot_interfaces/include/robot_interfaces/robot_interfaces/msg/detail/gripper_command__rosidl_typesupport_introspection_cpp.hpp
[1.849s] -- Up-to-date: /workspace/ros2_robot_ws/install/robot_interfaces/include/robot_interfaces/robot_interfaces/msg/detail/grasp_pose__rosidl_typesupport_introspection_cpp.hpp
[1.849s] -- Up-to-date: /workspace/ros2_robot_ws/install/robot_interfaces/include/robot_interfaces/robot_interfaces/msg/detail/gripper_command__type_support.cpp
[1.849s] -- Up-to-date: /workspace/ros2_robot_ws/install/robot_interfaces/lib/librobot_interfaces__rosidl_typesupport_introspection_cpp.so
[1.850s] -- Up-to-date: /workspace/ros2_robot_ws/install/robot_interfaces/lib/librobot_interfaces__rosidl_typesupport_cpp.so
[1.850s] -- Up-to-date: /workspace/ros2_robot_ws/install/robot_interfaces/share/robot_interfaces/environment/pythonpath.sh
[1.850s] -- Up-to-date: /workspace/ros2_robot_ws/install/robot_interfaces/share/robot_interfaces/environment/pythonpath.dsv
[1.851s] -- Up-to-date: /workspace/ros2_robot_ws/install/robot_interfaces/local/lib/python3.10/dist-packages/robot_interfaces-0.0.0-py3.10.egg-info
[1.851s] -- Installing: /workspace/ros2_robot_ws/install/robot_interfaces/local/lib/python3.10/dist-packages/robot_interfaces-0.0.0-py3.10.egg-info/top_level.txt
[1.852s] -- Installing: /workspace/ros2_robot_ws/install/robot_interfaces/local/lib/python3.10/dist-packages/robot_interfaces-0.0.0-py3.10.egg-info/PKG-INFO
[1.852s] -- Installing: /workspace/ros2_robot_ws/install/robot_interfaces/local/lib/python3.10/dist-packages/robot_interfaces-0.0.0-py3.10.egg-info/SOURCES.txt
[1.853s] -- Installing: /workspace/ros2_robot_ws/install/robot_interfaces/local/lib/python3.10/dist-packages/robot_interfaces-0.0.0-py3.10.egg-info/dependency_links.txt
[1.853s] -- Up-to-date: /workspace/ros2_robot_ws/install/robot_interfaces/local/lib/python3.10/dist-packages/robot_interfaces
[1.853s] -- Up-to-date: /workspace/ros2_robot_ws/install/robot_interfaces/local/lib/python3.10/dist-packages/robot_interfaces/librobot_interfaces__rosidl_generator_py.so
[1.854s] -- Up-to-date: /workspace/ros2_robot_ws/install/robot_interfaces/local/lib/python3.10/dist-packages/robot_interfaces/msg
[1.854s] -- Up-to-date: /workspace/ros2_robot_ws/install/robot_interfaces/local/lib/python3.10/dist-packages/robot_interfaces/msg/_grasp_pose_s.c
[1.854s] -- Up-to-date: /workspace/ros2_robot_ws/install/robot_interfaces/local/lib/python3.10/dist-packages/robot_interfaces/msg/_gripper_info_s.c
[1.855s] -- Up-to-date: /workspace/ros2_robot_ws/install/robot_interfaces/local/lib/python3.10/dist-packages/robot_interfaces/msg/_gripper_command.py
[1.855s] -- Up-to-date: /workspace/ros2_robot_ws/install/robot_interfaces/local/lib/python3.10/dist-packages/robot_interfaces/msg/_grasp_pose.py
[1.855s] -- Up-to-date: /workspace/ros2_robot_ws/install/robot_interfaces/local/lib/python3.10/dist-packages/robot_interfaces/msg/__init__.py
[1.856s] -- Up-to-date: /workspace/ros2_robot_ws/install/robot_interfaces/local/lib/python3.10/dist-packages/robot_interfaces/msg/_gripper_info.py
[1.856s] -- Up-to-date: /workspace/ros2_robot_ws/install/robot_interfaces/local/lib/python3.10/dist-packages/robot_interfaces/msg/_gripper_command_s.c
[1.856s] -- Up-to-date: /workspace/ros2_robot_ws/install/robot_interfaces/local/lib/python3.10/dist-packages/robot_interfaces/robot_interfaces_s__rosidl_typesupport_c.cpython-310-aarch64-linux-gnu.so
[1.857s] -- Up-to-date: /workspace/ros2_robot_ws/install/robot_interfaces/local/lib/python3.10/dist-packages/robot_interfaces/robot_interfaces_s__rosidl_typesupport_introspection_c.cpython-310-aarch64-linux-gnu.so
[1.857s] -- Up-to-date: /workspace/ros2_robot_ws/install/robot_interfaces/local/lib/python3.10/dist-packages/robot_interfaces/_robot_interfaces_s.ep.rosidl_typesupport_introspection_c.c
[1.857s] -- Up-to-date: /workspace/ros2_robot_ws/install/robot_interfaces/local/lib/python3.10/dist-packages/robot_interfaces/_robot_interfaces_s.ep.rosidl_typesupport_c.c
[1.858s] -- Up-to-date: /workspace/ros2_robot_ws/install/robot_interfaces/local/lib/python3.10/dist-packages/robot_interfaces/robot_interfaces_s__rosidl_typesupport_fastrtps_c.cpython-310-aarch64-linux-gnu.so
[1.858s] -- Up-to-date: /workspace/ros2_robot_ws/install/robot_interfaces/local/lib/python3.10/dist-packages/robot_interfaces/__init__.py
[1.859s] -- Up-to-date: /workspace/ros2_robot_ws/install/robot_interfaces/local/lib/python3.10/dist-packages/robot_interfaces/_robot_interfaces_s.ep.rosidl_typesupport_fastrtps_c.c
[1.948s] Listing '/workspace/ros2_robot_ws/install/robot_interfaces/local/lib/python3.10/dist-packages/robot_interfaces'...
[1.950s] Listing '/workspace/ros2_robot_ws/install/robot_interfaces/local/lib/python3.10/dist-packages/robot_interfaces/msg'...
[1.984s] -- Up-to-date: /workspace/ros2_robot_ws/install/robot_interfaces/local/lib/python3.10/dist-packages/robot_interfaces/robot_interfaces_s__rosidl_typesupport_fastrtps_c.cpython-310-aarch64-linux-gnu.so
[1.985s] -- Up-to-date: /workspace/ros2_robot_ws/install/robot_interfaces/local/lib/python3.10/dist-packages/robot_interfaces/robot_interfaces_s__rosidl_typesupport_introspection_c.cpython-310-aarch64-linux-gnu.so
[1.986s] -- Up-to-date: /workspace/ros2_robot_ws/install/robot_interfaces/local/lib/python3.10/dist-packages/robot_interfaces/robot_interfaces_s__rosidl_typesupport_c.cpython-310-aarch64-linux-gnu.so
[1.992s] -- Up-to-date: /workspace/ros2_robot_ws/install/robot_interfaces/lib/librobot_interfaces__rosidl_generator_py.so
[1.992s] -- Up-to-date: /workspace/ros2_robot_ws/install/robot_interfaces/share/robot_interfaces/msg/GripperCommand.idl
[1.993s] -- Up-to-date: /workspace/ros2_robot_ws/install/robot_interfaces/share/robot_interfaces/msg/GripperInfo.idl
[1.993s] -- Up-to-date: /workspace/ros2_robot_ws/install/robot_interfaces/share/robot_interfaces/msg/GraspPose.idl
[1.995s] -- Up-to-date: /workspace/ros2_robot_ws/install/robot_interfaces/share/robot_interfaces/msg/GripperCommand.msg
[1.996s] -- Up-to-date: /workspace/ros2_robot_ws/install/robot_interfaces/share/robot_interfaces/msg/GripperInfo.msg
[1.997s] -- Up-to-date: /workspace/ros2_robot_ws/install/robot_interfaces/share/robot_interfaces/msg/GraspPose.msg
[1.997s] -- Up-to-date: /workspace/ros2_robot_ws/install/robot_interfaces/share/ament_index/resource_index/package_run_dependencies/robot_interfaces
[1.998s] -- Up-to-date: /workspace/ros2_robot_ws/install/robot_interfaces/share/ament_index/resource_index/parent_prefix_path/robot_interfaces
[1.998s] -- Up-to-date: /workspace/ros2_robot_ws/install/robot_interfaces/share/robot_interfaces/environment/ament_prefix_path.sh
[1.999s] -- Up-to-date: /workspace/ros2_robot_ws/install/robot_interfaces/share/robot_interfaces/environment/ament_prefix_path.dsv
[2.000s] -- Up-to-date: /workspace/ros2_robot_ws/install/robot_interfaces/share/robot_interfaces/environment/path.sh
[2.000s] -- Up-to-date: /workspace/ros2_robot_ws/install/robot_interfaces/share/robot_interfaces/environment/path.dsv
[2.001s] -- Up-to-date: /workspace/ros2_robot_ws/install/robot_interfaces/share/robot_interfaces/local_setup.bash
[2.001s] -- Up-to-date: /workspace/ros2_robot_ws/install/robot_interfaces/share/robot_interfaces/local_setup.sh
[2.002s] -- Up-to-date: /workspace/ros2_robot_ws/install/robot_interfaces/share/robot_interfaces/local_setup.zsh
[2.003s] -- Up-to-date: /workspace/ros2_robot_ws/install/robot_interfaces/share/robot_interfaces/local_setup.dsv
[2.003s] -- Installing: /workspace/ros2_robot_ws/install/robot_interfaces/share/robot_interfaces/package.dsv
[2.004s] -- Up-to-date: /workspace/ros2_robot_ws/install/robot_interfaces/share/ament_index/resource_index/packages/robot_interfaces
[2.004s] -- Up-to-date: /workspace/ros2_robot_ws/install/robot_interfaces/share/robot_interfaces/cmake/export_robot_interfaces__rosidl_generator_cExport.cmake
[2.005s] -- Up-to-date: /workspace/ros2_robot_ws/install/robot_interfaces/share/robot_interfaces/cmake/export_robot_interfaces__rosidl_generator_cExport-noconfig.cmake
[2.005s] -- Up-to-date: /workspace/ros2_robot_ws/install/robot_interfaces/share/robot_interfaces/cmake/export_robot_interfaces__rosidl_typesupport_fastrtps_cExport.cmake
[2.006s] -- Up-to-date: /workspace/ros2_robot_ws/install/robot_interfaces/share/robot_interfaces/cmake/export_robot_interfaces__rosidl_typesupport_fastrtps_cExport-noconfig.cmake
[2.007s] -- Up-to-date: /workspace/ros2_robot_ws/install/robot_interfaces/share/robot_interfaces/cmake/robot_interfaces__rosidl_typesupport_introspection_cExport.cmake
[2.007s] -- Up-to-date: /workspace/ros2_robot_ws/install/robot_interfaces/share/robot_interfaces/cmake/robot_interfaces__rosidl_typesupport_introspection_cExport-noconfig.cmake
[2.008s] -- Up-to-date: /workspace/ros2_robot_ws/install/robot_interfaces/share/robot_interfaces/cmake/robot_interfaces__rosidl_typesupport_cExport.cmake
[2.009s] -- Up-to-date: /workspace/ros2_robot_ws/install/robot_interfaces/share/robot_interfaces/cmake/robot_interfaces__rosidl_typesupport_cExport-noconfig.cmake
[2.009s] -- Up-to-date: /workspace/ros2_robot_ws/install/robot_interfaces/share/robot_interfaces/cmake/export_robot_interfaces__rosidl_generator_cppExport.cmake
[2.010s] -- Up-to-date: /workspace/ros2_robot_ws/install/robot_interfaces/share/robot_interfaces/cmake/export_robot_interfaces__rosidl_typesupport_fastrtps_cppExport.cmake
[2.010s] -- Up-to-date: /workspace/ros2_robot_ws/install/robot_interfaces/share/robot_interfaces/cmake/export_robot_interfaces__rosidl_typesupport_fastrtps_cppExport-noconfig.cmake
[2.010s] -- Up-to-date: /workspace/ros2_robot_ws/install/robot_interfaces/share/robot_interfaces/cmake/robot_interfaces__rosidl_typesupport_introspection_cppExport.cmake
[2.011s] -- Up-to-date: /workspace/ros2_robot_ws/install/robot_interfaces/share/robot_interfaces/cmake/robot_interfaces__rosidl_typesupport_introspection_cppExport-noconfig.cmake
[2.012s] -- Up-to-date: /workspace/ros2_robot_ws/install/robot_interfaces/share/robot_interfaces/cmake/robot_interfaces__rosidl_typesupport_cppExport.cmake
[2.012s] -- Up-to-date: /workspace/ros2_robot_ws/install/robot_interfaces/share/robot_interfaces/cmake/robot_interfaces__rosidl_typesupport_cppExport-noconfig.cmake
[2.012s] -- Up-to-date: /workspace/ros2_robot_ws/install/robot_interfaces/share/robot_interfaces/cmake/export_robot_interfaces__rosidl_generator_pyExport.cmake
[2.013s] -- Up-to-date: /workspace/ros2_robot_ws/install/robot_interfaces/share/robot_interfaces/cmake/export_robot_interfaces__rosidl_generator_pyExport-noconfig.cmake
[2.013s] -- Up-to-date: /workspace/ros2_robot_ws/install/robot_interfaces/share/robot_interfaces/cmake/rosidl_cmake-extras.cmake
[2.014s] -- Up-to-date: /workspace/ros2_robot_ws/install/robot_interfaces/share/robot_interfaces/cmake/ament_cmake_export_include_directories-extras.cmake
[2.014s] -- Up-to-date: /workspace/ros2_robot_ws/install/robot_interfaces/share/robot_interfaces/cmake/ament_cmake_export_libraries-extras.cmake
[2.015s] -- Up-to-date: /workspace/ros2_robot_ws/install/robot_interfaces/share/robot_interfaces/cmake/ament_cmake_export_targets-extras.cmake
[2.017s] -- Up-to-date: /workspace/ros2_robot_ws/install/robot_interfaces/share/robot_interfaces/cmake/rosidl_cmake_export_typesupport_targets-extras.cmake
[2.018s] -- Up-to-date: /workspace/ros2_robot_ws/install/robot_interfaces/share/robot_interfaces/cmake/ament_cmake_export_dependencies-extras.cmake
[2.019s] -- Up-to-date: /workspace/ros2_robot_ws/install/robot_interfaces/share/robot_interfaces/cmake/rosidl_cmake_export_typesupport_libraries-extras.cmake
[2.020s] -- Up-to-date: /workspace/ros2_robot_ws/install/robot_interfaces/share/robot_interfaces/cmake/robot_interfacesConfig.cmake
[2.020s] -- Up-to-date: /workspace/ros2_robot_ws/install/robot_interfaces/share/robot_interfaces/cmake/robot_interfacesConfig-version.cmake
[2.021s] -- Up-to-date: /workspace/ros2_robot_ws/install/robot_interfaces/share/robot_interfaces/package.xml
[2.021s] Invoked command in '/workspace/ros2_robot_ws/build/robot_interfaces' returned '0': CMAKE_PREFIX_PATH=${CMAKE_PREFIX_PATH}:/workspace/ros2_robot_ws/install/gripper_sub:/workspace/ros2_robot_ws/install/gripper_pub:/workspace/ros2_robot_ws/install/utils:/workspace/ros2_robot_ws/install/arm_test:/opt/ros/humble /usr/bin/cmake --install /workspace/ros2_robot_ws/build/robot_interfaces
