[3.856s] Invoking command in '/workspace/ros2_robot_ws/src/utils': PYTHONPATH=/workspace/ros2_robot_ws/build/utils/prefix_override:/usr/lib/python3/dist-packages/colcon_core/task/python/colcon_distutils_commands:/workspace/ros2_robot_ws/install/utils/lib/python3.10/site-packages:${PYTHONPATH} /usr/bin/python3 -W ignore:setup.py install is deprecated -W ignore:easy_install command is deprecated setup.py egg_info --egg-base ../../build/utils build --build-base /workspace/ros2_robot_ws/build/utils/build install --record /workspace/ros2_robot_ws/build/utils/install.log --single-version-externally-managed install_data
[4.645s] running egg_info
[4.649s] writing ../../build/utils/utils.egg-info/PKG-INFO
[4.649s] writing dependency_links to ../../build/utils/utils.egg-info/dependency_links.txt
[4.650s] writing entry points to ../../build/utils/utils.egg-info/entry_points.txt
[4.657s] writing requirements to ../../build/utils/utils.egg-info/requires.txt
[4.658s] writing top-level names to ../../build/utils/utils.egg-info/top_level.txt
[4.659s] reading manifest file '../../build/utils/utils.egg-info/SOURCES.txt'
[4.662s] writing manifest file '../../build/utils/utils.egg-info/SOURCES.txt'
[4.663s] running build
[4.665s] running build_py
[4.666s] running install
[4.668s] running install_lib
[4.674s] running install_data
[4.674s] running install_egg_info
[4.686s] removing '/workspace/ros2_robot_ws/install/utils/lib/python3.10/site-packages/utils-0.0.0-py3.10.egg-info' (and everything under it)
[4.688s] Copying ../../build/utils/utils.egg-info to /workspace/ros2_robot_ws/install/utils/lib/python3.10/site-packages/utils-0.0.0-py3.10.egg-info
[4.693s] running install_scripts
[4.780s] writing list of installed files to '/workspace/ros2_robot_ws/build/utils/install.log'
[4.918s] Invoked command in '/workspace/ros2_robot_ws/src/utils' returned '0': PYTHONPATH=/workspace/ros2_robot_ws/build/utils/prefix_override:/usr/lib/python3/dist-packages/colcon_core/task/python/colcon_distutils_commands:/workspace/ros2_robot_ws/install/utils/lib/python3.10/site-packages:${PYTHONPATH} /usr/bin/python3 -W ignore:setup.py install is deprecated -W ignore:easy_install command is deprecated setup.py egg_info --egg-base ../../build/utils build --build-base /workspace/ros2_robot_ws/build/utils/build install --record /workspace/ros2_robot_ws/build/utils/install.log --single-version-externally-managed install_data
