[5.379s] Invoking command in '/home/pi/handsystem/ros2_robot_ws/src/gripper_pub': PYTHONPATH=/home/pi/handsystem/ros2_robot_ws/build/gripper_pub/prefix_override:/home/pi/handsystem/ros2_robot_ws/install/gripper_pub/lib/python3.10/site-packages:${PYTHONPATH} /usr/bin/python3 -W ignore:setup.py install is deprecated setup.py egg_info --egg-base ../../build/gripper_pub build --build-base /home/pi/handsystem/ros2_robot_ws/build/gripper_pub/build install --record /home/pi/handsystem/ros2_robot_ws/build/gripper_pub/install.log --single-version-externally-managed install_data
[6.840s] running egg_info
[6.843s] writing ../../build/gripper_pub/gripper_pub.egg-info/PKG-INFO
[6.845s] writing dependency_links to ../../build/gripper_pub/gripper_pub.egg-info/dependency_links.txt
[6.846s] writing entry points to ../../build/gripper_pub/gripper_pub.egg-info/entry_points.txt
[6.847s] writing requirements to ../../build/gripper_pub/gripper_pub.egg-info/requires.txt
[6.848s] writing top-level names to ../../build/gripper_pub/gripper_pub.egg-info/top_level.txt
[6.857s] reading manifest file '../../build/gripper_pub/gripper_pub.egg-info/SOURCES.txt'
[6.858s] adding license file 'LICENSE'
[6.866s] writing manifest file '../../build/gripper_pub/gripper_pub.egg-info/SOURCES.txt'
[6.867s] running build
[6.867s] running build_py
[6.871s] running install
[6.872s] running install_lib
[6.877s] running install_data
[6.877s] running install_egg_info
[6.888s] removing '/home/pi/handsystem/ros2_robot_ws/install/gripper_pub/lib/python3.10/site-packages/gripper_pub-0.0.0-py3.10.egg-info' (and everything under it)
[6.890s] Copying ../../build/gripper_pub/gripper_pub.egg-info to /home/pi/handsystem/ros2_robot_ws/install/gripper_pub/lib/python3.10/site-packages/gripper_pub-0.0.0-py3.10.egg-info
[6.898s] running install_scripts
[6.994s] Installing talker script to /home/pi/handsystem/ros2_robot_ws/install/gripper_pub/lib/gripper_pub
[6.996s] writing list of installed files to '/home/pi/handsystem/ros2_robot_ws/build/gripper_pub/install.log'
[7.131s] Invoked command in '/home/pi/handsystem/ros2_robot_ws/src/gripper_pub' returned '0': PYTHONPATH=/home/pi/handsystem/ros2_robot_ws/build/gripper_pub/prefix_override:/home/pi/handsystem/ros2_robot_ws/install/gripper_pub/lib/python3.10/site-packages:${PYTHONPATH} /usr/bin/python3 -W ignore:setup.py install is deprecated setup.py egg_info --egg-base ../../build/gripper_pub build --build-base /home/pi/handsystem/ros2_robot_ws/build/gripper_pub/build install --record /home/pi/handsystem/ros2_robot_ws/build/gripper_pub/install.log --single-version-externally-managed install_data
