[0.071s] Invoking command in '/workspace/ros2_robot_ws/build/robot_interfaces': CMAKE_PREFIX_PATH=${CMAKE_PREFIX_PATH}:/workspace/ros2_robot_ws/install/gripper_sub:/workspace/ros2_robot_ws/install/gripper_pub:/workspace/ros2_robot_ws/install/utils:/workspace/ros2_robot_ws/install/arm_test:/opt/ros/humble /usr/bin/cmake --build /workspace/ros2_robot_ws/build/robot_interfaces -- -j4 -l4
[0.329s] [ 10%] Built target robot_interfaces__rosidl_generator_c
[0.330s] [ 12%] Built target robot_interfaces__cpp
[0.409s] [ 12%] Built target ament_cmake_python_copy_robot_interfaces
[0.431s] [ 23%] Built target robot_interfaces__rosidl_typesupport_introspection_c
[0.465s] [ 34%] Built target robot_interfaces__rosidl_typesupport_fastrtps_c
[0.492s] [ 44%] Built target robot_interfaces__rosidl_typesupport_c
[0.562s] [ 55%] Built target robot_interfaces__rosidl_typesupport_introspection_cpp
[0.578s] [ 65%] Built target robot_interfaces__rosidl_typesupport_fastrtps_cpp
[0.636s] [ 76%] Built target robot_interfaces__rosidl_typesupport_cpp
[0.729s] [ 76%] Built target robot_interfaces
[0.804s] [ 78%] Built target robot_interfaces__py
[0.896s] [ 87%] Built target robot_interfaces__rosidl_generator_py
[0.988s] [ 91%] Built target robot_interfaces__rosidl_typesupport_fastrtps_c__pyext
[1.003s] [ 95%] Built target robot_interfaces__rosidl_typesupport_introspection_c__pyext
[1.042s] [100%] Built target robot_interfaces__rosidl_typesupport_c__pyext
[1.561s] running egg_info
[1.564s] writing robot_interfaces.egg-info/PKG-INFO
[1.565s] writing dependency_links to robot_interfaces.egg-info/dependency_links.txt
[1.567s] writing top-level names to robot_interfaces.egg-info/top_level.txt
[1.575s] reading manifest file 'robot_interfaces.egg-info/SOURCES.txt'
[1.578s] writing manifest file 'robot_interfaces.egg-info/SOURCES.txt'
[1.754s] [100%] Built target ament_cmake_python_build_robot_interfaces_egg
[1.829s] Invoked command in '/workspace/ros2_robot_ws/build/robot_interfaces' returned '0': CMAKE_PREFIX_PATH=${CMAKE_PREFIX_PATH}:/workspace/ros2_robot_ws/install/gripper_sub:/workspace/ros2_robot_ws/install/gripper_pub:/workspace/ros2_robot_ws/install/utils:/workspace/ros2_robot_ws/install/arm_test:/opt/ros/humble /usr/bin/cmake --build /workspace/ros2_robot_ws/build/robot_interfaces -- -j4 -l4
[1.879s] Invoking command in '/workspace/ros2_robot_ws/build/robot_interfaces': CMAKE_PREFIX_PATH=${CMAKE_PREFIX_PATH}:/workspace/ros2_robot_ws/install/gripper_sub:/workspace/ros2_robot_ws/install/gripper_pub:/workspace/ros2_robot_ws/install/utils:/workspace/ros2_robot_ws/install/arm_test:/opt/ros/humble /usr/bin/cmake --install /workspace/ros2_robot_ws/build/robot_interfaces
[1.918s] -- Install configuration: ""
[1.922s] -- Up-to-date: /workspace/ros2_robot_ws/install/robot_interfaces/share/ament_index/resource_index/rosidl_interfaces/robot_interfaces
[1.923s] -- Up-to-date: /workspace/ros2_robot_ws/install/robot_interfaces/include/robot_interfaces/robot_interfaces
[1.923s] -- Up-to-date: /workspace/ros2_robot_ws/install/robot_interfaces/include/robot_interfaces/robot_interfaces/msg
[1.928s] -- Up-to-date: /workspace/ros2_robot_ws/install/robot_interfaces/include/robot_interfaces/robot_interfaces/msg/gripper_info.h
[1.929s] -- Up-to-date: /workspace/ros2_robot_ws/install/robot_interfaces/include/robot_interfaces/robot_interfaces/msg/gripper_command.h
[1.930s] -- Up-to-date: /workspace/ros2_robot_ws/install/robot_interfaces/include/robot_interfaces/robot_interfaces/msg/rosidl_generator_c__visibility_control.h
[1.930s] -- Up-to-date: /workspace/ros2_robot_ws/install/robot_interfaces/include/robot_interfaces/robot_interfaces/msg/grasp_pose.h
[1.931s] -- Up-to-date: /workspace/ros2_robot_ws/install/robot_interfaces/include/robot_interfaces/robot_interfaces/msg/detail
[1.931s] -- Up-to-date: /workspace/ros2_robot_ws/install/robot_interfaces/include/robot_interfaces/robot_interfaces/msg/detail/gripper_command__functions.h
[1.934s] -- Up-to-date: /workspace/ros2_robot_ws/install/robot_interfaces/include/robot_interfaces/robot_interfaces/msg/detail/gripper_command__type_support.h
[1.936s] -- Up-to-date: /workspace/ros2_robot_ws/install/robot_interfaces/include/robot_interfaces/robot_interfaces/msg/detail/gripper_info__functions.c
[1.936s] -- Up-to-date: /workspace/ros2_robot_ws/install/robot_interfaces/include/robot_interfaces/robot_interfaces/msg/detail/grasp_pose__functions.c
[1.937s] -- Up-to-date: /workspace/ros2_robot_ws/install/robot_interfaces/include/robot_interfaces/robot_interfaces/msg/detail/grasp_pose__struct.h
[1.938s] -- Up-to-date: /workspace/ros2_robot_ws/install/robot_interfaces/include/robot_interfaces/robot_interfaces/msg/detail/grasp_pose__type_support.h
[1.938s] -- Up-to-date: /workspace/ros2_robot_ws/install/robot_interfaces/include/robot_interfaces/robot_interfaces/msg/detail/gripper_info__functions.h
[1.939s] -- Up-to-date: /workspace/ros2_robot_ws/install/robot_interfaces/include/robot_interfaces/robot_interfaces/msg/detail/gripper_info__struct.h
[1.939s] -- Up-to-date: /workspace/ros2_robot_ws/install/robot_interfaces/include/robot_interfaces/robot_interfaces/msg/detail/gripper_info__type_support.h
[1.941s] -- Up-to-date: /workspace/ros2_robot_ws/install/robot_interfaces/include/robot_interfaces/robot_interfaces/msg/detail/gripper_command__struct.h
[1.945s] -- Up-to-date: /workspace/ros2_robot_ws/install/robot_interfaces/include/robot_interfaces/robot_interfaces/msg/detail/gripper_command__functions.c
[1.945s] -- Up-to-date: /workspace/ros2_robot_ws/install/robot_interfaces/include/robot_interfaces/robot_interfaces/msg/detail/grasp_pose__functions.h
[1.946s] -- Up-to-date: /workspace/ros2_robot_ws/install/robot_interfaces/share/robot_interfaces/environment/library_path.sh
[1.947s] -- Up-to-date: /workspace/ros2_robot_ws/install/robot_interfaces/share/robot_interfaces/environment/library_path.dsv
[1.947s] -- Up-to-date: /workspace/ros2_robot_ws/install/robot_interfaces/lib/librobot_interfaces__rosidl_generator_c.so
[1.947s] -- Up-to-date: /workspace/ros2_robot_ws/install/robot_interfaces/include/robot_interfaces/robot_interfaces
[1.951s] -- Up-to-date: /workspace/ros2_robot_ws/install/robot_interfaces/include/robot_interfaces/robot_interfaces/msg
[1.956s] -- Up-to-date: /workspace/ros2_robot_ws/install/robot_interfaces/include/robot_interfaces/robot_interfaces/msg/rosidl_typesupport_fastrtps_c__visibility_control.h
[1.957s] -- Up-to-date: /workspace/ros2_robot_ws/install/robot_interfaces/include/robot_interfaces/robot_interfaces/msg/detail
[1.958s] -- Up-to-date: /workspace/ros2_robot_ws/install/robot_interfaces/include/robot_interfaces/robot_interfaces/msg/detail/gripper_info__rosidl_typesupport_fastrtps_c.h
[1.959s] -- Up-to-date: /workspace/ros2_robot_ws/install/robot_interfaces/include/robot_interfaces/robot_interfaces/msg/detail/gripper_command__rosidl_typesupport_fastrtps_c.h
[1.959s] -- Up-to-date: /workspace/ros2_robot_ws/install/robot_interfaces/include/robot_interfaces/robot_interfaces/msg/detail/grasp_pose__rosidl_typesupport_fastrtps_c.h
[1.960s] -- Up-to-date: /workspace/ros2_robot_ws/install/robot_interfaces/lib/librobot_interfaces__rosidl_typesupport_fastrtps_c.so
[1.965s] -- Up-to-date: /workspace/ros2_robot_ws/install/robot_interfaces/include/robot_interfaces/robot_interfaces
[1.965s] -- Up-to-date: /workspace/ros2_robot_ws/install/robot_interfaces/include/robot_interfaces/robot_interfaces/msg
[1.966s] -- Up-to-date: /workspace/ros2_robot_ws/install/robot_interfaces/include/robot_interfaces/robot_interfaces/msg/rosidl_typesupport_introspection_c__visibility_control.h
[1.967s] -- Up-to-date: /workspace/ros2_robot_ws/install/robot_interfaces/include/robot_interfaces/robot_interfaces/msg/detail
[1.967s] -- Up-to-date: /workspace/ros2_robot_ws/install/robot_interfaces/include/robot_interfaces/robot_interfaces/msg/detail/gripper_command__type_support.c
[1.968s] -- Up-to-date: /workspace/ros2_robot_ws/install/robot_interfaces/include/robot_interfaces/robot_interfaces/msg/detail/gripper_info__rosidl_typesupport_introspection_c.h
[1.976s] -- Up-to-date: /workspace/ros2_robot_ws/install/robot_interfaces/include/robot_interfaces/robot_interfaces/msg/detail/gripper_command__rosidl_typesupport_introspection_c.h
[1.976s] -- Up-to-date: /workspace/ros2_robot_ws/install/robot_interfaces/include/robot_interfaces/robot_interfaces/msg/detail/grasp_pose__rosidl_typesupport_introspection_c.h
[1.977s] -- Up-to-date: /workspace/ros2_robot_ws/install/robot_interfaces/include/robot_interfaces/robot_interfaces/msg/detail/gripper_info__type_support.c
[1.977s] -- Up-to-date: /workspace/ros2_robot_ws/install/robot_interfaces/include/robot_interfaces/robot_interfaces/msg/detail/grasp_pose__type_support.c
[1.978s] -- Up-to-date: /workspace/ros2_robot_ws/install/robot_interfaces/lib/librobot_interfaces__rosidl_typesupport_introspection_c.so
[1.978s] -- Up-to-date: /workspace/ros2_robot_ws/install/robot_interfaces/lib/librobot_interfaces__rosidl_typesupport_c.so
[1.979s] -- Up-to-date: /workspace/ros2_robot_ws/install/robot_interfaces/include/robot_interfaces/robot_interfaces
[1.979s] -- Up-to-date: /workspace/ros2_robot_ws/install/robot_interfaces/include/robot_interfaces/robot_interfaces/msg
[1.980s] -- Up-to-date: /workspace/ros2_robot_ws/install/robot_interfaces/include/robot_interfaces/robot_interfaces/msg/gripper_command.hpp
[1.985s] -- Up-to-date: /workspace/ros2_robot_ws/install/robot_interfaces/include/robot_interfaces/robot_interfaces/msg/grasp_pose.hpp
[1.985s] -- Up-to-date: /workspace/ros2_robot_ws/install/robot_interfaces/include/robot_interfaces/robot_interfaces/msg/rosidl_generator_cpp__visibility_control.hpp
[1.986s] -- Up-to-date: /workspace/ros2_robot_ws/install/robot_interfaces/include/robot_interfaces/robot_interfaces/msg/detail
[1.986s] -- Up-to-date: /workspace/ros2_robot_ws/install/robot_interfaces/include/robot_interfaces/robot_interfaces/msg/detail/grasp_pose__traits.hpp
[1.987s] -- Up-to-date: /workspace/ros2_robot_ws/install/robot_interfaces/include/robot_interfaces/robot_interfaces/msg/detail/gripper_command__struct.hpp
[1.987s] -- Up-to-date: /workspace/ros2_robot_ws/install/robot_interfaces/include/robot_interfaces/robot_interfaces/msg/detail/gripper_command__builder.hpp
[1.992s] -- Up-to-date: /workspace/ros2_robot_ws/install/robot_interfaces/include/robot_interfaces/robot_interfaces/msg/detail/grasp_pose__type_support.hpp
[1.993s] -- Up-to-date: /workspace/ros2_robot_ws/install/robot_interfaces/include/robot_interfaces/robot_interfaces/msg/detail/gripper_info__builder.hpp
[1.993s] -- Up-to-date: /workspace/ros2_robot_ws/install/robot_interfaces/include/robot_interfaces/robot_interfaces/msg/detail/gripper_command__type_support.hpp
[1.994s] -- Up-to-date: /workspace/ros2_robot_ws/install/robot_interfaces/include/robot_interfaces/robot_interfaces/msg/detail/gripper_info__type_support.hpp
[1.994s] -- Up-to-date: /workspace/ros2_robot_ws/install/robot_interfaces/include/robot_interfaces/robot_interfaces/msg/detail/gripper_command__traits.hpp
[1.995s] -- Up-to-date: /workspace/ros2_robot_ws/install/robot_interfaces/include/robot_interfaces/robot_interfaces/msg/detail/gripper_info__traits.hpp
[1.995s] -- Up-to-date: /workspace/ros2_robot_ws/install/robot_interfaces/include/robot_interfaces/robot_interfaces/msg/detail/gripper_info__struct.hpp
[1.996s] -- Up-to-date: /workspace/ros2_robot_ws/install/robot_interfaces/include/robot_interfaces/robot_interfaces/msg/detail/grasp_pose__builder.hpp
[2.001s] -- Up-to-date: /workspace/ros2_robot_ws/install/robot_interfaces/include/robot_interfaces/robot_interfaces/msg/detail/grasp_pose__struct.hpp
[2.002s] -- Up-to-date: /workspace/ros2_robot_ws/install/robot_interfaces/include/robot_interfaces/robot_interfaces/msg/gripper_info.hpp
[2.002s] -- Up-to-date: /workspace/ros2_robot_ws/install/robot_interfaces/include/robot_interfaces/robot_interfaces
[2.003s] -- Up-to-date: /workspace/ros2_robot_ws/install/robot_interfaces/include/robot_interfaces/robot_interfaces/msg
[2.003s] -- Up-to-date: /workspace/ros2_robot_ws/install/robot_interfaces/include/robot_interfaces/robot_interfaces/msg/rosidl_typesupport_fastrtps_cpp__visibility_control.h
[2.004s] -- Up-to-date: /workspace/ros2_robot_ws/install/robot_interfaces/include/robot_interfaces/robot_interfaces/msg/detail
[2.008s] -- Up-to-date: /workspace/ros2_robot_ws/install/robot_interfaces/include/robot_interfaces/robot_interfaces/msg/detail/gripper_info__rosidl_typesupport_fastrtps_cpp.hpp
[2.009s] -- Up-to-date: /workspace/ros2_robot_ws/install/robot_interfaces/include/robot_interfaces/robot_interfaces/msg/detail/dds_fastrtps
[2.010s] -- Up-to-date: /workspace/ros2_robot_ws/install/robot_interfaces/include/robot_interfaces/robot_interfaces/msg/detail/grasp_pose__rosidl_typesupport_fastrtps_cpp.hpp
[2.010s] -- Up-to-date: /workspace/ros2_robot_ws/install/robot_interfaces/include/robot_interfaces/robot_interfaces/msg/detail/gripper_command__rosidl_typesupport_fastrtps_cpp.hpp
[2.011s] -- Up-to-date: /workspace/ros2_robot_ws/install/robot_interfaces/lib/librobot_interfaces__rosidl_typesupport_fastrtps_cpp.so
[2.012s] -- Up-to-date: /workspace/ros2_robot_ws/install/robot_interfaces/include/robot_interfaces/robot_interfaces
[2.017s] -- Up-to-date: /workspace/ros2_robot_ws/install/robot_interfaces/include/robot_interfaces/robot_interfaces/msg
[2.017s] -- Up-to-date: /workspace/ros2_robot_ws/install/robot_interfaces/include/robot_interfaces/robot_interfaces/msg/detail
[2.018s] -- Up-to-date: /workspace/ros2_robot_ws/install/robot_interfaces/include/robot_interfaces/robot_interfaces/msg/detail/grasp_pose__type_support.cpp
[2.018s] -- Up-to-date: /workspace/ros2_robot_ws/install/robot_interfaces/include/robot_interfaces/robot_interfaces/msg/detail/gripper_info__type_support.cpp
[2.019s] -- Up-to-date: /workspace/ros2_robot_ws/install/robot_interfaces/include/robot_interfaces/robot_interfaces/msg/detail/gripper_info__rosidl_typesupport_introspection_cpp.hpp
[2.025s] -- Up-to-date: /workspace/ros2_robot_ws/install/robot_interfaces/include/robot_interfaces/robot_interfaces/msg/detail/gripper_command__rosidl_typesupport_introspection_cpp.hpp
[2.025s] -- Up-to-date: /workspace/ros2_robot_ws/install/robot_interfaces/include/robot_interfaces/robot_interfaces/msg/detail/grasp_pose__rosidl_typesupport_introspection_cpp.hpp
[2.026s] -- Up-to-date: /workspace/ros2_robot_ws/install/robot_interfaces/include/robot_interfaces/robot_interfaces/msg/detail/gripper_command__type_support.cpp
[2.026s] -- Up-to-date: /workspace/ros2_robot_ws/install/robot_interfaces/lib/librobot_interfaces__rosidl_typesupport_introspection_cpp.so
[2.027s] -- Up-to-date: /workspace/ros2_robot_ws/install/robot_interfaces/lib/librobot_interfaces__rosidl_typesupport_cpp.so
[2.027s] -- Up-to-date: /workspace/ros2_robot_ws/install/robot_interfaces/share/robot_interfaces/environment/pythonpath.sh
[2.032s] -- Up-to-date: /workspace/ros2_robot_ws/install/robot_interfaces/share/robot_interfaces/environment/pythonpath.dsv
[2.033s] -- Up-to-date: /workspace/ros2_robot_ws/install/robot_interfaces/local/lib/python3.10/dist-packages/robot_interfaces-0.0.0-py3.10.egg-info
[2.033s] -- Installing: /workspace/ros2_robot_ws/install/robot_interfaces/local/lib/python3.10/dist-packages/robot_interfaces-0.0.0-py3.10.egg-info/top_level.txt
[2.040s] -- Installing: /workspace/ros2_robot_ws/install/robot_interfaces/local/lib/python3.10/dist-packages/robot_interfaces-0.0.0-py3.10.egg-info/PKG-INFO
[2.041s] -- Installing: /workspace/ros2_robot_ws/install/robot_interfaces/local/lib/python3.10/dist-packages/robot_interfaces-0.0.0-py3.10.egg-info/SOURCES.txt
[2.042s] -- Installing: /workspace/ros2_robot_ws/install/robot_interfaces/local/lib/python3.10/dist-packages/robot_interfaces-0.0.0-py3.10.egg-info/dependency_links.txt
[2.042s] -- Up-to-date: /workspace/ros2_robot_ws/install/robot_interfaces/local/lib/python3.10/dist-packages/robot_interfaces
[2.043s] -- Up-to-date: /workspace/ros2_robot_ws/install/robot_interfaces/local/lib/python3.10/dist-packages/robot_interfaces/librobot_interfaces__rosidl_generator_py.so
[2.043s] -- Up-to-date: /workspace/ros2_robot_ws/install/robot_interfaces/local/lib/python3.10/dist-packages/robot_interfaces/msg
[2.044s] -- Up-to-date: /workspace/ros2_robot_ws/install/robot_interfaces/local/lib/python3.10/dist-packages/robot_interfaces/msg/_grasp_pose_s.c
[2.044s] -- Up-to-date: /workspace/ros2_robot_ws/install/robot_interfaces/local/lib/python3.10/dist-packages/robot_interfaces/msg/_gripper_info_s.c
[2.045s] -- Up-to-date: /workspace/ros2_robot_ws/install/robot_interfaces/local/lib/python3.10/dist-packages/robot_interfaces/msg/_gripper_command.py
[2.046s] -- Up-to-date: /workspace/ros2_robot_ws/install/robot_interfaces/local/lib/python3.10/dist-packages/robot_interfaces/msg/_grasp_pose.py
[2.046s] -- Up-to-date: /workspace/ros2_robot_ws/install/robot_interfaces/local/lib/python3.10/dist-packages/robot_interfaces/msg/__init__.py
[2.047s] -- Up-to-date: /workspace/ros2_robot_ws/install/robot_interfaces/local/lib/python3.10/dist-packages/robot_interfaces/msg/_gripper_info.py
[2.047s] -- Up-to-date: /workspace/ros2_robot_ws/install/robot_interfaces/local/lib/python3.10/dist-packages/robot_interfaces/msg/_gripper_command_s.c
[2.052s] -- Up-to-date: /workspace/ros2_robot_ws/install/robot_interfaces/local/lib/python3.10/dist-packages/robot_interfaces/robot_interfaces_s__rosidl_typesupport_c.cpython-310-aarch64-linux-gnu.so
[2.053s] -- Up-to-date: /workspace/ros2_robot_ws/install/robot_interfaces/local/lib/python3.10/dist-packages/robot_interfaces/robot_interfaces_s__rosidl_typesupport_introspection_c.cpython-310-aarch64-linux-gnu.so
[2.053s] -- Up-to-date: /workspace/ros2_robot_ws/install/robot_interfaces/local/lib/python3.10/dist-packages/robot_interfaces/_robot_interfaces_s.ep.rosidl_typesupport_introspection_c.c
[2.054s] -- Up-to-date: /workspace/ros2_robot_ws/install/robot_interfaces/local/lib/python3.10/dist-packages/robot_interfaces/_robot_interfaces_s.ep.rosidl_typesupport_c.c
[2.054s] -- Up-to-date: /workspace/ros2_robot_ws/install/robot_interfaces/local/lib/python3.10/dist-packages/robot_interfaces/robot_interfaces_s__rosidl_typesupport_fastrtps_c.cpython-310-aarch64-linux-gnu.so
[2.055s] -- Up-to-date: /workspace/ros2_robot_ws/install/robot_interfaces/local/lib/python3.10/dist-packages/robot_interfaces/__init__.py
[2.055s] -- Up-to-date: /workspace/ros2_robot_ws/install/robot_interfaces/local/lib/python3.10/dist-packages/robot_interfaces/_robot_interfaces_s.ep.rosidl_typesupport_fastrtps_c.c
[2.177s] Listing '/workspace/ros2_robot_ws/install/robot_interfaces/local/lib/python3.10/dist-packages/robot_interfaces'...
[2.179s] Listing '/workspace/ros2_robot_ws/install/robot_interfaces/local/lib/python3.10/dist-packages/robot_interfaces/msg'...
[2.201s] -- Up-to-date: /workspace/ros2_robot_ws/install/robot_interfaces/local/lib/python3.10/dist-packages/robot_interfaces/robot_interfaces_s__rosidl_typesupport_fastrtps_c.cpython-310-aarch64-linux-gnu.so
[2.203s] -- Up-to-date: /workspace/ros2_robot_ws/install/robot_interfaces/local/lib/python3.10/dist-packages/robot_interfaces/robot_interfaces_s__rosidl_typesupport_introspection_c.cpython-310-aarch64-linux-gnu.so
[2.204s] -- Up-to-date: /workspace/ros2_robot_ws/install/robot_interfaces/local/lib/python3.10/dist-packages/robot_interfaces/robot_interfaces_s__rosidl_typesupport_c.cpython-310-aarch64-linux-gnu.so
[2.206s] -- Up-to-date: /workspace/ros2_robot_ws/install/robot_interfaces/lib/librobot_interfaces__rosidl_generator_py.so
[2.208s] -- Up-to-date: /workspace/ros2_robot_ws/install/robot_interfaces/share/robot_interfaces/msg/GripperCommand.idl
[2.209s] -- Up-to-date: /workspace/ros2_robot_ws/install/robot_interfaces/share/robot_interfaces/msg/GripperInfo.idl
[2.210s] -- Up-to-date: /workspace/ros2_robot_ws/install/robot_interfaces/share/robot_interfaces/msg/GraspPose.idl
[2.210s] -- Up-to-date: /workspace/ros2_robot_ws/install/robot_interfaces/share/robot_interfaces/msg/GripperCommand.msg
[2.212s] -- Up-to-date: /workspace/ros2_robot_ws/install/robot_interfaces/share/robot_interfaces/msg/GripperInfo.msg
[2.213s] -- Up-to-date: /workspace/ros2_robot_ws/install/robot_interfaces/share/robot_interfaces/msg/GraspPose.msg
[2.213s] -- Up-to-date: /workspace/ros2_robot_ws/install/robot_interfaces/share/ament_index/resource_index/package_run_dependencies/robot_interfaces
[2.214s] -- Up-to-date: /workspace/ros2_robot_ws/install/robot_interfaces/share/ament_index/resource_index/parent_prefix_path/robot_interfaces
[2.214s] -- Up-to-date: /workspace/ros2_robot_ws/install/robot_interfaces/share/robot_interfaces/environment/ament_prefix_path.sh
[2.215s] -- Up-to-date: /workspace/ros2_robot_ws/install/robot_interfaces/share/robot_interfaces/environment/ament_prefix_path.dsv
[2.216s] -- Up-to-date: /workspace/ros2_robot_ws/install/robot_interfaces/share/robot_interfaces/environment/path.sh
[2.217s] -- Up-to-date: /workspace/ros2_robot_ws/install/robot_interfaces/share/robot_interfaces/environment/path.dsv
[2.218s] -- Up-to-date: /workspace/ros2_robot_ws/install/robot_interfaces/share/robot_interfaces/local_setup.bash
[2.219s] -- Up-to-date: /workspace/ros2_robot_ws/install/robot_interfaces/share/robot_interfaces/local_setup.sh
[2.221s] -- Up-to-date: /workspace/ros2_robot_ws/install/robot_interfaces/share/robot_interfaces/local_setup.zsh
[2.222s] -- Up-to-date: /workspace/ros2_robot_ws/install/robot_interfaces/share/robot_interfaces/local_setup.dsv
[2.223s] -- Installing: /workspace/ros2_robot_ws/install/robot_interfaces/share/robot_interfaces/package.dsv
[2.225s] -- Up-to-date: /workspace/ros2_robot_ws/install/robot_interfaces/share/ament_index/resource_index/packages/robot_interfaces
[2.225s] -- Up-to-date: /workspace/ros2_robot_ws/install/robot_interfaces/share/robot_interfaces/cmake/export_robot_interfaces__rosidl_generator_cExport.cmake
[2.226s] -- Up-to-date: /workspace/ros2_robot_ws/install/robot_interfaces/share/robot_interfaces/cmake/export_robot_interfaces__rosidl_generator_cExport-noconfig.cmake
[2.226s] -- Up-to-date: /workspace/ros2_robot_ws/install/robot_interfaces/share/robot_interfaces/cmake/export_robot_interfaces__rosidl_typesupport_fastrtps_cExport.cmake
[2.227s] -- Up-to-date: /workspace/ros2_robot_ws/install/robot_interfaces/share/robot_interfaces/cmake/export_robot_interfaces__rosidl_typesupport_fastrtps_cExport-noconfig.cmake
[2.227s] -- Up-to-date: /workspace/ros2_robot_ws/install/robot_interfaces/share/robot_interfaces/cmake/robot_interfaces__rosidl_typesupport_introspection_cExport.cmake
[2.228s] -- Up-to-date: /workspace/ros2_robot_ws/install/robot_interfaces/share/robot_interfaces/cmake/robot_interfaces__rosidl_typesupport_introspection_cExport-noconfig.cmake
[2.229s] -- Up-to-date: /workspace/ros2_robot_ws/install/robot_interfaces/share/robot_interfaces/cmake/robot_interfaces__rosidl_typesupport_cExport.cmake
[2.229s] -- Up-to-date: /workspace/ros2_robot_ws/install/robot_interfaces/share/robot_interfaces/cmake/robot_interfaces__rosidl_typesupport_cExport-noconfig.cmake
[2.230s] -- Up-to-date: /workspace/ros2_robot_ws/install/robot_interfaces/share/robot_interfaces/cmake/export_robot_interfaces__rosidl_generator_cppExport.cmake
[2.231s] -- Up-to-date: /workspace/ros2_robot_ws/install/robot_interfaces/share/robot_interfaces/cmake/export_robot_interfaces__rosidl_typesupport_fastrtps_cppExport.cmake
[2.231s] -- Up-to-date: /workspace/ros2_robot_ws/install/robot_interfaces/share/robot_interfaces/cmake/export_robot_interfaces__rosidl_typesupport_fastrtps_cppExport-noconfig.cmake
[2.232s] -- Up-to-date: /workspace/ros2_robot_ws/install/robot_interfaces/share/robot_interfaces/cmake/robot_interfaces__rosidl_typesupport_introspection_cppExport.cmake
[2.233s] -- Up-to-date: /workspace/ros2_robot_ws/install/robot_interfaces/share/robot_interfaces/cmake/robot_interfaces__rosidl_typesupport_introspection_cppExport-noconfig.cmake
[2.233s] -- Up-to-date: /workspace/ros2_robot_ws/install/robot_interfaces/share/robot_interfaces/cmake/robot_interfaces__rosidl_typesupport_cppExport.cmake
[2.233s] -- Up-to-date: /workspace/ros2_robot_ws/install/robot_interfaces/share/robot_interfaces/cmake/robot_interfaces__rosidl_typesupport_cppExport-noconfig.cmake
[2.234s] -- Up-to-date: /workspace/ros2_robot_ws/install/robot_interfaces/share/robot_interfaces/cmake/export_robot_interfaces__rosidl_generator_pyExport.cmake
[2.234s] -- Up-to-date: /workspace/ros2_robot_ws/install/robot_interfaces/share/robot_interfaces/cmake/export_robot_interfaces__rosidl_generator_pyExport-noconfig.cmake
[2.234s] -- Up-to-date: /workspace/ros2_robot_ws/install/robot_interfaces/share/robot_interfaces/cmake/rosidl_cmake-extras.cmake
[2.235s] -- Up-to-date: /workspace/ros2_robot_ws/install/robot_interfaces/share/robot_interfaces/cmake/ament_cmake_export_include_directories-extras.cmake
[2.235s] -- Up-to-date: /workspace/ros2_robot_ws/install/robot_interfaces/share/robot_interfaces/cmake/ament_cmake_export_libraries-extras.cmake
[2.235s] -- Up-to-date: /workspace/ros2_robot_ws/install/robot_interfaces/share/robot_interfaces/cmake/ament_cmake_export_targets-extras.cmake
[2.236s] -- Up-to-date: /workspace/ros2_robot_ws/install/robot_interfaces/share/robot_interfaces/cmake/rosidl_cmake_export_typesupport_targets-extras.cmake
[2.237s] -- Up-to-date: /workspace/ros2_robot_ws/install/robot_interfaces/share/robot_interfaces/cmake/ament_cmake_export_dependencies-extras.cmake
[2.239s] -- Up-to-date: /workspace/ros2_robot_ws/install/robot_interfaces/share/robot_interfaces/cmake/rosidl_cmake_export_typesupport_libraries-extras.cmake
[2.240s] -- Up-to-date: /workspace/ros2_robot_ws/install/robot_interfaces/share/robot_interfaces/cmake/robot_interfacesConfig.cmake
[2.241s] -- Up-to-date: /workspace/ros2_robot_ws/install/robot_interfaces/share/robot_interfaces/cmake/robot_interfacesConfig-version.cmake
[2.241s] -- Up-to-date: /workspace/ros2_robot_ws/install/robot_interfaces/share/robot_interfaces/package.xml
[2.242s] Invoked command in '/workspace/ros2_robot_ws/build/robot_interfaces' returned '0': CMAKE_PREFIX_PATH=${CMAKE_PREFIX_PATH}:/workspace/ros2_robot_ws/install/gripper_sub:/workspace/ros2_robot_ws/install/gripper_pub:/workspace/ros2_robot_ws/install/utils:/workspace/ros2_robot_ws/install/arm_test:/opt/ros/humble /usr/bin/cmake --install /workspace/ros2_robot_ws/build/robot_interfaces
