[0.057s] Invoking command in '/home/pi/handsystem/ros2_robot_ws/build/robot_interfaces': CMAKE_PREFIX_PATH=${CMAKE_PREFIX_PATH}:/home/pi/handsystem/ros2_robot_ws/install/gripper_sub:/home/pi/handsystem/ros2_robot_ws/install/gripper_pub:/home/pi/ros2_ws/install/py_sub:/opt/ros/humble /usr/bin/cmake --build /home/pi/handsystem/ros2_robot_ws/build/robot_interfaces -- -j4 -l4
[0.192s] -- Found ament_cmake: 1.3.8 (/opt/ros/humble/share/ament_cmake/cmake)
[0.894s] -- Found rosidl_default_generators: 1.2.0 (/opt/ros/humble/share/rosidl_default_generators/cmake)
[0.910s] -- Using all available rosidl_typesupport_c: rosidl_typesupport_fastrtps_c;rosidl_typesupport_introspection_c
[0.929s] -- Found rosidl_adapter: 3.1.5 (/opt/ros/humble/share/rosidl_adapter/cmake)
[1.569s] -- Using all available rosidl_typesupport_cpp: rosidl_typesupport_fastrtps_cpp;rosidl_typesupport_introspection_cpp
[2.947s] -- Found ament_cmake_ros: 0.10.0 (/opt/ros/humble/share/ament_cmake_ros/cmake)
[3.861s] -- Using all available rosidl_typesupport_c: rosidl_typesupport_fastrtps_c;rosidl_typesupport_introspection_c
[5.073s] -- Using all available rosidl_typesupport_cpp: rosidl_typesupport_fastrtps_cpp;rosidl_typesupport_introspection_cpp
[5.194s] -- Found python_cmake_module: 0.10.0 (/opt/ros/humble/share/python_cmake_module/cmake)
[5.321s] -- Using PYTHON_EXECUTABLE: /usr/bin/python3
[5.322s] -- Using PYTHON_INCLUDE_DIRS: /usr/include/python3.10
[5.323s] -- Using PYTHON_LIBRARIES: /usr/lib/aarch64-linux-gnu/libpython3.10.so
[5.377s] -- Found ament_lint_auto: 0.12.10 (/opt/ros/humble/share/ament_lint_auto/cmake)
[5.463s] -- Added test 'lint_cmake' to check CMake code style
[5.474s] -- Added test 'xmllint' to check XML markup files
[5.488s] -- Configuring done
[5.687s] -- Generating done
[5.708s] -- Build files have been written to: /home/pi/handsystem/ros2_robot_ws/build/robot_interfaces
[5.807s] [  2%] [34m[1mGenerating C code for ROS interfaces[0m
[5.855s] [  5%] [34m[1mGenerating C++ code for ROS interfaces[0m
[5.920s] [  5%] Built target ament_cmake_python_copy_robot_interfaces
[7.537s] [  5%] Built target robot_interfaces__cpp
[7.596s] [  7%] [34m[1mGenerating C++ type support dispatch for ROS interfaces[0m
[7.625s] [ 10%] [34m[1mGenerating C++ type support for eProsima Fast-RTPS[0m
[7.663s] [35m[1mConsolidate compiler generated dependencies of target robot_interfaces__rosidl_generator_c[0m
[7.726s] [ 12%] [32mBuilding C object CMakeFiles/robot_interfaces__rosidl_generator_c.dir/rosidl_generator_c/robot_interfaces/msg/detail/gripper_command__functions.c.o[0m
[7.853s] running egg_info
[7.868s] writing robot_interfaces.egg-info/PKG-INFO
[7.872s] writing dependency_links to robot_interfaces.egg-info/dependency_links.txt
[7.876s] writing top-level names to robot_interfaces.egg-info/top_level.txt
[7.898s] reading manifest file 'robot_interfaces.egg-info/SOURCES.txt'
[7.906s] writing manifest file 'robot_interfaces.egg-info/SOURCES.txt'
[8.101s] [ 12%] Built target ament_cmake_python_build_robot_interfaces_egg
[8.174s] [ 15%] [34m[1mGenerating C++ introspection for ROS interfaces[0m
[8.678s] [ 17%] [32mBuilding C object CMakeFiles/robot_interfaces__rosidl_generator_c.dir/rosidl_generator_c/robot_interfaces/msg/detail/gripper_info__functions.c.o[0m
[8.994s] [ 20%] [32m[1mLinking C shared library librobot_interfaces__rosidl_generator_c.so[0m
[9.011s] [35m[1mConsolidate compiler generated dependencies of target robot_interfaces__rosidl_typesupport_cpp[0m
[9.125s] [ 23%] [32mBuilding CXX object CMakeFiles/robot_interfaces__rosidl_typesupport_cpp.dir/rosidl_typesupport_cpp/robot_interfaces/msg/gripper_command__type_support.cpp.o[0m
[9.286s] [ 23%] Built target robot_interfaces__rosidl_generator_c
[9.334s] [35m[1mConsolidate compiler generated dependencies of target robot_interfaces__rosidl_typesupport_fastrtps_cpp[0m
[9.341s] [ 25%] [34m[1mGenerating C type support for eProsima Fast-RTPS[0m
[9.409s] [ 28%] [32mBuilding CXX object CMakeFiles/robot_interfaces__rosidl_typesupport_fastrtps_cpp.dir/rosidl_typesupport_fastrtps_cpp/robot_interfaces/msg/detail/dds_fastrtps/gripper_command__type_support.cpp.o[0m
[9.797s] [35m[1mConsolidate compiler generated dependencies of target robot_interfaces__rosidl_typesupport_introspection_cpp[0m
[9.863s] [ 30%] [32mBuilding CXX object CMakeFiles/robot_interfaces__rosidl_typesupport_introspection_cpp.dir/rosidl_typesupport_introspection_cpp/robot_interfaces/msg/detail/gripper_command__type_support.cpp.o[0m
[10.982s] [35m[1mConsolidate compiler generated dependencies of target robot_interfaces__rosidl_typesupport_fastrtps_c[0m
[11.106s] [ 33%] [32mBuilding CXX object CMakeFiles/robot_interfaces__rosidl_typesupport_fastrtps_c.dir/rosidl_typesupport_fastrtps_c/robot_interfaces/msg/detail/gripper_command__type_support_c.cpp.o[0m
[11.642s] [ 35%] [32mBuilding CXX object CMakeFiles/robot_interfaces__rosidl_typesupport_cpp.dir/rosidl_typesupport_cpp/robot_interfaces/msg/gripper_info__type_support.cpp.o[0m
[12.334s] [ 38%] [32mBuilding CXX object CMakeFiles/robot_interfaces__rosidl_typesupport_fastrtps_cpp.dir/rosidl_typesupport_fastrtps_cpp/robot_interfaces/msg/detail/dds_fastrtps/gripper_info__type_support.cpp.o[0m
[12.424s] [ 41%] [32mBuilding CXX object CMakeFiles/robot_interfaces__rosidl_typesupport_introspection_cpp.dir/rosidl_typesupport_introspection_cpp/robot_interfaces/msg/detail/gripper_info__type_support.cpp.o[0m
[13.295s] [ 43%] [32mBuilding CXX object CMakeFiles/robot_interfaces__rosidl_typesupport_fastrtps_c.dir/rosidl_typesupport_fastrtps_c/robot_interfaces/msg/detail/gripper_info__type_support_c.cpp.o[0m
[13.452s] [ 46%] [32m[1mLinking CXX shared library librobot_interfaces__rosidl_typesupport_cpp.so[0m
[13.741s] [ 46%] Built target robot_interfaces__rosidl_typesupport_cpp
[13.813s] [ 48%] [34m[1mGenerating C introspection for ROS interfaces[0m
[14.966s] [ 51%] [32m[1mLinking CXX shared library librobot_interfaces__rosidl_typesupport_introspection_cpp.so[0m
[15.187s] [ 51%] Built target robot_interfaces__rosidl_typesupport_introspection_cpp
[15.212s] [ 53%] [32m[1mLinking CXX shared library librobot_interfaces__rosidl_typesupport_fastrtps_cpp.so[0m
[15.239s] [ 56%] [34m[1mGenerating C type support dispatch for ROS interfaces[0m
[15.536s] [ 58%] [32m[1mLinking CXX shared library librobot_interfaces__rosidl_typesupport_fastrtps_c.so[0m
[15.682s] [ 58%] Built target robot_interfaces__rosidl_typesupport_fastrtps_cpp
[15.766s] [35m[1mConsolidate compiler generated dependencies of target robot_interfaces__rosidl_typesupport_introspection_c[0m
[15.828s] [ 61%] [32mBuilding C object CMakeFiles/robot_interfaces__rosidl_typesupport_introspection_c.dir/rosidl_typesupport_introspection_c/robot_interfaces/msg/detail/gripper_command__type_support.c.o[0m
[15.836s] [ 64%] [32mBuilding C object CMakeFiles/robot_interfaces__rosidl_typesupport_introspection_c.dir/rosidl_typesupport_introspection_c/robot_interfaces/msg/detail/gripper_info__type_support.c.o[0m
[16.019s] [ 64%] Built target robot_interfaces__rosidl_typesupport_fastrtps_c
[16.104s] [ 66%] [32m[1mLinking C shared library librobot_interfaces__rosidl_typesupport_introspection_c.so[0m
[16.239s] [ 66%] Built target robot_interfaces__rosidl_typesupport_introspection_c
[16.523s] [35m[1mConsolidate compiler generated dependencies of target robot_interfaces__rosidl_typesupport_c[0m
[16.574s] [ 69%] [32mBuilding CXX object CMakeFiles/robot_interfaces__rosidl_typesupport_c.dir/rosidl_typesupport_c/robot_interfaces/msg/gripper_command__type_support.cpp.o[0m
[16.575s] [ 71%] [32mBuilding CXX object CMakeFiles/robot_interfaces__rosidl_typesupport_c.dir/rosidl_typesupport_c/robot_interfaces/msg/gripper_info__type_support.cpp.o[0m
[16.734s] [ 74%] [32m[1mLinking CXX shared library librobot_interfaces__rosidl_typesupport_c.so[0m
[16.906s] [ 74%] Built target robot_interfaces__rosidl_typesupport_c
[17.000s] [ 74%] Built target robot_interfaces
[17.093s] [ 76%] [34m[1mGenerating Python code for ROS interfaces[0m
[18.645s] [ 76%] Built target robot_interfaces__py
[18.694s] [35m[1mConsolidate compiler generated dependencies of target robot_interfaces__rosidl_generator_py[0m
[18.756s] [ 79%] [32mBuilding C object CMakeFiles/robot_interfaces__rosidl_generator_py.dir/rosidl_generator_py/robot_interfaces/msg/_gripper_command_s.c.o[0m
[18.759s] [ 82%] [32mBuilding C object CMakeFiles/robot_interfaces__rosidl_generator_py.dir/rosidl_generator_py/robot_interfaces/msg/_gripper_info_s.c.o[0m
[19.432s] [ 84%] [32m[1mLinking C shared library rosidl_generator_py/robot_interfaces/librobot_interfaces__rosidl_generator_py.so[0m
[19.663s] [ 84%] Built target robot_interfaces__rosidl_generator_py
[19.732s] [35m[1mConsolidate compiler generated dependencies of target robot_interfaces__rosidl_typesupport_fastrtps_c__pyext[0m
[19.746s] [35m[1mConsolidate compiler generated dependencies of target robot_interfaces__rosidl_typesupport_introspection_c__pyext[0m
[19.753s] [35m[1mConsolidate compiler generated dependencies of target robot_interfaces__rosidl_typesupport_c__pyext[0m
[19.841s] [ 87%] [32mBuilding C object CMakeFiles/robot_interfaces__rosidl_typesupport_introspection_c__pyext.dir/rosidl_generator_py/robot_interfaces/_robot_interfaces_s.ep.rosidl_typesupport_introspection_c.c.o[0m
[19.850s] [ 89%] [32mBuilding C object CMakeFiles/robot_interfaces__rosidl_typesupport_fastrtps_c__pyext.dir/rosidl_generator_py/robot_interfaces/_robot_interfaces_s.ep.rosidl_typesupport_fastrtps_c.c.o[0m
[19.881s] [ 92%] [32mBuilding C object CMakeFiles/robot_interfaces__rosidl_typesupport_c__pyext.dir/rosidl_generator_py/robot_interfaces/_robot_interfaces_s.ep.rosidl_typesupport_c.c.o[0m
[20.412s] [ 94%] [32m[1mLinking C shared library rosidl_generator_py/robot_interfaces/robot_interfaces_s__rosidl_typesupport_fastrtps_c.cpython-310-aarch64-linux-gnu.so[0m
[20.545s] [ 97%] [32m[1mLinking C shared library rosidl_generator_py/robot_interfaces/robot_interfaces_s__rosidl_typesupport_introspection_c.cpython-310-aarch64-linux-gnu.so[0m
[20.613s] [ 97%] Built target robot_interfaces__rosidl_typesupport_fastrtps_c__pyext
[20.657s] [100%] [32m[1mLinking C shared library rosidl_generator_py/robot_interfaces/robot_interfaces_s__rosidl_typesupport_c.cpython-310-aarch64-linux-gnu.so[0m
[20.742s] [100%] Built target robot_interfaces__rosidl_typesupport_introspection_c__pyext
[20.850s] [100%] Built target robot_interfaces__rosidl_typesupport_c__pyext
[20.904s] Invoked command in '/home/pi/handsystem/ros2_robot_ws/build/robot_interfaces' returned '0': CMAKE_PREFIX_PATH=${CMAKE_PREFIX_PATH}:/home/pi/handsystem/ros2_robot_ws/install/gripper_sub:/home/pi/handsystem/ros2_robot_ws/install/gripper_pub:/home/pi/ros2_ws/install/py_sub:/opt/ros/humble /usr/bin/cmake --build /home/pi/handsystem/ros2_robot_ws/build/robot_interfaces -- -j4 -l4
[21.507s] Invoking command in '/home/pi/handsystem/ros2_robot_ws/build/robot_interfaces': CMAKE_PREFIX_PATH=${CMAKE_PREFIX_PATH}:/home/pi/handsystem/ros2_robot_ws/install/gripper_sub:/home/pi/handsystem/ros2_robot_ws/install/gripper_pub:/home/pi/ros2_ws/install/py_sub:/opt/ros/humble /usr/bin/cmake --install /home/pi/handsystem/ros2_robot_ws/build/robot_interfaces
[21.546s] -- Install configuration: ""
[21.547s] -- Installing: /home/pi/handsystem/ros2_robot_ws/install/robot_interfaces/share/ament_index/resource_index/rosidl_interfaces/robot_interfaces
[21.554s] -- Up-to-date: /home/pi/handsystem/ros2_robot_ws/install/robot_interfaces/include/robot_interfaces/robot_interfaces
[21.554s] -- Up-to-date: /home/pi/handsystem/ros2_robot_ws/install/robot_interfaces/include/robot_interfaces/robot_interfaces/msg
[21.555s] -- Up-to-date: /home/pi/handsystem/ros2_robot_ws/install/robot_interfaces/include/robot_interfaces/robot_interfaces/msg/detail
[21.555s] -- Installing: /home/pi/handsystem/ros2_robot_ws/install/robot_interfaces/include/robot_interfaces/robot_interfaces/msg/detail/gripper_command__functions.c
[21.556s] -- Installing: /home/pi/handsystem/ros2_robot_ws/install/robot_interfaces/include/robot_interfaces/robot_interfaces/msg/detail/gripper_info__struct.h
[21.556s] -- Installing: /home/pi/handsystem/ros2_robot_ws/install/robot_interfaces/include/robot_interfaces/robot_interfaces/msg/detail/gripper_command__functions.h
[21.557s] -- Installing: /home/pi/handsystem/ros2_robot_ws/install/robot_interfaces/include/robot_interfaces/robot_interfaces/msg/detail/gripper_command__type_support.h
[21.558s] -- Installing: /home/pi/handsystem/ros2_robot_ws/install/robot_interfaces/include/robot_interfaces/robot_interfaces/msg/detail/gripper_info__type_support.h
[21.561s] -- Installing: /home/pi/handsystem/ros2_robot_ws/install/robot_interfaces/include/robot_interfaces/robot_interfaces/msg/detail/gripper_command__struct.h
[21.566s] -- Installing: /home/pi/handsystem/ros2_robot_ws/install/robot_interfaces/include/robot_interfaces/robot_interfaces/msg/detail/gripper_info__functions.h
[21.567s] -- Installing: /home/pi/handsystem/ros2_robot_ws/install/robot_interfaces/include/robot_interfaces/robot_interfaces/msg/detail/gripper_info__functions.c
[21.567s] -- Installing: /home/pi/handsystem/ros2_robot_ws/install/robot_interfaces/include/robot_interfaces/robot_interfaces/msg/gripper_info.h
[21.568s] -- Installing: /home/pi/handsystem/ros2_robot_ws/install/robot_interfaces/include/robot_interfaces/robot_interfaces/msg/gripper_command.h
[21.569s] -- Up-to-date: /home/pi/handsystem/ros2_robot_ws/install/robot_interfaces/include/robot_interfaces/robot_interfaces/msg/rosidl_generator_c__visibility_control.h
[21.569s] -- Up-to-date: /home/pi/handsystem/ros2_robot_ws/install/robot_interfaces/share/robot_interfaces/environment/library_path.sh
[21.570s] -- Installing: /home/pi/handsystem/ros2_robot_ws/install/robot_interfaces/share/robot_interfaces/environment/library_path.dsv
[21.572s] -- Installing: /home/pi/handsystem/ros2_robot_ws/install/robot_interfaces/lib/librobot_interfaces__rosidl_generator_c.so
[21.575s] -- Set runtime path of "/home/pi/handsystem/ros2_robot_ws/install/robot_interfaces/lib/librobot_interfaces__rosidl_generator_c.so" to ""
[21.576s] -- Up-to-date: /home/pi/handsystem/ros2_robot_ws/install/robot_interfaces/include/robot_interfaces/robot_interfaces
[21.577s] -- Up-to-date: /home/pi/handsystem/ros2_robot_ws/install/robot_interfaces/include/robot_interfaces/robot_interfaces/msg
[21.582s] -- Up-to-date: /home/pi/handsystem/ros2_robot_ws/install/robot_interfaces/include/robot_interfaces/robot_interfaces/msg/detail
[21.582s] -- Installing: /home/pi/handsystem/ros2_robot_ws/install/robot_interfaces/include/robot_interfaces/robot_interfaces/msg/detail/gripper_command__rosidl_typesupport_fastrtps_c.h
[21.583s] -- Installing: /home/pi/handsystem/ros2_robot_ws/install/robot_interfaces/include/robot_interfaces/robot_interfaces/msg/detail/gripper_info__rosidl_typesupport_fastrtps_c.h
[21.583s] -- Up-to-date: /home/pi/handsystem/ros2_robot_ws/install/robot_interfaces/include/robot_interfaces/robot_interfaces/msg/rosidl_typesupport_fastrtps_c__visibility_control.h
[21.584s] -- Installing: /home/pi/handsystem/ros2_robot_ws/install/robot_interfaces/lib/librobot_interfaces__rosidl_typesupport_fastrtps_c.so
[21.587s] -- Set runtime path of "/home/pi/handsystem/ros2_robot_ws/install/robot_interfaces/lib/librobot_interfaces__rosidl_typesupport_fastrtps_c.so" to ""
[21.588s] -- Up-to-date: /home/pi/handsystem/ros2_robot_ws/install/robot_interfaces/include/robot_interfaces/robot_interfaces
[21.589s] -- Up-to-date: /home/pi/handsystem/ros2_robot_ws/install/robot_interfaces/include/robot_interfaces/robot_interfaces/msg
[21.590s] -- Up-to-date: /home/pi/handsystem/ros2_robot_ws/install/robot_interfaces/include/robot_interfaces/robot_interfaces/msg/detail
[21.591s] -- Installing: /home/pi/handsystem/ros2_robot_ws/install/robot_interfaces/include/robot_interfaces/robot_interfaces/msg/detail/gripper_command__type_support.c
[21.592s] -- Installing: /home/pi/handsystem/ros2_robot_ws/install/robot_interfaces/include/robot_interfaces/robot_interfaces/msg/detail/gripper_command__rosidl_typesupport_introspection_c.h
[21.594s] -- Installing: /home/pi/handsystem/ros2_robot_ws/install/robot_interfaces/include/robot_interfaces/robot_interfaces/msg/detail/gripper_info__type_support.c
[21.596s] -- Installing: /home/pi/handsystem/ros2_robot_ws/install/robot_interfaces/include/robot_interfaces/robot_interfaces/msg/detail/gripper_info__rosidl_typesupport_introspection_c.h
[21.598s] -- Up-to-date: /home/pi/handsystem/ros2_robot_ws/install/robot_interfaces/include/robot_interfaces/robot_interfaces/msg/rosidl_typesupport_introspection_c__visibility_control.h
[21.599s] -- Installing: /home/pi/handsystem/ros2_robot_ws/install/robot_interfaces/lib/librobot_interfaces__rosidl_typesupport_introspection_c.so
[21.602s] -- Set runtime path of "/home/pi/handsystem/ros2_robot_ws/install/robot_interfaces/lib/librobot_interfaces__rosidl_typesupport_introspection_c.so" to ""
[21.604s] -- Installing: /home/pi/handsystem/ros2_robot_ws/install/robot_interfaces/lib/librobot_interfaces__rosidl_typesupport_c.so
[21.607s] -- Set runtime path of "/home/pi/handsystem/ros2_robot_ws/install/robot_interfaces/lib/librobot_interfaces__rosidl_typesupport_c.so" to ""
[21.608s] -- Up-to-date: /home/pi/handsystem/ros2_robot_ws/install/robot_interfaces/include/robot_interfaces/robot_interfaces
[21.608s] -- Up-to-date: /home/pi/handsystem/ros2_robot_ws/install/robot_interfaces/include/robot_interfaces/robot_interfaces/msg
[21.609s] -- Installing: /home/pi/handsystem/ros2_robot_ws/install/robot_interfaces/include/robot_interfaces/robot_interfaces/msg/gripper_info.hpp
[21.611s] -- Up-to-date: /home/pi/handsystem/ros2_robot_ws/install/robot_interfaces/include/robot_interfaces/robot_interfaces/msg/detail
[21.612s] -- Installing: /home/pi/handsystem/ros2_robot_ws/install/robot_interfaces/include/robot_interfaces/robot_interfaces/msg/detail/gripper_command__struct.hpp
[21.614s] -- Installing: /home/pi/handsystem/ros2_robot_ws/install/robot_interfaces/include/robot_interfaces/robot_interfaces/msg/detail/gripper_command__builder.hpp
[21.616s] -- Installing: /home/pi/handsystem/ros2_robot_ws/install/robot_interfaces/include/robot_interfaces/robot_interfaces/msg/detail/gripper_info__builder.hpp
[21.618s] -- Installing: /home/pi/handsystem/ros2_robot_ws/install/robot_interfaces/include/robot_interfaces/robot_interfaces/msg/detail/gripper_command__traits.hpp
[21.619s] -- Installing: /home/pi/handsystem/ros2_robot_ws/install/robot_interfaces/include/robot_interfaces/robot_interfaces/msg/detail/gripper_info__traits.hpp
[21.622s] -- Installing: /home/pi/handsystem/ros2_robot_ws/install/robot_interfaces/include/robot_interfaces/robot_interfaces/msg/detail/gripper_info__struct.hpp
[21.624s] -- Installing: /home/pi/handsystem/ros2_robot_ws/install/robot_interfaces/include/robot_interfaces/robot_interfaces/msg/gripper_command.hpp
[21.626s] -- Up-to-date: /home/pi/handsystem/ros2_robot_ws/install/robot_interfaces/include/robot_interfaces/robot_interfaces
[21.626s] -- Up-to-date: /home/pi/handsystem/ros2_robot_ws/install/robot_interfaces/include/robot_interfaces/robot_interfaces/msg
[21.627s] -- Up-to-date: /home/pi/handsystem/ros2_robot_ws/install/robot_interfaces/include/robot_interfaces/robot_interfaces/msg/detail
[21.630s] -- Installing: /home/pi/handsystem/ros2_robot_ws/install/robot_interfaces/include/robot_interfaces/robot_interfaces/msg/detail/gripper_info__rosidl_typesupport_fastrtps_cpp.hpp
[21.631s] -- Up-to-date: /home/pi/handsystem/ros2_robot_ws/install/robot_interfaces/include/robot_interfaces/robot_interfaces/msg/detail/dds_fastrtps
[21.632s] -- Installing: /home/pi/handsystem/ros2_robot_ws/install/robot_interfaces/include/robot_interfaces/robot_interfaces/msg/detail/gripper_command__rosidl_typesupport_fastrtps_cpp.hpp
[21.635s] -- Up-to-date: /home/pi/handsystem/ros2_robot_ws/install/robot_interfaces/include/robot_interfaces/robot_interfaces/msg/rosidl_typesupport_fastrtps_cpp__visibility_control.h
[21.635s] -- Installing: /home/pi/handsystem/ros2_robot_ws/install/robot_interfaces/lib/librobot_interfaces__rosidl_typesupport_fastrtps_cpp.so
[21.639s] -- Set runtime path of "/home/pi/handsystem/ros2_robot_ws/install/robot_interfaces/lib/librobot_interfaces__rosidl_typesupport_fastrtps_cpp.so" to ""
[21.639s] -- Up-to-date: /home/pi/handsystem/ros2_robot_ws/install/robot_interfaces/include/robot_interfaces/robot_interfaces
[21.640s] -- Up-to-date: /home/pi/handsystem/ros2_robot_ws/install/robot_interfaces/include/robot_interfaces/robot_interfaces/msg
[21.646s] -- Up-to-date: /home/pi/handsystem/ros2_robot_ws/install/robot_interfaces/include/robot_interfaces/robot_interfaces/msg/detail
[21.648s] -- Installing: /home/pi/handsystem/ros2_robot_ws/install/robot_interfaces/include/robot_interfaces/robot_interfaces/msg/detail/gripper_info__rosidl_typesupport_introspection_cpp.hpp
[21.648s] -- Installing: /home/pi/handsystem/ros2_robot_ws/install/robot_interfaces/include/robot_interfaces/robot_interfaces/msg/detail/gripper_info__type_support.cpp
[21.649s] -- Installing: /home/pi/handsystem/ros2_robot_ws/install/robot_interfaces/include/robot_interfaces/robot_interfaces/msg/detail/gripper_command__type_support.cpp
[21.649s] -- Installing: /home/pi/handsystem/ros2_robot_ws/install/robot_interfaces/include/robot_interfaces/robot_interfaces/msg/detail/gripper_command__rosidl_typesupport_introspection_cpp.hpp
[21.650s] -- Installing: /home/pi/handsystem/ros2_robot_ws/install/robot_interfaces/lib/librobot_interfaces__rosidl_typesupport_introspection_cpp.so
[21.653s] -- Set runtime path of "/home/pi/handsystem/ros2_robot_ws/install/robot_interfaces/lib/librobot_interfaces__rosidl_typesupport_introspection_cpp.so" to ""
[21.662s] -- Installing: /home/pi/handsystem/ros2_robot_ws/install/robot_interfaces/lib/librobot_interfaces__rosidl_typesupport_cpp.so
[21.663s] -- Set runtime path of "/home/pi/handsystem/ros2_robot_ws/install/robot_interfaces/lib/librobot_interfaces__rosidl_typesupport_cpp.so" to ""
[21.663s] -- Up-to-date: /home/pi/handsystem/ros2_robot_ws/install/robot_interfaces/share/robot_interfaces/environment/pythonpath.sh
[21.664s] -- Installing: /home/pi/handsystem/ros2_robot_ws/install/robot_interfaces/share/robot_interfaces/environment/pythonpath.dsv
[21.664s] -- Up-to-date: /home/pi/handsystem/ros2_robot_ws/install/robot_interfaces/local/lib/python3.10/dist-packages/robot_interfaces-0.0.0-py3.10.egg-info
[21.670s] -- Installing: /home/pi/handsystem/ros2_robot_ws/install/robot_interfaces/local/lib/python3.10/dist-packages/robot_interfaces-0.0.0-py3.10.egg-info/dependency_links.txt
[21.670s] -- Installing: /home/pi/handsystem/ros2_robot_ws/install/robot_interfaces/local/lib/python3.10/dist-packages/robot_interfaces-0.0.0-py3.10.egg-info/top_level.txt
[21.671s] -- Installing: /home/pi/handsystem/ros2_robot_ws/install/robot_interfaces/local/lib/python3.10/dist-packages/robot_interfaces-0.0.0-py3.10.egg-info/SOURCES.txt
[21.671s] -- Installing: /home/pi/handsystem/ros2_robot_ws/install/robot_interfaces/local/lib/python3.10/dist-packages/robot_interfaces-0.0.0-py3.10.egg-info/PKG-INFO
[21.672s] -- Up-to-date: /home/pi/handsystem/ros2_robot_ws/install/robot_interfaces/local/lib/python3.10/dist-packages/robot_interfaces
[21.672s] -- Installing: /home/pi/handsystem/ros2_robot_ws/install/robot_interfaces/local/lib/python3.10/dist-packages/robot_interfaces/_robot_interfaces_s.ep.rosidl_typesupport_introspection_c.c
[21.673s] -- Installing: /home/pi/handsystem/ros2_robot_ws/install/robot_interfaces/local/lib/python3.10/dist-packages/robot_interfaces/robot_interfaces_s__rosidl_typesupport_c.cpython-310-aarch64-linux-gnu.so
[21.678s] -- Installing: /home/pi/handsystem/ros2_robot_ws/install/robot_interfaces/local/lib/python3.10/dist-packages/robot_interfaces/_robot_interfaces_s.ep.rosidl_typesupport_c.c
[21.679s] -- Installing: /home/pi/handsystem/ros2_robot_ws/install/robot_interfaces/local/lib/python3.10/dist-packages/robot_interfaces/librobot_interfaces__rosidl_generator_py.so
[21.679s] -- Installing: /home/pi/handsystem/ros2_robot_ws/install/robot_interfaces/local/lib/python3.10/dist-packages/robot_interfaces/_robot_interfaces_s.ep.rosidl_typesupport_fastrtps_c.c
[21.680s] -- Up-to-date: /home/pi/handsystem/ros2_robot_ws/install/robot_interfaces/local/lib/python3.10/dist-packages/robot_interfaces/msg
[21.680s] -- Installing: /home/pi/handsystem/ros2_robot_ws/install/robot_interfaces/local/lib/python3.10/dist-packages/robot_interfaces/msg/_gripper_command_s.c
[21.682s] -- Installing: /home/pi/handsystem/ros2_robot_ws/install/robot_interfaces/local/lib/python3.10/dist-packages/robot_interfaces/msg/_gripper_info.py
[21.684s] -- Installing: /home/pi/handsystem/ros2_robot_ws/install/robot_interfaces/local/lib/python3.10/dist-packages/robot_interfaces/msg/_gripper_info_s.c
[21.685s] -- Installing: /home/pi/handsystem/ros2_robot_ws/install/robot_interfaces/local/lib/python3.10/dist-packages/robot_interfaces/msg/_gripper_command.py
[21.687s] -- Installing: /home/pi/handsystem/ros2_robot_ws/install/robot_interfaces/local/lib/python3.10/dist-packages/robot_interfaces/msg/__init__.py
[21.689s] -- Installing: /home/pi/handsystem/ros2_robot_ws/install/robot_interfaces/local/lib/python3.10/dist-packages/robot_interfaces/__init__.py
[21.691s] -- Installing: /home/pi/handsystem/ros2_robot_ws/install/robot_interfaces/local/lib/python3.10/dist-packages/robot_interfaces/robot_interfaces_s__rosidl_typesupport_fastrtps_c.cpython-310-aarch64-linux-gnu.so
[21.693s] -- Installing: /home/pi/handsystem/ros2_robot_ws/install/robot_interfaces/local/lib/python3.10/dist-packages/robot_interfaces/robot_interfaces_s__rosidl_typesupport_introspection_c.cpython-310-aarch64-linux-gnu.so
[21.897s] Listing '/home/pi/handsystem/ros2_robot_ws/install/robot_interfaces/local/lib/python3.10/dist-packages/robot_interfaces'...
[21.898s] Compiling '/home/pi/handsystem/ros2_robot_ws/install/robot_interfaces/local/lib/python3.10/dist-packages/robot_interfaces/__init__.py'...
[21.900s] Listing '/home/pi/handsystem/ros2_robot_ws/install/robot_interfaces/local/lib/python3.10/dist-packages/robot_interfaces/msg'...
[21.901s] Compiling '/home/pi/handsystem/ros2_robot_ws/install/robot_interfaces/local/lib/python3.10/dist-packages/robot_interfaces/msg/__init__.py'...
[21.902s] Compiling '/home/pi/handsystem/ros2_robot_ws/install/robot_interfaces/local/lib/python3.10/dist-packages/robot_interfaces/msg/_gripper_command.py'...
[21.903s] Compiling '/home/pi/handsystem/ros2_robot_ws/install/robot_interfaces/local/lib/python3.10/dist-packages/robot_interfaces/msg/_gripper_info.py'...
[21.936s] -- Installing: /home/pi/handsystem/ros2_robot_ws/install/robot_interfaces/local/lib/python3.10/dist-packages/robot_interfaces/robot_interfaces_s__rosidl_typesupport_fastrtps_c.cpython-310-aarch64-linux-gnu.so
[21.936s] -- Set runtime path of "/home/pi/handsystem/ros2_robot_ws/install/robot_interfaces/local/lib/python3.10/dist-packages/robot_interfaces/robot_interfaces_s__rosidl_typesupport_fastrtps_c.cpython-310-aarch64-linux-gnu.so" to ""
[21.937s] -- Installing: /home/pi/handsystem/ros2_robot_ws/install/robot_interfaces/local/lib/python3.10/dist-packages/robot_interfaces/robot_interfaces_s__rosidl_typesupport_introspection_c.cpython-310-aarch64-linux-gnu.so
[21.938s] -- Set runtime path of "/home/pi/handsystem/ros2_robot_ws/install/robot_interfaces/local/lib/python3.10/dist-packages/robot_interfaces/robot_interfaces_s__rosidl_typesupport_introspection_c.cpython-310-aarch64-linux-gnu.so" to ""
[21.941s] -- Installing: /home/pi/handsystem/ros2_robot_ws/install/robot_interfaces/local/lib/python3.10/dist-packages/robot_interfaces/robot_interfaces_s__rosidl_typesupport_c.cpython-310-aarch64-linux-gnu.so
[21.945s] -- Set runtime path of "/home/pi/handsystem/ros2_robot_ws/install/robot_interfaces/local/lib/python3.10/dist-packages/robot_interfaces/robot_interfaces_s__rosidl_typesupport_c.cpython-310-aarch64-linux-gnu.so" to ""
[21.947s] -- Installing: /home/pi/handsystem/ros2_robot_ws/install/robot_interfaces/lib/librobot_interfaces__rosidl_generator_py.so
[21.951s] -- Set runtime path of "/home/pi/handsystem/ros2_robot_ws/install/robot_interfaces/lib/librobot_interfaces__rosidl_generator_py.so" to ""
[21.953s] -- Up-to-date: /home/pi/handsystem/ros2_robot_ws/install/robot_interfaces/share/robot_interfaces/msg/GripperCommand.idl
[21.954s] -- Installing: /home/pi/handsystem/ros2_robot_ws/install/robot_interfaces/share/robot_interfaces/msg/GripperInfo.idl
[21.957s] -- Up-to-date: /home/pi/handsystem/ros2_robot_ws/install/robot_interfaces/share/robot_interfaces/msg/GripperCommand.msg
[21.958s] -- Installing: /home/pi/handsystem/ros2_robot_ws/install/robot_interfaces/share/robot_interfaces/msg/GripperInfo.msg
[21.961s] -- Up-to-date: /home/pi/handsystem/ros2_robot_ws/install/robot_interfaces/share/ament_index/resource_index/package_run_dependencies/robot_interfaces
[21.962s] -- Installing: /home/pi/handsystem/ros2_robot_ws/install/robot_interfaces/share/ament_index/resource_index/parent_prefix_path/robot_interfaces
[21.965s] -- Up-to-date: /home/pi/handsystem/ros2_robot_ws/install/robot_interfaces/share/robot_interfaces/environment/ament_prefix_path.sh
[21.967s] -- Installing: /home/pi/handsystem/ros2_robot_ws/install/robot_interfaces/share/robot_interfaces/environment/ament_prefix_path.dsv
[21.969s] -- Up-to-date: /home/pi/handsystem/ros2_robot_ws/install/robot_interfaces/share/robot_interfaces/environment/path.sh
[21.970s] -- Installing: /home/pi/handsystem/ros2_robot_ws/install/robot_interfaces/share/robot_interfaces/environment/path.dsv
[21.973s] -- Up-to-date: /home/pi/handsystem/ros2_robot_ws/install/robot_interfaces/share/robot_interfaces/local_setup.bash
[21.975s] -- Up-to-date: /home/pi/handsystem/ros2_robot_ws/install/robot_interfaces/share/robot_interfaces/local_setup.sh
[21.976s] -- Up-to-date: /home/pi/handsystem/ros2_robot_ws/install/robot_interfaces/share/robot_interfaces/local_setup.zsh
[21.978s] -- Installing: /home/pi/handsystem/ros2_robot_ws/install/robot_interfaces/share/robot_interfaces/local_setup.dsv
[21.980s] -- Installing: /home/pi/handsystem/ros2_robot_ws/install/robot_interfaces/share/robot_interfaces/package.dsv
[21.983s] -- Up-to-date: /home/pi/handsystem/ros2_robot_ws/install/robot_interfaces/share/ament_index/resource_index/packages/robot_interfaces
[21.985s] -- Up-to-date: /home/pi/handsystem/ros2_robot_ws/install/robot_interfaces/share/robot_interfaces/cmake/export_robot_interfaces__rosidl_generator_cExport.cmake
[21.987s] -- Up-to-date: /home/pi/handsystem/ros2_robot_ws/install/robot_interfaces/share/robot_interfaces/cmake/export_robot_interfaces__rosidl_generator_cExport-noconfig.cmake
[21.989s] -- Up-to-date: /home/pi/handsystem/ros2_robot_ws/install/robot_interfaces/share/robot_interfaces/cmake/export_robot_interfaces__rosidl_typesupport_fastrtps_cExport.cmake
[21.990s] -- Up-to-date: /home/pi/handsystem/ros2_robot_ws/install/robot_interfaces/share/robot_interfaces/cmake/export_robot_interfaces__rosidl_typesupport_fastrtps_cExport-noconfig.cmake
[21.992s] -- Up-to-date: /home/pi/handsystem/ros2_robot_ws/install/robot_interfaces/share/robot_interfaces/cmake/robot_interfaces__rosidl_typesupport_introspection_cExport.cmake
[21.994s] -- Up-to-date: /home/pi/handsystem/ros2_robot_ws/install/robot_interfaces/share/robot_interfaces/cmake/robot_interfaces__rosidl_typesupport_introspection_cExport-noconfig.cmake
[21.996s] -- Up-to-date: /home/pi/handsystem/ros2_robot_ws/install/robot_interfaces/share/robot_interfaces/cmake/robot_interfaces__rosidl_typesupport_cExport.cmake
[21.997s] -- Up-to-date: /home/pi/handsystem/ros2_robot_ws/install/robot_interfaces/share/robot_interfaces/cmake/robot_interfaces__rosidl_typesupport_cExport-noconfig.cmake
[21.999s] -- Up-to-date: /home/pi/handsystem/ros2_robot_ws/install/robot_interfaces/share/robot_interfaces/cmake/export_robot_interfaces__rosidl_generator_cppExport.cmake
[22.002s] -- Up-to-date: /home/pi/handsystem/ros2_robot_ws/install/robot_interfaces/share/robot_interfaces/cmake/export_robot_interfaces__rosidl_typesupport_fastrtps_cppExport.cmake
[22.003s] -- Up-to-date: /home/pi/handsystem/ros2_robot_ws/install/robot_interfaces/share/robot_interfaces/cmake/export_robot_interfaces__rosidl_typesupport_fastrtps_cppExport-noconfig.cmake
[22.005s] -- Up-to-date: /home/pi/handsystem/ros2_robot_ws/install/robot_interfaces/share/robot_interfaces/cmake/robot_interfaces__rosidl_typesupport_introspection_cppExport.cmake
[22.007s] -- Up-to-date: /home/pi/handsystem/ros2_robot_ws/install/robot_interfaces/share/robot_interfaces/cmake/robot_interfaces__rosidl_typesupport_introspection_cppExport-noconfig.cmake
[22.009s] -- Up-to-date: /home/pi/handsystem/ros2_robot_ws/install/robot_interfaces/share/robot_interfaces/cmake/robot_interfaces__rosidl_typesupport_cppExport.cmake
[22.011s] -- Up-to-date: /home/pi/handsystem/ros2_robot_ws/install/robot_interfaces/share/robot_interfaces/cmake/robot_interfaces__rosidl_typesupport_cppExport-noconfig.cmake
[22.013s] -- Up-to-date: /home/pi/handsystem/ros2_robot_ws/install/robot_interfaces/share/robot_interfaces/cmake/export_robot_interfaces__rosidl_generator_pyExport.cmake
[22.015s] -- Up-to-date: /home/pi/handsystem/ros2_robot_ws/install/robot_interfaces/share/robot_interfaces/cmake/export_robot_interfaces__rosidl_generator_pyExport-noconfig.cmake
[22.017s] -- Installing: /home/pi/handsystem/ros2_robot_ws/install/robot_interfaces/share/robot_interfaces/cmake/rosidl_cmake-extras.cmake
[22.019s] -- Up-to-date: /home/pi/handsystem/ros2_robot_ws/install/robot_interfaces/share/robot_interfaces/cmake/ament_cmake_export_include_directories-extras.cmake
[22.021s] -- Up-to-date: /home/pi/handsystem/ros2_robot_ws/install/robot_interfaces/share/robot_interfaces/cmake/ament_cmake_export_libraries-extras.cmake
[22.023s] -- Up-to-date: /home/pi/handsystem/ros2_robot_ws/install/robot_interfaces/share/robot_interfaces/cmake/ament_cmake_export_targets-extras.cmake
[22.025s] -- Up-to-date: /home/pi/handsystem/ros2_robot_ws/install/robot_interfaces/share/robot_interfaces/cmake/rosidl_cmake_export_typesupport_targets-extras.cmake
[22.026s] -- Up-to-date: /home/pi/handsystem/ros2_robot_ws/install/robot_interfaces/share/robot_interfaces/cmake/ament_cmake_export_dependencies-extras.cmake
[22.027s] -- Up-to-date: /home/pi/handsystem/ros2_robot_ws/install/robot_interfaces/share/robot_interfaces/cmake/rosidl_cmake_export_typesupport_libraries-extras.cmake
[22.029s] -- Up-to-date: /home/pi/handsystem/ros2_robot_ws/install/robot_interfaces/share/robot_interfaces/cmake/robot_interfacesConfig.cmake
[22.030s] -- Up-to-date: /home/pi/handsystem/ros2_robot_ws/install/robot_interfaces/share/robot_interfaces/cmake/robot_interfacesConfig-version.cmake
[22.031s] -- Up-to-date: /home/pi/handsystem/ros2_robot_ws/install/robot_interfaces/share/robot_interfaces/package.xml
[22.046s] Invoked command in '/home/pi/handsystem/ros2_robot_ws/build/robot_interfaces' returned '0': CMAKE_PREFIX_PATH=${CMAKE_PREFIX_PATH}:/home/pi/handsystem/ros2_robot_ws/install/gripper_sub:/home/pi/handsystem/ros2_robot_ws/install/gripper_pub:/home/pi/ros2_ws/install/py_sub:/opt/ros/humble /usr/bin/cmake --install /home/pi/handsystem/ros2_robot_ws/build/robot_interfaces
